ARM GAS  /tmp/ccnZTN8D.s 			page 1


   1              		.syntax unified
   2              		.cpu cortex-m4
   3              		.fpu softvfp
   4              		.eabi_attribute 20, 1
   5              		.eabi_attribute 21, 1
   6              		.eabi_attribute 23, 3
   7              		.eabi_attribute 24, 1
   8              		.eabi_attribute 25, 1
   9              		.eabi_attribute 26, 1
  10              		.eabi_attribute 30, 2
  11              		.eabi_attribute 34, 1
  12              		.eabi_attribute 18, 4
  13              		.thumb
  14              		.file	"chcore_v7m.c"
  15              		.text
  16              	.Ltext0:
  17              		.cfi_sections	.debug_frame
  18              		.section	.text._port_switch_from_isr,"ax",%progbits
  19              		.align	2
  20              		.p2align 4,,15
  21              		.global	_port_switch_from_isr
  22              		.thumb
  23              		.thumb_func
  24              		.type	_port_switch_from_isr, %function
  25              	_port_switch_from_isr:
  26              	.LFB11:
  27              		.file 1 "/home/marco/SoftwareProjects/st-usb/f9xx/firmware/ext/ChibiOS-RT/os/ports/GCC/ARMCMx/chco
  28              		.loc 1 200 0
  29              		.cfi_startproc
  30              		@ Naked Function: prologue and epilogue provided by programmer.
  31              		@ args = 0, pretend = 0, frame = 0
  32              		@ frame_needed = 0, uses_anonymous_args = 0
  33              		.loc 1 203 0
  34 0000 FFF7FEFF 		bl	chSchDoReschedule
  35              	.LVL0:
  36              		.loc 1 205 0
  37              	@ 205 "/home/marco/SoftwareProjects/st-usb/f9xx/firmware/ext/ChibiOS-RT/os/ports/GCC/ARMCMx/chcore_
  38              		_port_exit_from_isr:
  39              	@ 0 "" 2
  40              		.loc 1 207 0
  41              	@ 207 "/home/marco/SoftwareProjects/st-usb/f9xx/firmware/ext/ChibiOS-RT/os/ports/GCC/ARMCMx/chcore_
  42 0004 00DF     		svc     #0
  43              	@ 0 "" 2
  44              		.loc 1 214 0
  45              		.thumb
  46              		.cfi_endproc
  47              	.LFE11:
  48              		.size	_port_switch_from_isr, .-_port_switch_from_isr
  49 0006 00BFAFF3 		.section	.text.SVCallVector,"ax",%progbits
  49      0080AFF3 
  49      0080
  50              		.align	2
  51              		.p2align 4,,15
  52              		.global	SVCallVector
  53              		.thumb
  54              		.thumb_func
  55              		.type	SVCallVector, %function
ARM GAS  /tmp/ccnZTN8D.s 			page 2


  56              	SVCallVector:
  57              	.LFB8:
  58              		.loc 1 65 0
  59              		.cfi_startproc
  60              		@ args = 0, pretend = 0, frame = 0
  61              		@ frame_needed = 0, uses_anonymous_args = 0
  62              		@ link register save eliminated.
  63              		.loc 1 74 0
  64              	@ 74 "/home/marco/SoftwareProjects/st-usb/f9xx/firmware/ext/ChibiOS-RT/os/ports/GCC/ARMCMx/chcore_v
  65 0000 EFF30983 		mrs     r3, PSP
  66              	@ 0 "" 2
  67              	.LVL1:
  68              		.loc 1 78 0
  69              		.thumb
  70 0004 2033     		adds	r3, r3, #32
  71              	.LVL2:
  72              		.loc 1 81 0
  73              	@ 81 "/home/marco/SoftwareProjects/st-usb/f9xx/firmware/ext/ChibiOS-RT/os/ports/GCC/ARMCMx/chcore_v
  74 0006 83F30988 		msr     PSP, r3
  75              	@ 0 "" 2
  76              		.thumb
  77              	.LBB2:
  78              		.loc 1 82 0
  79 000a 0023     		movs	r3, #0
  80              	.LVL3:
  81              	@ 82 "/home/marco/SoftwareProjects/st-usb/f9xx/firmware/ext/ChibiOS-RT/os/ports/GCC/ARMCMx/chcore_v
  82 000c 83F31188 		msr     BASEPRI, r3
  83              	@ 0 "" 2
  84              		.thumb
  85 0010 7047     		bx	lr
  86              	.LBE2:
  87              		.cfi_endproc
  88              	.LFE8:
  89              		.size	SVCallVector, .-SVCallVector
  90 0012 00BFAFF3 		.section	.text._port_init,"ax",%progbits
  90      0080AFF3 
  90      0080AFF3 
  90      0080
  91              		.align	2
  92              		.p2align 4,,15
  93              		.global	_port_init
  94              		.thumb
  95              		.thumb_func
  96              		.type	_port_init, %function
  97              	_port_init:
  98              	.LFB9:
  99              		.loc 1 120 0
 100              		.cfi_startproc
 101              		@ args = 0, pretend = 0, frame = 0
 102              		@ frame_needed = 0, uses_anonymous_args = 0
 103 0000 08B5     		push	{r3, lr}
 104              		.cfi_def_cfa_offset 8
 105              		.cfi_offset 3, -8
 106              		.cfi_offset 14, -4
 107              		.loc 1 123 0
 108 0002 094B     		ldr	r3, .L4
 109              		.loc 1 124 0
ARM GAS  /tmp/ccnZTN8D.s 			page 3


 110 0004 094A     		ldr	r2, .L4+4
 111              		.loc 1 123 0
 112 0006 0021     		movs	r1, #0
 113 0008 9960     		str	r1, [r3, #8]
 114              		.loc 1 127 0
 115 000a 0720     		movs	r0, #7
 116              		.loc 1 124 0
 117 000c DA60     		str	r2, [r3, #12]
 118              		.loc 1 127 0
 119 000e 1021     		movs	r1, #16
 120 0010 FFF7FEFF 		bl	nvicSetSystemHandlerPriority
 121              	.LVL4:
 122              		.loc 1 129 0
 123 0014 0A20     		movs	r0, #10
 124 0016 2021     		movs	r1, #32
 125 0018 FFF7FEFF 		bl	nvicSetSystemHandlerPriority
 126              	.LVL5:
 127              		.loc 1 131 0
 128 001c 0B20     		movs	r0, #11
 129 001e 8021     		movs	r1, #128
 130              		.loc 1 133 0
 131 0020 BDE80840 		pop	{r3, lr}
 132              		.loc 1 131 0
 133 0024 FFF7FEBF 		b	nvicSetSystemHandlerPriority
 134              	.LVL6:
 135              	.L5:
 136              		.align	2
 137              	.L4:
 138 0028 00ED00E0 		.word	-536810240
 139 002c 0003FA05 		.word	100270848
 140              		.cfi_endproc
 141              	.LFE9:
 142              		.size	_port_init, .-_port_init
 143              		.section	.text._port_irq_epilogue,"ax",%progbits
 144              		.align	2
 145              		.p2align 4,,15
 146              		.global	_port_irq_epilogue
 147              		.thumb
 148              		.thumb_func
 149              		.type	_port_irq_epilogue, %function
 150              	_port_irq_epilogue:
 151              	.LFB10:
 152              		.loc 1 150 0
 153              		.cfi_startproc
 154              		@ args = 0, pretend = 0, frame = 0
 155              		@ frame_needed = 0, uses_anonymous_args = 0
 156              		@ link register save eliminated.
 157              	.LBB3:
 158              		.loc 1 152 0
 159 0000 2023     		movs	r3, #32
 160              	@ 152 "/home/marco/SoftwareProjects/st-usb/f9xx/firmware/ext/ChibiOS-RT/os/ports/GCC/ARMCMx/chcore_
 161 0002 83F31188 		msr     BASEPRI, r3
 162              	@ 0 "" 2
 163              		.thumb
 164              	.LBE3:
 165              		.loc 1 153 0
 166 0006 164B     		ldr	r3, .L14
ARM GAS  /tmp/ccnZTN8D.s 			page 4


 167 0008 5B68     		ldr	r3, [r3, #4]
 168 000a 13F40063 		ands	r3, r3, #2048
 169 000e 19D0     		beq	.L7
 170              	.LBB4:
 171              		.loc 1 163 0
 172              	@ 163 "/home/marco/SoftwareProjects/st-usb/f9xx/firmware/ext/ChibiOS-RT/os/ports/GCC/ARMCMx/chcore_
 173 0010 EFF30983 		mrs     r3, PSP
 174              	@ 0 "" 2
 175              	.LVL7:
 176              		.loc 1 168 0
 177              		.thumb
 178 0014 4FF08072 		mov	r2, #16777216
 179 0018 43F8042C 		str	r2, [r3, #-4]
 180              		.loc 1 167 0
 181 001c A3F12002 		sub	r2, r3, #32
 182              	.LVL8:
 183              		.loc 1 172 0
 184              	@ 172 "/home/marco/SoftwareProjects/st-usb/f9xx/firmware/ext/ChibiOS-RT/os/ports/GCC/ARMCMx/chcore_
 185 0020 82F30988 		msr     PSP, r2
 186              	@ 0 "" 2
 187              		.loc 1 176 0
 188              		.thumb
 189 0024 0F49     		ldr	r1, .L14+4
 190 0026 8A69     		ldr	r2, [r1, #24]
 191              	.LVL9:
 192 0028 0968     		ldr	r1, [r1]
 193 002a D07F     		ldrb	r0, [r2, #31]	@ zero_extendqisi2
 194 002c 8968     		ldr	r1, [r1, #8]
 195 002e 9268     		ldr	r2, [r2, #8]
 196 0030 58B1     		cbz	r0, .L8
 197              		.loc 1 176 0 is_stmt 0 discriminator 1
 198 0032 9142     		cmp	r1, r2
 199 0034 94BF     		ite	ls
 200 0036 0022     		movls	r2, #0
 201 0038 0122     		movhi	r2, #1
 202 003a 62B1     		cbz	r2, .L10
 203              	.L13:
 204              		.loc 1 178 0 is_stmt 1
 205 003c 0A4A     		ldr	r2, .L14+8
 206 003e 43F8082C 		str	r2, [r3, #-8]
 207 0042 7047     		bx	lr
 208              	.LVL10:
 209              	.L7:
 210              	.LBE4:
 211              	.LBB5:
 212              		.loc 1 190 0
 213              	@ 190 "/home/marco/SoftwareProjects/st-usb/f9xx/firmware/ext/ChibiOS-RT/os/ports/GCC/ARMCMx/chcore_
 214 0044 83F31188 		msr     BASEPRI, r3
 215              	@ 0 "" 2
 216              		.thumb
 217 0048 7047     		bx	lr
 218              	.LVL11:
 219              	.L8:
 220              	.LBE5:
 221              	.LBB6:
 222              		.loc 1 176 0 discriminator 2
 223 004a 9142     		cmp	r1, r2
ARM GAS  /tmp/ccnZTN8D.s 			page 5


 224 004c 34BF     		ite	cc
 225 004e 0022     		movcc	r2, #0
 226 0050 0122     		movcs	r2, #1
 227 0052 002A     		cmp	r2, #0
 228 0054 F2D1     		bne	.L13
 229              	.L10:
 230              		.loc 1 183 0
 231 0056 054A     		ldr	r2, .L14+12
 232 0058 43F8082C 		str	r2, [r3, #-8]
 233 005c 7047     		bx	lr
 234              	.L15:
 235 005e 00BF     		.align	2
 236              	.L14:
 237 0060 00ED00E0 		.word	-536810240
 238 0064 00000000 		.word	rlist
 239 0068 00000000 		.word	_port_switch_from_isr
 240 006c 04000000 		.word	_port_exit_from_isr
 241              	.LBE6:
 242              		.cfi_endproc
 243              	.LFE10:
 244              		.size	_port_irq_epilogue, .-_port_irq_epilogue
 245              		.section	.text.SysTickVector,"ax",%progbits
 246              		.align	2
 247              		.p2align 4,,15
 248              		.global	SysTickVector
 249              		.thumb
 250              		.thumb_func
 251              		.type	SysTickVector, %function
 252              	SysTickVector:
 253              	.LFB7:
 254              		.loc 1 47 0
 255              		.cfi_startproc
 256              		@ args = 0, pretend = 0, frame = 0
 257              		@ frame_needed = 0, uses_anonymous_args = 0
 258 0000 08B5     		push	{r3, lr}
 259              		.cfi_def_cfa_offset 8
 260              		.cfi_offset 3, -8
 261              		.cfi_offset 14, -4
 262              	.LBB7:
 263              		.loc 1 51 0
 264 0002 2023     		movs	r3, #32
 265              	@ 51 "/home/marco/SoftwareProjects/st-usb/f9xx/firmware/ext/ChibiOS-RT/os/ports/GCC/ARMCMx/chcore_v
 266 0004 83F31188 		msr     BASEPRI, r3
 267              	@ 0 "" 2
 268              		.thumb
 269              	.LBE7:
 270              		.loc 1 52 0
 271 0008 FFF7FEFF 		bl	chSysTimerHandlerI
 272              	.LVL12:
 273              	.LBB8:
 274              		.loc 1 53 0
 275 000c 0023     		movs	r3, #0
 276              	@ 53 "/home/marco/SoftwareProjects/st-usb/f9xx/firmware/ext/ChibiOS-RT/os/ports/GCC/ARMCMx/chcore_v
 277 000e 83F31188 		msr     BASEPRI, r3
 278              	@ 0 "" 2
 279              		.thumb
 280              	.LBE8:
ARM GAS  /tmp/ccnZTN8D.s 			page 6


 281              		.loc 1 56 0
 282 0012 BDE80840 		pop	{r3, lr}
 283              		.loc 1 55 0
 284 0016 FFF7FEBF 		b	_port_irq_epilogue
 285              	.LVL13:
 286              		.cfi_endproc
 287              	.LFE7:
 288              		.size	SysTickVector, .-SysTickVector
 289 001a 00BFAFF3 		.section	.text._port_switch,"ax",%progbits
 289      0080
 290              		.align	2
 291              		.p2align 4,,15
 292              		.global	_port_switch
 293              		.thumb
 294              		.thumb_func
 295              		.type	_port_switch, %function
 296              	_port_switch:
 297              	.LFB12:
 298              		.loc 1 229 0
 299              		.cfi_startproc
 300              		@ Naked Function: prologue and epilogue provided by programmer.
 301              		@ args = 0, pretend = 0, frame = 0
 302              		@ frame_needed = 0, uses_anonymous_args = 0
 303              	.LVL14:
 304              		.loc 1 231 0
 305              	@ 231 "/home/marco/SoftwareProjects/st-usb/f9xx/firmware/ext/ChibiOS-RT/os/ports/GCC/ARMCMx/chcore_
 306 0000 2DE9F04F 		push    {r4, r5, r6, r7, r8, r9, r10, r11, lr}
 307              	@ 0 "" 2
 308              		.loc 1 237 0
 309              	@ 237 "/home/marco/SoftwareProjects/st-usb/f9xx/firmware/ext/ChibiOS-RT/os/ports/GCC/ARMCMx/chcore_
 310 0004 C1F80CD0 		str     sp, [r1, #12]                          
 311 0008 D0F80CD0 		ldr     sp, [r0, #12]
 312              	@ 0 "" 2
 313              		.loc 1 243 0
 314              	@ 243 "/home/marco/SoftwareProjects/st-usb/f9xx/firmware/ext/ChibiOS-RT/os/ports/GCC/ARMCMx/chcore_
 315 000c BDE8F08F 		pop     {r4, r5, r6, r7, r8, r9, r10, r11, pc}
 316              	@ 0 "" 2
 317              		.loc 1 245 0
 318              		.thumb
 319              		.cfi_endproc
 320              	.LFE12:
 321              		.size	_port_switch, .-_port_switch
 322              		.section	.text._port_thread_start,"ax",%progbits
 323              		.align	2
 324              		.p2align 4,,15
 325              		.global	_port_thread_start
 326              		.thumb
 327              		.thumb_func
 328              		.type	_port_thread_start, %function
 329              	_port_thread_start:
 330              	.LFB13:
 331              		.loc 1 252 0
 332              		.cfi_startproc
 333              		@ args = 0, pretend = 0, frame = 0
 334              		@ frame_needed = 0, uses_anonymous_args = 0
 335              		@ link register save eliminated.
 336              	.LBB9:
ARM GAS  /tmp/ccnZTN8D.s 			page 7


 337              		.loc 1 254 0
 338 0000 0023     		movs	r3, #0
 339              	@ 254 "/home/marco/SoftwareProjects/st-usb/f9xx/firmware/ext/ChibiOS-RT/os/ports/GCC/ARMCMx/chcore_
 340 0002 83F31188 		msr     BASEPRI, r3
 341              	@ 0 "" 2
 342              		.thumb
 343              	.LBE9:
 344              		.loc 1 255 0
 345              	@ 255 "/home/marco/SoftwareProjects/st-usb/f9xx/firmware/ext/ChibiOS-RT/os/ports/GCC/ARMCMx/chcore_
 346 0006 2846     		mov     r0, r5                                 
 347 0008 A047     		blx     r4                                     
 348 000a FFF7FEFF 		bl      chThdExit
 349              	@ 0 "" 2
 350              		.thumb
 351 000e 7047     		bx	lr
 352              		.cfi_endproc
 353              	.LFE13:
 354              		.size	_port_thread_start, .-_port_thread_start
 355              		.text
 356              	.Letext0:
 357              		.file 2 "/home/marco/SoftwareProjects/st-usb/tools/gcc-arm-none-eabi-4_8-2014q2/arm-none-eabi/incl
 358              		.file 3 "/home/marco/SoftwareProjects/st-usb/tools/gcc-arm-none-eabi-4_8-2014q2/arm-none-eabi/incl
 359              		.file 4 "/home/marco/SoftwareProjects/st-usb/f9xx/firmware/ext/ChibiOS-RT/os/ports/GCC/ARMCMx/chty
 360              		.file 5 "/home/marco/SoftwareProjects/st-usb/f9xx/firmware/ext/ChibiOS-RT/os/kernel/include/chlist
 361              		.file 6 "/home/marco/SoftwareProjects/st-usb/f9xx/firmware/ext/ChibiOS-RT/os/kernel/include/chthre
 362              		.file 7 "/home/marco/SoftwareProjects/st-usb/f9xx/firmware/ext/ChibiOS-RT/os/ports/GCC/ARMCMx/chco
 363              		.file 8 "/home/marco/SoftwareProjects/st-usb/f9xx/firmware/ext/ChibiOS-RT/os/ports/common/ARMCMx/n
 364              		.file 9 "/home/marco/SoftwareProjects/st-usb/f9xx/firmware/ext/ChibiOS-RT/os/kernel/include/chschd
 365              		.file 10 "/home/marco/SoftwareProjects/st-usb/f9xx/firmware/ext/ChibiOS-RT/os/kernel/include/chmtx
 366              		.file 11 "/home/marco/SoftwareProjects/st-usb/f9xx/firmware/ext/ChibiOS-RT/os/kernel/include/chsys
 367              		.section	.debug_info,"",%progbits
 368              	.Ldebug_info0:
 369 0000 EA070000 		.4byte	0x7ea
 370 0004 0400     		.2byte	0x4
 371 0006 00000000 		.4byte	.Ldebug_abbrev0
 372 000a 04       		.byte	0x4
 373 000b 01       		.uleb128 0x1
 374 000c 50030000 		.4byte	.LASF96
 375 0010 01       		.byte	0x1
 376 0011 06000000 		.4byte	.LASF97
 377 0015 18000000 		.4byte	.Ldebug_ranges0+0x18
 378 0019 00000000 		.4byte	0
 379 001d 00000000 		.4byte	.Ldebug_line0
 380 0021 02       		.uleb128 0x2
 381 0022 04       		.byte	0x4
 382 0023 05       		.byte	0x5
 383 0024 696E7400 		.ascii	"int\000"
 384 0028 03       		.uleb128 0x3
 385 0029 04       		.byte	0x4
 386 002a 07       		.byte	0x7
 387 002b 85010000 		.4byte	.LASF0
 388 002f 03       		.uleb128 0x3
 389 0030 01       		.byte	0x1
 390 0031 06       		.byte	0x6
 391 0032 DD000000 		.4byte	.LASF1
 392 0036 04       		.uleb128 0x4
 393 0037 6F000000 		.4byte	.LASF5
ARM GAS  /tmp/ccnZTN8D.s 			page 8


 394 003b 02       		.byte	0x2
 395 003c 1C       		.byte	0x1c
 396 003d 41000000 		.4byte	0x41
 397 0041 03       		.uleb128 0x3
 398 0042 01       		.byte	0x1
 399 0043 08       		.byte	0x8
 400 0044 B7020000 		.4byte	.LASF2
 401 0048 03       		.uleb128 0x3
 402 0049 02       		.byte	0x2
 403 004a 05       		.byte	0x5
 404 004b D5020000 		.4byte	.LASF3
 405 004f 03       		.uleb128 0x3
 406 0050 02       		.byte	0x2
 407 0051 07       		.byte	0x7
 408 0052 E2010000 		.4byte	.LASF4
 409 0056 04       		.uleb128 0x4
 410 0057 46040000 		.4byte	.LASF6
 411 005b 02       		.byte	0x2
 412 005c 37       		.byte	0x37
 413 005d 61000000 		.4byte	0x61
 414 0061 03       		.uleb128 0x3
 415 0062 04       		.byte	0x4
 416 0063 05       		.byte	0x5
 417 0064 03010000 		.4byte	.LASF7
 418 0068 04       		.uleb128 0x4
 419 0069 42010000 		.4byte	.LASF8
 420 006d 02       		.byte	0x2
 421 006e 38       		.byte	0x38
 422 006f 73000000 		.4byte	0x73
 423 0073 03       		.uleb128 0x3
 424 0074 04       		.byte	0x4
 425 0075 07       		.byte	0x7
 426 0076 AD010000 		.4byte	.LASF9
 427 007a 03       		.uleb128 0x3
 428 007b 08       		.byte	0x8
 429 007c 05       		.byte	0x5
 430 007d CF000000 		.4byte	.LASF10
 431 0081 03       		.uleb128 0x3
 432 0082 08       		.byte	0x8
 433 0083 07       		.byte	0x7
 434 0084 A2000000 		.4byte	.LASF11
 435 0088 04       		.uleb128 0x4
 436 0089 8A040000 		.4byte	.LASF12
 437 008d 03       		.byte	0x3
 438 008e 2A       		.byte	0x2a
 439 008f 36000000 		.4byte	0x36
 440 0093 04       		.uleb128 0x4
 441 0094 AF020000 		.4byte	.LASF13
 442 0098 03       		.byte	0x3
 443 0099 41       		.byte	0x41
 444 009a 56000000 		.4byte	0x56
 445 009e 04       		.uleb128 0x4
 446 009f 25030000 		.4byte	.LASF14
 447 00a3 03       		.byte	0x3
 448 00a4 42       		.byte	0x42
 449 00a5 68000000 		.4byte	0x68
 450 00a9 03       		.uleb128 0x3
ARM GAS  /tmp/ccnZTN8D.s 			page 9


 451 00aa 01       		.byte	0x1
 452 00ab 02       		.byte	0x2
 453 00ac A9020000 		.4byte	.LASF15
 454 00b0 04       		.uleb128 0x4
 455 00b1 2C020000 		.4byte	.LASF16
 456 00b5 04       		.byte	0x4
 457 00b6 2C       		.byte	0x2c
 458 00b7 88000000 		.4byte	0x88
 459 00bb 04       		.uleb128 0x4
 460 00bc 19010000 		.4byte	.LASF17
 461 00c0 04       		.byte	0x4
 462 00c1 2D       		.byte	0x2d
 463 00c2 88000000 		.4byte	0x88
 464 00c6 04       		.uleb128 0x4
 465 00c7 8D020000 		.4byte	.LASF18
 466 00cb 04       		.byte	0x4
 467 00cc 2E       		.byte	0x2e
 468 00cd 88000000 		.4byte	0x88
 469 00d1 04       		.uleb128 0x4
 470 00d2 F9000000 		.4byte	.LASF19
 471 00d6 04       		.byte	0x4
 472 00d7 2F       		.byte	0x2f
 473 00d8 88000000 		.4byte	0x88
 474 00dc 04       		.uleb128 0x4
 475 00dd A1020000 		.4byte	.LASF20
 476 00e1 04       		.byte	0x4
 477 00e2 30       		.byte	0x30
 478 00e3 9E000000 		.4byte	0x9e
 479 00e7 04       		.uleb128 0x4
 480 00e8 FA010000 		.4byte	.LASF21
 481 00ec 04       		.byte	0x4
 482 00ed 31       		.byte	0x31
 483 00ee 93000000 		.4byte	0x93
 484 00f2 04       		.uleb128 0x4
 485 00f3 40020000 		.4byte	.LASF22
 486 00f7 04       		.byte	0x4
 487 00f8 33       		.byte	0x33
 488 00f9 9E000000 		.4byte	0x9e
 489 00fd 04       		.uleb128 0x4
 490 00fe 31040000 		.4byte	.LASF23
 491 0102 04       		.byte	0x4
 492 0103 35       		.byte	0x35
 493 0104 9E000000 		.4byte	0x9e
 494 0108 04       		.uleb128 0x4
 495 0109 13030000 		.4byte	.LASF24
 496 010d 05       		.byte	0x5
 497 010e 2A       		.byte	0x2a
 498 010f 13010000 		.4byte	0x113
 499 0113 05       		.uleb128 0x5
 500 0114 13030000 		.4byte	.LASF24
 501 0118 48       		.byte	0x48
 502 0119 06       		.byte	0x6
 503 011a 5E       		.byte	0x5e
 504 011b 10020000 		.4byte	0x210
 505 011f 06       		.uleb128 0x6
 506 0120 04030000 		.4byte	.LASF25
 507 0124 06       		.byte	0x6
ARM GAS  /tmp/ccnZTN8D.s 			page 10


 508 0125 5F       		.byte	0x5f
 509 0126 31020000 		.4byte	0x231
 510 012a 00       		.byte	0
 511 012b 06       		.uleb128 0x6
 512 012c 9A020000 		.4byte	.LASF26
 513 0130 06       		.byte	0x6
 514 0131 61       		.byte	0x61
 515 0132 31020000 		.4byte	0x231
 516 0136 04       		.byte	0x4
 517 0137 06       		.uleb128 0x6
 518 0138 C8000000 		.4byte	.LASF27
 519 013c 06       		.byte	0x6
 520 013d 63       		.byte	0x63
 521 013e DC000000 		.4byte	0xdc
 522 0142 08       		.byte	0x8
 523 0143 06       		.uleb128 0x6
 524 0144 BE040000 		.4byte	.LASF28
 525 0148 06       		.byte	0x6
 526 0149 64       		.byte	0x64
 527 014a 53030000 		.4byte	0x353
 528 014e 0C       		.byte	0xc
 529 014f 06       		.uleb128 0x6
 530 0150 35010000 		.4byte	.LASF29
 531 0154 06       		.byte	0x6
 532 0155 66       		.byte	0x66
 533 0156 31020000 		.4byte	0x231
 534 015a 10       		.byte	0x10
 535 015b 06       		.uleb128 0x6
 536 015c 60020000 		.4byte	.LASF30
 537 0160 06       		.byte	0x6
 538 0161 67       		.byte	0x67
 539 0162 31020000 		.4byte	0x231
 540 0166 14       		.byte	0x14
 541 0167 06       		.uleb128 0x6
 542 0168 A4040000 		.4byte	.LASF31
 543 016c 06       		.byte	0x6
 544 016d 6E       		.byte	0x6e
 545 016e CC050000 		.4byte	0x5cc
 546 0172 18       		.byte	0x18
 547 0173 06       		.uleb128 0x6
 548 0174 DF020000 		.4byte	.LASF32
 549 0178 06       		.byte	0x6
 550 0179 79       		.byte	0x79
 551 017a BB000000 		.4byte	0xbb
 552 017e 1C       		.byte	0x1c
 553 017f 06       		.uleb128 0x6
 554 0180 0B030000 		.4byte	.LASF33
 555 0184 06       		.byte	0x6
 556 0185 7D       		.byte	0x7d
 557 0186 B0000000 		.4byte	0xb0
 558 018a 1D       		.byte	0x1d
 559 018b 06       		.uleb128 0x6
 560 018c 6E040000 		.4byte	.LASF34
 561 0190 06       		.byte	0x6
 562 0191 82       		.byte	0x82
 563 0192 C6000000 		.4byte	0xc6
 564 0196 1E       		.byte	0x1e
ARM GAS  /tmp/ccnZTN8D.s 			page 11


 565 0197 06       		.uleb128 0x6
 566 0198 E7020000 		.4byte	.LASF35
 567 019c 06       		.byte	0x6
 568 019d 88       		.byte	0x88
 569 019e D1000000 		.4byte	0xd1
 570 01a2 1F       		.byte	0x1f
 571 01a3 06       		.uleb128 0x6
 572 01a4 50040000 		.4byte	.LASF36
 573 01a8 06       		.byte	0x6
 574 01a9 8F       		.byte	0x8f
 575 01aa F4040000 		.4byte	0x4f4
 576 01ae 20       		.byte	0x20
 577 01af 07       		.uleb128 0x7
 578 01b0 705F7500 		.ascii	"p_u\000"
 579 01b4 06       		.byte	0x6
 580 01b5 B4       		.byte	0xb4
 581 01b6 97050000 		.4byte	0x597
 582 01ba 24       		.byte	0x24
 583 01bb 06       		.uleb128 0x6
 584 01bc C4040000 		.4byte	.LASF37
 585 01c0 06       		.byte	0x6
 586 01c1 B9       		.byte	0xb9
 587 01c2 57020000 		.4byte	0x257
 588 01c6 28       		.byte	0x28
 589 01c7 06       		.uleb128 0x6
 590 01c8 63040000 		.4byte	.LASF38
 591 01cc 06       		.byte	0x6
 592 01cd BF       		.byte	0xbf
 593 01ce 37020000 		.4byte	0x237
 594 01d2 2C       		.byte	0x2c
 595 01d3 06       		.uleb128 0x6
 596 01d4 00000000 		.4byte	.LASF39
 597 01d8 06       		.byte	0x6
 598 01d9 C3       		.byte	0xc3
 599 01da E7000000 		.4byte	0xe7
 600 01de 34       		.byte	0x34
 601 01df 06       		.uleb128 0x6
 602 01e0 1A030000 		.4byte	.LASF40
 603 01e4 06       		.byte	0x6
 604 01e5 C9       		.byte	0xc9
 605 01e6 F2000000 		.4byte	0xf2
 606 01ea 38       		.byte	0x38
 607 01eb 06       		.uleb128 0x6
 608 01ec CB020000 		.4byte	.LASF41
 609 01f0 06       		.byte	0x6
 610 01f1 D0       		.byte	0xd0
 611 01f2 DE050000 		.4byte	0x5de
 612 01f6 3C       		.byte	0x3c
 613 01f7 06       		.uleb128 0x6
 614 01f8 3B040000 		.4byte	.LASF42
 615 01fc 06       		.byte	0x6
 616 01fd D4       		.byte	0xd4
 617 01fe DC000000 		.4byte	0xdc
 618 0202 40       		.byte	0x40
 619 0203 06       		.uleb128 0x6
 620 0204 E9000000 		.4byte	.LASF43
 621 0208 06       		.byte	0x6
ARM GAS  /tmp/ccnZTN8D.s 			page 12


 622 0209 DA       		.byte	0xda
 623 020a 6D020000 		.4byte	0x26d
 624 020e 44       		.byte	0x44
 625 020f 00       		.byte	0
 626 0210 08       		.uleb128 0x8
 627 0211 08       		.byte	0x8
 628 0212 05       		.byte	0x5
 629 0213 61       		.byte	0x61
 630 0214 31020000 		.4byte	0x231
 631 0218 06       		.uleb128 0x6
 632 0219 04030000 		.4byte	.LASF25
 633 021d 05       		.byte	0x5
 634 021e 62       		.byte	0x62
 635 021f 31020000 		.4byte	0x231
 636 0223 00       		.byte	0
 637 0224 06       		.uleb128 0x6
 638 0225 9A020000 		.4byte	.LASF26
 639 0229 05       		.byte	0x5
 640 022a 64       		.byte	0x64
 641 022b 31020000 		.4byte	0x231
 642 022f 04       		.byte	0x4
 643 0230 00       		.byte	0
 644 0231 09       		.uleb128 0x9
 645 0232 04       		.byte	0x4
 646 0233 08010000 		.4byte	0x108
 647 0237 04       		.uleb128 0x4
 648 0238 6E020000 		.4byte	.LASF44
 649 023c 05       		.byte	0x5
 650 023d 66       		.byte	0x66
 651 023e 10020000 		.4byte	0x210
 652 0242 08       		.uleb128 0x8
 653 0243 04       		.byte	0x4
 654 0244 05       		.byte	0x5
 655 0245 6B       		.byte	0x6b
 656 0246 57020000 		.4byte	0x257
 657 024a 06       		.uleb128 0x6
 658 024b 04030000 		.4byte	.LASF25
 659 024f 05       		.byte	0x5
 660 0250 6D       		.byte	0x6d
 661 0251 31020000 		.4byte	0x231
 662 0255 00       		.byte	0
 663 0256 00       		.byte	0
 664 0257 04       		.uleb128 0x4
 665 0258 34020000 		.4byte	.LASF45
 666 025c 05       		.byte	0x5
 667 025d 70       		.byte	0x70
 668 025e 42020000 		.4byte	0x242
 669 0262 04       		.uleb128 0x4
 670 0263 6A010000 		.4byte	.LASF46
 671 0267 07       		.byte	0x7
 672 0268 E5       		.byte	0xe5
 673 0269 6D020000 		.4byte	0x26d
 674 026d 0A       		.uleb128 0xa
 675 026e 04       		.byte	0x4
 676 026f 05       		.uleb128 0x5
 677 0270 99010000 		.4byte	.LASF47
 678 0274 20       		.byte	0x20
ARM GAS  /tmp/ccnZTN8D.s 			page 13


 679 0275 07       		.byte	0x7
 680 0276 ED       		.byte	0xed
 681 0277 D7020000 		.4byte	0x2d7
 682 027b 07       		.uleb128 0x7
 683 027c 723000   		.ascii	"r0\000"
 684 027f 07       		.byte	0x7
 685 0280 EE       		.byte	0xee
 686 0281 62020000 		.4byte	0x262
 687 0285 00       		.byte	0
 688 0286 07       		.uleb128 0x7
 689 0287 723100   		.ascii	"r1\000"
 690 028a 07       		.byte	0x7
 691 028b EF       		.byte	0xef
 692 028c 62020000 		.4byte	0x262
 693 0290 04       		.byte	0x4
 694 0291 07       		.uleb128 0x7
 695 0292 723200   		.ascii	"r2\000"
 696 0295 07       		.byte	0x7
 697 0296 F0       		.byte	0xf0
 698 0297 62020000 		.4byte	0x262
 699 029b 08       		.byte	0x8
 700 029c 07       		.uleb128 0x7
 701 029d 723300   		.ascii	"r3\000"
 702 02a0 07       		.byte	0x7
 703 02a1 F1       		.byte	0xf1
 704 02a2 62020000 		.4byte	0x262
 705 02a6 0C       		.byte	0xc
 706 02a7 07       		.uleb128 0x7
 707 02a8 72313200 		.ascii	"r12\000"
 708 02ac 07       		.byte	0x7
 709 02ad F2       		.byte	0xf2
 710 02ae 62020000 		.4byte	0x262
 711 02b2 10       		.byte	0x10
 712 02b3 06       		.uleb128 0x6
 713 02b4 92010000 		.4byte	.LASF48
 714 02b8 07       		.byte	0x7
 715 02b9 F3       		.byte	0xf3
 716 02ba 62020000 		.4byte	0x262
 717 02be 14       		.byte	0x14
 718 02bf 07       		.uleb128 0x7
 719 02c0 706300   		.ascii	"pc\000"
 720 02c3 07       		.byte	0x7
 721 02c4 F4       		.byte	0xf4
 722 02c5 62020000 		.4byte	0x262
 723 02c9 18       		.byte	0x18
 724 02ca 06       		.uleb128 0x6
 725 02cb F1020000 		.4byte	.LASF49
 726 02cf 07       		.byte	0x7
 727 02d0 F5       		.byte	0xf5
 728 02d1 62020000 		.4byte	0x262
 729 02d5 1C       		.byte	0x1c
 730 02d6 00       		.byte	0
 731 02d7 0B       		.uleb128 0xb
 732 02d8 5C040000 		.4byte	.LASF50
 733 02dc 24       		.byte	0x24
 734 02dd 07       		.byte	0x7
 735 02de 0C01     		.2byte	0x10c
ARM GAS  /tmp/ccnZTN8D.s 			page 14


 736 02e0 53030000 		.4byte	0x353
 737 02e4 0C       		.uleb128 0xc
 738 02e5 723400   		.ascii	"r4\000"
 739 02e8 07       		.byte	0x7
 740 02e9 1F01     		.2byte	0x11f
 741 02eb 62020000 		.4byte	0x262
 742 02ef 00       		.byte	0
 743 02f0 0C       		.uleb128 0xc
 744 02f1 723500   		.ascii	"r5\000"
 745 02f4 07       		.byte	0x7
 746 02f5 2001     		.2byte	0x120
 747 02f7 62020000 		.4byte	0x262
 748 02fb 04       		.byte	0x4
 749 02fc 0C       		.uleb128 0xc
 750 02fd 723600   		.ascii	"r6\000"
 751 0300 07       		.byte	0x7
 752 0301 2101     		.2byte	0x121
 753 0303 62020000 		.4byte	0x262
 754 0307 08       		.byte	0x8
 755 0308 0C       		.uleb128 0xc
 756 0309 723700   		.ascii	"r7\000"
 757 030c 07       		.byte	0x7
 758 030d 2201     		.2byte	0x122
 759 030f 62020000 		.4byte	0x262
 760 0313 0C       		.byte	0xc
 761 0314 0C       		.uleb128 0xc
 762 0315 723800   		.ascii	"r8\000"
 763 0318 07       		.byte	0x7
 764 0319 2301     		.2byte	0x123
 765 031b 62020000 		.4byte	0x262
 766 031f 10       		.byte	0x10
 767 0320 0C       		.uleb128 0xc
 768 0321 723900   		.ascii	"r9\000"
 769 0324 07       		.byte	0x7
 770 0325 2401     		.2byte	0x124
 771 0327 62020000 		.4byte	0x262
 772 032b 14       		.byte	0x14
 773 032c 0C       		.uleb128 0xc
 774 032d 72313000 		.ascii	"r10\000"
 775 0331 07       		.byte	0x7
 776 0332 2501     		.2byte	0x125
 777 0334 62020000 		.4byte	0x262
 778 0338 18       		.byte	0x18
 779 0339 0C       		.uleb128 0xc
 780 033a 72313100 		.ascii	"r11\000"
 781 033e 07       		.byte	0x7
 782 033f 2601     		.2byte	0x126
 783 0341 62020000 		.4byte	0x262
 784 0345 1C       		.byte	0x1c
 785 0346 0C       		.uleb128 0xc
 786 0347 6C7200   		.ascii	"lr\000"
 787 034a 07       		.byte	0x7
 788 034b 2701     		.2byte	0x127
 789 034d 62020000 		.4byte	0x262
 790 0351 20       		.byte	0x20
 791 0352 00       		.byte	0
 792 0353 0B       		.uleb128 0xb
ARM GAS  /tmp/ccnZTN8D.s 			page 15


 793 0354 DA010000 		.4byte	.LASF51
 794 0358 04       		.byte	0x4
 795 0359 07       		.byte	0x7
 796 035a 3101     		.2byte	0x131
 797 035c 6E030000 		.4byte	0x36e
 798 0360 0C       		.uleb128 0xc
 799 0361 72313300 		.ascii	"r13\000"
 800 0365 07       		.byte	0x7
 801 0366 3201     		.2byte	0x132
 802 0368 6E030000 		.4byte	0x36e
 803 036c 00       		.byte	0
 804 036d 00       		.byte	0
 805 036e 09       		.uleb128 0x9
 806 036f 04       		.byte	0x4
 807 0370 D7020000 		.4byte	0x2d7
 808 0374 04       		.uleb128 0x4
 809 0375 48030000 		.4byte	.LASF52
 810 0379 08       		.byte	0x8
 811 037a 3A       		.byte	0x3a
 812 037b 7F030000 		.4byte	0x37f
 813 037f 0D       		.uleb128 0xd
 814 0380 9E000000 		.4byte	0x9e
 815 0384 03       		.uleb128 0x3
 816 0385 04       		.byte	0x4
 817 0386 07       		.byte	0x7
 818 0387 52020000 		.4byte	.LASF53
 819 038b 08       		.uleb128 0x8
 820 038c 8C       		.byte	0x8c
 821 038d 08       		.byte	0x8
 822 038e 89       		.byte	0x89
 823 038f 90040000 		.4byte	0x490
 824 0393 06       		.uleb128 0x6
 825 0394 C2000000 		.4byte	.LASF54
 826 0398 08       		.byte	0x8
 827 0399 8A       		.byte	0x8a
 828 039a 74030000 		.4byte	0x374
 829 039e 00       		.byte	0
 830 039f 06       		.uleb128 0x6
 831 03a0 F5010000 		.4byte	.LASF55
 832 03a4 08       		.byte	0x8
 833 03a5 8B       		.byte	0x8b
 834 03a6 74030000 		.4byte	0x374
 835 03aa 04       		.byte	0x4
 836 03ab 06       		.uleb128 0x6
 837 03ac BF010000 		.4byte	.LASF56
 838 03b0 08       		.byte	0x8
 839 03b1 8C       		.byte	0x8c
 840 03b2 74030000 		.4byte	0x374
 841 03b6 08       		.byte	0x8
 842 03b7 06       		.uleb128 0x6
 843 03b8 00020000 		.4byte	.LASF57
 844 03bc 08       		.byte	0x8
 845 03bd 8D       		.byte	0x8d
 846 03be 74030000 		.4byte	0x374
 847 03c2 0C       		.byte	0xc
 848 03c3 07       		.uleb128 0x7
 849 03c4 53435200 		.ascii	"SCR\000"
ARM GAS  /tmp/ccnZTN8D.s 			page 16


 850 03c8 08       		.byte	0x8
 851 03c9 8E       		.byte	0x8e
 852 03ca 74030000 		.4byte	0x374
 853 03ce 10       		.byte	0x10
 854 03cf 07       		.uleb128 0x7
 855 03d0 43435200 		.ascii	"CCR\000"
 856 03d4 08       		.byte	0x8
 857 03d5 8F       		.byte	0x8f
 858 03d6 74030000 		.4byte	0x374
 859 03da 14       		.byte	0x14
 860 03db 06       		.uleb128 0x6
 861 03dc 57040000 		.4byte	.LASF58
 862 03e0 08       		.byte	0x8
 863 03e1 90       		.byte	0x90
 864 03e2 A0040000 		.4byte	0x4a0
 865 03e6 18       		.byte	0x18
 866 03e7 06       		.uleb128 0x6
 867 03e8 C5020000 		.4byte	.LASF59
 868 03ec 08       		.byte	0x8
 869 03ed 91       		.byte	0x91
 870 03ee 74030000 		.4byte	0x374
 871 03f2 24       		.byte	0x24
 872 03f3 06       		.uleb128 0x6
 873 03f4 5B020000 		.4byte	.LASF60
 874 03f8 08       		.byte	0x8
 875 03f9 92       		.byte	0x92
 876 03fa 74030000 		.4byte	0x374
 877 03fe 28       		.byte	0x28
 878 03ff 06       		.uleb128 0x6
 879 0400 B1040000 		.4byte	.LASF61
 880 0404 08       		.byte	0x8
 881 0405 93       		.byte	0x93
 882 0406 74030000 		.4byte	0x374
 883 040a 2C       		.byte	0x2c
 884 040b 06       		.uleb128 0x6
 885 040c 06020000 		.4byte	.LASF62
 886 0410 08       		.byte	0x8
 887 0411 94       		.byte	0x94
 888 0412 74030000 		.4byte	0x374
 889 0416 30       		.byte	0x30
 890 0417 06       		.uleb128 0x6
 891 0418 13020000 		.4byte	.LASF63
 892 041c 08       		.byte	0x8
 893 041d 95       		.byte	0x95
 894 041e 74030000 		.4byte	0x374
 895 0422 34       		.byte	0x34
 896 0423 06       		.uleb128 0x6
 897 0424 3D010000 		.4byte	.LASF64
 898 0428 08       		.byte	0x8
 899 0429 96       		.byte	0x96
 900 042a 74030000 		.4byte	0x374
 901 042e 38       		.byte	0x38
 902 042f 06       		.uleb128 0x6
 903 0430 36030000 		.4byte	.LASF65
 904 0434 08       		.byte	0x8
 905 0435 97       		.byte	0x97
 906 0436 74030000 		.4byte	0x374
ARM GAS  /tmp/ccnZTN8D.s 			page 17


 907 043a 3C       		.byte	0x3c
 908 043b 07       		.uleb128 0x7
 909 043c 50465200 		.ascii	"PFR\000"
 910 0440 08       		.byte	0x8
 911 0441 98       		.byte	0x98
 912 0442 B5040000 		.4byte	0x4b5
 913 0446 40       		.byte	0x40
 914 0447 07       		.uleb128 0x7
 915 0448 44465200 		.ascii	"DFR\000"
 916 044c 08       		.byte	0x8
 917 044d 99       		.byte	0x99
 918 044e 74030000 		.4byte	0x374
 919 0452 48       		.byte	0x48
 920 0453 07       		.uleb128 0x7
 921 0454 41445200 		.ascii	"ADR\000"
 922 0458 08       		.byte	0x8
 923 0459 9A       		.byte	0x9a
 924 045a 74030000 		.4byte	0x374
 925 045e 4C       		.byte	0x4c
 926 045f 06       		.uleb128 0x6
 927 0460 7F040000 		.4byte	.LASF66
 928 0464 08       		.byte	0x8
 929 0465 9B       		.byte	0x9b
 930 0466 CA040000 		.4byte	0x4ca
 931 046a 50       		.byte	0x50
 932 046b 07       		.uleb128 0x7
 933 046c 53415200 		.ascii	"SAR\000"
 934 0470 08       		.byte	0x8
 935 0471 9C       		.byte	0x9c
 936 0472 DF040000 		.4byte	0x4df
 937 0476 60       		.byte	0x60
 938 0477 06       		.uleb128 0x6
 939 0478 3B030000 		.4byte	.LASF67
 940 047c 08       		.byte	0x8
 941 047d 9D       		.byte	0x9d
 942 047e E4040000 		.4byte	0x4e4
 943 0482 74       		.byte	0x74
 944 0483 06       		.uleb128 0x6
 945 0484 AB040000 		.4byte	.LASF68
 946 0488 08       		.byte	0x8
 947 0489 9E       		.byte	0x9e
 948 048a 74030000 		.4byte	0x374
 949 048e 88       		.byte	0x88
 950 048f 00       		.byte	0
 951 0490 0E       		.uleb128 0xe
 952 0491 74030000 		.4byte	0x374
 953 0495 A0040000 		.4byte	0x4a0
 954 0499 0F       		.uleb128 0xf
 955 049a 84030000 		.4byte	0x384
 956 049e 02       		.byte	0x2
 957 049f 00       		.byte	0
 958 04a0 0D       		.uleb128 0xd
 959 04a1 90040000 		.4byte	0x490
 960 04a5 0E       		.uleb128 0xe
 961 04a6 74030000 		.4byte	0x374
 962 04aa B5040000 		.4byte	0x4b5
 963 04ae 0F       		.uleb128 0xf
ARM GAS  /tmp/ccnZTN8D.s 			page 18


 964 04af 84030000 		.4byte	0x384
 965 04b3 01       		.byte	0x1
 966 04b4 00       		.byte	0
 967 04b5 0D       		.uleb128 0xd
 968 04b6 A5040000 		.4byte	0x4a5
 969 04ba 0E       		.uleb128 0xe
 970 04bb 74030000 		.4byte	0x374
 971 04bf CA040000 		.4byte	0x4ca
 972 04c3 0F       		.uleb128 0xf
 973 04c4 84030000 		.4byte	0x384
 974 04c8 03       		.byte	0x3
 975 04c9 00       		.byte	0
 976 04ca 0D       		.uleb128 0xd
 977 04cb BA040000 		.4byte	0x4ba
 978 04cf 0E       		.uleb128 0xe
 979 04d0 74030000 		.4byte	0x374
 980 04d4 DF040000 		.4byte	0x4df
 981 04d8 0F       		.uleb128 0xf
 982 04d9 84030000 		.4byte	0x384
 983 04dd 04       		.byte	0x4
 984 04de 00       		.byte	0
 985 04df 0D       		.uleb128 0xd
 986 04e0 CF040000 		.4byte	0x4cf
 987 04e4 0D       		.uleb128 0xd
 988 04e5 CF040000 		.4byte	0x4cf
 989 04e9 04       		.uleb128 0x4
 990 04ea 79000000 		.4byte	.LASF69
 991 04ee 08       		.byte	0x8
 992 04ef 9F       		.byte	0x9f
 993 04f0 8B030000 		.4byte	0x38b
 994 04f4 0D       		.uleb128 0xd
 995 04f5 FD000000 		.4byte	0xfd
 996 04f9 08       		.uleb128 0x8
 997 04fa 1C       		.byte	0x1c
 998 04fb 09       		.byte	0x9
 999 04fc 5E       		.byte	0x5e
 1000 04fd 4A050000 		.4byte	0x54a
 1001 0501 06       		.uleb128 0x6
 1002 0502 2E030000 		.4byte	.LASF70
 1003 0506 09       		.byte	0x9
 1004 0507 5F       		.byte	0x5f
 1005 0508 37020000 		.4byte	0x237
 1006 050c 00       		.byte	0
 1007 050d 06       		.uleb128 0x6
 1008 050e F6020000 		.4byte	.LASF71
 1009 0512 09       		.byte	0x9
 1010 0513 60       		.byte	0x60
 1011 0514 DC000000 		.4byte	0xdc
 1012 0518 08       		.byte	0x8
 1013 0519 06       		.uleb128 0x6
 1014 051a 68020000 		.4byte	.LASF72
 1015 051e 09       		.byte	0x9
 1016 051f 62       		.byte	0x62
 1017 0520 53030000 		.4byte	0x353
 1018 0524 0C       		.byte	0xc
 1019 0525 06       		.uleb128 0x6
 1020 0526 0B020000 		.4byte	.LASF73
ARM GAS  /tmp/ccnZTN8D.s 			page 19


 1021 052a 09       		.byte	0x9
 1022 052b 65       		.byte	0x65
 1023 052c 31020000 		.4byte	0x231
 1024 0530 10       		.byte	0x10
 1025 0531 06       		.uleb128 0x6
 1026 0532 85020000 		.4byte	.LASF74
 1027 0536 09       		.byte	0x9
 1028 0537 66       		.byte	0x66
 1029 0538 31020000 		.4byte	0x231
 1030 053c 14       		.byte	0x14
 1031 053d 06       		.uleb128 0x6
 1032 053e 7B020000 		.4byte	.LASF75
 1033 0542 09       		.byte	0x9
 1034 0543 69       		.byte	0x69
 1035 0544 31020000 		.4byte	0x231
 1036 0548 18       		.byte	0x18
 1037 0549 00       		.byte	0
 1038 054a 04       		.uleb128 0x4
 1039 054b 75040000 		.4byte	.LASF76
 1040 054f 09       		.byte	0x9
 1041 0550 6B       		.byte	0x6b
 1042 0551 F9040000 		.4byte	0x4f9
 1043 0555 05       		.uleb128 0x5
 1044 0556 4C020000 		.4byte	.LASF77
 1045 055a 10       		.byte	0x10
 1046 055b 0A       		.byte	0xa
 1047 055c 2C       		.byte	0x2c
 1048 055d 86050000 		.4byte	0x586
 1049 0561 06       		.uleb128 0x6
 1050 0562 F1000000 		.4byte	.LASF78
 1051 0566 0A       		.byte	0xa
 1052 0567 2D       		.byte	0x2d
 1053 0568 37020000 		.4byte	0x237
 1054 056c 00       		.byte	0
 1055 056d 06       		.uleb128 0x6
 1056 056e B6040000 		.4byte	.LASF79
 1057 0572 0A       		.byte	0xa
 1058 0573 2F       		.byte	0x2f
 1059 0574 31020000 		.4byte	0x231
 1060 0578 08       		.byte	0x8
 1061 0579 06       		.uleb128 0x6
 1062 057a 2A040000 		.4byte	.LASF80
 1063 057e 0A       		.byte	0xa
 1064 057f 31       		.byte	0x31
 1065 0580 86050000 		.4byte	0x586
 1066 0584 0C       		.byte	0xc
 1067 0585 00       		.byte	0
 1068 0586 09       		.uleb128 0x9
 1069 0587 04       		.byte	0x4
 1070 0588 55050000 		.4byte	0x555
 1071 058c 04       		.uleb128 0x4
 1072 058d 4C020000 		.4byte	.LASF77
 1073 0591 0A       		.byte	0xa
 1074 0592 33       		.byte	0x33
 1075 0593 55050000 		.4byte	0x555
 1076 0597 10       		.uleb128 0x10
 1077 0598 04       		.byte	0x4
ARM GAS  /tmp/ccnZTN8D.s 			page 20


 1078 0599 06       		.byte	0x6
 1079 059a 96       		.byte	0x96
 1080 059b CC050000 		.4byte	0x5cc
 1081 059f 11       		.uleb128 0x11
 1082 05a0 68000000 		.4byte	.LASF81
 1083 05a4 06       		.byte	0x6
 1084 05a5 9D       		.byte	0x9d
 1085 05a6 E7000000 		.4byte	0xe7
 1086 05aa 11       		.uleb128 0x11
 1087 05ab B9000000 		.4byte	.LASF82
 1088 05af 06       		.byte	0x6
 1089 05b0 A4       		.byte	0xa4
 1090 05b1 E7000000 		.4byte	0xe7
 1091 05b5 11       		.uleb128 0x11
 1092 05b6 9D040000 		.4byte	.LASF83
 1093 05ba 06       		.byte	0x6
 1094 05bb AB       		.byte	0xab
 1095 05bc 6D020000 		.4byte	0x26d
 1096 05c0 11       		.uleb128 0x11
 1097 05c1 FD020000 		.4byte	.LASF84
 1098 05c5 06       		.byte	0x6
 1099 05c6 B2       		.byte	0xb2
 1100 05c7 F2000000 		.4byte	0xf2
 1101 05cb 00       		.byte	0
 1102 05cc 09       		.uleb128 0x9
 1103 05cd 04       		.byte	0x4
 1104 05ce D2050000 		.4byte	0x5d2
 1105 05d2 12       		.uleb128 0x12
 1106 05d3 D7050000 		.4byte	0x5d7
 1107 05d7 03       		.uleb128 0x3
 1108 05d8 01       		.byte	0x1
 1109 05d9 08       		.byte	0x8
 1110 05da 43030000 		.4byte	.LASF85
 1111 05de 09       		.uleb128 0x9
 1112 05df 04       		.byte	0x4
 1113 05e0 8C050000 		.4byte	0x58c
 1114 05e4 13       		.uleb128 0x13
 1115 05e5 C4010000 		.4byte	.LASF86
 1116 05e9 01       		.byte	0x1
 1117 05ea C8       		.byte	0xc8
 1118 05eb 00000000 		.4byte	.LFB11
 1119 05ef 06000000 		.4byte	.LFE11-.LFB11
 1120 05f3 01       		.uleb128 0x1
 1121 05f4 9C       		.byte	0x9c
 1122 05f5 03060000 		.4byte	0x603
 1123 05f9 14       		.uleb128 0x14
 1124 05fa 04000000 		.4byte	.LVL0
 1125 05fe C8070000 		.4byte	0x7c8
 1126 0602 00       		.byte	0
 1127 0603 13       		.uleb128 0x13
 1128 0604 0C010000 		.4byte	.LASF87
 1129 0608 01       		.byte	0x1
 1130 0609 41       		.byte	0x41
 1131 060a 00000000 		.4byte	.LFB8
 1132 060e 12000000 		.4byte	.LFE8-.LFB8
 1133 0612 01       		.uleb128 0x1
 1134 0613 9C       		.byte	0x9c
ARM GAS  /tmp/ccnZTN8D.s 			page 21


 1135 0614 3F060000 		.4byte	0x63f
 1136 0618 15       		.uleb128 0x15
 1137 0619 95020000 		.4byte	.LASF88
 1138 061d 01       		.byte	0x1
 1139 061e 42       		.byte	0x42
 1140 061f 3F060000 		.4byte	0x63f
 1141 0623 00000000 		.4byte	.LLST0
 1142 0627 16       		.uleb128 0x16
 1143 0628 0A000000 		.4byte	.LBB2
 1144 062c 08000000 		.4byte	.LBE2-.LBB2
 1145 0630 17       		.uleb128 0x17
 1146 0631 746D7000 		.ascii	"tmp\000"
 1147 0635 01       		.byte	0x1
 1148 0636 52       		.byte	0x52
 1149 0637 9E000000 		.4byte	0x9e
 1150 063b 01       		.uleb128 0x1
 1151 063c 53       		.byte	0x53
 1152 063d 00       		.byte	0
 1153 063e 00       		.byte	0
 1154 063f 09       		.uleb128 0x9
 1155 0640 04       		.byte	0x4
 1156 0641 6F020000 		.4byte	0x26f
 1157 0645 13       		.uleb128 0x13
 1158 0646 92040000 		.4byte	.LASF89
 1159 064a 01       		.byte	0x1
 1160 064b 78       		.byte	0x78
 1161 064c 00000000 		.4byte	.LFB9
 1162 0650 30000000 		.4byte	.LFE9-.LFB9
 1163 0654 01       		.uleb128 0x1
 1164 0655 9C       		.byte	0x9c
 1165 0656 A1060000 		.4byte	0x6a1
 1166 065a 18       		.uleb128 0x18
 1167 065b 14000000 		.4byte	.LVL4
 1168 065f CF070000 		.4byte	0x7cf
 1169 0663 72060000 		.4byte	0x672
 1170 0667 19       		.uleb128 0x19
 1171 0668 01       		.uleb128 0x1
 1172 0669 51       		.byte	0x51
 1173 066a 01       		.uleb128 0x1
 1174 066b 40       		.byte	0x40
 1175 066c 19       		.uleb128 0x19
 1176 066d 01       		.uleb128 0x1
 1177 066e 50       		.byte	0x50
 1178 066f 01       		.uleb128 0x1
 1179 0670 37       		.byte	0x37
 1180 0671 00       		.byte	0
 1181 0672 18       		.uleb128 0x18
 1182 0673 1C000000 		.4byte	.LVL5
 1183 0677 CF070000 		.4byte	0x7cf
 1184 067b 8B060000 		.4byte	0x68b
 1185 067f 19       		.uleb128 0x19
 1186 0680 01       		.uleb128 0x1
 1187 0681 51       		.byte	0x51
 1188 0682 02       		.uleb128 0x2
 1189 0683 08       		.byte	0x8
 1190 0684 20       		.byte	0x20
 1191 0685 19       		.uleb128 0x19
ARM GAS  /tmp/ccnZTN8D.s 			page 22


 1192 0686 01       		.uleb128 0x1
 1193 0687 50       		.byte	0x50
 1194 0688 01       		.uleb128 0x1
 1195 0689 3A       		.byte	0x3a
 1196 068a 00       		.byte	0
 1197 068b 1A       		.uleb128 0x1a
 1198 068c 28000000 		.4byte	.LVL6
 1199 0690 CF070000 		.4byte	0x7cf
 1200 0694 19       		.uleb128 0x19
 1201 0695 01       		.uleb128 0x1
 1202 0696 51       		.byte	0x51
 1203 0697 02       		.uleb128 0x2
 1204 0698 08       		.byte	0x8
 1205 0699 80       		.byte	0x80
 1206 069a 19       		.uleb128 0x19
 1207 069b 01       		.uleb128 0x1
 1208 069c 50       		.byte	0x50
 1209 069d 01       		.uleb128 0x1
 1210 069e 3B       		.byte	0x3b
 1211 069f 00       		.byte	0
 1212 06a0 00       		.byte	0
 1213 06a1 13       		.uleb128 0x13
 1214 06a2 19020000 		.4byte	.LASF90
 1215 06a6 01       		.byte	0x1
 1216 06a7 96       		.byte	0x96
 1217 06a8 00000000 		.4byte	.LFB10
 1218 06ac 70000000 		.4byte	.LFE10-.LFB10
 1219 06b0 01       		.uleb128 0x1
 1220 06b1 9C       		.byte	0x9c
 1221 06b2 02070000 		.4byte	0x702
 1222 06b6 1B       		.uleb128 0x1b
 1223 06b7 00000000 		.4byte	.LBB3
 1224 06bb 06000000 		.4byte	.LBE3-.LBB3
 1225 06bf D1060000 		.4byte	0x6d1
 1226 06c3 17       		.uleb128 0x17
 1227 06c4 746D7000 		.ascii	"tmp\000"
 1228 06c8 01       		.byte	0x1
 1229 06c9 98       		.byte	0x98
 1230 06ca 9E000000 		.4byte	0x9e
 1231 06ce 01       		.uleb128 0x1
 1232 06cf 53       		.byte	0x53
 1233 06d0 00       		.byte	0
 1234 06d1 1C       		.uleb128 0x1c
 1235 06d2 00000000 		.4byte	.Ldebug_ranges0+0
 1236 06d6 EA060000 		.4byte	0x6ea
 1237 06da 15       		.uleb128 0x15
 1238 06db 95020000 		.4byte	.LASF88
 1239 06df 01       		.byte	0x1
 1240 06e0 9A       		.byte	0x9a
 1241 06e1 3F060000 		.4byte	0x63f
 1242 06e5 20000000 		.4byte	.LLST1
 1243 06e9 00       		.byte	0
 1244 06ea 16       		.uleb128 0x16
 1245 06eb 44000000 		.4byte	.LBB5
 1246 06ef 06000000 		.4byte	.LBE5-.LBB5
 1247 06f3 17       		.uleb128 0x17
 1248 06f4 746D7000 		.ascii	"tmp\000"
ARM GAS  /tmp/ccnZTN8D.s 			page 23


 1249 06f8 01       		.byte	0x1
 1250 06f9 BE       		.byte	0xbe
 1251 06fa 9E000000 		.4byte	0x9e
 1252 06fe 01       		.uleb128 0x1
 1253 06ff 53       		.byte	0x53
 1254 0700 00       		.byte	0
 1255 0701 00       		.byte	0
 1256 0702 13       		.uleb128 0x13
 1257 0703 94000000 		.4byte	.LASF91
 1258 0707 01       		.byte	0x1
 1259 0708 2F       		.byte	0x2f
 1260 0709 00000000 		.4byte	.LFB7
 1261 070d 1A000000 		.4byte	.LFE7-.LFB7
 1262 0711 01       		.uleb128 0x1
 1263 0712 9C       		.byte	0x9c
 1264 0713 60070000 		.4byte	0x760
 1265 0717 1B       		.uleb128 0x1b
 1266 0718 02000000 		.4byte	.LBB7
 1267 071c 06000000 		.4byte	.LBE7-.LBB7
 1268 0720 32070000 		.4byte	0x732
 1269 0724 17       		.uleb128 0x17
 1270 0725 746D7000 		.ascii	"tmp\000"
 1271 0729 01       		.byte	0x1
 1272 072a 33       		.byte	0x33
 1273 072b 9E000000 		.4byte	0x9e
 1274 072f 01       		.uleb128 0x1
 1275 0730 53       		.byte	0x53
 1276 0731 00       		.byte	0
 1277 0732 1B       		.uleb128 0x1b
 1278 0733 0C000000 		.4byte	.LBB8
 1279 0737 06000000 		.4byte	.LBE8-.LBB8
 1280 073b 4D070000 		.4byte	0x74d
 1281 073f 17       		.uleb128 0x17
 1282 0740 746D7000 		.ascii	"tmp\000"
 1283 0744 01       		.byte	0x1
 1284 0745 35       		.byte	0x35
 1285 0746 9E000000 		.4byte	0x9e
 1286 074a 01       		.uleb128 0x1
 1287 074b 53       		.byte	0x53
 1288 074c 00       		.byte	0
 1289 074d 14       		.uleb128 0x14
 1290 074e 0C000000 		.4byte	.LVL12
 1291 0752 E6070000 		.4byte	0x7e6
 1292 0756 1D       		.uleb128 0x1d
 1293 0757 1A000000 		.4byte	.LVL13
 1294 075b A1060000 		.4byte	0x6a1
 1295 075f 00       		.byte	0
 1296 0760 13       		.uleb128 0x13
 1297 0761 A0010000 		.4byte	.LASF92
 1298 0765 01       		.byte	0x1
 1299 0766 E5       		.byte	0xe5
 1300 0767 00000000 		.4byte	.LFB12
 1301 076b 10000000 		.4byte	.LFE12-.LFB12
 1302 076f 01       		.uleb128 0x1
 1303 0770 9C       		.byte	0x9c
 1304 0771 90070000 		.4byte	0x790
 1305 0775 1E       		.uleb128 0x1e
ARM GAS  /tmp/ccnZTN8D.s 			page 24


 1306 0776 6E747000 		.ascii	"ntp\000"
 1307 077a 01       		.byte	0x1
 1308 077b E5       		.byte	0xe5
 1309 077c 31020000 		.4byte	0x231
 1310 0780 01       		.uleb128 0x1
 1311 0781 50       		.byte	0x50
 1312 0782 1E       		.uleb128 0x1e
 1313 0783 6F747000 		.ascii	"otp\000"
 1314 0787 01       		.byte	0x1
 1315 0788 E5       		.byte	0xe5
 1316 0789 31020000 		.4byte	0x231
 1317 078d 01       		.uleb128 0x1
 1318 078e 51       		.byte	0x51
 1319 078f 00       		.byte	0
 1320 0790 13       		.uleb128 0x13
 1321 0791 22010000 		.4byte	.LASF93
 1322 0795 01       		.byte	0x1
 1323 0796 FC       		.byte	0xfc
 1324 0797 00000000 		.4byte	.LFB13
 1325 079b 10000000 		.4byte	.LFE13-.LFB13
 1326 079f 01       		.uleb128 0x1
 1327 07a0 9C       		.byte	0x9c
 1328 07a1 BD070000 		.4byte	0x7bd
 1329 07a5 16       		.uleb128 0x16
 1330 07a6 00000000 		.4byte	.LBB9
 1331 07aa 06000000 		.4byte	.LBE9-.LBB9
 1332 07ae 17       		.uleb128 0x17
 1333 07af 746D7000 		.ascii	"tmp\000"
 1334 07b3 01       		.byte	0x1
 1335 07b4 FE       		.byte	0xfe
 1336 07b5 9E000000 		.4byte	0x9e
 1337 07b9 01       		.uleb128 0x1
 1338 07ba 53       		.byte	0x53
 1339 07bb 00       		.byte	0
 1340 07bc 00       		.byte	0
 1341 07bd 1F       		.uleb128 0x1f
 1342 07be 84040000 		.4byte	.LASF98
 1343 07c2 09       		.byte	0x9
 1344 07c3 6F       		.byte	0x6f
 1345 07c4 4A050000 		.4byte	0x54a
 1346 07c8 20       		.uleb128 0x20
 1347 07c9 73010000 		.4byte	.LASF94
 1348 07cd 09       		.byte	0x9
 1349 07ce A8       		.byte	0xa8
 1350 07cf 21       		.uleb128 0x21
 1351 07d0 4D010000 		.4byte	.LASF99
 1352 07d4 08       		.byte	0x8
 1353 07d5 2501     		.2byte	0x125
 1354 07d7 E6070000 		.4byte	0x7e6
 1355 07db 22       		.uleb128 0x22
 1356 07dc 9E000000 		.4byte	0x9e
 1357 07e0 22       		.uleb128 0x22
 1358 07e1 9E000000 		.4byte	0x9e
 1359 07e5 00       		.byte	0
 1360 07e6 20       		.uleb128 0x20
 1361 07e7 81000000 		.4byte	.LASF95
 1362 07eb 0B       		.byte	0xb
ARM GAS  /tmp/ccnZTN8D.s 			page 25


 1363 07ec F7       		.byte	0xf7
 1364 07ed 00       		.byte	0
 1365              		.section	.debug_abbrev,"",%progbits
 1366              	.Ldebug_abbrev0:
 1367 0000 01       		.uleb128 0x1
 1368 0001 11       		.uleb128 0x11
 1369 0002 01       		.byte	0x1
 1370 0003 25       		.uleb128 0x25
 1371 0004 0E       		.uleb128 0xe
 1372 0005 13       		.uleb128 0x13
 1373 0006 0B       		.uleb128 0xb
 1374 0007 03       		.uleb128 0x3
 1375 0008 0E       		.uleb128 0xe
 1376 0009 55       		.uleb128 0x55
 1377 000a 17       		.uleb128 0x17
 1378 000b 11       		.uleb128 0x11
 1379 000c 01       		.uleb128 0x1
 1380 000d 10       		.uleb128 0x10
 1381 000e 17       		.uleb128 0x17
 1382 000f 00       		.byte	0
 1383 0010 00       		.byte	0
 1384 0011 02       		.uleb128 0x2
 1385 0012 24       		.uleb128 0x24
 1386 0013 00       		.byte	0
 1387 0014 0B       		.uleb128 0xb
 1388 0015 0B       		.uleb128 0xb
 1389 0016 3E       		.uleb128 0x3e
 1390 0017 0B       		.uleb128 0xb
 1391 0018 03       		.uleb128 0x3
 1392 0019 08       		.uleb128 0x8
 1393 001a 00       		.byte	0
 1394 001b 00       		.byte	0
 1395 001c 03       		.uleb128 0x3
 1396 001d 24       		.uleb128 0x24
 1397 001e 00       		.byte	0
 1398 001f 0B       		.uleb128 0xb
 1399 0020 0B       		.uleb128 0xb
 1400 0021 3E       		.uleb128 0x3e
 1401 0022 0B       		.uleb128 0xb
 1402 0023 03       		.uleb128 0x3
 1403 0024 0E       		.uleb128 0xe
 1404 0025 00       		.byte	0
 1405 0026 00       		.byte	0
 1406 0027 04       		.uleb128 0x4
 1407 0028 16       		.uleb128 0x16
 1408 0029 00       		.byte	0
 1409 002a 03       		.uleb128 0x3
 1410 002b 0E       		.uleb128 0xe
 1411 002c 3A       		.uleb128 0x3a
 1412 002d 0B       		.uleb128 0xb
 1413 002e 3B       		.uleb128 0x3b
 1414 002f 0B       		.uleb128 0xb
 1415 0030 49       		.uleb128 0x49
 1416 0031 13       		.uleb128 0x13
 1417 0032 00       		.byte	0
 1418 0033 00       		.byte	0
 1419 0034 05       		.uleb128 0x5
ARM GAS  /tmp/ccnZTN8D.s 			page 26


 1420 0035 13       		.uleb128 0x13
 1421 0036 01       		.byte	0x1
 1422 0037 03       		.uleb128 0x3
 1423 0038 0E       		.uleb128 0xe
 1424 0039 0B       		.uleb128 0xb
 1425 003a 0B       		.uleb128 0xb
 1426 003b 3A       		.uleb128 0x3a
 1427 003c 0B       		.uleb128 0xb
 1428 003d 3B       		.uleb128 0x3b
 1429 003e 0B       		.uleb128 0xb
 1430 003f 01       		.uleb128 0x1
 1431 0040 13       		.uleb128 0x13
 1432 0041 00       		.byte	0
 1433 0042 00       		.byte	0
 1434 0043 06       		.uleb128 0x6
 1435 0044 0D       		.uleb128 0xd
 1436 0045 00       		.byte	0
 1437 0046 03       		.uleb128 0x3
 1438 0047 0E       		.uleb128 0xe
 1439 0048 3A       		.uleb128 0x3a
 1440 0049 0B       		.uleb128 0xb
 1441 004a 3B       		.uleb128 0x3b
 1442 004b 0B       		.uleb128 0xb
 1443 004c 49       		.uleb128 0x49
 1444 004d 13       		.uleb128 0x13
 1445 004e 38       		.uleb128 0x38
 1446 004f 0B       		.uleb128 0xb
 1447 0050 00       		.byte	0
 1448 0051 00       		.byte	0
 1449 0052 07       		.uleb128 0x7
 1450 0053 0D       		.uleb128 0xd
 1451 0054 00       		.byte	0
 1452 0055 03       		.uleb128 0x3
 1453 0056 08       		.uleb128 0x8
 1454 0057 3A       		.uleb128 0x3a
 1455 0058 0B       		.uleb128 0xb
 1456 0059 3B       		.uleb128 0x3b
 1457 005a 0B       		.uleb128 0xb
 1458 005b 49       		.uleb128 0x49
 1459 005c 13       		.uleb128 0x13
 1460 005d 38       		.uleb128 0x38
 1461 005e 0B       		.uleb128 0xb
 1462 005f 00       		.byte	0
 1463 0060 00       		.byte	0
 1464 0061 08       		.uleb128 0x8
 1465 0062 13       		.uleb128 0x13
 1466 0063 01       		.byte	0x1
 1467 0064 0B       		.uleb128 0xb
 1468 0065 0B       		.uleb128 0xb
 1469 0066 3A       		.uleb128 0x3a
 1470 0067 0B       		.uleb128 0xb
 1471 0068 3B       		.uleb128 0x3b
 1472 0069 0B       		.uleb128 0xb
 1473 006a 01       		.uleb128 0x1
 1474 006b 13       		.uleb128 0x13
 1475 006c 00       		.byte	0
 1476 006d 00       		.byte	0
ARM GAS  /tmp/ccnZTN8D.s 			page 27


 1477 006e 09       		.uleb128 0x9
 1478 006f 0F       		.uleb128 0xf
 1479 0070 00       		.byte	0
 1480 0071 0B       		.uleb128 0xb
 1481 0072 0B       		.uleb128 0xb
 1482 0073 49       		.uleb128 0x49
 1483 0074 13       		.uleb128 0x13
 1484 0075 00       		.byte	0
 1485 0076 00       		.byte	0
 1486 0077 0A       		.uleb128 0xa
 1487 0078 0F       		.uleb128 0xf
 1488 0079 00       		.byte	0
 1489 007a 0B       		.uleb128 0xb
 1490 007b 0B       		.uleb128 0xb
 1491 007c 00       		.byte	0
 1492 007d 00       		.byte	0
 1493 007e 0B       		.uleb128 0xb
 1494 007f 13       		.uleb128 0x13
 1495 0080 01       		.byte	0x1
 1496 0081 03       		.uleb128 0x3
 1497 0082 0E       		.uleb128 0xe
 1498 0083 0B       		.uleb128 0xb
 1499 0084 0B       		.uleb128 0xb
 1500 0085 3A       		.uleb128 0x3a
 1501 0086 0B       		.uleb128 0xb
 1502 0087 3B       		.uleb128 0x3b
 1503 0088 05       		.uleb128 0x5
 1504 0089 01       		.uleb128 0x1
 1505 008a 13       		.uleb128 0x13
 1506 008b 00       		.byte	0
 1507 008c 00       		.byte	0
 1508 008d 0C       		.uleb128 0xc
 1509 008e 0D       		.uleb128 0xd
 1510 008f 00       		.byte	0
 1511 0090 03       		.uleb128 0x3
 1512 0091 08       		.uleb128 0x8
 1513 0092 3A       		.uleb128 0x3a
 1514 0093 0B       		.uleb128 0xb
 1515 0094 3B       		.uleb128 0x3b
 1516 0095 05       		.uleb128 0x5
 1517 0096 49       		.uleb128 0x49
 1518 0097 13       		.uleb128 0x13
 1519 0098 38       		.uleb128 0x38
 1520 0099 0B       		.uleb128 0xb
 1521 009a 00       		.byte	0
 1522 009b 00       		.byte	0
 1523 009c 0D       		.uleb128 0xd
 1524 009d 35       		.uleb128 0x35
 1525 009e 00       		.byte	0
 1526 009f 49       		.uleb128 0x49
 1527 00a0 13       		.uleb128 0x13
 1528 00a1 00       		.byte	0
 1529 00a2 00       		.byte	0
 1530 00a3 0E       		.uleb128 0xe
 1531 00a4 01       		.uleb128 0x1
 1532 00a5 01       		.byte	0x1
 1533 00a6 49       		.uleb128 0x49
ARM GAS  /tmp/ccnZTN8D.s 			page 28


 1534 00a7 13       		.uleb128 0x13
 1535 00a8 01       		.uleb128 0x1
 1536 00a9 13       		.uleb128 0x13
 1537 00aa 00       		.byte	0
 1538 00ab 00       		.byte	0
 1539 00ac 0F       		.uleb128 0xf
 1540 00ad 21       		.uleb128 0x21
 1541 00ae 00       		.byte	0
 1542 00af 49       		.uleb128 0x49
 1543 00b0 13       		.uleb128 0x13
 1544 00b1 2F       		.uleb128 0x2f
 1545 00b2 0B       		.uleb128 0xb
 1546 00b3 00       		.byte	0
 1547 00b4 00       		.byte	0
 1548 00b5 10       		.uleb128 0x10
 1549 00b6 17       		.uleb128 0x17
 1550 00b7 01       		.byte	0x1
 1551 00b8 0B       		.uleb128 0xb
 1552 00b9 0B       		.uleb128 0xb
 1553 00ba 3A       		.uleb128 0x3a
 1554 00bb 0B       		.uleb128 0xb
 1555 00bc 3B       		.uleb128 0x3b
 1556 00bd 0B       		.uleb128 0xb
 1557 00be 01       		.uleb128 0x1
 1558 00bf 13       		.uleb128 0x13
 1559 00c0 00       		.byte	0
 1560 00c1 00       		.byte	0
 1561 00c2 11       		.uleb128 0x11
 1562 00c3 0D       		.uleb128 0xd
 1563 00c4 00       		.byte	0
 1564 00c5 03       		.uleb128 0x3
 1565 00c6 0E       		.uleb128 0xe
 1566 00c7 3A       		.uleb128 0x3a
 1567 00c8 0B       		.uleb128 0xb
 1568 00c9 3B       		.uleb128 0x3b
 1569 00ca 0B       		.uleb128 0xb
 1570 00cb 49       		.uleb128 0x49
 1571 00cc 13       		.uleb128 0x13
 1572 00cd 00       		.byte	0
 1573 00ce 00       		.byte	0
 1574 00cf 12       		.uleb128 0x12
 1575 00d0 26       		.uleb128 0x26
 1576 00d1 00       		.byte	0
 1577 00d2 49       		.uleb128 0x49
 1578 00d3 13       		.uleb128 0x13
 1579 00d4 00       		.byte	0
 1580 00d5 00       		.byte	0
 1581 00d6 13       		.uleb128 0x13
 1582 00d7 2E       		.uleb128 0x2e
 1583 00d8 01       		.byte	0x1
 1584 00d9 3F       		.uleb128 0x3f
 1585 00da 19       		.uleb128 0x19
 1586 00db 03       		.uleb128 0x3
 1587 00dc 0E       		.uleb128 0xe
 1588 00dd 3A       		.uleb128 0x3a
 1589 00de 0B       		.uleb128 0xb
 1590 00df 3B       		.uleb128 0x3b
ARM GAS  /tmp/ccnZTN8D.s 			page 29


 1591 00e0 0B       		.uleb128 0xb
 1592 00e1 27       		.uleb128 0x27
 1593 00e2 19       		.uleb128 0x19
 1594 00e3 11       		.uleb128 0x11
 1595 00e4 01       		.uleb128 0x1
 1596 00e5 12       		.uleb128 0x12
 1597 00e6 06       		.uleb128 0x6
 1598 00e7 40       		.uleb128 0x40
 1599 00e8 18       		.uleb128 0x18
 1600 00e9 9742     		.uleb128 0x2117
 1601 00eb 19       		.uleb128 0x19
 1602 00ec 01       		.uleb128 0x1
 1603 00ed 13       		.uleb128 0x13
 1604 00ee 00       		.byte	0
 1605 00ef 00       		.byte	0
 1606 00f0 14       		.uleb128 0x14
 1607 00f1 898201   		.uleb128 0x4109
 1608 00f4 00       		.byte	0
 1609 00f5 11       		.uleb128 0x11
 1610 00f6 01       		.uleb128 0x1
 1611 00f7 31       		.uleb128 0x31
 1612 00f8 13       		.uleb128 0x13
 1613 00f9 00       		.byte	0
 1614 00fa 00       		.byte	0
 1615 00fb 15       		.uleb128 0x15
 1616 00fc 34       		.uleb128 0x34
 1617 00fd 00       		.byte	0
 1618 00fe 03       		.uleb128 0x3
 1619 00ff 0E       		.uleb128 0xe
 1620 0100 3A       		.uleb128 0x3a
 1621 0101 0B       		.uleb128 0xb
 1622 0102 3B       		.uleb128 0x3b
 1623 0103 0B       		.uleb128 0xb
 1624 0104 49       		.uleb128 0x49
 1625 0105 13       		.uleb128 0x13
 1626 0106 02       		.uleb128 0x2
 1627 0107 17       		.uleb128 0x17
 1628 0108 00       		.byte	0
 1629 0109 00       		.byte	0
 1630 010a 16       		.uleb128 0x16
 1631 010b 0B       		.uleb128 0xb
 1632 010c 01       		.byte	0x1
 1633 010d 11       		.uleb128 0x11
 1634 010e 01       		.uleb128 0x1
 1635 010f 12       		.uleb128 0x12
 1636 0110 06       		.uleb128 0x6
 1637 0111 00       		.byte	0
 1638 0112 00       		.byte	0
 1639 0113 17       		.uleb128 0x17
 1640 0114 34       		.uleb128 0x34
 1641 0115 00       		.byte	0
 1642 0116 03       		.uleb128 0x3
 1643 0117 08       		.uleb128 0x8
 1644 0118 3A       		.uleb128 0x3a
 1645 0119 0B       		.uleb128 0xb
 1646 011a 3B       		.uleb128 0x3b
 1647 011b 0B       		.uleb128 0xb
ARM GAS  /tmp/ccnZTN8D.s 			page 30


 1648 011c 49       		.uleb128 0x49
 1649 011d 13       		.uleb128 0x13
 1650 011e 02       		.uleb128 0x2
 1651 011f 18       		.uleb128 0x18
 1652 0120 00       		.byte	0
 1653 0121 00       		.byte	0
 1654 0122 18       		.uleb128 0x18
 1655 0123 898201   		.uleb128 0x4109
 1656 0126 01       		.byte	0x1
 1657 0127 11       		.uleb128 0x11
 1658 0128 01       		.uleb128 0x1
 1659 0129 31       		.uleb128 0x31
 1660 012a 13       		.uleb128 0x13
 1661 012b 01       		.uleb128 0x1
 1662 012c 13       		.uleb128 0x13
 1663 012d 00       		.byte	0
 1664 012e 00       		.byte	0
 1665 012f 19       		.uleb128 0x19
 1666 0130 8A8201   		.uleb128 0x410a
 1667 0133 00       		.byte	0
 1668 0134 02       		.uleb128 0x2
 1669 0135 18       		.uleb128 0x18
 1670 0136 9142     		.uleb128 0x2111
 1671 0138 18       		.uleb128 0x18
 1672 0139 00       		.byte	0
 1673 013a 00       		.byte	0
 1674 013b 1A       		.uleb128 0x1a
 1675 013c 898201   		.uleb128 0x4109
 1676 013f 01       		.byte	0x1
 1677 0140 11       		.uleb128 0x11
 1678 0141 01       		.uleb128 0x1
 1679 0142 9542     		.uleb128 0x2115
 1680 0144 19       		.uleb128 0x19
 1681 0145 31       		.uleb128 0x31
 1682 0146 13       		.uleb128 0x13
 1683 0147 00       		.byte	0
 1684 0148 00       		.byte	0
 1685 0149 1B       		.uleb128 0x1b
 1686 014a 0B       		.uleb128 0xb
 1687 014b 01       		.byte	0x1
 1688 014c 11       		.uleb128 0x11
 1689 014d 01       		.uleb128 0x1
 1690 014e 12       		.uleb128 0x12
 1691 014f 06       		.uleb128 0x6
 1692 0150 01       		.uleb128 0x1
 1693 0151 13       		.uleb128 0x13
 1694 0152 00       		.byte	0
 1695 0153 00       		.byte	0
 1696 0154 1C       		.uleb128 0x1c
 1697 0155 0B       		.uleb128 0xb
 1698 0156 01       		.byte	0x1
 1699 0157 55       		.uleb128 0x55
 1700 0158 17       		.uleb128 0x17
 1701 0159 01       		.uleb128 0x1
 1702 015a 13       		.uleb128 0x13
 1703 015b 00       		.byte	0
 1704 015c 00       		.byte	0
ARM GAS  /tmp/ccnZTN8D.s 			page 31


 1705 015d 1D       		.uleb128 0x1d
 1706 015e 898201   		.uleb128 0x4109
 1707 0161 00       		.byte	0
 1708 0162 11       		.uleb128 0x11
 1709 0163 01       		.uleb128 0x1
 1710 0164 9542     		.uleb128 0x2115
 1711 0166 19       		.uleb128 0x19
 1712 0167 31       		.uleb128 0x31
 1713 0168 13       		.uleb128 0x13
 1714 0169 00       		.byte	0
 1715 016a 00       		.byte	0
 1716 016b 1E       		.uleb128 0x1e
 1717 016c 05       		.uleb128 0x5
 1718 016d 00       		.byte	0
 1719 016e 03       		.uleb128 0x3
 1720 016f 08       		.uleb128 0x8
 1721 0170 3A       		.uleb128 0x3a
 1722 0171 0B       		.uleb128 0xb
 1723 0172 3B       		.uleb128 0x3b
 1724 0173 0B       		.uleb128 0xb
 1725 0174 49       		.uleb128 0x49
 1726 0175 13       		.uleb128 0x13
 1727 0176 02       		.uleb128 0x2
 1728 0177 18       		.uleb128 0x18
 1729 0178 00       		.byte	0
 1730 0179 00       		.byte	0
 1731 017a 1F       		.uleb128 0x1f
 1732 017b 34       		.uleb128 0x34
 1733 017c 00       		.byte	0
 1734 017d 03       		.uleb128 0x3
 1735 017e 0E       		.uleb128 0xe
 1736 017f 3A       		.uleb128 0x3a
 1737 0180 0B       		.uleb128 0xb
 1738 0181 3B       		.uleb128 0x3b
 1739 0182 0B       		.uleb128 0xb
 1740 0183 49       		.uleb128 0x49
 1741 0184 13       		.uleb128 0x13
 1742 0185 3F       		.uleb128 0x3f
 1743 0186 19       		.uleb128 0x19
 1744 0187 3C       		.uleb128 0x3c
 1745 0188 19       		.uleb128 0x19
 1746 0189 00       		.byte	0
 1747 018a 00       		.byte	0
 1748 018b 20       		.uleb128 0x20
 1749 018c 2E       		.uleb128 0x2e
 1750 018d 00       		.byte	0
 1751 018e 3F       		.uleb128 0x3f
 1752 018f 19       		.uleb128 0x19
 1753 0190 03       		.uleb128 0x3
 1754 0191 0E       		.uleb128 0xe
 1755 0192 3A       		.uleb128 0x3a
 1756 0193 0B       		.uleb128 0xb
 1757 0194 3B       		.uleb128 0x3b
 1758 0195 0B       		.uleb128 0xb
 1759 0196 27       		.uleb128 0x27
 1760 0197 19       		.uleb128 0x19
 1761 0198 3C       		.uleb128 0x3c
ARM GAS  /tmp/ccnZTN8D.s 			page 32


 1762 0199 19       		.uleb128 0x19
 1763 019a 00       		.byte	0
 1764 019b 00       		.byte	0
 1765 019c 21       		.uleb128 0x21
 1766 019d 2E       		.uleb128 0x2e
 1767 019e 01       		.byte	0x1
 1768 019f 3F       		.uleb128 0x3f
 1769 01a0 19       		.uleb128 0x19
 1770 01a1 03       		.uleb128 0x3
 1771 01a2 0E       		.uleb128 0xe
 1772 01a3 3A       		.uleb128 0x3a
 1773 01a4 0B       		.uleb128 0xb
 1774 01a5 3B       		.uleb128 0x3b
 1775 01a6 05       		.uleb128 0x5
 1776 01a7 27       		.uleb128 0x27
 1777 01a8 19       		.uleb128 0x19
 1778 01a9 3C       		.uleb128 0x3c
 1779 01aa 19       		.uleb128 0x19
 1780 01ab 01       		.uleb128 0x1
 1781 01ac 13       		.uleb128 0x13
 1782 01ad 00       		.byte	0
 1783 01ae 00       		.byte	0
 1784 01af 22       		.uleb128 0x22
 1785 01b0 05       		.uleb128 0x5
 1786 01b1 00       		.byte	0
 1787 01b2 49       		.uleb128 0x49
 1788 01b3 13       		.uleb128 0x13
 1789 01b4 00       		.byte	0
 1790 01b5 00       		.byte	0
 1791 01b6 00       		.byte	0
 1792              		.section	.debug_loc,"",%progbits
 1793              	.Ldebug_loc0:
 1794              	.LLST0:
 1795 0000 04000000 		.4byte	.LVL1
 1796 0004 06000000 		.4byte	.LVL2
 1797 0008 0300     		.2byte	0x3
 1798 000a 73       		.byte	0x73
 1799 000b 20       		.sleb128 32
 1800 000c 9F       		.byte	0x9f
 1801 000d 06000000 		.4byte	.LVL2
 1802 0011 0C000000 		.4byte	.LVL3
 1803 0015 0100     		.2byte	0x1
 1804 0017 53       		.byte	0x53
 1805 0018 00000000 		.4byte	0
 1806 001c 00000000 		.4byte	0
 1807              	.LLST1:
 1808 0020 14000000 		.4byte	.LVL7
 1809 0024 20000000 		.4byte	.LVL8
 1810 0028 0300     		.2byte	0x3
 1811 002a 73       		.byte	0x73
 1812 002b 60       		.sleb128 -32
 1813 002c 9F       		.byte	0x9f
 1814 002d 20000000 		.4byte	.LVL8
 1815 0031 28000000 		.4byte	.LVL9
 1816 0035 0100     		.2byte	0x1
 1817 0037 52       		.byte	0x52
 1818 0038 28000000 		.4byte	.LVL9
ARM GAS  /tmp/ccnZTN8D.s 			page 33


 1819 003c 44000000 		.4byte	.LVL10
 1820 0040 0300     		.2byte	0x3
 1821 0042 73       		.byte	0x73
 1822 0043 60       		.sleb128 -32
 1823 0044 9F       		.byte	0x9f
 1824 0045 4A000000 		.4byte	.LVL11
 1825 0049 70000000 		.4byte	.LFE10
 1826 004d 0300     		.2byte	0x3
 1827 004f 73       		.byte	0x73
 1828 0050 60       		.sleb128 -32
 1829 0051 9F       		.byte	0x9f
 1830 0052 00000000 		.4byte	0
 1831 0056 00000000 		.4byte	0
 1832              		.section	.debug_aranges,"",%progbits
 1833 0000 4C000000 		.4byte	0x4c
 1834 0004 0200     		.2byte	0x2
 1835 0006 00000000 		.4byte	.Ldebug_info0
 1836 000a 04       		.byte	0x4
 1837 000b 00       		.byte	0
 1838 000c 0000     		.2byte	0
 1839 000e 0000     		.2byte	0
 1840 0010 00000000 		.4byte	.LFB11
 1841 0014 06000000 		.4byte	.LFE11-.LFB11
 1842 0018 00000000 		.4byte	.LFB8
 1843 001c 12000000 		.4byte	.LFE8-.LFB8
 1844 0020 00000000 		.4byte	.LFB9
 1845 0024 30000000 		.4byte	.LFE9-.LFB9
 1846 0028 00000000 		.4byte	.LFB10
 1847 002c 70000000 		.4byte	.LFE10-.LFB10
 1848 0030 00000000 		.4byte	.LFB7
 1849 0034 1A000000 		.4byte	.LFE7-.LFB7
 1850 0038 00000000 		.4byte	.LFB12
 1851 003c 10000000 		.4byte	.LFE12-.LFB12
 1852 0040 00000000 		.4byte	.LFB13
 1853 0044 10000000 		.4byte	.LFE13-.LFB13
 1854 0048 00000000 		.4byte	0
 1855 004c 00000000 		.4byte	0
 1856              		.section	.debug_ranges,"",%progbits
 1857              	.Ldebug_ranges0:
 1858 0000 10000000 		.4byte	.LBB4
 1859 0004 44000000 		.4byte	.LBE4
 1860 0008 4A000000 		.4byte	.LBB6
 1861 000c 70000000 		.4byte	.LBE6
 1862 0010 00000000 		.4byte	0
 1863 0014 00000000 		.4byte	0
 1864 0018 00000000 		.4byte	.LFB11
 1865 001c 06000000 		.4byte	.LFE11
 1866 0020 00000000 		.4byte	.LFB8
 1867 0024 12000000 		.4byte	.LFE8
 1868 0028 00000000 		.4byte	.LFB9
 1869 002c 30000000 		.4byte	.LFE9
 1870 0030 00000000 		.4byte	.LFB10
 1871 0034 70000000 		.4byte	.LFE10
 1872 0038 00000000 		.4byte	.LFB7
 1873 003c 1A000000 		.4byte	.LFE7
 1874 0040 00000000 		.4byte	.LFB12
 1875 0044 10000000 		.4byte	.LFE12
ARM GAS  /tmp/ccnZTN8D.s 			page 34


 1876 0048 00000000 		.4byte	.LFB13
 1877 004c 10000000 		.4byte	.LFE13
 1878 0050 00000000 		.4byte	0
 1879 0054 00000000 		.4byte	0
 1880              		.section	.debug_line,"",%progbits
 1881              	.Ldebug_line0:
 1882 0000 1D030000 		.section	.debug_str,"MS",%progbits,1
 1882      02006A02 
 1882      00000201 
 1882      FB0E0D00 
 1882      01010101 
 1883              	.LASF39:
 1884 0000 705F6D73 		.ascii	"p_msg\000"
 1884      6700
 1885              	.LASF97:
 1886 0006 2F686F6D 		.ascii	"/home/marco/SoftwareProjects/st-usb/f9xx/firmware/e"
 1886      652F6D61 
 1886      72636F2F 
 1886      536F6674 
 1886      77617265 
 1887 0039 78742F43 		.ascii	"xt/ChibiOS-RT/os/ports/GCC/ARMCMx/chcore_v7m.c\000"
 1887      68696269 
 1887      4F532D52 
 1887      542F6F73 
 1887      2F706F72 
 1888              	.LASF81:
 1889 0068 7264796D 		.ascii	"rdymsg\000"
 1889      736700
 1890              	.LASF5:
 1891 006f 5F5F7569 		.ascii	"__uint8_t\000"
 1891      6E74385F 
 1891      7400
 1892              	.LASF69:
 1893 0079 434D785F 		.ascii	"CMx_SCB\000"
 1893      53434200 
 1894              	.LASF95:
 1895 0081 63685379 		.ascii	"chSysTimerHandlerI\000"
 1895      7354696D 
 1895      65724861 
 1895      6E646C65 
 1895      724900
 1896              	.LASF91:
 1897 0094 53797354 		.ascii	"SysTickVector\000"
 1897      69636B56 
 1897      6563746F 
 1897      7200
 1898              	.LASF11:
 1899 00a2 6C6F6E67 		.ascii	"long long unsigned int\000"
 1899      206C6F6E 
 1899      6720756E 
 1899      7369676E 
 1899      65642069 
 1900              	.LASF82:
 1901 00b9 65786974 		.ascii	"exitcode\000"
 1901      636F6465 
 1901      00
 1902              	.LASF54:
ARM GAS  /tmp/ccnZTN8D.s 			page 35


 1903 00c2 43505549 		.ascii	"CPUID\000"
 1903      4400
 1904              	.LASF27:
 1905 00c8 705F7072 		.ascii	"p_prio\000"
 1905      696F00
 1906              	.LASF10:
 1907 00cf 6C6F6E67 		.ascii	"long long int\000"
 1907      206C6F6E 
 1907      6720696E 
 1907      7400
 1908              	.LASF1:
 1909 00dd 7369676E 		.ascii	"signed char\000"
 1909      65642063 
 1909      68617200 
 1910              	.LASF43:
 1911 00e9 705F6D70 		.ascii	"p_mpool\000"
 1911      6F6F6C00 
 1912              	.LASF78:
 1913 00f1 6D5F7175 		.ascii	"m_queue\000"
 1913      65756500 
 1914              	.LASF19:
 1915 00f9 74736C69 		.ascii	"tslices_t\000"
 1915      6365735F 
 1915      7400
 1916              	.LASF7:
 1917 0103 6C6F6E67 		.ascii	"long int\000"
 1917      20696E74 
 1917      00
 1918              	.LASF87:
 1919 010c 53564361 		.ascii	"SVCallVector\000"
 1919      6C6C5665 
 1919      63746F72 
 1919      00
 1920              	.LASF17:
 1921 0119 74737461 		.ascii	"tstate_t\000"
 1921      74655F74 
 1921      00
 1922              	.LASF93:
 1923 0122 5F706F72 		.ascii	"_port_thread_start\000"
 1923      745F7468 
 1923      72656164 
 1923      5F737461 
 1923      727400
 1924              	.LASF29:
 1925 0135 705F6E65 		.ascii	"p_newer\000"
 1925      77657200 
 1926              	.LASF64:
 1927 013d 42464152 		.ascii	"BFAR\000"
 1927      00
 1928              	.LASF8:
 1929 0142 5F5F7569 		.ascii	"__uint32_t\000"
 1929      6E743332 
 1929      5F7400
 1930              	.LASF99:
 1931 014d 6E766963 		.ascii	"nvicSetSystemHandlerPriority\000"
 1931      53657453 
 1931      79737465 
ARM GAS  /tmp/ccnZTN8D.s 			page 36


 1931      6D48616E 
 1931      646C6572 
 1932              	.LASF46:
 1933 016a 72656761 		.ascii	"regarm_t\000"
 1933      726D5F74 
 1933      00
 1934              	.LASF94:
 1935 0173 63685363 		.ascii	"chSchDoReschedule\000"
 1935      68446F52 
 1935      65736368 
 1935      6564756C 
 1935      6500
 1936              	.LASF0:
 1937 0185 756E7369 		.ascii	"unsigned int\000"
 1937      676E6564 
 1937      20696E74 
 1937      00
 1938              	.LASF48:
 1939 0192 6C725F74 		.ascii	"lr_thd\000"
 1939      686400
 1940              	.LASF47:
 1941 0199 65787463 		.ascii	"extctx\000"
 1941      747800
 1942              	.LASF92:
 1943 01a0 5F706F72 		.ascii	"_port_switch\000"
 1943      745F7377 
 1943      69746368 
 1943      00
 1944              	.LASF9:
 1945 01ad 6C6F6E67 		.ascii	"long unsigned int\000"
 1945      20756E73 
 1945      69676E65 
 1945      6420696E 
 1945      7400
 1946              	.LASF56:
 1947 01bf 56544F52 		.ascii	"VTOR\000"
 1947      00
 1948              	.LASF86:
 1949 01c4 5F706F72 		.ascii	"_port_switch_from_isr\000"
 1949      745F7377 
 1949      69746368 
 1949      5F66726F 
 1949      6D5F6973 
 1950              	.LASF51:
 1951 01da 636F6E74 		.ascii	"context\000"
 1951      65787400 
 1952              	.LASF4:
 1953 01e2 73686F72 		.ascii	"short unsigned int\000"
 1953      7420756E 
 1953      7369676E 
 1953      65642069 
 1953      6E7400
 1954              	.LASF55:
 1955 01f5 49435352 		.ascii	"ICSR\000"
 1955      00
 1956              	.LASF21:
 1957 01fa 6D73675F 		.ascii	"msg_t\000"
ARM GAS  /tmp/ccnZTN8D.s 			page 37


 1957      7400
 1958              	.LASF57:
 1959 0200 41495243 		.ascii	"AIRCR\000"
 1959      5200
 1960              	.LASF62:
 1961 0206 44465352 		.ascii	"DFSR\000"
 1961      00
 1962              	.LASF73:
 1963 020b 725F6E65 		.ascii	"r_newer\000"
 1963      77657200 
 1964              	.LASF63:
 1965 0213 4D4D4641 		.ascii	"MMFAR\000"
 1965      5200
 1966              	.LASF90:
 1967 0219 5F706F72 		.ascii	"_port_irq_epilogue\000"
 1967      745F6972 
 1967      715F6570 
 1967      696C6F67 
 1967      756500
 1968              	.LASF16:
 1969 022c 746D6F64 		.ascii	"tmode_t\000"
 1969      655F7400 
 1970              	.LASF45:
 1971 0234 54687265 		.ascii	"ThreadsList\000"
 1971      6164734C 
 1971      69737400 
 1972              	.LASF22:
 1973 0240 6576656E 		.ascii	"eventmask_t\000"
 1973      746D6173 
 1973      6B5F7400 
 1974              	.LASF77:
 1975 024c 4D757465 		.ascii	"Mutex\000"
 1975      7800
 1976              	.LASF53:
 1977 0252 73697A65 		.ascii	"sizetype\000"
 1977      74797065 
 1977      00
 1978              	.LASF60:
 1979 025b 43465352 		.ascii	"CFSR\000"
 1979      00
 1980              	.LASF30:
 1981 0260 705F6F6C 		.ascii	"p_older\000"
 1981      64657200 
 1982              	.LASF72:
 1983 0268 725F6374 		.ascii	"r_ctx\000"
 1983      7800
 1984              	.LASF44:
 1985 026e 54687265 		.ascii	"ThreadsQueue\000"
 1985      61647351 
 1985      75657565 
 1985      00
 1986              	.LASF75:
 1987 027b 725F6375 		.ascii	"r_current\000"
 1987      7272656E 
 1987      7400
 1988              	.LASF74:
 1989 0285 725F6F6C 		.ascii	"r_older\000"
ARM GAS  /tmp/ccnZTN8D.s 			page 38


 1989      64657200 
 1990              	.LASF18:
 1991 028d 74726566 		.ascii	"trefs_t\000"
 1991      735F7400 
 1992              	.LASF88:
 1993 0295 63747870 		.ascii	"ctxp\000"
 1993      00
 1994              	.LASF26:
 1995 029a 705F7072 		.ascii	"p_prev\000"
 1995      657600
 1996              	.LASF20:
 1997 02a1 74707269 		.ascii	"tprio_t\000"
 1997      6F5F7400 
 1998              	.LASF15:
 1999 02a9 5F426F6F 		.ascii	"_Bool\000"
 1999      6C00
 2000              	.LASF13:
 2001 02af 696E7433 		.ascii	"int32_t\000"
 2001      325F7400 
 2002              	.LASF2:
 2003 02b7 756E7369 		.ascii	"unsigned char\000"
 2003      676E6564 
 2003      20636861 
 2003      7200
 2004              	.LASF59:
 2005 02c5 53484353 		.ascii	"SHCSR\000"
 2005      5200
 2006              	.LASF41:
 2007 02cb 705F6D74 		.ascii	"p_mtxlist\000"
 2007      786C6973 
 2007      7400
 2008              	.LASF3:
 2009 02d5 73686F72 		.ascii	"short int\000"
 2009      7420696E 
 2009      7400
 2010              	.LASF32:
 2011 02df 705F7374 		.ascii	"p_state\000"
 2011      61746500 
 2012              	.LASF35:
 2013 02e7 705F7072 		.ascii	"p_preempt\000"
 2013      65656D70 
 2013      7400
 2014              	.LASF49:
 2015 02f1 78707372 		.ascii	"xpsr\000"
 2015      00
 2016              	.LASF71:
 2017 02f6 725F7072 		.ascii	"r_prio\000"
 2017      696F00
 2018              	.LASF84:
 2019 02fd 65776D61 		.ascii	"ewmask\000"
 2019      736B00
 2020              	.LASF25:
 2021 0304 705F6E65 		.ascii	"p_next\000"
 2021      787400
 2022              	.LASF33:
 2023 030b 705F666C 		.ascii	"p_flags\000"
 2023      61677300 
ARM GAS  /tmp/ccnZTN8D.s 			page 39


 2024              	.LASF24:
 2025 0313 54687265 		.ascii	"Thread\000"
 2025      616400
 2026              	.LASF40:
 2027 031a 705F6570 		.ascii	"p_epending\000"
 2027      656E6469 
 2027      6E6700
 2028              	.LASF14:
 2029 0325 75696E74 		.ascii	"uint32_t\000"
 2029      33325F74 
 2029      00
 2030              	.LASF70:
 2031 032e 725F7175 		.ascii	"r_queue\000"
 2031      65756500 
 2032              	.LASF65:
 2033 0336 41465352 		.ascii	"AFSR\000"
 2033      00
 2034              	.LASF67:
 2035 033b 756E7573 		.ascii	"unused1\000"
 2035      65643100 
 2036              	.LASF85:
 2037 0343 63686172 		.ascii	"char\000"
 2037      00
 2038              	.LASF52:
 2039 0348 494F5245 		.ascii	"IOREG32\000"
 2039      47333200 
 2040              	.LASF96:
 2041 0350 474E5520 		.ascii	"GNU C 4.8.4 20140526 (release) [ARM/embedded-4_8-br"
 2041      4320342E 
 2041      382E3420 
 2041      32303134 
 2041      30353236 
 2042 0383 616E6368 		.ascii	"anch revision 211358] -mcpu=cortex-m4 -mno-thumb-in"
 2042      20726576 
 2042      6973696F 
 2042      6E203231 
 2042      31333538 
 2043 03b6 74657277 		.ascii	"terwork -mthumb -ggdb -O2 -fomit-frame-pointer -fal"
 2043      6F726B20 
 2043      2D6D7468 
 2043      756D6220 
 2043      2D676764 
 2044 03e9 69676E2D 		.ascii	"ign-functions=16 -ffunction-sections -fdata-section"
 2044      66756E63 
 2044      74696F6E 
 2044      733D3136 
 2044      202D6666 
 2045 041c 73202D66 		.ascii	"s -fno-common\000"
 2045      6E6F2D63 
 2045      6F6D6D6F 
 2045      6E00
 2046              	.LASF80:
 2047 042a 6D5F6E65 		.ascii	"m_next\000"
 2047      787400
 2048              	.LASF23:
 2049 0431 73797374 		.ascii	"systime_t\000"
 2049      696D655F 
ARM GAS  /tmp/ccnZTN8D.s 			page 40


 2049      7400
 2050              	.LASF42:
 2051 043b 705F7265 		.ascii	"p_realprio\000"
 2051      616C7072 
 2051      696F00
 2052              	.LASF6:
 2053 0446 5F5F696E 		.ascii	"__int32_t\000"
 2053      7433325F 
 2053      7400
 2054              	.LASF36:
 2055 0450 705F7469 		.ascii	"p_time\000"
 2055      6D6500
 2056              	.LASF58:
 2057 0457 53485052 		.ascii	"SHPR\000"
 2057      00
 2058              	.LASF50:
 2059 045c 696E7463 		.ascii	"intctx\000"
 2059      747800
 2060              	.LASF38:
 2061 0463 705F6D73 		.ascii	"p_msgqueue\000"
 2061      67717565 
 2061      756500
 2062              	.LASF34:
 2063 046e 705F7265 		.ascii	"p_refs\000"
 2063      667300
 2064              	.LASF76:
 2065 0475 52656164 		.ascii	"ReadyList\000"
 2065      794C6973 
 2065      7400
 2066              	.LASF66:
 2067 047f 4D4D4652 		.ascii	"MMFR\000"
 2067      00
 2068              	.LASF98:
 2069 0484 726C6973 		.ascii	"rlist\000"
 2069      7400
 2070              	.LASF12:
 2071 048a 75696E74 		.ascii	"uint8_t\000"
 2071      385F7400 
 2072              	.LASF89:
 2073 0492 5F706F72 		.ascii	"_port_init\000"
 2073      745F696E 
 2073      697400
 2074              	.LASF83:
 2075 049d 77746F62 		.ascii	"wtobjp\000"
 2075      6A7000
 2076              	.LASF31:
 2077 04a4 705F6E61 		.ascii	"p_name\000"
 2077      6D6500
 2078              	.LASF68:
 2079 04ab 43504143 		.ascii	"CPACR\000"
 2079      5200
 2080              	.LASF61:
 2081 04b1 48465352 		.ascii	"HFSR\000"
 2081      00
 2082              	.LASF79:
 2083 04b6 6D5F6F77 		.ascii	"m_owner\000"
 2083      6E657200 
ARM GAS  /tmp/ccnZTN8D.s 			page 41


 2084              	.LASF28:
 2085 04be 705F6374 		.ascii	"p_ctx\000"
 2085      7800
 2086              	.LASF37:
 2087 04c4 705F7761 		.ascii	"p_waiting\000"
 2087      6974696E 
 2087      6700
 2088              		.ident	"GCC: (GNU Tools for ARM Embedded Processors) 4.8.4 20140526 (release) [ARM/embedded-4_8-br
ARM GAS  /tmp/ccnZTN8D.s 			page 42


DEFINED SYMBOLS
                            *ABS*:00000000 chcore_v7m.c
     /tmp/ccnZTN8D.s:19     .text._port_switch_from_isr:00000000 $t
     /tmp/ccnZTN8D.s:25     .text._port_switch_from_isr:00000000 _port_switch_from_isr
     /tmp/ccnZTN8D.s:38     .text._port_switch_from_isr:00000004 _port_exit_from_isr
     /tmp/ccnZTN8D.s:50     .text.SVCallVector:00000000 $t
     /tmp/ccnZTN8D.s:56     .text.SVCallVector:00000000 SVCallVector
     /tmp/ccnZTN8D.s:91     .text._port_init:00000000 $t
     /tmp/ccnZTN8D.s:97     .text._port_init:00000000 _port_init
     /tmp/ccnZTN8D.s:138    .text._port_init:00000028 $d
     /tmp/ccnZTN8D.s:144    .text._port_irq_epilogue:00000000 $t
     /tmp/ccnZTN8D.s:150    .text._port_irq_epilogue:00000000 _port_irq_epilogue
     /tmp/ccnZTN8D.s:237    .text._port_irq_epilogue:00000060 $d
     /tmp/ccnZTN8D.s:246    .text.SysTickVector:00000000 $t
     /tmp/ccnZTN8D.s:252    .text.SysTickVector:00000000 SysTickVector
     /tmp/ccnZTN8D.s:290    .text._port_switch:00000000 $t
     /tmp/ccnZTN8D.s:296    .text._port_switch:00000000 _port_switch
     /tmp/ccnZTN8D.s:323    .text._port_thread_start:00000000 $t
     /tmp/ccnZTN8D.s:329    .text._port_thread_start:00000000 _port_thread_start
                     .debug_frame:00000010 $d

UNDEFINED SYMBOLS
chSchDoReschedule
nvicSetSystemHandlerPriority
rlist
chSysTimerHandlerI
chThdExit
