ARM GAS  /tmp/ccFK1VLT.s 			page 1


   1              		.syntax unified
   2              		.cpu cortex-m4
   3              		.fpu softvfp
   4              		.eabi_attribute 20, 1
   5              		.eabi_attribute 21, 1
   6              		.eabi_attribute 23, 3
   7              		.eabi_attribute 24, 1
   8              		.eabi_attribute 25, 1
   9              		.eabi_attribute 26, 1
  10              		.eabi_attribute 30, 2
  11              		.eabi_attribute 34, 1
  12              		.eabi_attribute 18, 4
  13              		.thumb
  14              		.file	"chdynamic.c"
  15              		.text
  16              	.Ltext0:
  17              		.cfi_sections	.debug_frame
  18              		.section	.text.chThdAddRef,"ax",%progbits
  19              		.align	2
  20              		.p2align 4,,15
  21              		.global	chThdAddRef
  22              		.thumb
  23              		.thumb_func
  24              		.type	chThdAddRef, %function
  25              	chThdAddRef:
  26              	.LFB7:
  27              		.file 1 "/home/marco/SoftwareProjects/st-usb/f9xx/firmware/ext/ChibiOS-RT/os/kernel/src/chdynamic.
  28              		.loc 1 52 0
  29              		.cfi_startproc
  30              		@ args = 0, pretend = 0, frame = 0
  31              		@ frame_needed = 0, uses_anonymous_args = 0
  32              		@ link register save eliminated.
  33              	.LVL0:
  34              	.LBB2:
  35              		.loc 1 54 0
  36 0000 2023     		movs	r3, #32
  37              	@ 54 "/home/marco/SoftwareProjects/st-usb/f9xx/firmware/ext/ChibiOS-RT/os/kernel/src/chdynamic.c" 1
  38 0002 83F31188 		msr     BASEPRI, r3
  39              	@ 0 "" 2
  40              		.thumb
  41              	.LBE2:
  42              		.loc 1 56 0
  43 0006 837F     		ldrb	r3, [r0, #30]	@ zero_extendqisi2
  44 0008 0133     		adds	r3, r3, #1
  45 000a 8377     		strb	r3, [r0, #30]
  46              	.LBB3:
  47              		.loc 1 57 0
  48 000c 0023     		movs	r3, #0
  49              	@ 57 "/home/marco/SoftwareProjects/st-usb/f9xx/firmware/ext/ChibiOS-RT/os/kernel/src/chdynamic.c" 1
  50 000e 83F31188 		msr     BASEPRI, r3
  51              	@ 0 "" 2
  52              		.thumb
  53              	.LBE3:
  54              		.loc 1 59 0
  55 0012 7047     		bx	lr
  56              		.cfi_endproc
  57              	.LFE7:
ARM GAS  /tmp/ccFK1VLT.s 			page 2


  58              		.size	chThdAddRef, .-chThdAddRef
  59 0014 AFF30080 		.section	.text.chThdRelease,"ax",%progbits
  59      AFF30080 
  59      AFF30080 
  60              		.align	2
  61              		.p2align 4,,15
  62              		.global	chThdRelease
  63              		.thumb
  64              		.thumb_func
  65              		.type	chThdRelease, %function
  66              	chThdRelease:
  67              	.LFB8:
  68              		.loc 1 74 0
  69              		.cfi_startproc
  70              		@ args = 0, pretend = 0, frame = 0
  71              		@ frame_needed = 0, uses_anonymous_args = 0
  72              		@ link register save eliminated.
  73              	.LVL1:
  74              		.loc 1 74 0
  75 0000 0146     		mov	r1, r0
  76              	.LBB4:
  77              		.loc 1 77 0
  78 0002 2023     		movs	r3, #32
  79              	@ 77 "/home/marco/SoftwareProjects/st-usb/f9xx/firmware/ext/ChibiOS-RT/os/kernel/src/chdynamic.c" 1
  80 0004 83F31188 		msr     BASEPRI, r3
  81              	@ 0 "" 2
  82              		.thumb
  83              	.LBE4:
  84              		.loc 1 79 0
  85 0008 827F     		ldrb	r2, [r0, #30]	@ zero_extendqisi2
  86 000a 013A     		subs	r2, r2, #1
  87 000c D2B2     		uxtb	r2, r2
  88 000e 8277     		strb	r2, [r0, #30]
  89              	.LVL2:
  90              	.LBB5:
  91              		.loc 1 80 0
  92 0010 0023     		movs	r3, #0
  93              	@ 80 "/home/marco/SoftwareProjects/st-usb/f9xx/firmware/ext/ChibiOS-RT/os/kernel/src/chdynamic.c" 1
  94 0012 83F31188 		msr     BASEPRI, r3
  95              	@ 0 "" 2
  96              		.thumb
  97              	.LBE5:
  98              		.loc 1 85 0
  99 0016 12B9     		cbnz	r2, .L2
 100              		.loc 1 85 0 is_stmt 0 discriminator 1
 101 0018 037F     		ldrb	r3, [r0, #28]	@ zero_extendqisi2
 102 001a 0E2B     		cmp	r3, #14
 103 001c 00D0     		beq	.L7
 104              	.L2:
 105 001e 7047     		bx	lr
 106              	.L7:
 107              		.loc 1 86 0 is_stmt 1
 108 0020 437F     		ldrb	r3, [r0, #29]	@ zero_extendqisi2
 109 0022 03F00303 		and	r3, r3, #3
 110 0026 012B     		cmp	r3, #1
 111 0028 02D0     		beq	.L4
 112 002a 022B     		cmp	r3, #2
ARM GAS  /tmp/ccFK1VLT.s 			page 3


 113 002c 07D0     		beq	.L5
 114 002e 7047     		bx	lr
 115              	.L4:
 116              		.loc 1 90 0
 117 0030 4369     		ldr	r3, [r0, #20]
 118 0032 0269     		ldr	r2, [r0, #16]
 119              	.LVL3:
 120 0034 1A61     		str	r2, [r3, #16]
 121 0036 0269     		ldr	r2, [r0, #16]
 122 0038 5361     		str	r3, [r2, #20]
 123              		.loc 1 92 0
 124 003a FFF7FEBF 		b	chHeapFree
 125              	.LVL4:
 126              	.L5:
 127              		.loc 1 98 0
 128 003e 4369     		ldr	r3, [r0, #20]
 129 0040 0269     		ldr	r2, [r0, #16]
 130              	.LVL5:
 131 0042 1A61     		str	r2, [r3, #16]
 132 0044 0269     		ldr	r2, [r0, #16]
 133              		.loc 1 100 0
 134 0046 406C     		ldr	r0, [r0, #68]
 135              	.LVL6:
 136              		.loc 1 98 0
 137 0048 5361     		str	r3, [r2, #20]
 138              		.loc 1 100 0
 139 004a FFF7FEBF 		b	chPoolFree
 140              	.LVL7:
 141              		.cfi_endproc
 142              	.LFE8:
 143              		.size	chThdRelease, .-chThdRelease
 144 004e 00BF     		.section	.text.chThdCreateFromHeap,"ax",%progbits
 145              		.align	2
 146              		.p2align 4,,15
 147              		.global	chThdCreateFromHeap
 148              		.thumb
 149              		.thumb_func
 150              		.type	chThdCreateFromHeap, %function
 151              	chThdCreateFromHeap:
 152              	.LFB9:
 153              		.loc 1 131 0
 154              		.cfi_startproc
 155              		@ args = 4, pretend = 0, frame = 0
 156              		@ frame_needed = 0, uses_anonymous_args = 0
 157              	.LVL8:
 158 0000 F0B5     		push	{r4, r5, r6, r7, lr}
 159              		.cfi_def_cfa_offset 20
 160              		.cfi_offset 4, -20
 161              		.cfi_offset 5, -16
 162              		.cfi_offset 6, -12
 163              		.cfi_offset 7, -8
 164              		.cfi_offset 14, -4
 165 0002 83B0     		sub	sp, sp, #12
 166              		.cfi_def_cfa_offset 32
 167              		.loc 1 131 0
 168 0004 1746     		mov	r7, r2
 169 0006 1D46     		mov	r5, r3
ARM GAS  /tmp/ccFK1VLT.s 			page 4


 170 0008 0E46     		mov	r6, r1
 171              		.loc 1 135 0
 172 000a FFF7FEFF 		bl	chHeapAlloc
 173              	.LVL9:
 174              		.loc 1 136 0
 175 000e 98B1     		cbz	r0, .L9
 176              	.LBB6:
 177              		.loc 1 148 0
 178 0010 2023     		movs	r3, #32
 179              	@ 148 "/home/marco/SoftwareProjects/st-usb/f9xx/firmware/ext/ChibiOS-RT/os/kernel/src/chdynamic.c" 
 180 0012 83F31188 		msr     BASEPRI, r3
 181              	@ 0 "" 2
 182              		.thumb
 183              	.LBE6:
 184              		.loc 1 149 0
 185 0016 089B     		ldr	r3, [sp, #32]
 186 0018 0093     		str	r3, [sp]
 187 001a 3146     		mov	r1, r6
 188 001c 3A46     		mov	r2, r7
 189 001e 2B46     		mov	r3, r5
 190 0020 FFF7FEFF 		bl	chThdCreateI
 191              	.LVL10:
 192              		.loc 1 150 0
 193 0024 0123     		movs	r3, #1
 194 0026 4377     		strb	r3, [r0, #29]
 195              		.loc 1 151 0
 196 0028 0021     		movs	r1, #0
 197              		.loc 1 149 0
 198 002a 0446     		mov	r4, r0
 199              	.LVL11:
 200              		.loc 1 151 0
 201 002c FFF7FEFF 		bl	chSchWakeupS
 202              	.LVL12:
 203              	.LBB7:
 204              		.loc 1 152 0
 205 0030 0023     		movs	r3, #0
 206              	@ 152 "/home/marco/SoftwareProjects/st-usb/f9xx/firmware/ext/ChibiOS-RT/os/kernel/src/chdynamic.c" 
 207 0032 83F31188 		msr     BASEPRI, r3
 208              	@ 0 "" 2
 209              		.thumb
 210              	.LBE7:
 211              		.loc 1 153 0
 212 0036 2046     		mov	r0, r4
 213              	.LVL13:
 214              	.L9:
 215              		.loc 1 154 0
 216 0038 03B0     		add	sp, sp, #12
 217              		@ sp needed
 218 003a F0BD     		pop	{r4, r5, r6, r7, pc}
 219              		.cfi_endproc
 220              	.LFE9:
 221              		.size	chThdCreateFromHeap, .-chThdCreateFromHeap
 222 003c AFF30080 		.section	.text.chThdCreateFromMemoryPool,"ax",%progbits
 223              		.align	2
 224              		.p2align 4,,15
 225              		.global	chThdCreateFromMemoryPool
 226              		.thumb
ARM GAS  /tmp/ccFK1VLT.s 			page 5


 227              		.thumb_func
 228              		.type	chThdCreateFromMemoryPool, %function
 229              	chThdCreateFromMemoryPool:
 230              	.LFB10:
 231              		.loc 1 180 0
 232              		.cfi_startproc
 233              		@ args = 0, pretend = 0, frame = 0
 234              		@ frame_needed = 0, uses_anonymous_args = 0
 235              	.LVL14:
 236 0000 2DE9F041 		push	{r4, r5, r6, r7, r8, lr}
 237              		.cfi_def_cfa_offset 24
 238              		.cfi_offset 4, -24
 239              		.cfi_offset 5, -20
 240              		.cfi_offset 6, -16
 241              		.cfi_offset 7, -12
 242              		.cfi_offset 8, -8
 243              		.cfi_offset 14, -4
 244 0004 82B0     		sub	sp, sp, #8
 245              		.cfi_def_cfa_offset 32
 246              		.loc 1 180 0
 247 0006 8846     		mov	r8, r1
 248 0008 1646     		mov	r6, r2
 249 000a 1F46     		mov	r7, r3
 250 000c 0546     		mov	r5, r0
 251              		.loc 1 186 0
 252 000e FFF7FEFF 		bl	chPoolAlloc
 253              	.LVL15:
 254              		.loc 1 187 0
 255 0012 98B1     		cbz	r0, .L12
 256              	.LBB8:
 257              		.loc 1 199 0
 258 0014 2023     		movs	r3, #32
 259              	@ 199 "/home/marco/SoftwareProjects/st-usb/f9xx/firmware/ext/ChibiOS-RT/os/kernel/src/chdynamic.c" 
 260 0016 83F31188 		msr     BASEPRI, r3
 261              	@ 0 "" 2
 262              		.thumb
 263              	.LBE8:
 264              		.loc 1 200 0
 265 001a 6968     		ldr	r1, [r5, #4]
 266 001c 0097     		str	r7, [sp]
 267 001e 4246     		mov	r2, r8
 268 0020 3346     		mov	r3, r6
 269 0022 FFF7FEFF 		bl	chThdCreateI
 270              	.LVL16:
 271              		.loc 1 201 0
 272 0026 0223     		movs	r3, #2
 273 0028 4377     		strb	r3, [r0, #29]
 274              		.loc 1 202 0
 275 002a 4564     		str	r5, [r0, #68]
 276              		.loc 1 203 0
 277 002c 0021     		movs	r1, #0
 278              		.loc 1 200 0
 279 002e 0446     		mov	r4, r0
 280              	.LVL17:
 281              		.loc 1 203 0
 282 0030 FFF7FEFF 		bl	chSchWakeupS
 283              	.LVL18:
ARM GAS  /tmp/ccFK1VLT.s 			page 6


 284              	.LBB9:
 285              		.loc 1 204 0
 286 0034 0023     		movs	r3, #0
 287              	@ 204 "/home/marco/SoftwareProjects/st-usb/f9xx/firmware/ext/ChibiOS-RT/os/kernel/src/chdynamic.c" 
 288 0036 83F31188 		msr     BASEPRI, r3
 289              	@ 0 "" 2
 290              		.thumb
 291              	.LBE9:
 292              		.loc 1 205 0
 293 003a 2046     		mov	r0, r4
 294              	.LVL19:
 295              	.L12:
 296              		.loc 1 206 0
 297 003c 02B0     		add	sp, sp, #8
 298              		@ sp needed
 299 003e BDE8F081 		pop	{r4, r5, r6, r7, r8, pc}
 300              		.cfi_endproc
 301              	.LFE10:
 302              		.size	chThdCreateFromMemoryPool, .-chThdCreateFromMemoryPool
 303 0042 00BFAFF3 		.text
 303      0080AFF3 
 303      0080AFF3 
 303      0080
 304              	.Letext0:
 305              		.file 2 "/home/marco/SoftwareProjects/st-usb/tools/gcc-arm-none-eabi-4_8-2014q2/lib/gcc/arm-none-e
 306              		.file 3 "/home/marco/SoftwareProjects/st-usb/tools/gcc-arm-none-eabi-4_8-2014q2/arm-none-eabi/incl
 307              		.file 4 "/home/marco/SoftwareProjects/st-usb/tools/gcc-arm-none-eabi-4_8-2014q2/arm-none-eabi/incl
 308              		.file 5 "/home/marco/SoftwareProjects/st-usb/f9xx/firmware/ext/ChibiOS-RT/os/ports/GCC/ARMCMx/chty
 309              		.file 6 "/home/marco/SoftwareProjects/st-usb/f9xx/firmware/ext/ChibiOS-RT/os/kernel/include/chlist
 310              		.file 7 "/home/marco/SoftwareProjects/st-usb/f9xx/firmware/ext/ChibiOS-RT/os/kernel/include/chthre
 311              		.file 8 "/home/marco/SoftwareProjects/st-usb/f9xx/firmware/ext/ChibiOS-RT/os/ports/GCC/ARMCMx/chco
 312              		.file 9 "/home/marco/SoftwareProjects/st-usb/f9xx/firmware/ext/ChibiOS-RT/os/kernel/include/chmtx.
 313              		.file 10 "/home/marco/SoftwareProjects/st-usb/f9xx/firmware/ext/ChibiOS-RT/os/kernel/include/chmem
 314              		.file 11 "/home/marco/SoftwareProjects/st-usb/f9xx/firmware/ext/ChibiOS-RT/os/kernel/include/chhea
 315              		.file 12 "/home/marco/SoftwareProjects/st-usb/f9xx/firmware/ext/ChibiOS-RT/os/kernel/include/chmem
 316              		.file 13 "/home/marco/SoftwareProjects/st-usb/f9xx/firmware/ext/ChibiOS-RT/os/kernel/include/chsch
 317              		.section	.debug_info,"",%progbits
 318              	.Ldebug_info0:
 319 0000 84080000 		.4byte	0x884
 320 0004 0400     		.2byte	0x4
 321 0006 00000000 		.4byte	.Ldebug_abbrev0
 322 000a 04       		.byte	0x4
 323 000b 01       		.uleb128 0x1
 324 000c 3E030000 		.4byte	.LASF92
 325 0010 01       		.byte	0x1
 326 0011 CA010000 		.4byte	.LASF93
 327 0015 00000000 		.4byte	.Ldebug_ranges0+0
 328 0019 00000000 		.4byte	0
 329 001d 00000000 		.4byte	.Ldebug_line0
 330 0021 02       		.uleb128 0x2
 331 0022 04       		.byte	0x4
 332 0023 05       		.byte	0x5
 333 0024 696E7400 		.ascii	"int\000"
 334 0028 03       		.uleb128 0x3
 335 0029 0E000000 		.4byte	.LASF2
 336 002d 02       		.byte	0x2
 337 002e D4       		.byte	0xd4
ARM GAS  /tmp/ccFK1VLT.s 			page 7


 338 002f 33000000 		.4byte	0x33
 339 0033 04       		.uleb128 0x4
 340 0034 04       		.byte	0x4
 341 0035 07       		.byte	0x7
 342 0036 48010000 		.4byte	.LASF0
 343 003a 04       		.uleb128 0x4
 344 003b 01       		.byte	0x1
 345 003c 06       		.byte	0x6
 346 003d 8E000000 		.4byte	.LASF1
 347 0041 03       		.uleb128 0x3
 348 0042 25000000 		.4byte	.LASF3
 349 0046 03       		.byte	0x3
 350 0047 1C       		.byte	0x1c
 351 0048 4C000000 		.4byte	0x4c
 352 004c 04       		.uleb128 0x4
 353 004d 01       		.byte	0x1
 354 004e 08       		.byte	0x8
 355 004f 9F020000 		.4byte	.LASF4
 356 0053 04       		.uleb128 0x4
 357 0054 02       		.byte	0x2
 358 0055 05       		.byte	0x5
 359 0056 C2020000 		.4byte	.LASF5
 360 005a 04       		.uleb128 0x4
 361 005b 02       		.byte	0x2
 362 005c 07       		.byte	0x7
 363 005d 74010000 		.4byte	.LASF6
 364 0061 03       		.uleb128 0x3
 365 0062 34040000 		.4byte	.LASF7
 366 0066 03       		.byte	0x3
 367 0067 37       		.byte	0x37
 368 0068 6C000000 		.4byte	0x6c
 369 006c 04       		.uleb128 0x4
 370 006d 04       		.byte	0x4
 371 006e 05       		.byte	0x5
 372 006f D2000000 		.4byte	.LASF8
 373 0073 03       		.uleb128 0x3
 374 0074 22010000 		.4byte	.LASF9
 375 0078 03       		.byte	0x3
 376 0079 38       		.byte	0x38
 377 007a 7E000000 		.4byte	0x7e
 378 007e 04       		.uleb128 0x4
 379 007f 04       		.byte	0x4
 380 0080 07       		.byte	0x7
 381 0081 55010000 		.4byte	.LASF10
 382 0085 04       		.uleb128 0x4
 383 0086 08       		.byte	0x8
 384 0087 05       		.byte	0x5
 385 0088 80000000 		.4byte	.LASF11
 386 008c 03       		.uleb128 0x3
 387 008d 62020000 		.4byte	.LASF12
 388 0091 03       		.byte	0x3
 389 0092 4E       		.byte	0x4e
 390 0093 97000000 		.4byte	0x97
 391 0097 04       		.uleb128 0x4
 392 0098 08       		.byte	0x8
 393 0099 07       		.byte	0x7
 394 009a 47000000 		.4byte	.LASF13
ARM GAS  /tmp/ccFK1VLT.s 			page 8


 395 009e 03       		.uleb128 0x3
 396 009f 77040000 		.4byte	.LASF14
 397 00a3 04       		.byte	0x4
 398 00a4 2A       		.byte	0x2a
 399 00a5 41000000 		.4byte	0x41
 400 00a9 03       		.uleb128 0x3
 401 00aa 97020000 		.4byte	.LASF15
 402 00ae 04       		.byte	0x4
 403 00af 41       		.byte	0x41
 404 00b0 61000000 		.4byte	0x61
 405 00b4 03       		.uleb128 0x3
 406 00b5 2B030000 		.4byte	.LASF16
 407 00b9 04       		.byte	0x4
 408 00ba 42       		.byte	0x42
 409 00bb 73000000 		.4byte	0x73
 410 00bf 03       		.uleb128 0x3
 411 00c0 1C000000 		.4byte	.LASF17
 412 00c4 04       		.byte	0x4
 413 00c5 4E       		.byte	0x4e
 414 00c6 8C000000 		.4byte	0x8c
 415 00ca 04       		.uleb128 0x4
 416 00cb 01       		.byte	0x1
 417 00cc 02       		.byte	0x2
 418 00cd 91020000 		.4byte	.LASF18
 419 00d1 03       		.uleb128 0x3
 420 00d2 8D010000 		.4byte	.LASF19
 421 00d6 05       		.byte	0x5
 422 00d7 2C       		.byte	0x2c
 423 00d8 9E000000 		.4byte	0x9e
 424 00dc 03       		.uleb128 0x3
 425 00dd EF000000 		.4byte	.LASF20
 426 00e1 05       		.byte	0x5
 427 00e2 2D       		.byte	0x2d
 428 00e3 9E000000 		.4byte	0x9e
 429 00e7 03       		.uleb128 0x3
 430 00e8 75020000 		.4byte	.LASF21
 431 00ec 05       		.byte	0x5
 432 00ed 2E       		.byte	0x2e
 433 00ee 9E000000 		.4byte	0x9e
 434 00f2 03       		.uleb128 0x3
 435 00f3 BB000000 		.4byte	.LASF22
 436 00f7 05       		.byte	0x5
 437 00f8 2F       		.byte	0x2f
 438 00f9 9E000000 		.4byte	0x9e
 439 00fd 03       		.uleb128 0x3
 440 00fe 89020000 		.4byte	.LASF23
 441 0102 05       		.byte	0x5
 442 0103 30       		.byte	0x30
 443 0104 B4000000 		.4byte	0xb4
 444 0108 03       		.uleb128 0x3
 445 0109 87010000 		.4byte	.LASF24
 446 010d 05       		.byte	0x5
 447 010e 31       		.byte	0x31
 448 010f A9000000 		.4byte	0xa9
 449 0113 03       		.uleb128 0x3
 450 0114 A1010000 		.4byte	.LASF25
 451 0118 05       		.byte	0x5
ARM GAS  /tmp/ccFK1VLT.s 			page 9


 452 0119 33       		.byte	0x33
 453 011a B4000000 		.4byte	0xb4
 454 011e 03       		.uleb128 0x3
 455 011f 1F040000 		.4byte	.LASF26
 456 0123 05       		.byte	0x5
 457 0124 35       		.byte	0x35
 458 0125 B4000000 		.4byte	0xb4
 459 0129 03       		.uleb128 0x3
 460 012a 0D030000 		.4byte	.LASF27
 461 012e 06       		.byte	0x6
 462 012f 2A       		.byte	0x2a
 463 0130 34010000 		.4byte	0x134
 464 0134 05       		.uleb128 0x5
 465 0135 0D030000 		.4byte	.LASF27
 466 0139 48       		.byte	0x48
 467 013a 07       		.byte	0x7
 468 013b 5E       		.byte	0x5e
 469 013c 31020000 		.4byte	0x231
 470 0140 06       		.uleb128 0x6
 471 0141 F1020000 		.4byte	.LASF28
 472 0145 07       		.byte	0x7
 473 0146 5F       		.byte	0x5f
 474 0147 52020000 		.4byte	0x252
 475 014b 00       		.byte	0
 476 014c 06       		.uleb128 0x6
 477 014d 82020000 		.4byte	.LASF29
 478 0151 07       		.byte	0x7
 479 0152 61       		.byte	0x61
 480 0153 52020000 		.4byte	0x252
 481 0157 04       		.byte	0x4
 482 0158 06       		.uleb128 0x6
 483 0159 79000000 		.4byte	.LASF30
 484 015d 07       		.byte	0x7
 485 015e 63       		.byte	0x63
 486 015f FD000000 		.4byte	0xfd
 487 0163 08       		.byte	0x8
 488 0164 06       		.uleb128 0x6
 489 0165 AC040000 		.4byte	.LASF31
 490 0169 07       		.byte	0x7
 491 016a 64       		.byte	0x64
 492 016b 17030000 		.4byte	0x317
 493 016f 0C       		.byte	0xc
 494 0170 06       		.uleb128 0x6
 495 0171 00010000 		.4byte	.LASF32
 496 0175 07       		.byte	0x7
 497 0176 66       		.byte	0x66
 498 0177 52020000 		.4byte	0x252
 499 017b 10       		.byte	0x10
 500 017c 06       		.uleb128 0x6
 501 017d 2E020000 		.4byte	.LASF33
 502 0181 07       		.byte	0x7
 503 0182 67       		.byte	0x67
 504 0183 52020000 		.4byte	0x252
 505 0187 14       		.byte	0x14
 506 0188 06       		.uleb128 0x6
 507 0189 9D040000 		.4byte	.LASF34
 508 018d 07       		.byte	0x7
ARM GAS  /tmp/ccFK1VLT.s 			page 10


 509 018e 6E       		.byte	0x6e
 510 018f D9040000 		.4byte	0x4d9
 511 0193 18       		.byte	0x18
 512 0194 06       		.uleb128 0x6
 513 0195 CC020000 		.4byte	.LASF35
 514 0199 07       		.byte	0x7
 515 019a 79       		.byte	0x79
 516 019b DC000000 		.4byte	0xdc
 517 019f 1C       		.byte	0x1c
 518 01a0 06       		.uleb128 0x6
 519 01a1 F8020000 		.4byte	.LASF36
 520 01a5 07       		.byte	0x7
 521 01a6 7D       		.byte	0x7d
 522 01a7 D1000000 		.4byte	0xd1
 523 01ab 1D       		.byte	0x1d
 524 01ac 06       		.uleb128 0x6
 525 01ad 70040000 		.4byte	.LASF37
 526 01b1 07       		.byte	0x7
 527 01b2 82       		.byte	0x82
 528 01b3 E7000000 		.4byte	0xe7
 529 01b7 1E       		.byte	0x1e
 530 01b8 06       		.uleb128 0x6
 531 01b9 D4020000 		.4byte	.LASF38
 532 01bd 07       		.byte	0x7
 533 01be 88       		.byte	0x88
 534 01bf F2000000 		.4byte	0xf2
 535 01c3 1F       		.byte	0x1f
 536 01c4 06       		.uleb128 0x6
 537 01c5 3E040000 		.4byte	.LASF39
 538 01c9 07       		.byte	0x7
 539 01ca 8F       		.byte	0x8f
 540 01cb 3F030000 		.4byte	0x33f
 541 01cf 20       		.byte	0x20
 542 01d0 07       		.uleb128 0x7
 543 01d1 705F7500 		.ascii	"p_u\000"
 544 01d5 07       		.byte	0x7
 545 01d6 B4       		.byte	0xb4
 546 01d7 A4040000 		.4byte	0x4a4
 547 01db 24       		.byte	0x24
 548 01dc 06       		.uleb128 0x6
 549 01dd B2040000 		.4byte	.LASF40
 550 01e1 07       		.byte	0x7
 551 01e2 B9       		.byte	0xb9
 552 01e3 78020000 		.4byte	0x278
 553 01e7 28       		.byte	0x28
 554 01e8 06       		.uleb128 0x6
 555 01e9 4C040000 		.4byte	.LASF41
 556 01ed 07       		.byte	0x7
 557 01ee BF       		.byte	0xbf
 558 01ef 58020000 		.4byte	0x258
 559 01f3 2C       		.byte	0x2c
 560 01f4 06       		.uleb128 0x6
 561 01f5 08000000 		.4byte	.LASF42
 562 01f9 07       		.byte	0x7
 563 01fa C3       		.byte	0xc3
 564 01fb 08010000 		.4byte	0x108
 565 01ff 34       		.byte	0x34
ARM GAS  /tmp/ccFK1VLT.s 			page 11


 566 0200 06       		.uleb128 0x6
 567 0201 20030000 		.4byte	.LASF43
 568 0205 07       		.byte	0x7
 569 0206 C9       		.byte	0xc9
 570 0207 13010000 		.4byte	0x113
 571 020b 38       		.byte	0x38
 572 020c 06       		.uleb128 0x6
 573 020d B8020000 		.4byte	.LASF44
 574 0211 07       		.byte	0x7
 575 0212 D0       		.byte	0xd0
 576 0213 EB040000 		.4byte	0x4eb
 577 0217 3C       		.byte	0x3c
 578 0218 06       		.uleb128 0x6
 579 0219 29040000 		.4byte	.LASF45
 580 021d 07       		.byte	0x7
 581 021e D4       		.byte	0xd4
 582 021f FD000000 		.4byte	0xfd
 583 0223 40       		.byte	0x40
 584 0224 06       		.uleb128 0x6
 585 0225 A0000000 		.4byte	.LASF46
 586 0229 07       		.byte	0x7
 587 022a DA       		.byte	0xda
 588 022b 8E020000 		.4byte	0x28e
 589 022f 44       		.byte	0x44
 590 0230 00       		.byte	0
 591 0231 08       		.uleb128 0x8
 592 0232 08       		.byte	0x8
 593 0233 06       		.byte	0x6
 594 0234 61       		.byte	0x61
 595 0235 52020000 		.4byte	0x252
 596 0239 06       		.uleb128 0x6
 597 023a F1020000 		.4byte	.LASF28
 598 023e 06       		.byte	0x6
 599 023f 62       		.byte	0x62
 600 0240 52020000 		.4byte	0x252
 601 0244 00       		.byte	0
 602 0245 06       		.uleb128 0x6
 603 0246 82020000 		.4byte	.LASF29
 604 024a 06       		.byte	0x6
 605 024b 64       		.byte	0x64
 606 024c 52020000 		.4byte	0x252
 607 0250 04       		.byte	0x4
 608 0251 00       		.byte	0
 609 0252 09       		.uleb128 0x9
 610 0253 04       		.byte	0x4
 611 0254 29010000 		.4byte	0x129
 612 0258 03       		.uleb128 0x3
 613 0259 36020000 		.4byte	.LASF47
 614 025d 06       		.byte	0x6
 615 025e 66       		.byte	0x66
 616 025f 31020000 		.4byte	0x231
 617 0263 08       		.uleb128 0x8
 618 0264 04       		.byte	0x4
 619 0265 06       		.byte	0x6
 620 0266 6B       		.byte	0x6b
 621 0267 78020000 		.4byte	0x278
 622 026b 06       		.uleb128 0x6
ARM GAS  /tmp/ccFK1VLT.s 			page 12


 623 026c F1020000 		.4byte	.LASF28
 624 0270 06       		.byte	0x6
 625 0271 6D       		.byte	0x6d
 626 0272 52020000 		.4byte	0x252
 627 0276 00       		.byte	0
 628 0277 00       		.byte	0
 629 0278 03       		.uleb128 0x3
 630 0279 95010000 		.4byte	.LASF48
 631 027d 06       		.byte	0x6
 632 027e 70       		.byte	0x70
 633 027f 63020000 		.4byte	0x263
 634 0283 03       		.uleb128 0x3
 635 0284 39010000 		.4byte	.LASF49
 636 0288 08       		.byte	0x8
 637 0289 E5       		.byte	0xe5
 638 028a 8E020000 		.4byte	0x28e
 639 028e 0A       		.uleb128 0xa
 640 028f 04       		.byte	0x4
 641 0290 03       		.uleb128 0x3
 642 0291 BF010000 		.4byte	.LASF50
 643 0295 08       		.byte	0x8
 644 0296 EB       		.byte	0xeb
 645 0297 BF000000 		.4byte	0xbf
 646 029b 0B       		.uleb128 0xb
 647 029c 45040000 		.4byte	.LASF51
 648 02a0 24       		.byte	0x24
 649 02a1 08       		.byte	0x8
 650 02a2 0C01     		.2byte	0x10c
 651 02a4 17030000 		.4byte	0x317
 652 02a8 0C       		.uleb128 0xc
 653 02a9 723400   		.ascii	"r4\000"
 654 02ac 08       		.byte	0x8
 655 02ad 1F01     		.2byte	0x11f
 656 02af 83020000 		.4byte	0x283
 657 02b3 00       		.byte	0
 658 02b4 0C       		.uleb128 0xc
 659 02b5 723500   		.ascii	"r5\000"
 660 02b8 08       		.byte	0x8
 661 02b9 2001     		.2byte	0x120
 662 02bb 83020000 		.4byte	0x283
 663 02bf 04       		.byte	0x4
 664 02c0 0C       		.uleb128 0xc
 665 02c1 723600   		.ascii	"r6\000"
 666 02c4 08       		.byte	0x8
 667 02c5 2101     		.2byte	0x121
 668 02c7 83020000 		.4byte	0x283
 669 02cb 08       		.byte	0x8
 670 02cc 0C       		.uleb128 0xc
 671 02cd 723700   		.ascii	"r7\000"
 672 02d0 08       		.byte	0x8
 673 02d1 2201     		.2byte	0x122
 674 02d3 83020000 		.4byte	0x283
 675 02d7 0C       		.byte	0xc
 676 02d8 0C       		.uleb128 0xc
 677 02d9 723800   		.ascii	"r8\000"
 678 02dc 08       		.byte	0x8
 679 02dd 2301     		.2byte	0x123
ARM GAS  /tmp/ccFK1VLT.s 			page 13


 680 02df 83020000 		.4byte	0x283
 681 02e3 10       		.byte	0x10
 682 02e4 0C       		.uleb128 0xc
 683 02e5 723900   		.ascii	"r9\000"
 684 02e8 08       		.byte	0x8
 685 02e9 2401     		.2byte	0x124
 686 02eb 83020000 		.4byte	0x283
 687 02ef 14       		.byte	0x14
 688 02f0 0C       		.uleb128 0xc
 689 02f1 72313000 		.ascii	"r10\000"
 690 02f5 08       		.byte	0x8
 691 02f6 2501     		.2byte	0x125
 692 02f8 83020000 		.4byte	0x283
 693 02fc 18       		.byte	0x18
 694 02fd 0C       		.uleb128 0xc
 695 02fe 72313100 		.ascii	"r11\000"
 696 0302 08       		.byte	0x8
 697 0303 2601     		.2byte	0x126
 698 0305 83020000 		.4byte	0x283
 699 0309 1C       		.byte	0x1c
 700 030a 0C       		.uleb128 0xc
 701 030b 6C7200   		.ascii	"lr\000"
 702 030e 08       		.byte	0x8
 703 030f 2701     		.2byte	0x127
 704 0311 83020000 		.4byte	0x283
 705 0315 20       		.byte	0x20
 706 0316 00       		.byte	0
 707 0317 0B       		.uleb128 0xb
 708 0318 67010000 		.4byte	.LASF52
 709 031c 04       		.byte	0x4
 710 031d 08       		.byte	0x8
 711 031e 3101     		.2byte	0x131
 712 0320 32030000 		.4byte	0x332
 713 0324 0C       		.uleb128 0xc
 714 0325 72313300 		.ascii	"r13\000"
 715 0329 08       		.byte	0x8
 716 032a 3201     		.2byte	0x132
 717 032c 32030000 		.4byte	0x332
 718 0330 00       		.byte	0
 719 0331 00       		.byte	0
 720 0332 09       		.uleb128 0x9
 721 0333 04       		.byte	0x4
 722 0334 9B020000 		.4byte	0x29b
 723 0338 04       		.uleb128 0x4
 724 0339 04       		.byte	0x4
 725 033a 07       		.byte	0x7
 726 033b 25020000 		.4byte	.LASF53
 727 033f 0D       		.uleb128 0xd
 728 0340 1E010000 		.4byte	0x11e
 729 0344 05       		.uleb128 0x5
 730 0345 AD010000 		.4byte	.LASF54
 731 0349 10       		.byte	0x10
 732 034a 09       		.byte	0x9
 733 034b 2C       		.byte	0x2c
 734 034c 75030000 		.4byte	0x375
 735 0350 06       		.uleb128 0x6
 736 0351 A8000000 		.4byte	.LASF55
ARM GAS  /tmp/ccFK1VLT.s 			page 14


 737 0355 09       		.byte	0x9
 738 0356 2D       		.byte	0x2d
 739 0357 58020000 		.4byte	0x258
 740 035b 00       		.byte	0
 741 035c 06       		.uleb128 0x6
 742 035d A4040000 		.4byte	.LASF56
 743 0361 09       		.byte	0x9
 744 0362 2F       		.byte	0x2f
 745 0363 52020000 		.4byte	0x252
 746 0367 08       		.byte	0x8
 747 0368 06       		.uleb128 0x6
 748 0369 18040000 		.4byte	.LASF57
 749 036d 09       		.byte	0x9
 750 036e 31       		.byte	0x31
 751 036f 75030000 		.4byte	0x375
 752 0373 0C       		.byte	0xc
 753 0374 00       		.byte	0
 754 0375 09       		.uleb128 0x9
 755 0376 04       		.byte	0x4
 756 0377 44030000 		.4byte	0x344
 757 037b 03       		.uleb128 0x3
 758 037c AD010000 		.4byte	.LASF54
 759 0380 09       		.byte	0x9
 760 0381 33       		.byte	0x33
 761 0382 44030000 		.4byte	0x344
 762 0386 03       		.uleb128 0x3
 763 0387 3A000000 		.4byte	.LASF58
 764 038b 0A       		.byte	0xa
 765 038c 2C       		.byte	0x2c
 766 038d 91030000 		.4byte	0x391
 767 0391 09       		.uleb128 0x9
 768 0392 04       		.byte	0x4
 769 0393 97030000 		.4byte	0x397
 770 0397 0E       		.uleb128 0xe
 771 0398 8E020000 		.4byte	0x28e
 772 039c A6030000 		.4byte	0x3a6
 773 03a0 0F       		.uleb128 0xf
 774 03a1 28000000 		.4byte	0x28
 775 03a5 00       		.byte	0
 776 03a6 03       		.uleb128 0x3
 777 03a7 57020000 		.4byte	.LASF59
 778 03ab 0B       		.byte	0xb
 779 03ac 34       		.byte	0x34
 780 03ad B1030000 		.4byte	0x3b1
 781 03b1 05       		.uleb128 0x5
 782 03b2 BC040000 		.4byte	.LASF60
 783 03b6 20       		.byte	0x20
 784 03b7 0B       		.byte	0xb
 785 03b8 47       		.byte	0x47
 786 03b9 E2030000 		.4byte	0x3e2
 787 03bd 06       		.uleb128 0x6
 788 03be AD020000 		.4byte	.LASF61
 789 03c2 0B       		.byte	0xb
 790 03c3 48       		.byte	0x48
 791 03c4 86030000 		.4byte	0x386
 792 03c8 00       		.byte	0
 793 03c9 06       		.uleb128 0x6
ARM GAS  /tmp/ccFK1VLT.s 			page 15


 794 03ca 67000000 		.4byte	.LASF62
 795 03ce 0B       		.byte	0xb
 796 03cf 4A       		.byte	0x4a
 797 03d0 01040000 		.4byte	0x401
 798 03d4 08       		.byte	0x8
 799 03d5 06       		.uleb128 0x6
 800 03d6 9A000000 		.4byte	.LASF63
 801 03da 0B       		.byte	0xb
 802 03db 4C       		.byte	0x4c
 803 03dc 7B030000 		.4byte	0x37b
 804 03e0 10       		.byte	0x10
 805 03e1 00       		.byte	0
 806 03e2 10       		.uleb128 0x10
 807 03e3 04       		.byte	0x4
 808 03e4 0B       		.byte	0xb
 809 03e5 3C       		.byte	0x3c
 810 03e6 01040000 		.4byte	0x401
 811 03ea 11       		.uleb128 0x11
 812 03eb 74000000 		.4byte	.LASF64
 813 03ef 0B       		.byte	0xb
 814 03f0 3D       		.byte	0x3d
 815 03f1 22040000 		.4byte	0x422
 816 03f5 11       		.uleb128 0x11
 817 03f6 34030000 		.4byte	.LASF65
 818 03fa 0B       		.byte	0xb
 819 03fb 3E       		.byte	0x3e
 820 03fc 28040000 		.4byte	0x428
 821 0400 00       		.byte	0
 822 0401 12       		.uleb128 0x12
 823 0402 DE020000 		.4byte	.LASF94
 824 0406 08       		.byte	0x8
 825 0407 0B       		.byte	0xb
 826 0408 39       		.byte	0x39
 827 0409 22040000 		.4byte	0x422
 828 040d 11       		.uleb128 0x11
 829 040e 42010000 		.4byte	.LASF66
 830 0412 0B       		.byte	0xb
 831 0413 3A       		.byte	0x3a
 832 0414 90020000 		.4byte	0x290
 833 0418 13       		.uleb128 0x13
 834 0419 6800     		.ascii	"h\000"
 835 041b 0B       		.byte	0xb
 836 041c 41       		.byte	0x41
 837 041d 2E040000 		.4byte	0x42e
 838 0421 00       		.byte	0
 839 0422 09       		.uleb128 0x9
 840 0423 04       		.byte	0x4
 841 0424 01040000 		.4byte	0x401
 842 0428 09       		.uleb128 0x9
 843 0429 04       		.byte	0x4
 844 042a A6030000 		.4byte	0x3a6
 845 042e 08       		.uleb128 0x8
 846 042f 08       		.byte	0x8
 847 0430 0B       		.byte	0xb
 848 0431 3B       		.byte	0x3b
 849 0432 4D040000 		.4byte	0x44d
 850 0436 07       		.uleb128 0x7
ARM GAS  /tmp/ccFK1VLT.s 			page 16


 851 0437 7500     		.ascii	"u\000"
 852 0439 0B       		.byte	0xb
 853 043a 3F       		.byte	0x3f
 854 043b E2030000 		.4byte	0x3e2
 855 043f 00       		.byte	0
 856 0440 06       		.uleb128 0x6
 857 0441 6F010000 		.4byte	.LASF67
 858 0445 0B       		.byte	0xb
 859 0446 40       		.byte	0x40
 860 0447 28000000 		.4byte	0x28
 861 044b 04       		.byte	0x4
 862 044c 00       		.byte	0
 863 044d 05       		.uleb128 0x5
 864 044e 64040000 		.4byte	.LASF68
 865 0452 04       		.byte	0x4
 866 0453 0C       		.byte	0xc
 867 0454 2C       		.byte	0x2c
 868 0455 66040000 		.4byte	0x466
 869 0459 06       		.uleb128 0x6
 870 045a 6D020000 		.4byte	.LASF69
 871 045e 0C       		.byte	0xc
 872 045f 2D       		.byte	0x2d
 873 0460 66040000 		.4byte	0x466
 874 0464 00       		.byte	0
 875 0465 00       		.byte	0
 876 0466 09       		.uleb128 0x9
 877 0467 04       		.byte	0x4
 878 0468 4D040000 		.4byte	0x44d
 879 046c 08       		.uleb128 0x8
 880 046d 0C       		.byte	0xc
 881 046e 0C       		.byte	0xc
 882 046f 34       		.byte	0x34
 883 0470 99040000 		.4byte	0x499
 884 0474 06       		.uleb128 0x6
 885 0475 F8000000 		.4byte	.LASF70
 886 0479 0C       		.byte	0xc
 887 047a 35       		.byte	0x35
 888 047b 66040000 		.4byte	0x466
 889 047f 00       		.byte	0
 890 0480 06       		.uleb128 0x6
 891 0481 43020000 		.4byte	.LASF71
 892 0485 0C       		.byte	0xc
 893 0486 36       		.byte	0x36
 894 0487 28000000 		.4byte	0x28
 895 048b 04       		.byte	0x4
 896 048c 06       		.uleb128 0x6
 897 048d 2D010000 		.4byte	.LASF72
 898 0491 0C       		.byte	0xc
 899 0492 38       		.byte	0x38
 900 0493 86030000 		.4byte	0x386
 901 0497 08       		.byte	0x8
 902 0498 00       		.byte	0
 903 0499 03       		.uleb128 0x3
 904 049a 2F000000 		.4byte	.LASF73
 905 049e 0C       		.byte	0xc
 906 049f 3A       		.byte	0x3a
 907 04a0 6C040000 		.4byte	0x46c
ARM GAS  /tmp/ccFK1VLT.s 			page 17


 908 04a4 10       		.uleb128 0x10
 909 04a5 04       		.byte	0x4
 910 04a6 07       		.byte	0x7
 911 04a7 96       		.byte	0x96
 912 04a8 D9040000 		.4byte	0x4d9
 913 04ac 11       		.uleb128 0x11
 914 04ad 15000000 		.4byte	.LASF74
 915 04b1 07       		.byte	0x7
 916 04b2 9D       		.byte	0x9d
 917 04b3 08010000 		.4byte	0x108
 918 04b7 11       		.uleb128 0x11
 919 04b8 5E000000 		.4byte	.LASF75
 920 04bc 07       		.byte	0x7
 921 04bd A4       		.byte	0xa4
 922 04be 08010000 		.4byte	0x108
 923 04c2 11       		.uleb128 0x11
 924 04c3 96040000 		.4byte	.LASF76
 925 04c7 07       		.byte	0x7
 926 04c8 AB       		.byte	0xab
 927 04c9 8E020000 		.4byte	0x28e
 928 04cd 11       		.uleb128 0x11
 929 04ce EA020000 		.4byte	.LASF77
 930 04d2 07       		.byte	0x7
 931 04d3 B2       		.byte	0xb2
 932 04d4 13010000 		.4byte	0x113
 933 04d8 00       		.byte	0
 934 04d9 09       		.uleb128 0x9
 935 04da 04       		.byte	0x4
 936 04db DF040000 		.4byte	0x4df
 937 04df 14       		.uleb128 0x14
 938 04e0 E4040000 		.4byte	0x4e4
 939 04e4 04       		.uleb128 0x4
 940 04e5 01       		.byte	0x1
 941 04e6 08       		.byte	0x8
 942 04e7 39030000 		.4byte	.LASF78
 943 04eb 09       		.uleb128 0x9
 944 04ec 04       		.byte	0x4
 945 04ed 7B030000 		.4byte	0x37b
 946 04f1 03       		.uleb128 0x3
 947 04f2 00000000 		.4byte	.LASF79
 948 04f6 07       		.byte	0x7
 949 04f7 E5       		.byte	0xe5
 950 04f8 FC040000 		.4byte	0x4fc
 951 04fc 09       		.uleb128 0x9
 952 04fd 04       		.byte	0x4
 953 04fe 02050000 		.4byte	0x502
 954 0502 0E       		.uleb128 0xe
 955 0503 08010000 		.4byte	0x108
 956 0507 11050000 		.4byte	0x511
 957 050b 0F       		.uleb128 0xf
 958 050c 8E020000 		.4byte	0x28e
 959 0510 00       		.byte	0
 960 0511 15       		.uleb128 0x15
 961 0512 B3010000 		.4byte	.LASF81
 962 0516 01       		.byte	0x1
 963 0517 34       		.byte	0x34
 964 0518 52020000 		.4byte	0x252
ARM GAS  /tmp/ccFK1VLT.s 			page 18


 965 051c 00000000 		.4byte	.LFB7
 966 0520 14000000 		.4byte	.LFE7-.LFB7
 967 0524 01       		.uleb128 0x1
 968 0525 9C       		.byte	0x9c
 969 0526 69050000 		.4byte	0x569
 970 052a 16       		.uleb128 0x16
 971 052b 747000   		.ascii	"tp\000"
 972 052e 01       		.byte	0x1
 973 052f 34       		.byte	0x34
 974 0530 52020000 		.4byte	0x252
 975 0534 01       		.uleb128 0x1
 976 0535 50       		.byte	0x50
 977 0536 17       		.uleb128 0x17
 978 0537 00000000 		.4byte	.LBB2
 979 053b 06000000 		.4byte	.LBE2-.LBB2
 980 053f 51050000 		.4byte	0x551
 981 0543 18       		.uleb128 0x18
 982 0544 746D7000 		.ascii	"tmp\000"
 983 0548 01       		.byte	0x1
 984 0549 36       		.byte	0x36
 985 054a B4000000 		.4byte	0xb4
 986 054e 01       		.uleb128 0x1
 987 054f 53       		.byte	0x53
 988 0550 00       		.byte	0
 989 0551 19       		.uleb128 0x19
 990 0552 0C000000 		.4byte	.LBB3
 991 0556 06000000 		.4byte	.LBE3-.LBB3
 992 055a 18       		.uleb128 0x18
 993 055b 746D7000 		.ascii	"tmp\000"
 994 055f 01       		.byte	0x1
 995 0560 39       		.byte	0x39
 996 0561 B4000000 		.4byte	0xb4
 997 0565 01       		.uleb128 0x1
 998 0566 53       		.byte	0x53
 999 0567 00       		.byte	0
 1000 0568 00       		.byte	0
 1001 0569 1A       		.uleb128 0x1a
 1002 056a 00030000 		.4byte	.LASF95
 1003 056e 01       		.byte	0x1
 1004 056f 4A       		.byte	0x4a
 1005 0570 00000000 		.4byte	.LFB8
 1006 0574 4E000000 		.4byte	.LFE8-.LFB8
 1007 0578 01       		.uleb128 0x1
 1008 0579 9C       		.byte	0x9c
 1009 057a F0050000 		.4byte	0x5f0
 1010 057e 1B       		.uleb128 0x1b
 1011 057f 747000   		.ascii	"tp\000"
 1012 0582 01       		.byte	0x1
 1013 0583 4A       		.byte	0x4a
 1014 0584 52020000 		.4byte	0x252
 1015 0588 00000000 		.4byte	.LLST0
 1016 058c 1C       		.uleb128 0x1c
 1017 058d 7D020000 		.4byte	.LASF80
 1018 0591 01       		.byte	0x1
 1019 0592 4B       		.byte	0x4b
 1020 0593 E7000000 		.4byte	0xe7
 1021 0597 45000000 		.4byte	.LLST1
ARM GAS  /tmp/ccFK1VLT.s 			page 19


 1022 059b 17       		.uleb128 0x17
 1023 059c 02000000 		.4byte	.LBB4
 1024 05a0 06000000 		.4byte	.LBE4-.LBB4
 1025 05a4 B6050000 		.4byte	0x5b6
 1026 05a8 18       		.uleb128 0x18
 1027 05a9 746D7000 		.ascii	"tmp\000"
 1028 05ad 01       		.byte	0x1
 1029 05ae 4D       		.byte	0x4d
 1030 05af B4000000 		.4byte	0xb4
 1031 05b3 01       		.uleb128 0x1
 1032 05b4 53       		.byte	0x53
 1033 05b5 00       		.byte	0
 1034 05b6 17       		.uleb128 0x17
 1035 05b7 10000000 		.4byte	.LBB5
 1036 05bb 06000000 		.4byte	.LBE5-.LBB5
 1037 05bf D1050000 		.4byte	0x5d1
 1038 05c3 18       		.uleb128 0x18
 1039 05c4 746D7000 		.ascii	"tmp\000"
 1040 05c8 01       		.byte	0x1
 1041 05c9 50       		.byte	0x50
 1042 05ca B4000000 		.4byte	0xb4
 1043 05ce 01       		.uleb128 0x1
 1044 05cf 53       		.byte	0x53
 1045 05d0 00       		.byte	0
 1046 05d1 1D       		.uleb128 0x1d
 1047 05d2 3E000000 		.4byte	.LVL4
 1048 05d6 F5070000 		.4byte	0x7f5
 1049 05da E6050000 		.4byte	0x5e6
 1050 05de 1E       		.uleb128 0x1e
 1051 05df 01       		.uleb128 0x1
 1052 05e0 50       		.byte	0x50
 1053 05e1 03       		.uleb128 0x3
 1054 05e2 F3       		.byte	0xf3
 1055 05e3 01       		.uleb128 0x1
 1056 05e4 50       		.byte	0x50
 1057 05e5 00       		.byte	0
 1058 05e6 1F       		.uleb128 0x1f
 1059 05e7 4E000000 		.4byte	.LVL7
 1060 05eb 06080000 		.4byte	0x806
 1061 05ef 00       		.byte	0
 1062 05f0 15       		.uleb128 0x15
 1063 05f1 DB000000 		.4byte	.LASF82
 1064 05f5 01       		.byte	0x1
 1065 05f6 82       		.byte	0x82
 1066 05f7 52020000 		.4byte	0x252
 1067 05fb 00000000 		.4byte	.LFB9
 1068 05ff 3C000000 		.4byte	.LFE9-.LFB9
 1069 0603 01       		.uleb128 0x1
 1070 0604 9C       		.byte	0x9c
 1071 0605 FE060000 		.4byte	0x6fe
 1072 0609 20       		.uleb128 0x20
 1073 060a 6E000000 		.4byte	.LASF83
 1074 060e 01       		.byte	0x1
 1075 060f 82       		.byte	0x82
 1076 0610 28040000 		.4byte	0x428
 1077 0614 63000000 		.4byte	.LLST2
 1078 0618 20       		.uleb128 0x20
ARM GAS  /tmp/ccFK1VLT.s 			page 20


 1079 0619 6F010000 		.4byte	.LASF67
 1080 061d 01       		.byte	0x1
 1081 061e 82       		.byte	0x82
 1082 061f 28000000 		.4byte	0x28
 1083 0623 84000000 		.4byte	.LLST3
 1084 0627 20       		.uleb128 0x20
 1085 0628 52020000 		.4byte	.LASF84
 1086 062c 01       		.byte	0x1
 1087 062d 83       		.byte	0x83
 1088 062e FD000000 		.4byte	0xfd
 1089 0632 A2000000 		.4byte	.LLST4
 1090 0636 1B       		.uleb128 0x1b
 1091 0637 706600   		.ascii	"pf\000"
 1092 063a 01       		.byte	0x1
 1093 063b 83       		.byte	0x83
 1094 063c F1040000 		.4byte	0x4f1
 1095 0640 C0000000 		.4byte	.LLST5
 1096 0644 16       		.uleb128 0x16
 1097 0645 61726700 		.ascii	"arg\000"
 1098 0649 01       		.byte	0x1
 1099 064a 83       		.byte	0x83
 1100 064b 8E020000 		.4byte	0x28e
 1101 064f 02       		.uleb128 0x2
 1102 0650 91       		.byte	0x91
 1103 0651 00       		.sleb128 0
 1104 0652 21       		.uleb128 0x21
 1105 0653 77737000 		.ascii	"wsp\000"
 1106 0657 01       		.byte	0x1
 1107 0658 84       		.byte	0x84
 1108 0659 8E020000 		.4byte	0x28e
 1109 065d DE000000 		.4byte	.LLST6
 1110 0661 21       		.uleb128 0x21
 1111 0662 747000   		.ascii	"tp\000"
 1112 0665 01       		.byte	0x1
 1113 0666 85       		.byte	0x85
 1114 0667 52020000 		.4byte	0x252
 1115 066b F1000000 		.4byte	.LLST7
 1116 066f 17       		.uleb128 0x17
 1117 0670 10000000 		.4byte	.LBB6
 1118 0674 06000000 		.4byte	.LBE6-.LBB6
 1119 0678 8A060000 		.4byte	0x68a
 1120 067c 18       		.uleb128 0x18
 1121 067d 746D7000 		.ascii	"tmp\000"
 1122 0681 01       		.byte	0x1
 1123 0682 94       		.byte	0x94
 1124 0683 B4000000 		.4byte	0xb4
 1125 0687 01       		.uleb128 0x1
 1126 0688 53       		.byte	0x53
 1127 0689 00       		.byte	0
 1128 068a 17       		.uleb128 0x17
 1129 068b 30000000 		.4byte	.LBB7
 1130 068f 06000000 		.4byte	.LBE7-.LBB7
 1131 0693 A5060000 		.4byte	0x6a5
 1132 0697 18       		.uleb128 0x18
 1133 0698 746D7000 		.ascii	"tmp\000"
 1134 069c 01       		.byte	0x1
 1135 069d 98       		.byte	0x98
ARM GAS  /tmp/ccFK1VLT.s 			page 21


 1136 069e B4000000 		.4byte	0xb4
 1137 06a2 01       		.uleb128 0x1
 1138 06a3 53       		.byte	0x53
 1139 06a4 00       		.byte	0
 1140 06a5 22       		.uleb128 0x22
 1141 06a6 0E000000 		.4byte	.LVL9
 1142 06aa 1C080000 		.4byte	0x81c
 1143 06ae C0060000 		.4byte	0x6c0
 1144 06b2 1E       		.uleb128 0x1e
 1145 06b3 01       		.uleb128 0x1
 1146 06b4 51       		.byte	0x51
 1147 06b5 02       		.uleb128 0x2
 1148 06b6 76       		.byte	0x76
 1149 06b7 00       		.sleb128 0
 1150 06b8 1E       		.uleb128 0x1e
 1151 06b9 01       		.uleb128 0x1
 1152 06ba 50       		.byte	0x50
 1153 06bb 03       		.uleb128 0x3
 1154 06bc F3       		.byte	0xf3
 1155 06bd 01       		.uleb128 0x1
 1156 06be 50       		.byte	0x50
 1157 06bf 00       		.byte	0
 1158 06c0 22       		.uleb128 0x22
 1159 06c1 24000000 		.4byte	.LVL10
 1160 06c5 36080000 		.4byte	0x836
 1161 06c9 E8060000 		.4byte	0x6e8
 1162 06cd 1E       		.uleb128 0x1e
 1163 06ce 01       		.uleb128 0x1
 1164 06cf 53       		.byte	0x53
 1165 06d0 02       		.uleb128 0x2
 1166 06d1 75       		.byte	0x75
 1167 06d2 00       		.sleb128 0
 1168 06d3 1E       		.uleb128 0x1e
 1169 06d4 01       		.uleb128 0x1
 1170 06d5 52       		.byte	0x52
 1171 06d6 02       		.uleb128 0x2
 1172 06d7 77       		.byte	0x77
 1173 06d8 00       		.sleb128 0
 1174 06d9 1E       		.uleb128 0x1e
 1175 06da 01       		.uleb128 0x1
 1176 06db 51       		.byte	0x51
 1177 06dc 02       		.uleb128 0x2
 1178 06dd 76       		.byte	0x76
 1179 06de 00       		.sleb128 0
 1180 06df 1E       		.uleb128 0x1e
 1181 06e0 02       		.uleb128 0x2
 1182 06e1 7D       		.byte	0x7d
 1183 06e2 00       		.sleb128 0
 1184 06e3 03       		.uleb128 0x3
 1185 06e4 91       		.byte	0x91
 1186 06e5 00       		.sleb128 0
 1187 06e6 06       		.byte	0x6
 1188 06e7 00       		.byte	0
 1189 06e8 23       		.uleb128 0x23
 1190 06e9 30000000 		.4byte	.LVL12
 1191 06ed 60080000 		.4byte	0x860
 1192 06f1 1E       		.uleb128 0x1e
ARM GAS  /tmp/ccFK1VLT.s 			page 22


 1193 06f2 01       		.uleb128 0x1
 1194 06f3 51       		.byte	0x51
 1195 06f4 01       		.uleb128 0x1
 1196 06f5 30       		.byte	0x30
 1197 06f6 1E       		.uleb128 0x1e
 1198 06f7 01       		.uleb128 0x1
 1199 06f8 50       		.byte	0x50
 1200 06f9 02       		.uleb128 0x2
 1201 06fa 74       		.byte	0x74
 1202 06fb 00       		.sleb128 0
 1203 06fc 00       		.byte	0
 1204 06fd 00       		.byte	0
 1205 06fe 15       		.uleb128 0x15
 1206 06ff 08010000 		.4byte	.LASF85
 1207 0703 01       		.byte	0x1
 1208 0704 B3       		.byte	0xb3
 1209 0705 52020000 		.4byte	0x252
 1210 0709 00000000 		.4byte	.LFB10
 1211 070d 42000000 		.4byte	.LFE10-.LFB10
 1212 0711 01       		.uleb128 0x1
 1213 0712 9C       		.byte	0x9c
 1214 0713 EF070000 		.4byte	0x7ef
 1215 0717 1B       		.uleb128 0x1b
 1216 0718 6D7000   		.ascii	"mp\000"
 1217 071b 01       		.byte	0x1
 1218 071c B3       		.byte	0xb3
 1219 071d EF070000 		.4byte	0x7ef
 1220 0721 0F010000 		.4byte	.LLST8
 1221 0725 20       		.uleb128 0x20
 1222 0726 52020000 		.4byte	.LASF84
 1223 072a 01       		.byte	0x1
 1224 072b B3       		.byte	0xb3
 1225 072c FD000000 		.4byte	0xfd
 1226 0730 2D010000 		.4byte	.LLST9
 1227 0734 1B       		.uleb128 0x1b
 1228 0735 706600   		.ascii	"pf\000"
 1229 0738 01       		.byte	0x1
 1230 0739 B4       		.byte	0xb4
 1231 073a F1040000 		.4byte	0x4f1
 1232 073e 4B010000 		.4byte	.LLST10
 1233 0742 1B       		.uleb128 0x1b
 1234 0743 61726700 		.ascii	"arg\000"
 1235 0747 01       		.byte	0x1
 1236 0748 B4       		.byte	0xb4
 1237 0749 8E020000 		.4byte	0x28e
 1238 074d 69010000 		.4byte	.LLST11
 1239 0751 21       		.uleb128 0x21
 1240 0752 77737000 		.ascii	"wsp\000"
 1241 0756 01       		.byte	0x1
 1242 0757 B5       		.byte	0xb5
 1243 0758 8E020000 		.4byte	0x28e
 1244 075c 87010000 		.4byte	.LLST12
 1245 0760 21       		.uleb128 0x21
 1246 0761 747000   		.ascii	"tp\000"
 1247 0764 01       		.byte	0x1
 1248 0765 B6       		.byte	0xb6
 1249 0766 52020000 		.4byte	0x252
ARM GAS  /tmp/ccFK1VLT.s 			page 23


 1250 076a 9A010000 		.4byte	.LLST13
 1251 076e 17       		.uleb128 0x17
 1252 076f 14000000 		.4byte	.LBB8
 1253 0773 06000000 		.4byte	.LBE8-.LBB8
 1254 0777 89070000 		.4byte	0x789
 1255 077b 18       		.uleb128 0x18
 1256 077c 746D7000 		.ascii	"tmp\000"
 1257 0780 01       		.byte	0x1
 1258 0781 C7       		.byte	0xc7
 1259 0782 B4000000 		.4byte	0xb4
 1260 0786 01       		.uleb128 0x1
 1261 0787 53       		.byte	0x53
 1262 0788 00       		.byte	0
 1263 0789 17       		.uleb128 0x17
 1264 078a 34000000 		.4byte	.LBB9
 1265 078e 06000000 		.4byte	.LBE9-.LBB9
 1266 0792 A4070000 		.4byte	0x7a4
 1267 0796 18       		.uleb128 0x18
 1268 0797 746D7000 		.ascii	"tmp\000"
 1269 079b 01       		.byte	0x1
 1270 079c CC       		.byte	0xcc
 1271 079d B4000000 		.4byte	0xb4
 1272 07a1 01       		.uleb128 0x1
 1273 07a2 53       		.byte	0x53
 1274 07a3 00       		.byte	0
 1275 07a4 22       		.uleb128 0x22
 1276 07a5 12000000 		.4byte	.LVL15
 1277 07a9 76080000 		.4byte	0x876
 1278 07ad B8070000 		.4byte	0x7b8
 1279 07b1 1E       		.uleb128 0x1e
 1280 07b2 01       		.uleb128 0x1
 1281 07b3 50       		.byte	0x50
 1282 07b4 02       		.uleb128 0x2
 1283 07b5 75       		.byte	0x75
 1284 07b6 00       		.sleb128 0
 1285 07b7 00       		.byte	0
 1286 07b8 22       		.uleb128 0x22
 1287 07b9 26000000 		.4byte	.LVL16
 1288 07bd 36080000 		.4byte	0x836
 1289 07c1 D9070000 		.4byte	0x7d9
 1290 07c5 1E       		.uleb128 0x1e
 1291 07c6 01       		.uleb128 0x1
 1292 07c7 53       		.byte	0x53
 1293 07c8 02       		.uleb128 0x2
 1294 07c9 76       		.byte	0x76
 1295 07ca 00       		.sleb128 0
 1296 07cb 1E       		.uleb128 0x1e
 1297 07cc 01       		.uleb128 0x1
 1298 07cd 52       		.byte	0x52
 1299 07ce 02       		.uleb128 0x2
 1300 07cf 78       		.byte	0x78
 1301 07d0 00       		.sleb128 0
 1302 07d1 1E       		.uleb128 0x1e
 1303 07d2 02       		.uleb128 0x2
 1304 07d3 7D       		.byte	0x7d
 1305 07d4 00       		.sleb128 0
 1306 07d5 02       		.uleb128 0x2
ARM GAS  /tmp/ccFK1VLT.s 			page 24


 1307 07d6 77       		.byte	0x77
 1308 07d7 00       		.sleb128 0
 1309 07d8 00       		.byte	0
 1310 07d9 23       		.uleb128 0x23
 1311 07da 34000000 		.4byte	.LVL18
 1312 07de 60080000 		.4byte	0x860
 1313 07e2 1E       		.uleb128 0x1e
 1314 07e3 01       		.uleb128 0x1
 1315 07e4 51       		.byte	0x51
 1316 07e5 01       		.uleb128 0x1
 1317 07e6 30       		.byte	0x30
 1318 07e7 1E       		.uleb128 0x1e
 1319 07e8 01       		.uleb128 0x1
 1320 07e9 50       		.byte	0x50
 1321 07ea 02       		.uleb128 0x2
 1322 07eb 74       		.byte	0x74
 1323 07ec 00       		.sleb128 0
 1324 07ed 00       		.byte	0
 1325 07ee 00       		.byte	0
 1326 07ef 09       		.uleb128 0x9
 1327 07f0 04       		.byte	0x4
 1328 07f1 99040000 		.4byte	0x499
 1329 07f5 24       		.uleb128 0x24
 1330 07f6 B0000000 		.4byte	.LASF86
 1331 07fa 0B       		.byte	0xb
 1332 07fb 5A       		.byte	0x5a
 1333 07fc 06080000 		.4byte	0x806
 1334 0800 0F       		.uleb128 0xf
 1335 0801 8E020000 		.4byte	0x28e
 1336 0805 00       		.byte	0
 1337 0806 24       		.uleb128 0x24
 1338 0807 8B040000 		.4byte	.LASF87
 1339 080b 0C       		.byte	0xc
 1340 080c 84       		.byte	0x84
 1341 080d 1C080000 		.4byte	0x81c
 1342 0811 0F       		.uleb128 0xf
 1343 0812 EF070000 		.4byte	0x7ef
 1344 0816 0F       		.uleb128 0xf
 1345 0817 8E020000 		.4byte	0x28e
 1346 081b 00       		.byte	0
 1347 081c 25       		.uleb128 0x25
 1348 081d 14030000 		.4byte	.LASF88
 1349 0821 0B       		.byte	0xb
 1350 0822 59       		.byte	0x59
 1351 0823 8E020000 		.4byte	0x28e
 1352 0827 36080000 		.4byte	0x836
 1353 082b 0F       		.uleb128 0xf
 1354 082c 28040000 		.4byte	0x428
 1355 0830 0F       		.uleb128 0xf
 1356 0831 28000000 		.4byte	0x28
 1357 0835 00       		.byte	0
 1358 0836 26       		.uleb128 0x26
 1359 0837 C5000000 		.4byte	.LASF89
 1360 083b 07       		.byte	0x7
 1361 083c 6E01     		.2byte	0x16e
 1362 083e 52020000 		.4byte	0x252
 1363 0842 60080000 		.4byte	0x860
ARM GAS  /tmp/ccFK1VLT.s 			page 25


 1364 0846 0F       		.uleb128 0xf
 1365 0847 8E020000 		.4byte	0x28e
 1366 084b 0F       		.uleb128 0xf
 1367 084c 28000000 		.4byte	0x28
 1368 0850 0F       		.uleb128 0xf
 1369 0851 FD000000 		.4byte	0xfd
 1370 0855 0F       		.uleb128 0xf
 1371 0856 F1040000 		.4byte	0x4f1
 1372 085a 0F       		.uleb128 0xf
 1373 085b 8E020000 		.4byte	0x28e
 1374 085f 00       		.byte	0
 1375 0860 24       		.uleb128 0x24
 1376 0861 57040000 		.4byte	.LASF90
 1377 0865 0D       		.byte	0xd
 1378 0866 99       		.byte	0x99
 1379 0867 76080000 		.4byte	0x876
 1380 086b 0F       		.uleb128 0xf
 1381 086c 52020000 		.4byte	0x252
 1382 0870 0F       		.uleb128 0xf
 1383 0871 08010000 		.4byte	0x108
 1384 0875 00       		.byte	0
 1385 0876 27       		.uleb128 0x27
 1386 0877 7F040000 		.4byte	.LASF91
 1387 087b 0C       		.byte	0xc
 1388 087c 82       		.byte	0x82
 1389 087d 8E020000 		.4byte	0x28e
 1390 0881 0F       		.uleb128 0xf
 1391 0882 EF070000 		.4byte	0x7ef
 1392 0886 00       		.byte	0
 1393 0887 00       		.byte	0
 1394              		.section	.debug_abbrev,"",%progbits
 1395              	.Ldebug_abbrev0:
 1396 0000 01       		.uleb128 0x1
 1397 0001 11       		.uleb128 0x11
 1398 0002 01       		.byte	0x1
 1399 0003 25       		.uleb128 0x25
 1400 0004 0E       		.uleb128 0xe
 1401 0005 13       		.uleb128 0x13
 1402 0006 0B       		.uleb128 0xb
 1403 0007 03       		.uleb128 0x3
 1404 0008 0E       		.uleb128 0xe
 1405 0009 55       		.uleb128 0x55
 1406 000a 17       		.uleb128 0x17
 1407 000b 11       		.uleb128 0x11
 1408 000c 01       		.uleb128 0x1
 1409 000d 10       		.uleb128 0x10
 1410 000e 17       		.uleb128 0x17
 1411 000f 00       		.byte	0
 1412 0010 00       		.byte	0
 1413 0011 02       		.uleb128 0x2
 1414 0012 24       		.uleb128 0x24
 1415 0013 00       		.byte	0
 1416 0014 0B       		.uleb128 0xb
 1417 0015 0B       		.uleb128 0xb
 1418 0016 3E       		.uleb128 0x3e
 1419 0017 0B       		.uleb128 0xb
 1420 0018 03       		.uleb128 0x3
ARM GAS  /tmp/ccFK1VLT.s 			page 26


 1421 0019 08       		.uleb128 0x8
 1422 001a 00       		.byte	0
 1423 001b 00       		.byte	0
 1424 001c 03       		.uleb128 0x3
 1425 001d 16       		.uleb128 0x16
 1426 001e 00       		.byte	0
 1427 001f 03       		.uleb128 0x3
 1428 0020 0E       		.uleb128 0xe
 1429 0021 3A       		.uleb128 0x3a
 1430 0022 0B       		.uleb128 0xb
 1431 0023 3B       		.uleb128 0x3b
 1432 0024 0B       		.uleb128 0xb
 1433 0025 49       		.uleb128 0x49
 1434 0026 13       		.uleb128 0x13
 1435 0027 00       		.byte	0
 1436 0028 00       		.byte	0
 1437 0029 04       		.uleb128 0x4
 1438 002a 24       		.uleb128 0x24
 1439 002b 00       		.byte	0
 1440 002c 0B       		.uleb128 0xb
 1441 002d 0B       		.uleb128 0xb
 1442 002e 3E       		.uleb128 0x3e
 1443 002f 0B       		.uleb128 0xb
 1444 0030 03       		.uleb128 0x3
 1445 0031 0E       		.uleb128 0xe
 1446 0032 00       		.byte	0
 1447 0033 00       		.byte	0
 1448 0034 05       		.uleb128 0x5
 1449 0035 13       		.uleb128 0x13
 1450 0036 01       		.byte	0x1
 1451 0037 03       		.uleb128 0x3
 1452 0038 0E       		.uleb128 0xe
 1453 0039 0B       		.uleb128 0xb
 1454 003a 0B       		.uleb128 0xb
 1455 003b 3A       		.uleb128 0x3a
 1456 003c 0B       		.uleb128 0xb
 1457 003d 3B       		.uleb128 0x3b
 1458 003e 0B       		.uleb128 0xb
 1459 003f 01       		.uleb128 0x1
 1460 0040 13       		.uleb128 0x13
 1461 0041 00       		.byte	0
 1462 0042 00       		.byte	0
 1463 0043 06       		.uleb128 0x6
 1464 0044 0D       		.uleb128 0xd
 1465 0045 00       		.byte	0
 1466 0046 03       		.uleb128 0x3
 1467 0047 0E       		.uleb128 0xe
 1468 0048 3A       		.uleb128 0x3a
 1469 0049 0B       		.uleb128 0xb
 1470 004a 3B       		.uleb128 0x3b
 1471 004b 0B       		.uleb128 0xb
 1472 004c 49       		.uleb128 0x49
 1473 004d 13       		.uleb128 0x13
 1474 004e 38       		.uleb128 0x38
 1475 004f 0B       		.uleb128 0xb
 1476 0050 00       		.byte	0
 1477 0051 00       		.byte	0
ARM GAS  /tmp/ccFK1VLT.s 			page 27


 1478 0052 07       		.uleb128 0x7
 1479 0053 0D       		.uleb128 0xd
 1480 0054 00       		.byte	0
 1481 0055 03       		.uleb128 0x3
 1482 0056 08       		.uleb128 0x8
 1483 0057 3A       		.uleb128 0x3a
 1484 0058 0B       		.uleb128 0xb
 1485 0059 3B       		.uleb128 0x3b
 1486 005a 0B       		.uleb128 0xb
 1487 005b 49       		.uleb128 0x49
 1488 005c 13       		.uleb128 0x13
 1489 005d 38       		.uleb128 0x38
 1490 005e 0B       		.uleb128 0xb
 1491 005f 00       		.byte	0
 1492 0060 00       		.byte	0
 1493 0061 08       		.uleb128 0x8
 1494 0062 13       		.uleb128 0x13
 1495 0063 01       		.byte	0x1
 1496 0064 0B       		.uleb128 0xb
 1497 0065 0B       		.uleb128 0xb
 1498 0066 3A       		.uleb128 0x3a
 1499 0067 0B       		.uleb128 0xb
 1500 0068 3B       		.uleb128 0x3b
 1501 0069 0B       		.uleb128 0xb
 1502 006a 01       		.uleb128 0x1
 1503 006b 13       		.uleb128 0x13
 1504 006c 00       		.byte	0
 1505 006d 00       		.byte	0
 1506 006e 09       		.uleb128 0x9
 1507 006f 0F       		.uleb128 0xf
 1508 0070 00       		.byte	0
 1509 0071 0B       		.uleb128 0xb
 1510 0072 0B       		.uleb128 0xb
 1511 0073 49       		.uleb128 0x49
 1512 0074 13       		.uleb128 0x13
 1513 0075 00       		.byte	0
 1514 0076 00       		.byte	0
 1515 0077 0A       		.uleb128 0xa
 1516 0078 0F       		.uleb128 0xf
 1517 0079 00       		.byte	0
 1518 007a 0B       		.uleb128 0xb
 1519 007b 0B       		.uleb128 0xb
 1520 007c 00       		.byte	0
 1521 007d 00       		.byte	0
 1522 007e 0B       		.uleb128 0xb
 1523 007f 13       		.uleb128 0x13
 1524 0080 01       		.byte	0x1
 1525 0081 03       		.uleb128 0x3
 1526 0082 0E       		.uleb128 0xe
 1527 0083 0B       		.uleb128 0xb
 1528 0084 0B       		.uleb128 0xb
 1529 0085 3A       		.uleb128 0x3a
 1530 0086 0B       		.uleb128 0xb
 1531 0087 3B       		.uleb128 0x3b
 1532 0088 05       		.uleb128 0x5
 1533 0089 01       		.uleb128 0x1
 1534 008a 13       		.uleb128 0x13
ARM GAS  /tmp/ccFK1VLT.s 			page 28


 1535 008b 00       		.byte	0
 1536 008c 00       		.byte	0
 1537 008d 0C       		.uleb128 0xc
 1538 008e 0D       		.uleb128 0xd
 1539 008f 00       		.byte	0
 1540 0090 03       		.uleb128 0x3
 1541 0091 08       		.uleb128 0x8
 1542 0092 3A       		.uleb128 0x3a
 1543 0093 0B       		.uleb128 0xb
 1544 0094 3B       		.uleb128 0x3b
 1545 0095 05       		.uleb128 0x5
 1546 0096 49       		.uleb128 0x49
 1547 0097 13       		.uleb128 0x13
 1548 0098 38       		.uleb128 0x38
 1549 0099 0B       		.uleb128 0xb
 1550 009a 00       		.byte	0
 1551 009b 00       		.byte	0
 1552 009c 0D       		.uleb128 0xd
 1553 009d 35       		.uleb128 0x35
 1554 009e 00       		.byte	0
 1555 009f 49       		.uleb128 0x49
 1556 00a0 13       		.uleb128 0x13
 1557 00a1 00       		.byte	0
 1558 00a2 00       		.byte	0
 1559 00a3 0E       		.uleb128 0xe
 1560 00a4 15       		.uleb128 0x15
 1561 00a5 01       		.byte	0x1
 1562 00a6 27       		.uleb128 0x27
 1563 00a7 19       		.uleb128 0x19
 1564 00a8 49       		.uleb128 0x49
 1565 00a9 13       		.uleb128 0x13
 1566 00aa 01       		.uleb128 0x1
 1567 00ab 13       		.uleb128 0x13
 1568 00ac 00       		.byte	0
 1569 00ad 00       		.byte	0
 1570 00ae 0F       		.uleb128 0xf
 1571 00af 05       		.uleb128 0x5
 1572 00b0 00       		.byte	0
 1573 00b1 49       		.uleb128 0x49
 1574 00b2 13       		.uleb128 0x13
 1575 00b3 00       		.byte	0
 1576 00b4 00       		.byte	0
 1577 00b5 10       		.uleb128 0x10
 1578 00b6 17       		.uleb128 0x17
 1579 00b7 01       		.byte	0x1
 1580 00b8 0B       		.uleb128 0xb
 1581 00b9 0B       		.uleb128 0xb
 1582 00ba 3A       		.uleb128 0x3a
 1583 00bb 0B       		.uleb128 0xb
 1584 00bc 3B       		.uleb128 0x3b
 1585 00bd 0B       		.uleb128 0xb
 1586 00be 01       		.uleb128 0x1
 1587 00bf 13       		.uleb128 0x13
 1588 00c0 00       		.byte	0
 1589 00c1 00       		.byte	0
 1590 00c2 11       		.uleb128 0x11
 1591 00c3 0D       		.uleb128 0xd
ARM GAS  /tmp/ccFK1VLT.s 			page 29


 1592 00c4 00       		.byte	0
 1593 00c5 03       		.uleb128 0x3
 1594 00c6 0E       		.uleb128 0xe
 1595 00c7 3A       		.uleb128 0x3a
 1596 00c8 0B       		.uleb128 0xb
 1597 00c9 3B       		.uleb128 0x3b
 1598 00ca 0B       		.uleb128 0xb
 1599 00cb 49       		.uleb128 0x49
 1600 00cc 13       		.uleb128 0x13
 1601 00cd 00       		.byte	0
 1602 00ce 00       		.byte	0
 1603 00cf 12       		.uleb128 0x12
 1604 00d0 17       		.uleb128 0x17
 1605 00d1 01       		.byte	0x1
 1606 00d2 03       		.uleb128 0x3
 1607 00d3 0E       		.uleb128 0xe
 1608 00d4 0B       		.uleb128 0xb
 1609 00d5 0B       		.uleb128 0xb
 1610 00d6 3A       		.uleb128 0x3a
 1611 00d7 0B       		.uleb128 0xb
 1612 00d8 3B       		.uleb128 0x3b
 1613 00d9 0B       		.uleb128 0xb
 1614 00da 01       		.uleb128 0x1
 1615 00db 13       		.uleb128 0x13
 1616 00dc 00       		.byte	0
 1617 00dd 00       		.byte	0
 1618 00de 13       		.uleb128 0x13
 1619 00df 0D       		.uleb128 0xd
 1620 00e0 00       		.byte	0
 1621 00e1 03       		.uleb128 0x3
 1622 00e2 08       		.uleb128 0x8
 1623 00e3 3A       		.uleb128 0x3a
 1624 00e4 0B       		.uleb128 0xb
 1625 00e5 3B       		.uleb128 0x3b
 1626 00e6 0B       		.uleb128 0xb
 1627 00e7 49       		.uleb128 0x49
 1628 00e8 13       		.uleb128 0x13
 1629 00e9 00       		.byte	0
 1630 00ea 00       		.byte	0
 1631 00eb 14       		.uleb128 0x14
 1632 00ec 26       		.uleb128 0x26
 1633 00ed 00       		.byte	0
 1634 00ee 49       		.uleb128 0x49
 1635 00ef 13       		.uleb128 0x13
 1636 00f0 00       		.byte	0
 1637 00f1 00       		.byte	0
 1638 00f2 15       		.uleb128 0x15
 1639 00f3 2E       		.uleb128 0x2e
 1640 00f4 01       		.byte	0x1
 1641 00f5 3F       		.uleb128 0x3f
 1642 00f6 19       		.uleb128 0x19
 1643 00f7 03       		.uleb128 0x3
 1644 00f8 0E       		.uleb128 0xe
 1645 00f9 3A       		.uleb128 0x3a
 1646 00fa 0B       		.uleb128 0xb
 1647 00fb 3B       		.uleb128 0x3b
 1648 00fc 0B       		.uleb128 0xb
ARM GAS  /tmp/ccFK1VLT.s 			page 30


 1649 00fd 27       		.uleb128 0x27
 1650 00fe 19       		.uleb128 0x19
 1651 00ff 49       		.uleb128 0x49
 1652 0100 13       		.uleb128 0x13
 1653 0101 11       		.uleb128 0x11
 1654 0102 01       		.uleb128 0x1
 1655 0103 12       		.uleb128 0x12
 1656 0104 06       		.uleb128 0x6
 1657 0105 40       		.uleb128 0x40
 1658 0106 18       		.uleb128 0x18
 1659 0107 9742     		.uleb128 0x2117
 1660 0109 19       		.uleb128 0x19
 1661 010a 01       		.uleb128 0x1
 1662 010b 13       		.uleb128 0x13
 1663 010c 00       		.byte	0
 1664 010d 00       		.byte	0
 1665 010e 16       		.uleb128 0x16
 1666 010f 05       		.uleb128 0x5
 1667 0110 00       		.byte	0
 1668 0111 03       		.uleb128 0x3
 1669 0112 08       		.uleb128 0x8
 1670 0113 3A       		.uleb128 0x3a
 1671 0114 0B       		.uleb128 0xb
 1672 0115 3B       		.uleb128 0x3b
 1673 0116 0B       		.uleb128 0xb
 1674 0117 49       		.uleb128 0x49
 1675 0118 13       		.uleb128 0x13
 1676 0119 02       		.uleb128 0x2
 1677 011a 18       		.uleb128 0x18
 1678 011b 00       		.byte	0
 1679 011c 00       		.byte	0
 1680 011d 17       		.uleb128 0x17
 1681 011e 0B       		.uleb128 0xb
 1682 011f 01       		.byte	0x1
 1683 0120 11       		.uleb128 0x11
 1684 0121 01       		.uleb128 0x1
 1685 0122 12       		.uleb128 0x12
 1686 0123 06       		.uleb128 0x6
 1687 0124 01       		.uleb128 0x1
 1688 0125 13       		.uleb128 0x13
 1689 0126 00       		.byte	0
 1690 0127 00       		.byte	0
 1691 0128 18       		.uleb128 0x18
 1692 0129 34       		.uleb128 0x34
 1693 012a 00       		.byte	0
 1694 012b 03       		.uleb128 0x3
 1695 012c 08       		.uleb128 0x8
 1696 012d 3A       		.uleb128 0x3a
 1697 012e 0B       		.uleb128 0xb
 1698 012f 3B       		.uleb128 0x3b
 1699 0130 0B       		.uleb128 0xb
 1700 0131 49       		.uleb128 0x49
 1701 0132 13       		.uleb128 0x13
 1702 0133 02       		.uleb128 0x2
 1703 0134 18       		.uleb128 0x18
 1704 0135 00       		.byte	0
 1705 0136 00       		.byte	0
ARM GAS  /tmp/ccFK1VLT.s 			page 31


 1706 0137 19       		.uleb128 0x19
 1707 0138 0B       		.uleb128 0xb
 1708 0139 01       		.byte	0x1
 1709 013a 11       		.uleb128 0x11
 1710 013b 01       		.uleb128 0x1
 1711 013c 12       		.uleb128 0x12
 1712 013d 06       		.uleb128 0x6
 1713 013e 00       		.byte	0
 1714 013f 00       		.byte	0
 1715 0140 1A       		.uleb128 0x1a
 1716 0141 2E       		.uleb128 0x2e
 1717 0142 01       		.byte	0x1
 1718 0143 3F       		.uleb128 0x3f
 1719 0144 19       		.uleb128 0x19
 1720 0145 03       		.uleb128 0x3
 1721 0146 0E       		.uleb128 0xe
 1722 0147 3A       		.uleb128 0x3a
 1723 0148 0B       		.uleb128 0xb
 1724 0149 3B       		.uleb128 0x3b
 1725 014a 0B       		.uleb128 0xb
 1726 014b 27       		.uleb128 0x27
 1727 014c 19       		.uleb128 0x19
 1728 014d 11       		.uleb128 0x11
 1729 014e 01       		.uleb128 0x1
 1730 014f 12       		.uleb128 0x12
 1731 0150 06       		.uleb128 0x6
 1732 0151 40       		.uleb128 0x40
 1733 0152 18       		.uleb128 0x18
 1734 0153 9742     		.uleb128 0x2117
 1735 0155 19       		.uleb128 0x19
 1736 0156 01       		.uleb128 0x1
 1737 0157 13       		.uleb128 0x13
 1738 0158 00       		.byte	0
 1739 0159 00       		.byte	0
 1740 015a 1B       		.uleb128 0x1b
 1741 015b 05       		.uleb128 0x5
 1742 015c 00       		.byte	0
 1743 015d 03       		.uleb128 0x3
 1744 015e 08       		.uleb128 0x8
 1745 015f 3A       		.uleb128 0x3a
 1746 0160 0B       		.uleb128 0xb
 1747 0161 3B       		.uleb128 0x3b
 1748 0162 0B       		.uleb128 0xb
 1749 0163 49       		.uleb128 0x49
 1750 0164 13       		.uleb128 0x13
 1751 0165 02       		.uleb128 0x2
 1752 0166 17       		.uleb128 0x17
 1753 0167 00       		.byte	0
 1754 0168 00       		.byte	0
 1755 0169 1C       		.uleb128 0x1c
 1756 016a 34       		.uleb128 0x34
 1757 016b 00       		.byte	0
 1758 016c 03       		.uleb128 0x3
 1759 016d 0E       		.uleb128 0xe
 1760 016e 3A       		.uleb128 0x3a
 1761 016f 0B       		.uleb128 0xb
 1762 0170 3B       		.uleb128 0x3b
ARM GAS  /tmp/ccFK1VLT.s 			page 32


 1763 0171 0B       		.uleb128 0xb
 1764 0172 49       		.uleb128 0x49
 1765 0173 13       		.uleb128 0x13
 1766 0174 02       		.uleb128 0x2
 1767 0175 17       		.uleb128 0x17
 1768 0176 00       		.byte	0
 1769 0177 00       		.byte	0
 1770 0178 1D       		.uleb128 0x1d
 1771 0179 898201   		.uleb128 0x4109
 1772 017c 01       		.byte	0x1
 1773 017d 11       		.uleb128 0x11
 1774 017e 01       		.uleb128 0x1
 1775 017f 9542     		.uleb128 0x2115
 1776 0181 19       		.uleb128 0x19
 1777 0182 31       		.uleb128 0x31
 1778 0183 13       		.uleb128 0x13
 1779 0184 01       		.uleb128 0x1
 1780 0185 13       		.uleb128 0x13
 1781 0186 00       		.byte	0
 1782 0187 00       		.byte	0
 1783 0188 1E       		.uleb128 0x1e
 1784 0189 8A8201   		.uleb128 0x410a
 1785 018c 00       		.byte	0
 1786 018d 02       		.uleb128 0x2
 1787 018e 18       		.uleb128 0x18
 1788 018f 9142     		.uleb128 0x2111
 1789 0191 18       		.uleb128 0x18
 1790 0192 00       		.byte	0
 1791 0193 00       		.byte	0
 1792 0194 1F       		.uleb128 0x1f
 1793 0195 898201   		.uleb128 0x4109
 1794 0198 00       		.byte	0
 1795 0199 11       		.uleb128 0x11
 1796 019a 01       		.uleb128 0x1
 1797 019b 9542     		.uleb128 0x2115
 1798 019d 19       		.uleb128 0x19
 1799 019e 31       		.uleb128 0x31
 1800 019f 13       		.uleb128 0x13
 1801 01a0 00       		.byte	0
 1802 01a1 00       		.byte	0
 1803 01a2 20       		.uleb128 0x20
 1804 01a3 05       		.uleb128 0x5
 1805 01a4 00       		.byte	0
 1806 01a5 03       		.uleb128 0x3
 1807 01a6 0E       		.uleb128 0xe
 1808 01a7 3A       		.uleb128 0x3a
 1809 01a8 0B       		.uleb128 0xb
 1810 01a9 3B       		.uleb128 0x3b
 1811 01aa 0B       		.uleb128 0xb
 1812 01ab 49       		.uleb128 0x49
 1813 01ac 13       		.uleb128 0x13
 1814 01ad 02       		.uleb128 0x2
 1815 01ae 17       		.uleb128 0x17
 1816 01af 00       		.byte	0
 1817 01b0 00       		.byte	0
 1818 01b1 21       		.uleb128 0x21
 1819 01b2 34       		.uleb128 0x34
ARM GAS  /tmp/ccFK1VLT.s 			page 33


 1820 01b3 00       		.byte	0
 1821 01b4 03       		.uleb128 0x3
 1822 01b5 08       		.uleb128 0x8
 1823 01b6 3A       		.uleb128 0x3a
 1824 01b7 0B       		.uleb128 0xb
 1825 01b8 3B       		.uleb128 0x3b
 1826 01b9 0B       		.uleb128 0xb
 1827 01ba 49       		.uleb128 0x49
 1828 01bb 13       		.uleb128 0x13
 1829 01bc 02       		.uleb128 0x2
 1830 01bd 17       		.uleb128 0x17
 1831 01be 00       		.byte	0
 1832 01bf 00       		.byte	0
 1833 01c0 22       		.uleb128 0x22
 1834 01c1 898201   		.uleb128 0x4109
 1835 01c4 01       		.byte	0x1
 1836 01c5 11       		.uleb128 0x11
 1837 01c6 01       		.uleb128 0x1
 1838 01c7 31       		.uleb128 0x31
 1839 01c8 13       		.uleb128 0x13
 1840 01c9 01       		.uleb128 0x1
 1841 01ca 13       		.uleb128 0x13
 1842 01cb 00       		.byte	0
 1843 01cc 00       		.byte	0
 1844 01cd 23       		.uleb128 0x23
 1845 01ce 898201   		.uleb128 0x4109
 1846 01d1 01       		.byte	0x1
 1847 01d2 11       		.uleb128 0x11
 1848 01d3 01       		.uleb128 0x1
 1849 01d4 31       		.uleb128 0x31
 1850 01d5 13       		.uleb128 0x13
 1851 01d6 00       		.byte	0
 1852 01d7 00       		.byte	0
 1853 01d8 24       		.uleb128 0x24
 1854 01d9 2E       		.uleb128 0x2e
 1855 01da 01       		.byte	0x1
 1856 01db 3F       		.uleb128 0x3f
 1857 01dc 19       		.uleb128 0x19
 1858 01dd 03       		.uleb128 0x3
 1859 01de 0E       		.uleb128 0xe
 1860 01df 3A       		.uleb128 0x3a
 1861 01e0 0B       		.uleb128 0xb
 1862 01e1 3B       		.uleb128 0x3b
 1863 01e2 0B       		.uleb128 0xb
 1864 01e3 27       		.uleb128 0x27
 1865 01e4 19       		.uleb128 0x19
 1866 01e5 3C       		.uleb128 0x3c
 1867 01e6 19       		.uleb128 0x19
 1868 01e7 01       		.uleb128 0x1
 1869 01e8 13       		.uleb128 0x13
 1870 01e9 00       		.byte	0
 1871 01ea 00       		.byte	0
 1872 01eb 25       		.uleb128 0x25
 1873 01ec 2E       		.uleb128 0x2e
 1874 01ed 01       		.byte	0x1
 1875 01ee 3F       		.uleb128 0x3f
 1876 01ef 19       		.uleb128 0x19
ARM GAS  /tmp/ccFK1VLT.s 			page 34


 1877 01f0 03       		.uleb128 0x3
 1878 01f1 0E       		.uleb128 0xe
 1879 01f2 3A       		.uleb128 0x3a
 1880 01f3 0B       		.uleb128 0xb
 1881 01f4 3B       		.uleb128 0x3b
 1882 01f5 0B       		.uleb128 0xb
 1883 01f6 27       		.uleb128 0x27
 1884 01f7 19       		.uleb128 0x19
 1885 01f8 49       		.uleb128 0x49
 1886 01f9 13       		.uleb128 0x13
 1887 01fa 3C       		.uleb128 0x3c
 1888 01fb 19       		.uleb128 0x19
 1889 01fc 01       		.uleb128 0x1
 1890 01fd 13       		.uleb128 0x13
 1891 01fe 00       		.byte	0
 1892 01ff 00       		.byte	0
 1893 0200 26       		.uleb128 0x26
 1894 0201 2E       		.uleb128 0x2e
 1895 0202 01       		.byte	0x1
 1896 0203 3F       		.uleb128 0x3f
 1897 0204 19       		.uleb128 0x19
 1898 0205 03       		.uleb128 0x3
 1899 0206 0E       		.uleb128 0xe
 1900 0207 3A       		.uleb128 0x3a
 1901 0208 0B       		.uleb128 0xb
 1902 0209 3B       		.uleb128 0x3b
 1903 020a 05       		.uleb128 0x5
 1904 020b 27       		.uleb128 0x27
 1905 020c 19       		.uleb128 0x19
 1906 020d 49       		.uleb128 0x49
 1907 020e 13       		.uleb128 0x13
 1908 020f 3C       		.uleb128 0x3c
 1909 0210 19       		.uleb128 0x19
 1910 0211 01       		.uleb128 0x1
 1911 0212 13       		.uleb128 0x13
 1912 0213 00       		.byte	0
 1913 0214 00       		.byte	0
 1914 0215 27       		.uleb128 0x27
 1915 0216 2E       		.uleb128 0x2e
 1916 0217 01       		.byte	0x1
 1917 0218 3F       		.uleb128 0x3f
 1918 0219 19       		.uleb128 0x19
 1919 021a 03       		.uleb128 0x3
 1920 021b 0E       		.uleb128 0xe
 1921 021c 3A       		.uleb128 0x3a
 1922 021d 0B       		.uleb128 0xb
 1923 021e 3B       		.uleb128 0x3b
 1924 021f 0B       		.uleb128 0xb
 1925 0220 27       		.uleb128 0x27
 1926 0221 19       		.uleb128 0x19
 1927 0222 49       		.uleb128 0x49
 1928 0223 13       		.uleb128 0x13
 1929 0224 3C       		.uleb128 0x3c
 1930 0225 19       		.uleb128 0x19
 1931 0226 00       		.byte	0
 1932 0227 00       		.byte	0
 1933 0228 00       		.byte	0
ARM GAS  /tmp/ccFK1VLT.s 			page 35


 1934              		.section	.debug_loc,"",%progbits
 1935              	.Ldebug_loc0:
 1936              	.LLST0:
 1937 0000 00000000 		.4byte	.LVL1
 1938 0004 3D000000 		.4byte	.LVL4-1
 1939 0008 0100     		.2byte	0x1
 1940 000a 50       		.byte	0x50
 1941 000b 3D000000 		.4byte	.LVL4-1
 1942 000f 3E000000 		.4byte	.LVL4
 1943 0013 0400     		.2byte	0x4
 1944 0015 F3       		.byte	0xf3
 1945 0016 01       		.uleb128 0x1
 1946 0017 50       		.byte	0x50
 1947 0018 9F       		.byte	0x9f
 1948 0019 3E000000 		.4byte	.LVL4
 1949 001d 48000000 		.4byte	.LVL6
 1950 0021 0100     		.2byte	0x1
 1951 0023 50       		.byte	0x50
 1952 0024 48000000 		.4byte	.LVL6
 1953 0028 4D000000 		.4byte	.LVL7-1
 1954 002c 0100     		.2byte	0x1
 1955 002e 51       		.byte	0x51
 1956 002f 4D000000 		.4byte	.LVL7-1
 1957 0033 4E000000 		.4byte	.LFE8
 1958 0037 0400     		.2byte	0x4
 1959 0039 F3       		.byte	0xf3
 1960 003a 01       		.uleb128 0x1
 1961 003b 50       		.byte	0x50
 1962 003c 9F       		.byte	0x9f
 1963 003d 00000000 		.4byte	0
 1964 0041 00000000 		.4byte	0
 1965              	.LLST1:
 1966 0045 10000000 		.4byte	.LVL2
 1967 0049 34000000 		.4byte	.LVL3
 1968 004d 0100     		.2byte	0x1
 1969 004f 52       		.byte	0x52
 1970 0050 3E000000 		.4byte	.LVL4
 1971 0054 42000000 		.4byte	.LVL5
 1972 0058 0100     		.2byte	0x1
 1973 005a 52       		.byte	0x52
 1974 005b 00000000 		.4byte	0
 1975 005f 00000000 		.4byte	0
 1976              	.LLST2:
 1977 0063 00000000 		.4byte	.LVL8
 1978 0067 0D000000 		.4byte	.LVL9-1
 1979 006b 0100     		.2byte	0x1
 1980 006d 50       		.byte	0x50
 1981 006e 0D000000 		.4byte	.LVL9-1
 1982 0072 3C000000 		.4byte	.LFE9
 1983 0076 0400     		.2byte	0x4
 1984 0078 F3       		.byte	0xf3
 1985 0079 01       		.uleb128 0x1
 1986 007a 50       		.byte	0x50
 1987 007b 9F       		.byte	0x9f
 1988 007c 00000000 		.4byte	0
 1989 0080 00000000 		.4byte	0
 1990              	.LLST3:
ARM GAS  /tmp/ccFK1VLT.s 			page 36


 1991 0084 00000000 		.4byte	.LVL8
 1992 0088 0D000000 		.4byte	.LVL9-1
 1993 008c 0100     		.2byte	0x1
 1994 008e 51       		.byte	0x51
 1995 008f 0D000000 		.4byte	.LVL9-1
 1996 0093 3C000000 		.4byte	.LFE9
 1997 0097 0100     		.2byte	0x1
 1998 0099 56       		.byte	0x56
 1999 009a 00000000 		.4byte	0
 2000 009e 00000000 		.4byte	0
 2001              	.LLST4:
 2002 00a2 00000000 		.4byte	.LVL8
 2003 00a6 0D000000 		.4byte	.LVL9-1
 2004 00aa 0100     		.2byte	0x1
 2005 00ac 52       		.byte	0x52
 2006 00ad 0D000000 		.4byte	.LVL9-1
 2007 00b1 3C000000 		.4byte	.LFE9
 2008 00b5 0100     		.2byte	0x1
 2009 00b7 57       		.byte	0x57
 2010 00b8 00000000 		.4byte	0
 2011 00bc 00000000 		.4byte	0
 2012              	.LLST5:
 2013 00c0 00000000 		.4byte	.LVL8
 2014 00c4 0D000000 		.4byte	.LVL9-1
 2015 00c8 0100     		.2byte	0x1
 2016 00ca 53       		.byte	0x53
 2017 00cb 0D000000 		.4byte	.LVL9-1
 2018 00cf 3C000000 		.4byte	.LFE9
 2019 00d3 0100     		.2byte	0x1
 2020 00d5 55       		.byte	0x55
 2021 00d6 00000000 		.4byte	0
 2022 00da 00000000 		.4byte	0
 2023              	.LLST6:
 2024 00de 0E000000 		.4byte	.LVL9
 2025 00e2 23000000 		.4byte	.LVL10-1
 2026 00e6 0100     		.2byte	0x1
 2027 00e8 50       		.byte	0x50
 2028 00e9 00000000 		.4byte	0
 2029 00ed 00000000 		.4byte	0
 2030              	.LLST7:
 2031 00f1 2C000000 		.4byte	.LVL11
 2032 00f5 2F000000 		.4byte	.LVL12-1
 2033 00f9 0100     		.2byte	0x1
 2034 00fb 50       		.byte	0x50
 2035 00fc 2F000000 		.4byte	.LVL12-1
 2036 0100 38000000 		.4byte	.LVL13
 2037 0104 0100     		.2byte	0x1
 2038 0106 54       		.byte	0x54
 2039 0107 00000000 		.4byte	0
 2040 010b 00000000 		.4byte	0
 2041              	.LLST8:
 2042 010f 00000000 		.4byte	.LVL14
 2043 0113 11000000 		.4byte	.LVL15-1
 2044 0117 0100     		.2byte	0x1
 2045 0119 50       		.byte	0x50
 2046 011a 11000000 		.4byte	.LVL15-1
 2047 011e 42000000 		.4byte	.LFE10
ARM GAS  /tmp/ccFK1VLT.s 			page 37


 2048 0122 0100     		.2byte	0x1
 2049 0124 55       		.byte	0x55
 2050 0125 00000000 		.4byte	0
 2051 0129 00000000 		.4byte	0
 2052              	.LLST9:
 2053 012d 00000000 		.4byte	.LVL14
 2054 0131 11000000 		.4byte	.LVL15-1
 2055 0135 0100     		.2byte	0x1
 2056 0137 51       		.byte	0x51
 2057 0138 11000000 		.4byte	.LVL15-1
 2058 013c 42000000 		.4byte	.LFE10
 2059 0140 0100     		.2byte	0x1
 2060 0142 58       		.byte	0x58
 2061 0143 00000000 		.4byte	0
 2062 0147 00000000 		.4byte	0
 2063              	.LLST10:
 2064 014b 00000000 		.4byte	.LVL14
 2065 014f 11000000 		.4byte	.LVL15-1
 2066 0153 0100     		.2byte	0x1
 2067 0155 52       		.byte	0x52
 2068 0156 11000000 		.4byte	.LVL15-1
 2069 015a 42000000 		.4byte	.LFE10
 2070 015e 0100     		.2byte	0x1
 2071 0160 56       		.byte	0x56
 2072 0161 00000000 		.4byte	0
 2073 0165 00000000 		.4byte	0
 2074              	.LLST11:
 2075 0169 00000000 		.4byte	.LVL14
 2076 016d 11000000 		.4byte	.LVL15-1
 2077 0171 0100     		.2byte	0x1
 2078 0173 53       		.byte	0x53
 2079 0174 11000000 		.4byte	.LVL15-1
 2080 0178 42000000 		.4byte	.LFE10
 2081 017c 0100     		.2byte	0x1
 2082 017e 57       		.byte	0x57
 2083 017f 00000000 		.4byte	0
 2084 0183 00000000 		.4byte	0
 2085              	.LLST12:
 2086 0187 12000000 		.4byte	.LVL15
 2087 018b 25000000 		.4byte	.LVL16-1
 2088 018f 0100     		.2byte	0x1
 2089 0191 50       		.byte	0x50
 2090 0192 00000000 		.4byte	0
 2091 0196 00000000 		.4byte	0
 2092              	.LLST13:
 2093 019a 30000000 		.4byte	.LVL17
 2094 019e 33000000 		.4byte	.LVL18-1
 2095 01a2 0100     		.2byte	0x1
 2096 01a4 50       		.byte	0x50
 2097 01a5 33000000 		.4byte	.LVL18-1
 2098 01a9 3C000000 		.4byte	.LVL19
 2099 01ad 0100     		.2byte	0x1
 2100 01af 54       		.byte	0x54
 2101 01b0 00000000 		.4byte	0
 2102 01b4 00000000 		.4byte	0
 2103              		.section	.debug_aranges,"",%progbits
 2104 0000 34000000 		.4byte	0x34
ARM GAS  /tmp/ccFK1VLT.s 			page 38


 2105 0004 0200     		.2byte	0x2
 2106 0006 00000000 		.4byte	.Ldebug_info0
 2107 000a 04       		.byte	0x4
 2108 000b 00       		.byte	0
 2109 000c 0000     		.2byte	0
 2110 000e 0000     		.2byte	0
 2111 0010 00000000 		.4byte	.LFB7
 2112 0014 14000000 		.4byte	.LFE7-.LFB7
 2113 0018 00000000 		.4byte	.LFB8
 2114 001c 4E000000 		.4byte	.LFE8-.LFB8
 2115 0020 00000000 		.4byte	.LFB9
 2116 0024 3C000000 		.4byte	.LFE9-.LFB9
 2117 0028 00000000 		.4byte	.LFB10
 2118 002c 42000000 		.4byte	.LFE10-.LFB10
 2119 0030 00000000 		.4byte	0
 2120 0034 00000000 		.4byte	0
 2121              		.section	.debug_ranges,"",%progbits
 2122              	.Ldebug_ranges0:
 2123 0000 00000000 		.4byte	.LFB7
 2124 0004 14000000 		.4byte	.LFE7
 2125 0008 00000000 		.4byte	.LFB8
 2126 000c 4E000000 		.4byte	.LFE8
 2127 0010 00000000 		.4byte	.LFB9
 2128 0014 3C000000 		.4byte	.LFE9
 2129 0018 00000000 		.4byte	.LFB10
 2130 001c 42000000 		.4byte	.LFE10
 2131 0020 00000000 		.4byte	0
 2132 0024 00000000 		.4byte	0
 2133              		.section	.debug_line,"",%progbits
 2134              	.Ldebug_line0:
 2135 0000 66030000 		.section	.debug_str,"MS",%progbits,1
 2135      0200ED02 
 2135      00000201 
 2135      FB0E0D00 
 2135      01010101 
 2136              	.LASF79:
 2137 0000 7466756E 		.ascii	"tfunc_t\000"
 2137      635F7400 
 2138              	.LASF42:
 2139 0008 705F6D73 		.ascii	"p_msg\000"
 2139      6700
 2140              	.LASF2:
 2141 000e 73697A65 		.ascii	"size_t\000"
 2141      5F7400
 2142              	.LASF74:
 2143 0015 7264796D 		.ascii	"rdymsg\000"
 2143      736700
 2144              	.LASF17:
 2145 001c 75696E74 		.ascii	"uint64_t\000"
 2145      36345F74 
 2145      00
 2146              	.LASF3:
 2147 0025 5F5F7569 		.ascii	"__uint8_t\000"
 2147      6E74385F 
 2147      7400
 2148              	.LASF73:
 2149 002f 4D656D6F 		.ascii	"MemoryPool\000"
ARM GAS  /tmp/ccFK1VLT.s 			page 39


 2149      7279506F 
 2149      6F6C00
 2150              	.LASF58:
 2151 003a 6D656D67 		.ascii	"memgetfunc_t\000"
 2151      65746675 
 2151      6E635F74 
 2151      00
 2152              	.LASF13:
 2153 0047 6C6F6E67 		.ascii	"long long unsigned int\000"
 2153      206C6F6E 
 2153      6720756E 
 2153      7369676E 
 2153      65642069 
 2154              	.LASF75:
 2155 005e 65786974 		.ascii	"exitcode\000"
 2155      636F6465 
 2155      00
 2156              	.LASF62:
 2157 0067 685F6672 		.ascii	"h_free\000"
 2157      656500
 2158              	.LASF83:
 2159 006e 68656170 		.ascii	"heapp\000"
 2159      7000
 2160              	.LASF64:
 2161 0074 6E657874 		.ascii	"next\000"
 2161      00
 2162              	.LASF30:
 2163 0079 705F7072 		.ascii	"p_prio\000"
 2163      696F00
 2164              	.LASF11:
 2165 0080 6C6F6E67 		.ascii	"long long int\000"
 2165      206C6F6E 
 2165      6720696E 
 2165      7400
 2166              	.LASF1:
 2167 008e 7369676E 		.ascii	"signed char\000"
 2167      65642063 
 2167      68617200 
 2168              	.LASF63:
 2169 009a 685F6D74 		.ascii	"h_mtx\000"
 2169      7800
 2170              	.LASF46:
 2171 00a0 705F6D70 		.ascii	"p_mpool\000"
 2171      6F6F6C00 
 2172              	.LASF55:
 2173 00a8 6D5F7175 		.ascii	"m_queue\000"
 2173      65756500 
 2174              	.LASF86:
 2175 00b0 63684865 		.ascii	"chHeapFree\000"
 2175      61704672 
 2175      656500
 2176              	.LASF22:
 2177 00bb 74736C69 		.ascii	"tslices_t\000"
 2177      6365735F 
 2177      7400
 2178              	.LASF89:
 2179 00c5 63685468 		.ascii	"chThdCreateI\000"
ARM GAS  /tmp/ccFK1VLT.s 			page 40


 2179      64437265 
 2179      61746549 
 2179      00
 2180              	.LASF8:
 2181 00d2 6C6F6E67 		.ascii	"long int\000"
 2181      20696E74 
 2181      00
 2182              	.LASF82:
 2183 00db 63685468 		.ascii	"chThdCreateFromHeap\000"
 2183      64437265 
 2183      61746546 
 2183      726F6D48 
 2183      65617000 
 2184              	.LASF20:
 2185 00ef 74737461 		.ascii	"tstate_t\000"
 2185      74655F74 
 2185      00
 2186              	.LASF70:
 2187 00f8 6D705F6E 		.ascii	"mp_next\000"
 2187      65787400 
 2188              	.LASF32:
 2189 0100 705F6E65 		.ascii	"p_newer\000"
 2189      77657200 
 2190              	.LASF85:
 2191 0108 63685468 		.ascii	"chThdCreateFromMemoryPool\000"
 2191      64437265 
 2191      61746546 
 2191      726F6D4D 
 2191      656D6F72 
 2192              	.LASF9:
 2193 0122 5F5F7569 		.ascii	"__uint32_t\000"
 2193      6E743332 
 2193      5F7400
 2194              	.LASF72:
 2195 012d 6D705F70 		.ascii	"mp_provider\000"
 2195      726F7669 
 2195      64657200 
 2196              	.LASF49:
 2197 0139 72656761 		.ascii	"regarm_t\000"
 2197      726D5F74 
 2197      00
 2198              	.LASF66:
 2199 0142 616C6967 		.ascii	"align\000"
 2199      6E00
 2200              	.LASF0:
 2201 0148 756E7369 		.ascii	"unsigned int\000"
 2201      676E6564 
 2201      20696E74 
 2201      00
 2202              	.LASF10:
 2203 0155 6C6F6E67 		.ascii	"long unsigned int\000"
 2203      20756E73 
 2203      69676E65 
 2203      6420696E 
 2203      7400
 2204              	.LASF52:
 2205 0167 636F6E74 		.ascii	"context\000"
ARM GAS  /tmp/ccFK1VLT.s 			page 41


 2205      65787400 
 2206              	.LASF67:
 2207 016f 73697A65 		.ascii	"size\000"
 2207      00
 2208              	.LASF6:
 2209 0174 73686F72 		.ascii	"short unsigned int\000"
 2209      7420756E 
 2209      7369676E 
 2209      65642069 
 2209      6E7400
 2210              	.LASF24:
 2211 0187 6D73675F 		.ascii	"msg_t\000"
 2211      7400
 2212              	.LASF19:
 2213 018d 746D6F64 		.ascii	"tmode_t\000"
 2213      655F7400 
 2214              	.LASF48:
 2215 0195 54687265 		.ascii	"ThreadsList\000"
 2215      6164734C 
 2215      69737400 
 2216              	.LASF25:
 2217 01a1 6576656E 		.ascii	"eventmask_t\000"
 2217      746D6173 
 2217      6B5F7400 
 2218              	.LASF54:
 2219 01ad 4D757465 		.ascii	"Mutex\000"
 2219      7800
 2220              	.LASF81:
 2221 01b3 63685468 		.ascii	"chThdAddRef\000"
 2221      64416464 
 2221      52656600 
 2222              	.LASF50:
 2223 01bf 73746B61 		.ascii	"stkalign_t\000"
 2223      6C69676E 
 2223      5F7400
 2224              	.LASF93:
 2225 01ca 2F686F6D 		.ascii	"/home/marco/SoftwareProjects/st-usb/f9xx/firmware/e"
 2225      652F6D61 
 2225      72636F2F 
 2225      536F6674 
 2225      77617265 
 2226 01fd 78742F43 		.ascii	"xt/ChibiOS-RT/os/kernel/src/chdynamic.c\000"
 2226      68696269 
 2226      4F532D52 
 2226      542F6F73 
 2226      2F6B6572 
 2227              	.LASF53:
 2228 0225 73697A65 		.ascii	"sizetype\000"
 2228      74797065 
 2228      00
 2229              	.LASF33:
 2230 022e 705F6F6C 		.ascii	"p_older\000"
 2230      64657200 
 2231              	.LASF47:
 2232 0236 54687265 		.ascii	"ThreadsQueue\000"
 2232      61647351 
 2232      75657565 
ARM GAS  /tmp/ccFK1VLT.s 			page 42


 2232      00
 2233              	.LASF71:
 2234 0243 6D705F6F 		.ascii	"mp_object_size\000"
 2234      626A6563 
 2234      745F7369 
 2234      7A6500
 2235              	.LASF84:
 2236 0252 7072696F 		.ascii	"prio\000"
 2236      00
 2237              	.LASF59:
 2238 0257 4D656D6F 		.ascii	"MemoryHeap\000"
 2238      72794865 
 2238      617000
 2239              	.LASF12:
 2240 0262 5F5F7569 		.ascii	"__uint64_t\000"
 2240      6E743634 
 2240      5F7400
 2241              	.LASF69:
 2242 026d 70685F6E 		.ascii	"ph_next\000"
 2242      65787400 
 2243              	.LASF21:
 2244 0275 74726566 		.ascii	"trefs_t\000"
 2244      735F7400 
 2245              	.LASF80:
 2246 027d 72656673 		.ascii	"refs\000"
 2246      00
 2247              	.LASF29:
 2248 0282 705F7072 		.ascii	"p_prev\000"
 2248      657600
 2249              	.LASF23:
 2250 0289 74707269 		.ascii	"tprio_t\000"
 2250      6F5F7400 
 2251              	.LASF18:
 2252 0291 5F426F6F 		.ascii	"_Bool\000"
 2252      6C00
 2253              	.LASF15:
 2254 0297 696E7433 		.ascii	"int32_t\000"
 2254      325F7400 
 2255              	.LASF4:
 2256 029f 756E7369 		.ascii	"unsigned char\000"
 2256      676E6564 
 2256      20636861 
 2256      7200
 2257              	.LASF61:
 2258 02ad 685F7072 		.ascii	"h_provider\000"
 2258      6F766964 
 2258      657200
 2259              	.LASF44:
 2260 02b8 705F6D74 		.ascii	"p_mtxlist\000"
 2260      786C6973 
 2260      7400
 2261              	.LASF5:
 2262 02c2 73686F72 		.ascii	"short int\000"
 2262      7420696E 
 2262      7400
 2263              	.LASF35:
 2264 02cc 705F7374 		.ascii	"p_state\000"
ARM GAS  /tmp/ccFK1VLT.s 			page 43


 2264      61746500 
 2265              	.LASF38:
 2266 02d4 705F7072 		.ascii	"p_preempt\000"
 2266      65656D70 
 2266      7400
 2267              	.LASF94:
 2268 02de 68656170 		.ascii	"heap_header\000"
 2268      5F686561 
 2268      64657200 
 2269              	.LASF77:
 2270 02ea 65776D61 		.ascii	"ewmask\000"
 2270      736B00
 2271              	.LASF28:
 2272 02f1 705F6E65 		.ascii	"p_next\000"
 2272      787400
 2273              	.LASF36:
 2274 02f8 705F666C 		.ascii	"p_flags\000"
 2274      61677300 
 2275              	.LASF95:
 2276 0300 63685468 		.ascii	"chThdRelease\000"
 2276      6452656C 
 2276      65617365 
 2276      00
 2277              	.LASF27:
 2278 030d 54687265 		.ascii	"Thread\000"
 2278      616400
 2279              	.LASF88:
 2280 0314 63684865 		.ascii	"chHeapAlloc\000"
 2280      6170416C 
 2280      6C6F6300 
 2281              	.LASF43:
 2282 0320 705F6570 		.ascii	"p_epending\000"
 2282      656E6469 
 2282      6E6700
 2283              	.LASF16:
 2284 032b 75696E74 		.ascii	"uint32_t\000"
 2284      33325F74 
 2284      00
 2285              	.LASF65:
 2286 0334 68656170 		.ascii	"heap\000"
 2286      00
 2287              	.LASF78:
 2288 0339 63686172 		.ascii	"char\000"
 2288      00
 2289              	.LASF92:
 2290 033e 474E5520 		.ascii	"GNU C 4.8.4 20140526 (release) [ARM/embedded-4_8-br"
 2290      4320342E 
 2290      382E3420 
 2290      32303134 
 2290      30353236 
 2291 0371 616E6368 		.ascii	"anch revision 211358] -mcpu=cortex-m4 -mno-thumb-in"
 2291      20726576 
 2291      6973696F 
 2291      6E203231 
 2291      31333538 
 2292 03a4 74657277 		.ascii	"terwork -mthumb -ggdb -O2 -fomit-frame-pointer -fal"
 2292      6F726B20 
ARM GAS  /tmp/ccFK1VLT.s 			page 44


 2292      2D6D7468 
 2292      756D6220 
 2292      2D676764 
 2293 03d7 69676E2D 		.ascii	"ign-functions=16 -ffunction-sections -fdata-section"
 2293      66756E63 
 2293      74696F6E 
 2293      733D3136 
 2293      202D6666 
 2294 040a 73202D66 		.ascii	"s -fno-common\000"
 2294      6E6F2D63 
 2294      6F6D6D6F 
 2294      6E00
 2295              	.LASF57:
 2296 0418 6D5F6E65 		.ascii	"m_next\000"
 2296      787400
 2297              	.LASF26:
 2298 041f 73797374 		.ascii	"systime_t\000"
 2298      696D655F 
 2298      7400
 2299              	.LASF45:
 2300 0429 705F7265 		.ascii	"p_realprio\000"
 2300      616C7072 
 2300      696F00
 2301              	.LASF7:
 2302 0434 5F5F696E 		.ascii	"__int32_t\000"
 2302      7433325F 
 2302      7400
 2303              	.LASF39:
 2304 043e 705F7469 		.ascii	"p_time\000"
 2304      6D6500
 2305              	.LASF51:
 2306 0445 696E7463 		.ascii	"intctx\000"
 2306      747800
 2307              	.LASF41:
 2308 044c 705F6D73 		.ascii	"p_msgqueue\000"
 2308      67717565 
 2308      756500
 2309              	.LASF90:
 2310 0457 63685363 		.ascii	"chSchWakeupS\000"
 2310      6857616B 
 2310      65757053 
 2310      00
 2311              	.LASF68:
 2312 0464 706F6F6C 		.ascii	"pool_header\000"
 2312      5F686561 
 2312      64657200 
 2313              	.LASF37:
 2314 0470 705F7265 		.ascii	"p_refs\000"
 2314      667300
 2315              	.LASF14:
 2316 0477 75696E74 		.ascii	"uint8_t\000"
 2316      385F7400 
 2317              	.LASF91:
 2318 047f 6368506F 		.ascii	"chPoolAlloc\000"
 2318      6F6C416C 
 2318      6C6F6300 
 2319              	.LASF87:
ARM GAS  /tmp/ccFK1VLT.s 			page 45


 2320 048b 6368506F 		.ascii	"chPoolFree\000"
 2320      6F6C4672 
 2320      656500
 2321              	.LASF76:
 2322 0496 77746F62 		.ascii	"wtobjp\000"
 2322      6A7000
 2323              	.LASF34:
 2324 049d 705F6E61 		.ascii	"p_name\000"
 2324      6D6500
 2325              	.LASF56:
 2326 04a4 6D5F6F77 		.ascii	"m_owner\000"
 2326      6E657200 
 2327              	.LASF31:
 2328 04ac 705F6374 		.ascii	"p_ctx\000"
 2328      7800
 2329              	.LASF40:
 2330 04b2 705F7761 		.ascii	"p_waiting\000"
 2330      6974696E 
 2330      6700
 2331              	.LASF60:
 2332 04bc 6D656D6F 		.ascii	"memory_heap\000"
 2332      72795F68 
 2332      65617000 
 2333              		.ident	"GCC: (GNU Tools for ARM Embedded Processors) 4.8.4 20140526 (release) [ARM/embedded-4_8-br
ARM GAS  /tmp/ccFK1VLT.s 			page 46


DEFINED SYMBOLS
                            *ABS*:00000000 chdynamic.c
     /tmp/ccFK1VLT.s:19     .text.chThdAddRef:00000000 $t
     /tmp/ccFK1VLT.s:25     .text.chThdAddRef:00000000 chThdAddRef
     /tmp/ccFK1VLT.s:60     .text.chThdRelease:00000000 $t
     /tmp/ccFK1VLT.s:66     .text.chThdRelease:00000000 chThdRelease
     /tmp/ccFK1VLT.s:145    .text.chThdCreateFromHeap:00000000 $t
     /tmp/ccFK1VLT.s:151    .text.chThdCreateFromHeap:00000000 chThdCreateFromHeap
     /tmp/ccFK1VLT.s:223    .text.chThdCreateFromMemoryPool:00000000 $t
     /tmp/ccFK1VLT.s:229    .text.chThdCreateFromMemoryPool:00000000 chThdCreateFromMemoryPool
                     .debug_frame:00000010 $d

UNDEFINED SYMBOLS
chHeapFree
chPoolFree
chHeapAlloc
chThdCreateI
chSchWakeupS
chPoolAlloc
