ARM GAS  /tmp/ccMGbQPl.s 			page 1


   1              		.syntax unified
   2              		.cpu cortex-m4
   3              		.fpu softvfp
   4              		.eabi_attribute 20, 1
   5              		.eabi_attribute 21, 1
   6              		.eabi_attribute 23, 3
   7              		.eabi_attribute 24, 1
   8              		.eabi_attribute 25, 1
   9              		.eabi_attribute 26, 1
  10              		.eabi_attribute 30, 2
  11              		.eabi_attribute 34, 1
  12              		.eabi_attribute 18, 4
  13              		.thumb
  14              		.file	"chheap.c"
  15              		.text
  16              	.Ltext0:
  17              		.cfi_sections	.debug_frame
  18              		.section	.text._heap_init,"ax",%progbits
  19              		.align	2
  20              		.p2align 4,,15
  21              		.global	_heap_init
  22              		.thumb
  23              		.thumb_func
  24              		.type	_heap_init, %function
  25              	_heap_init:
  26              	.LFB7:
  27              		.file 1 "/home/marco/SoftwareProjects/st-usb/f9xx/firmware/ext/ChibiOS-RT/os/kernel/src/chheap.c"
  28              		.loc 1 75 0
  29              		.cfi_startproc
  30              		@ args = 0, pretend = 0, frame = 0
  31              		@ frame_needed = 0, uses_anonymous_args = 0
  32              		@ link register save eliminated.
  33              		.loc 1 76 0
  34 0000 044B     		ldr	r3, .L2
  35 0002 054A     		ldr	r2, .L2+4
  36 0004 1A60     		str	r2, [r3]
  37              		.loc 1 80 0
  38 0006 03F11000 		add	r0, r3, #16
  39              		.loc 1 77 0
  40 000a 0022     		movs	r2, #0
  41 000c 9A60     		str	r2, [r3, #8]
  42              		.loc 1 78 0
  43 000e DA60     		str	r2, [r3, #12]
  44              		.loc 1 80 0
  45 0010 FFF7FEBF 		b	chMtxInit
  46              	.LVL0:
  47              	.L3:
  48              		.align	2
  49              	.L2:
  50 0014 00000000 		.word	.LANCHOR0
  51 0018 00000000 		.word	chCoreAlloc
  52              		.cfi_endproc
  53              	.LFE7:
  54              		.size	_heap_init, .-_heap_init
  55 001c AFF30080 		.section	.text.chHeapInit,"ax",%progbits
  56              		.align	2
  57              		.p2align 4,,15
ARM GAS  /tmp/ccMGbQPl.s 			page 2


  58              		.global	chHeapInit
  59              		.thumb
  60              		.thumb_func
  61              		.type	chHeapInit, %function
  62              	chHeapInit:
  63              	.LFB8:
  64              		.loc 1 99 0
  65              		.cfi_startproc
  66              		@ args = 0, pretend = 0, frame = 0
  67              		@ frame_needed = 0, uses_anonymous_args = 0
  68              		@ link register save eliminated.
  69              	.LVL1:
  70              		.loc 1 104 0
  71 0000 0023     		movs	r3, #0
  72              		.loc 1 108 0
  73 0002 083A     		subs	r2, r2, #8
  74              	.LVL2:
  75              		.loc 1 105 0
  76 0004 8160     		str	r1, [r0, #8]
  77              		.loc 1 104 0
  78 0006 0360     		str	r3, [r0]
  79              	.LVL3:
  80              		.loc 1 106 0
  81 0008 C360     		str	r3, [r0, #12]
  82              		.loc 1 110 0
  83 000a 1030     		adds	r0, r0, #16
  84              	.LVL4:
  85              		.loc 1 108 0
  86 000c 4A60     		str	r2, [r1, #4]
  87              		.loc 1 107 0
  88 000e 0B60     		str	r3, [r1]
  89              		.loc 1 110 0
  90 0010 FFF7FEBF 		b	chMtxInit
  91              	.LVL5:
  92              		.cfi_endproc
  93              	.LFE8:
  94              		.size	chHeapInit, .-chHeapInit
  95 0014 AFF30080 		.section	.text.chHeapAlloc,"ax",%progbits
  95      AFF30080 
  95      AFF30080 
  96              		.align	2
  97              		.p2align 4,,15
  98              		.global	chHeapAlloc
  99              		.thumb
 100              		.thumb_func
 101              		.type	chHeapAlloc, %function
 102              	chHeapAlloc:
 103              	.LFB9:
 104              		.loc 1 132 0
 105              		.cfi_startproc
 106              		@ args = 0, pretend = 0, frame = 0
 107              		@ frame_needed = 0, uses_anonymous_args = 0
 108              	.LVL6:
 109 0000 F8B5     		push	{r3, r4, r5, r6, r7, lr}
 110              		.cfi_def_cfa_offset 24
 111              		.cfi_offset 3, -24
 112              		.cfi_offset 4, -20
ARM GAS  /tmp/ccMGbQPl.s 			page 3


 113              		.cfi_offset 5, -16
 114              		.cfi_offset 6, -12
 115              		.cfi_offset 7, -8
 116              		.cfi_offset 14, -4
 117              		.loc 1 136 0
 118 0002 1E4E     		ldr	r6, .L21
 119 0004 0028     		cmp	r0, #0
 120 0006 18BF     		it	ne
 121 0008 0646     		movne	r6, r0
 122              	.LVL7:
 123              		.loc 1 138 0
 124 000a 0731     		adds	r1, r1, #7
 125              	.LVL8:
 126              		.loc 1 140 0
 127 000c 06F11000 		add	r0, r6, #16
 128              		.loc 1 138 0
 129 0010 21F00705 		bic	r5, r1, #7
 130              	.LVL9:
 131              		.loc 1 139 0
 132 0014 06F10804 		add	r4, r6, #8
 133              	.LVL10:
 134              		.loc 1 140 0
 135 0018 FFF7FEFF 		bl	chMtxLock
 136              	.LVL11:
 137              		.loc 1 142 0
 138 001c 03E0     		b	.L7
 139              	.LVL12:
 140              	.L12:
 141              		.loc 1 144 0
 142 001e 5A68     		ldr	r2, [r3, #4]
 143 0020 9542     		cmp	r5, r2
 144 0022 11D9     		bls	.L20
 145 0024 1C46     		mov	r4, r3
 146              	.LVL13:
 147              	.L7:
 148              		.loc 1 142 0 discriminator 1
 149 0026 2368     		ldr	r3, [r4]
 150              	.LVL14:
 151 0028 002B     		cmp	r3, #0
 152 002a F8D1     		bne	.L12
 153              		.loc 1 167 0
 154 002c FFF7FEFF 		bl	chMtxUnlock
 155              	.LVL15:
 156              		.loc 1 171 0
 157 0030 3368     		ldr	r3, [r6]
 158 0032 0BB3     		cbz	r3, .L14
 159              		.loc 1 172 0
 160 0034 05F10800 		add	r0, r5, #8
 161 0038 9847     		blx	r3
 162              	.LVL16:
 163              		.loc 1 173 0
 164 003a E8B1     		cbz	r0, .L14
 165              		.loc 1 174 0
 166 003c 0660     		str	r6, [r0]
 167              		.loc 1 175 0
 168 003e 4560     		str	r5, [r0, #4]
 169              	.LVL17:
ARM GAS  /tmp/ccMGbQPl.s 			page 4


 170              		.loc 1 177 0
 171 0040 00F10804 		add	r4, r0, #8
 172              	.LVL18:
 173              	.L11:
 174              		.loc 1 181 0
 175 0044 2046     		mov	r0, r4
 176 0046 F8BD     		pop	{r3, r4, r5, r6, r7, pc}
 177              	.LVL19:
 178              	.L20:
 179              		.loc 1 145 0
 180 0048 05F10801 		add	r1, r5, #8
 181 004c 9142     		cmp	r1, r2
 182 004e 08D9     		bls	.L9
 183              		.loc 1 149 0
 184 0050 1A68     		ldr	r2, [r3]
 185 0052 2260     		str	r2, [r4]
 186              	.L10:
 187              		.loc 1 159 0
 188 0054 1C46     		mov	r4, r3
 189              	.LVL20:
 190 0056 44F8086B 		str	r6, [r4], #8
 191              		.loc 1 161 0
 192 005a FFF7FEFF 		bl	chMtxUnlock
 193              	.LVL21:
 194              		.loc 1 181 0
 195 005e 2046     		mov	r0, r4
 196 0060 F8BD     		pop	{r3, r4, r5, r6, r7, pc}
 197              	.LVL22:
 198              	.L9:
 199              		.loc 1 155 0
 200 0062 6FF00700 		mvn	r0, #7
 201 0066 401B     		subs	r0, r0, r5
 202              		.loc 1 153 0
 203 0068 5F18     		adds	r7, r3, r1
 204              	.LVL23:
 205              		.loc 1 155 0
 206 006a 0244     		add	r2, r2, r0
 207              		.loc 1 154 0
 208 006c 1868     		ldr	r0, [r3]
 209 006e 5850     		str	r0, [r3, r1]
 210              		.loc 1 155 0
 211 0070 7A60     		str	r2, [r7, #4]
 212              		.loc 1 156 0
 213 0072 2760     		str	r7, [r4]
 214              		.loc 1 157 0
 215 0074 5D60     		str	r5, [r3, #4]
 216 0076 EDE7     		b	.L10
 217              	.LVL24:
 218              	.L14:
 219              		.loc 1 180 0
 220 0078 0024     		movs	r4, #0
 221              	.LVL25:
 222 007a E3E7     		b	.L11
 223              	.L22:
 224              		.align	2
 225              	.L21:
 226 007c 00000000 		.word	.LANCHOR0
ARM GAS  /tmp/ccMGbQPl.s 			page 5


 227              		.cfi_endproc
 228              	.LFE9:
 229              		.size	chHeapAlloc, .-chHeapAlloc
 230              		.section	.text.chHeapFree,"ax",%progbits
 231              		.align	2
 232              		.p2align 4,,15
 233              		.global	chHeapFree
 234              		.thumb
 235              		.thumb_func
 236              		.type	chHeapFree, %function
 237              	chHeapFree:
 238              	.LFB10:
 239              		.loc 1 194 0
 240              		.cfi_startproc
 241              		@ args = 0, pretend = 0, frame = 0
 242              		@ frame_needed = 0, uses_anonymous_args = 0
 243              	.LVL26:
 244 0000 70B5     		push	{r4, r5, r6, lr}
 245              		.cfi_def_cfa_offset 16
 246              		.cfi_offset 4, -16
 247              		.cfi_offset 5, -12
 248              		.cfi_offset 6, -8
 249              		.cfi_offset 14, -4
 250              		.loc 1 194 0
 251 0002 0646     		mov	r6, r0
 252              		.loc 1 200 0
 253 0004 A0F10804 		sub	r4, r0, #8
 254              	.LVL27:
 255              		.loc 1 201 0
 256 0008 50F8080C 		ldr	r0, [r0, #-8]
 257              	.LVL28:
 258              		.loc 1 202 0
 259 000c 00F10805 		add	r5, r0, #8
 260              	.LVL29:
 261              		.loc 1 203 0
 262 0010 1030     		adds	r0, r0, #16
 263              	.LVL30:
 264 0012 FFF7FEFF 		bl	chMtxLock
 265              	.LVL31:
 266              		.loc 1 202 0
 267 0016 2B46     		mov	r3, r5
 268              	.LVL32:
 269              	.L30:
 270              		.loc 1 210 0
 271 0018 AB42     		cmp	r3, r5
 272 001a 04D0     		beq	.L24
 273              	.L35:
 274              		.loc 1 210 0 is_stmt 0 discriminator 2
 275 001c A342     		cmp	r3, r4
 276 001e 02D3     		bcc	.L24
 277 0020 1B68     		ldr	r3, [r3]
 278              	.LVL33:
 279              		.loc 1 210 0
 280 0022 AB42     		cmp	r3, r5
 281 0024 FAD1     		bne	.L35
 282              	.L24:
 283              		.loc 1 211 0 is_stmt 1 discriminator 1
ARM GAS  /tmp/ccMGbQPl.s 			page 6


 284 0026 1A68     		ldr	r2, [r3]
 285              		.loc 1 210 0 discriminator 1
 286 0028 1AB1     		cbz	r2, .L26
 287              		.loc 1 211 0
 288 002a 9442     		cmp	r4, r2
 289 002c 01D3     		bcc	.L26
 290 002e 1346     		mov	r3, r2
 291              	.LVL34:
 292              		.loc 1 229 0
 293 0030 F2E7     		b	.L30
 294              	.LVL35:
 295              	.L26:
 296              		.loc 1 216 0
 297 0032 56F8041C 		ldr	r1, [r6, #-4]
 298              		.loc 1 213 0
 299 0036 46F8082C 		str	r2, [r6, #-8]
 300              		.loc 1 214 0
 301 003a 1C60     		str	r4, [r3]
 302              		.loc 1 216 0
 303 003c 01F10802 		add	r2, r1, #8
 304 0040 56F8085C 		ldr	r5, [r6, #-8]
 305              	.LVL36:
 306 0044 A018     		adds	r0, r4, r2
 307 0046 A842     		cmp	r0, r5
 308 0048 09D0     		beq	.L36
 309              		.loc 1 221 0
 310 004a 5A68     		ldr	r2, [r3, #4]
 311 004c 02F10801 		add	r1, r2, #8
 312 0050 1944     		add	r1, r1, r3
 313 0052 8C42     		cmp	r4, r1
 314 0054 11D0     		beq	.L37
 315              	.L29:
 316              		.loc 1 233 0
 317 0056 BDE87040 		pop	{r4, r5, r6, lr}
 318              	.LVL37:
 319              		.loc 1 231 0
 320 005a FFF7FEBF 		b	chMtxUnlock
 321              	.LVL38:
 322              	.L36:
 323              		.loc 1 218 0
 324 005e 4068     		ldr	r0, [r0, #4]
 325              		.loc 1 219 0
 326 0060 A258     		ldr	r2, [r4, r2]
 327 0062 46F8082C 		str	r2, [r6, #-8]
 328              		.loc 1 218 0
 329 0066 0A18     		adds	r2, r1, r0
 330 0068 0832     		adds	r2, r2, #8
 331 006a 46F8042C 		str	r2, [r6, #-4]
 332              		.loc 1 221 0
 333 006e 5A68     		ldr	r2, [r3, #4]
 334 0070 02F10801 		add	r1, r2, #8
 335 0074 1944     		add	r1, r1, r3
 336 0076 8C42     		cmp	r4, r1
 337 0078 EDD1     		bne	.L29
 338              	.L37:
 339              		.loc 1 223 0
 340 007a 56F8040C 		ldr	r0, [r6, #-4]
ARM GAS  /tmp/ccMGbQPl.s 			page 7


 341              		.loc 1 224 0
 342 007e 56F8081C 		ldr	r1, [r6, #-8]
 343 0082 1960     		str	r1, [r3]
 344              		.loc 1 223 0
 345 0084 0244     		add	r2, r2, r0
 346 0086 0832     		adds	r2, r2, #8
 347 0088 5A60     		str	r2, [r3, #4]
 348              		.loc 1 233 0
 349 008a BDE87040 		pop	{r4, r5, r6, lr}
 350              	.LVL39:
 351              		.loc 1 231 0
 352 008e FFF7FEBF 		b	chMtxUnlock
 353              	.LVL40:
 354              		.cfi_endproc
 355              	.LFE10:
 356              		.size	chHeapFree, .-chHeapFree
 357 0092 00BFAFF3 		.section	.text.chHeapStatus,"ax",%progbits
 357      0080AFF3 
 357      0080AFF3 
 357      0080
 358              		.align	2
 359              		.p2align 4,,15
 360              		.global	chHeapStatus
 361              		.thumb
 362              		.thumb_func
 363              		.type	chHeapStatus, %function
 364              	chHeapStatus:
 365              	.LFB11:
 366              		.loc 1 250 0
 367              		.cfi_startproc
 368              		@ args = 0, pretend = 0, frame = 0
 369              		@ frame_needed = 0, uses_anonymous_args = 0
 370              	.LVL41:
 371 0000 38B5     		push	{r3, r4, r5, lr}
 372              		.cfi_def_cfa_offset 16
 373              		.cfi_offset 3, -16
 374              		.cfi_offset 4, -12
 375              		.cfi_offset 5, -8
 376              		.cfi_offset 14, -4
 377              		.loc 1 255 0
 378 0002 0E4C     		ldr	r4, .L51
 379 0004 0028     		cmp	r0, #0
 380 0006 18BF     		it	ne
 381 0008 0446     		movne	r4, r0
 382              	.LVL42:
 383              		.loc 1 257 0
 384 000a 04F11000 		add	r0, r4, #16
 385              		.loc 1 250 0
 386 000e 0D46     		mov	r5, r1
 387              		.loc 1 257 0
 388 0010 FFF7FEFF 		bl	chMtxLock
 389              	.LVL43:
 390              		.loc 1 260 0
 391 0014 A368     		ldr	r3, [r4, #8]
 392 0016 6BB1     		cbz	r3, .L44
 393              		.loc 1 259 0
 394 0018 0022     		movs	r2, #0
ARM GAS  /tmp/ccMGbQPl.s 			page 8


 395              		.loc 1 260 0
 396 001a 1446     		mov	r4, r2
 397              	.LVL44:
 398              	.L41:
 399              		.loc 1 261 0 discriminator 2
 400 001c 5868     		ldr	r0, [r3, #4]
 401              		.loc 1 260 0 discriminator 2
 402 001e 1B68     		ldr	r3, [r3]
 403 0020 0134     		adds	r4, r4, #1
 404              	.LVL45:
 405              		.loc 1 261 0 discriminator 2
 406 0022 0244     		add	r2, r2, r0
 407              	.LVL46:
 408              		.loc 1 260 0 discriminator 2
 409 0024 002B     		cmp	r3, #0
 410 0026 F9D1     		bne	.L41
 411              	.LVL47:
 412              	.L40:
 413              		.loc 1 262 0
 414 0028 05B1     		cbz	r5, .L42
 415              		.loc 1 263 0
 416 002a 2A60     		str	r2, [r5]
 417              	.L42:
 418              		.loc 1 265 0
 419 002c FFF7FEFF 		bl	chMtxUnlock
 420              	.LVL48:
 421              		.loc 1 267 0
 422 0030 2046     		mov	r0, r4
 423 0032 38BD     		pop	{r3, r4, r5, pc}
 424              	.LVL49:
 425              	.L44:
 426              		.loc 1 259 0
 427 0034 1A46     		mov	r2, r3
 428              		.loc 1 260 0
 429 0036 1C46     		mov	r4, r3
 430              	.LVL50:
 431 0038 F6E7     		b	.L40
 432              	.L52:
 433 003a 00BF     		.align	2
 434              	.L51:
 435 003c 00000000 		.word	.LANCHOR0
 436              		.cfi_endproc
 437              	.LFE11:
 438              		.size	chHeapStatus, .-chHeapStatus
 439              		.section	.bss.default_heap,"aw",%nobits
 440              		.align	3
 441              		.set	.LANCHOR0,. + 0
 442              		.type	default_heap, %object
 443              		.size	default_heap, 32
 444              	default_heap:
 445 0000 00000000 		.space	32
 445      00000000 
 445      00000000 
 445      00000000 
 445      00000000 
 446              		.text
 447              	.Letext0:
ARM GAS  /tmp/ccMGbQPl.s 			page 9


 448              		.file 2 "/home/marco/SoftwareProjects/st-usb/tools/gcc-arm-none-eabi-4_8-2014q2/lib/gcc/arm-none-e
 449              		.file 3 "/home/marco/SoftwareProjects/st-usb/tools/gcc-arm-none-eabi-4_8-2014q2/arm-none-eabi/incl
 450              		.file 4 "/home/marco/SoftwareProjects/st-usb/tools/gcc-arm-none-eabi-4_8-2014q2/arm-none-eabi/incl
 451              		.file 5 "/home/marco/SoftwareProjects/st-usb/f9xx/firmware/ext/ChibiOS-RT/os/ports/GCC/ARMCMx/chty
 452              		.file 6 "/home/marco/SoftwareProjects/st-usb/f9xx/firmware/ext/ChibiOS-RT/os/kernel/include/chlist
 453              		.file 7 "/home/marco/SoftwareProjects/st-usb/f9xx/firmware/ext/ChibiOS-RT/os/kernel/include/chthre
 454              		.file 8 "/home/marco/SoftwareProjects/st-usb/f9xx/firmware/ext/ChibiOS-RT/os/ports/GCC/ARMCMx/chco
 455              		.file 9 "/home/marco/SoftwareProjects/st-usb/f9xx/firmware/ext/ChibiOS-RT/os/kernel/include/chmtx.
 456              		.file 10 "/home/marco/SoftwareProjects/st-usb/f9xx/firmware/ext/ChibiOS-RT/os/kernel/include/chmem
 457              		.file 11 "/home/marco/SoftwareProjects/st-usb/f9xx/firmware/ext/ChibiOS-RT/os/kernel/include/chhea
 458              		.section	.debug_info,"",%progbits
 459              	.Ldebug_info0:
 460 0000 F2060000 		.4byte	0x6f2
 461 0004 0400     		.2byte	0x4
 462 0006 00000000 		.4byte	.Ldebug_abbrev0
 463 000a 04       		.byte	0x4
 464 000b 01       		.uleb128 0x1
 465 000c DA020000 		.4byte	.LASF83
 466 0010 01       		.byte	0x1
 467 0011 37020000 		.4byte	.LASF84
 468 0015 00000000 		.4byte	.Ldebug_ranges0+0
 469 0019 00000000 		.4byte	0
 470 001d 00000000 		.4byte	.Ldebug_line0
 471 0021 02       		.uleb128 0x2
 472 0022 04       		.byte	0x4
 473 0023 05       		.byte	0x5
 474 0024 696E7400 		.ascii	"int\000"
 475 0028 03       		.uleb128 0x3
 476 0029 06000000 		.4byte	.LASF2
 477 002d 02       		.byte	0x2
 478 002e D4       		.byte	0xd4
 479 002f 33000000 		.4byte	0x33
 480 0033 04       		.uleb128 0x4
 481 0034 04       		.byte	0x4
 482 0035 07       		.byte	0x7
 483 0036 FD000000 		.4byte	.LASF0
 484 003a 04       		.uleb128 0x4
 485 003b 01       		.byte	0x1
 486 003c 06       		.byte	0x6
 487 003d 92000000 		.4byte	.LASF1
 488 0041 03       		.uleb128 0x3
 489 0042 1D000000 		.4byte	.LASF3
 490 0046 03       		.byte	0x3
 491 0047 1C       		.byte	0x1c
 492 0048 4C000000 		.4byte	0x4c
 493 004c 04       		.uleb128 0x4
 494 004d 01       		.byte	0x1
 495 004e 08       		.byte	0x8
 496 004f D6010000 		.4byte	.LASF4
 497 0053 04       		.uleb128 0x4
 498 0054 02       		.byte	0x2
 499 0055 05       		.byte	0x5
 500 0056 F9010000 		.4byte	.LASF5
 501 005a 04       		.uleb128 0x4
 502 005b 02       		.byte	0x2
 503 005c 07       		.byte	0x7
 504 005d 29010000 		.4byte	.LASF6
ARM GAS  /tmp/ccMGbQPl.s 			page 10


 505 0061 03       		.uleb128 0x3
 506 0062 D0030000 		.4byte	.LASF7
 507 0066 03       		.byte	0x3
 508 0067 37       		.byte	0x37
 509 0068 6C000000 		.4byte	0x6c
 510 006c 04       		.uleb128 0x4
 511 006d 04       		.byte	0x4
 512 006e 05       		.byte	0x5
 513 006f C9000000 		.4byte	.LASF8
 514 0073 03       		.uleb128 0x3
 515 0074 E3000000 		.4byte	.LASF9
 516 0078 03       		.byte	0x3
 517 0079 38       		.byte	0x38
 518 007a 7E000000 		.4byte	0x7e
 519 007e 04       		.uleb128 0x4
 520 007f 04       		.byte	0x4
 521 0080 07       		.byte	0x7
 522 0081 0A010000 		.4byte	.LASF10
 523 0085 04       		.uleb128 0x4
 524 0086 08       		.byte	0x8
 525 0087 05       		.byte	0x5
 526 0088 84000000 		.4byte	.LASF11
 527 008c 03       		.uleb128 0x3
 528 008d A6010000 		.4byte	.LASF12
 529 0091 03       		.byte	0x3
 530 0092 4E       		.byte	0x4e
 531 0093 97000000 		.4byte	0x97
 532 0097 04       		.uleb128 0x4
 533 0098 08       		.byte	0x8
 534 0099 07       		.byte	0x7
 535 009a 34000000 		.4byte	.LASF13
 536 009e 03       		.uleb128 0x3
 537 009f 04040000 		.4byte	.LASF14
 538 00a3 04       		.byte	0x4
 539 00a4 2A       		.byte	0x2a
 540 00a5 41000000 		.4byte	0x41
 541 00a9 03       		.uleb128 0x3
 542 00aa CE010000 		.4byte	.LASF15
 543 00ae 04       		.byte	0x4
 544 00af 41       		.byte	0x41
 545 00b0 61000000 		.4byte	0x61
 546 00b4 03       		.uleb128 0x3
 547 00b5 AD020000 		.4byte	.LASF16
 548 00b9 04       		.byte	0x4
 549 00ba 42       		.byte	0x42
 550 00bb 73000000 		.4byte	0x73
 551 00bf 03       		.uleb128 0x3
 552 00c0 14000000 		.4byte	.LASF17
 553 00c4 04       		.byte	0x4
 554 00c5 4E       		.byte	0x4e
 555 00c6 8C000000 		.4byte	0x8c
 556 00ca 04       		.uleb128 0x4
 557 00cb 01       		.byte	0x1
 558 00cc 02       		.byte	0x2
 559 00cd C8010000 		.4byte	.LASF18
 560 00d1 03       		.uleb128 0x3
 561 00d2 42010000 		.4byte	.LASF19
ARM GAS  /tmp/ccMGbQPl.s 			page 11


 562 00d6 05       		.byte	0x5
 563 00d7 2C       		.byte	0x2c
 564 00d8 9E000000 		.4byte	0x9e
 565 00dc 03       		.uleb128 0x3
 566 00dd D2000000 		.4byte	.LASF20
 567 00e1 05       		.byte	0x5
 568 00e2 2D       		.byte	0x2d
 569 00e3 9E000000 		.4byte	0x9e
 570 00e7 03       		.uleb128 0x3
 571 00e8 B1010000 		.4byte	.LASF21
 572 00ec 05       		.byte	0x5
 573 00ed 2E       		.byte	0x2e
 574 00ee 9E000000 		.4byte	0x9e
 575 00f2 03       		.uleb128 0x3
 576 00f3 BF000000 		.4byte	.LASF22
 577 00f7 05       		.byte	0x5
 578 00f8 2F       		.byte	0x2f
 579 00f9 9E000000 		.4byte	0x9e
 580 00fd 03       		.uleb128 0x3
 581 00fe C0010000 		.4byte	.LASF23
 582 0102 05       		.byte	0x5
 583 0103 30       		.byte	0x30
 584 0104 B4000000 		.4byte	0xb4
 585 0108 03       		.uleb128 0x3
 586 0109 3C010000 		.4byte	.LASF24
 587 010d 05       		.byte	0x5
 588 010e 31       		.byte	0x31
 589 010f A9000000 		.4byte	0xa9
 590 0113 03       		.uleb128 0x3
 591 0114 56010000 		.4byte	.LASF25
 592 0118 05       		.byte	0x5
 593 0119 33       		.byte	0x33
 594 011a B4000000 		.4byte	0xb4
 595 011e 03       		.uleb128 0x3
 596 011f BB030000 		.4byte	.LASF26
 597 0123 05       		.byte	0x5
 598 0124 35       		.byte	0x35
 599 0125 B4000000 		.4byte	0xb4
 600 0129 03       		.uleb128 0x3
 601 012a 8F020000 		.4byte	.LASF27
 602 012e 06       		.byte	0x6
 603 012f 2A       		.byte	0x2a
 604 0130 34010000 		.4byte	0x134
 605 0134 05       		.uleb128 0x5
 606 0135 8F020000 		.4byte	.LASF27
 607 0139 48       		.byte	0x48
 608 013a 07       		.byte	0x7
 609 013b 5E       		.byte	0x5e
 610 013c 31020000 		.4byte	0x231
 611 0140 06       		.uleb128 0x6
 612 0141 28020000 		.4byte	.LASF28
 613 0145 07       		.byte	0x7
 614 0146 5F       		.byte	0x5f
 615 0147 52020000 		.4byte	0x252
 616 014b 00       		.byte	0
 617 014c 06       		.uleb128 0x6
 618 014d B9010000 		.4byte	.LASF29
ARM GAS  /tmp/ccMGbQPl.s 			page 12


 619 0151 07       		.byte	0x7
 620 0152 61       		.byte	0x61
 621 0153 52020000 		.4byte	0x252
 622 0157 04       		.byte	0x4
 623 0158 06       		.uleb128 0x6
 624 0159 7D000000 		.4byte	.LASF30
 625 015d 07       		.byte	0x7
 626 015e 63       		.byte	0x63
 627 015f FD000000 		.4byte	0xfd
 628 0163 08       		.byte	0x8
 629 0164 06       		.uleb128 0x6
 630 0165 33040000 		.4byte	.LASF31
 631 0169 07       		.byte	0x7
 632 016a 64       		.byte	0x64
 633 016b 17030000 		.4byte	0x317
 634 016f 0C       		.byte	0xc
 635 0170 06       		.uleb128 0x6
 636 0171 DB000000 		.4byte	.LASF32
 637 0175 07       		.byte	0x7
 638 0176 66       		.byte	0x66
 639 0177 52020000 		.4byte	0x252
 640 017b 10       		.byte	0x10
 641 017c 06       		.uleb128 0x6
 642 017d 86010000 		.4byte	.LASF33
 643 0181 07       		.byte	0x7
 644 0182 67       		.byte	0x67
 645 0183 52020000 		.4byte	0x252
 646 0187 14       		.byte	0x14
 647 0188 06       		.uleb128 0x6
 648 0189 19040000 		.4byte	.LASF34
 649 018d 07       		.byte	0x7
 650 018e 6E       		.byte	0x6e
 651 018f 82040000 		.4byte	0x482
 652 0193 18       		.byte	0x18
 653 0194 06       		.uleb128 0x6
 654 0195 03020000 		.4byte	.LASF35
 655 0199 07       		.byte	0x7
 656 019a 79       		.byte	0x79
 657 019b DC000000 		.4byte	0xdc
 658 019f 1C       		.byte	0x1c
 659 01a0 06       		.uleb128 0x6
 660 01a1 2F020000 		.4byte	.LASF36
 661 01a5 07       		.byte	0x7
 662 01a6 7D       		.byte	0x7d
 663 01a7 D1000000 		.4byte	0xd1
 664 01ab 1D       		.byte	0x1d
 665 01ac 06       		.uleb128 0x6
 666 01ad FD030000 		.4byte	.LASF37
 667 01b1 07       		.byte	0x7
 668 01b2 82       		.byte	0x82
 669 01b3 E7000000 		.4byte	0xe7
 670 01b7 1E       		.byte	0x1e
 671 01b8 06       		.uleb128 0x6
 672 01b9 0B020000 		.4byte	.LASF38
 673 01bd 07       		.byte	0x7
 674 01be 88       		.byte	0x88
 675 01bf F2000000 		.4byte	0xf2
ARM GAS  /tmp/ccMGbQPl.s 			page 13


 676 01c3 1F       		.byte	0x1f
 677 01c4 06       		.uleb128 0x6
 678 01c5 DA030000 		.4byte	.LASF39
 679 01c9 07       		.byte	0x7
 680 01ca 8F       		.byte	0x8f
 681 01cb 3F030000 		.4byte	0x33f
 682 01cf 20       		.byte	0x20
 683 01d0 07       		.uleb128 0x7
 684 01d1 705F7500 		.ascii	"p_u\000"
 685 01d5 07       		.byte	0x7
 686 01d6 B4       		.byte	0xb4
 687 01d7 4D040000 		.4byte	0x44d
 688 01db 24       		.byte	0x24
 689 01dc 06       		.uleb128 0x6
 690 01dd 39040000 		.4byte	.LASF40
 691 01e1 07       		.byte	0x7
 692 01e2 B9       		.byte	0xb9
 693 01e3 78020000 		.4byte	0x278
 694 01e7 28       		.byte	0x28
 695 01e8 06       		.uleb128 0x6
 696 01e9 E8030000 		.4byte	.LASF41
 697 01ed 07       		.byte	0x7
 698 01ee BF       		.byte	0xbf
 699 01ef 58020000 		.4byte	0x258
 700 01f3 2C       		.byte	0x2c
 701 01f4 06       		.uleb128 0x6
 702 01f5 00000000 		.4byte	.LASF42
 703 01f9 07       		.byte	0x7
 704 01fa C3       		.byte	0xc3
 705 01fb 08010000 		.4byte	0x108
 706 01ff 34       		.byte	0x34
 707 0200 06       		.uleb128 0x6
 708 0201 A2020000 		.4byte	.LASF43
 709 0205 07       		.byte	0x7
 710 0206 C9       		.byte	0xc9
 711 0207 13010000 		.4byte	0x113
 712 020b 38       		.byte	0x38
 713 020c 06       		.uleb128 0x6
 714 020d EF010000 		.4byte	.LASF44
 715 0211 07       		.byte	0x7
 716 0212 D0       		.byte	0xd0
 717 0213 94040000 		.4byte	0x494
 718 0217 3C       		.byte	0x3c
 719 0218 06       		.uleb128 0x6
 720 0219 C5030000 		.4byte	.LASF45
 721 021d 07       		.byte	0x7
 722 021e D4       		.byte	0xd4
 723 021f FD000000 		.4byte	0xfd
 724 0223 40       		.byte	0x40
 725 0224 06       		.uleb128 0x6
 726 0225 A4000000 		.4byte	.LASF46
 727 0229 07       		.byte	0x7
 728 022a DA       		.byte	0xda
 729 022b 8E020000 		.4byte	0x28e
 730 022f 44       		.byte	0x44
 731 0230 00       		.byte	0
 732 0231 08       		.uleb128 0x8
ARM GAS  /tmp/ccMGbQPl.s 			page 14


 733 0232 08       		.byte	0x8
 734 0233 06       		.byte	0x6
 735 0234 61       		.byte	0x61
 736 0235 52020000 		.4byte	0x252
 737 0239 06       		.uleb128 0x6
 738 023a 28020000 		.4byte	.LASF28
 739 023e 06       		.byte	0x6
 740 023f 62       		.byte	0x62
 741 0240 52020000 		.4byte	0x252
 742 0244 00       		.byte	0
 743 0245 06       		.uleb128 0x6
 744 0246 B9010000 		.4byte	.LASF29
 745 024a 06       		.byte	0x6
 746 024b 64       		.byte	0x64
 747 024c 52020000 		.4byte	0x252
 748 0250 04       		.byte	0x4
 749 0251 00       		.byte	0
 750 0252 09       		.uleb128 0x9
 751 0253 04       		.byte	0x4
 752 0254 29010000 		.4byte	0x129
 753 0258 03       		.uleb128 0x3
 754 0259 8E010000 		.4byte	.LASF47
 755 025d 06       		.byte	0x6
 756 025e 66       		.byte	0x66
 757 025f 31020000 		.4byte	0x231
 758 0263 08       		.uleb128 0x8
 759 0264 04       		.byte	0x4
 760 0265 06       		.byte	0x6
 761 0266 6B       		.byte	0x6b
 762 0267 78020000 		.4byte	0x278
 763 026b 06       		.uleb128 0x6
 764 026c 28020000 		.4byte	.LASF28
 765 0270 06       		.byte	0x6
 766 0271 6D       		.byte	0x6d
 767 0272 52020000 		.4byte	0x252
 768 0276 00       		.byte	0
 769 0277 00       		.byte	0
 770 0278 03       		.uleb128 0x3
 771 0279 4A010000 		.4byte	.LASF48
 772 027d 06       		.byte	0x6
 773 027e 70       		.byte	0x70
 774 027f 63020000 		.4byte	0x263
 775 0283 03       		.uleb128 0x3
 776 0284 EE000000 		.4byte	.LASF49
 777 0288 08       		.byte	0x8
 778 0289 E5       		.byte	0xe5
 779 028a 8E020000 		.4byte	0x28e
 780 028e 0A       		.uleb128 0xa
 781 028f 04       		.byte	0x4
 782 0290 03       		.uleb128 0x3
 783 0291 68010000 		.4byte	.LASF50
 784 0295 08       		.byte	0x8
 785 0296 EB       		.byte	0xeb
 786 0297 BF000000 		.4byte	0xbf
 787 029b 0B       		.uleb128 0xb
 788 029c E1030000 		.4byte	.LASF51
 789 02a0 24       		.byte	0x24
ARM GAS  /tmp/ccMGbQPl.s 			page 15


 790 02a1 08       		.byte	0x8
 791 02a2 0C01     		.2byte	0x10c
 792 02a4 17030000 		.4byte	0x317
 793 02a8 0C       		.uleb128 0xc
 794 02a9 723400   		.ascii	"r4\000"
 795 02ac 08       		.byte	0x8
 796 02ad 1F01     		.2byte	0x11f
 797 02af 83020000 		.4byte	0x283
 798 02b3 00       		.byte	0
 799 02b4 0C       		.uleb128 0xc
 800 02b5 723500   		.ascii	"r5\000"
 801 02b8 08       		.byte	0x8
 802 02b9 2001     		.2byte	0x120
 803 02bb 83020000 		.4byte	0x283
 804 02bf 04       		.byte	0x4
 805 02c0 0C       		.uleb128 0xc
 806 02c1 723600   		.ascii	"r6\000"
 807 02c4 08       		.byte	0x8
 808 02c5 2101     		.2byte	0x121
 809 02c7 83020000 		.4byte	0x283
 810 02cb 08       		.byte	0x8
 811 02cc 0C       		.uleb128 0xc
 812 02cd 723700   		.ascii	"r7\000"
 813 02d0 08       		.byte	0x8
 814 02d1 2201     		.2byte	0x122
 815 02d3 83020000 		.4byte	0x283
 816 02d7 0C       		.byte	0xc
 817 02d8 0C       		.uleb128 0xc
 818 02d9 723800   		.ascii	"r8\000"
 819 02dc 08       		.byte	0x8
 820 02dd 2301     		.2byte	0x123
 821 02df 83020000 		.4byte	0x283
 822 02e3 10       		.byte	0x10
 823 02e4 0C       		.uleb128 0xc
 824 02e5 723900   		.ascii	"r9\000"
 825 02e8 08       		.byte	0x8
 826 02e9 2401     		.2byte	0x124
 827 02eb 83020000 		.4byte	0x283
 828 02ef 14       		.byte	0x14
 829 02f0 0C       		.uleb128 0xc
 830 02f1 72313000 		.ascii	"r10\000"
 831 02f5 08       		.byte	0x8
 832 02f6 2501     		.2byte	0x125
 833 02f8 83020000 		.4byte	0x283
 834 02fc 18       		.byte	0x18
 835 02fd 0C       		.uleb128 0xc
 836 02fe 72313100 		.ascii	"r11\000"
 837 0302 08       		.byte	0x8
 838 0303 2601     		.2byte	0x126
 839 0305 83020000 		.4byte	0x283
 840 0309 1C       		.byte	0x1c
 841 030a 0C       		.uleb128 0xc
 842 030b 6C7200   		.ascii	"lr\000"
 843 030e 08       		.byte	0x8
 844 030f 2701     		.2byte	0x127
 845 0311 83020000 		.4byte	0x283
 846 0315 20       		.byte	0x20
ARM GAS  /tmp/ccMGbQPl.s 			page 16


 847 0316 00       		.byte	0
 848 0317 0B       		.uleb128 0xb
 849 0318 1C010000 		.4byte	.LASF52
 850 031c 04       		.byte	0x4
 851 031d 08       		.byte	0x8
 852 031e 3101     		.2byte	0x131
 853 0320 32030000 		.4byte	0x332
 854 0324 0C       		.uleb128 0xc
 855 0325 72313300 		.ascii	"r13\000"
 856 0329 08       		.byte	0x8
 857 032a 3201     		.2byte	0x132
 858 032c 32030000 		.4byte	0x332
 859 0330 00       		.byte	0
 860 0331 00       		.byte	0
 861 0332 09       		.uleb128 0x9
 862 0333 04       		.byte	0x4
 863 0334 9B020000 		.4byte	0x29b
 864 0338 04       		.uleb128 0x4
 865 0339 04       		.byte	0x4
 866 033a 07       		.byte	0x7
 867 033b 73010000 		.4byte	.LASF53
 868 033f 0D       		.uleb128 0xd
 869 0340 1E010000 		.4byte	0x11e
 870 0344 05       		.uleb128 0x5
 871 0345 62010000 		.4byte	.LASF54
 872 0349 10       		.byte	0x10
 873 034a 09       		.byte	0x9
 874 034b 2C       		.byte	0x2c
 875 034c 75030000 		.4byte	0x375
 876 0350 06       		.uleb128 0x6
 877 0351 AC000000 		.4byte	.LASF55
 878 0355 09       		.byte	0x9
 879 0356 2D       		.byte	0x2d
 880 0357 58020000 		.4byte	0x258
 881 035b 00       		.byte	0
 882 035c 06       		.uleb128 0x6
 883 035d 2B040000 		.4byte	.LASF56
 884 0361 09       		.byte	0x9
 885 0362 2F       		.byte	0x2f
 886 0363 52020000 		.4byte	0x252
 887 0367 08       		.byte	0x8
 888 0368 06       		.uleb128 0x6
 889 0369 B4030000 		.4byte	.LASF57
 890 036d 09       		.byte	0x9
 891 036e 31       		.byte	0x31
 892 036f 75030000 		.4byte	0x375
 893 0373 0C       		.byte	0xc
 894 0374 00       		.byte	0
 895 0375 09       		.uleb128 0x9
 896 0376 04       		.byte	0x4
 897 0377 44030000 		.4byte	0x344
 898 037b 03       		.uleb128 0x3
 899 037c 62010000 		.4byte	.LASF54
 900 0380 09       		.byte	0x9
 901 0381 33       		.byte	0x33
 902 0382 44030000 		.4byte	0x344
 903 0386 03       		.uleb128 0x3
ARM GAS  /tmp/ccMGbQPl.s 			page 17


 904 0387 27000000 		.4byte	.LASF58
 905 038b 0A       		.byte	0xa
 906 038c 2C       		.byte	0x2c
 907 038d 91030000 		.4byte	0x391
 908 0391 09       		.uleb128 0x9
 909 0392 04       		.byte	0x4
 910 0393 97030000 		.4byte	0x397
 911 0397 0E       		.uleb128 0xe
 912 0398 8E020000 		.4byte	0x28e
 913 039c A6030000 		.4byte	0x3a6
 914 03a0 0F       		.uleb128 0xf
 915 03a1 28000000 		.4byte	0x28
 916 03a5 00       		.byte	0
 917 03a6 03       		.uleb128 0x3
 918 03a7 9B010000 		.4byte	.LASF59
 919 03ab 0B       		.byte	0xb
 920 03ac 34       		.byte	0x34
 921 03ad B1030000 		.4byte	0x3b1
 922 03b1 05       		.uleb128 0x5
 923 03b2 43040000 		.4byte	.LASF60
 924 03b6 20       		.byte	0x20
 925 03b7 0B       		.byte	0xb
 926 03b8 47       		.byte	0x47
 927 03b9 E2030000 		.4byte	0x3e2
 928 03bd 06       		.uleb128 0x6
 929 03be E4010000 		.4byte	.LASF61
 930 03c2 0B       		.byte	0xb
 931 03c3 48       		.byte	0x48
 932 03c4 86030000 		.4byte	0x386
 933 03c8 00       		.byte	0
 934 03c9 06       		.uleb128 0x6
 935 03ca 54000000 		.4byte	.LASF62
 936 03ce 0B       		.byte	0xb
 937 03cf 4A       		.byte	0x4a
 938 03d0 01040000 		.4byte	0x401
 939 03d4 08       		.byte	0x8
 940 03d5 06       		.uleb128 0x6
 941 03d6 9E000000 		.4byte	.LASF63
 942 03da 0B       		.byte	0xb
 943 03db 4C       		.byte	0x4c
 944 03dc 7B030000 		.4byte	0x37b
 945 03e0 10       		.byte	0x10
 946 03e1 00       		.byte	0
 947 03e2 10       		.uleb128 0x10
 948 03e3 04       		.byte	0x4
 949 03e4 0B       		.byte	0xb
 950 03e5 3C       		.byte	0x3c
 951 03e6 01040000 		.4byte	0x401
 952 03ea 11       		.uleb128 0x11
 953 03eb 78000000 		.4byte	.LASF64
 954 03ef 0B       		.byte	0xb
 955 03f0 3D       		.byte	0x3d
 956 03f1 22040000 		.4byte	0x422
 957 03f5 11       		.uleb128 0x11
 958 03f6 B6020000 		.4byte	.LASF65
 959 03fa 0B       		.byte	0xb
 960 03fb 3E       		.byte	0x3e
ARM GAS  /tmp/ccMGbQPl.s 			page 18


 961 03fc 28040000 		.4byte	0x428
 962 0400 00       		.byte	0
 963 0401 12       		.uleb128 0x12
 964 0402 15020000 		.4byte	.LASF85
 965 0406 08       		.byte	0x8
 966 0407 0B       		.byte	0xb
 967 0408 39       		.byte	0x39
 968 0409 22040000 		.4byte	0x422
 969 040d 11       		.uleb128 0x11
 970 040e F7000000 		.4byte	.LASF66
 971 0412 0B       		.byte	0xb
 972 0413 3A       		.byte	0x3a
 973 0414 90020000 		.4byte	0x290
 974 0418 13       		.uleb128 0x13
 975 0419 6800     		.ascii	"h\000"
 976 041b 0B       		.byte	0xb
 977 041c 41       		.byte	0x41
 978 041d 2E040000 		.4byte	0x42e
 979 0421 00       		.byte	0
 980 0422 09       		.uleb128 0x9
 981 0423 04       		.byte	0x4
 982 0424 01040000 		.4byte	0x401
 983 0428 09       		.uleb128 0x9
 984 0429 04       		.byte	0x4
 985 042a A6030000 		.4byte	0x3a6
 986 042e 08       		.uleb128 0x8
 987 042f 08       		.byte	0x8
 988 0430 0B       		.byte	0xb
 989 0431 3B       		.byte	0x3b
 990 0432 4D040000 		.4byte	0x44d
 991 0436 07       		.uleb128 0x7
 992 0437 7500     		.ascii	"u\000"
 993 0439 0B       		.byte	0xb
 994 043a 3F       		.byte	0x3f
 995 043b E2030000 		.4byte	0x3e2
 996 043f 00       		.byte	0
 997 0440 06       		.uleb128 0x6
 998 0441 24010000 		.4byte	.LASF67
 999 0445 0B       		.byte	0xb
 1000 0446 40       		.byte	0x40
 1001 0447 28000000 		.4byte	0x28
 1002 044b 04       		.byte	0x4
 1003 044c 00       		.byte	0
 1004 044d 10       		.uleb128 0x10
 1005 044e 04       		.byte	0x4
 1006 044f 07       		.byte	0x7
 1007 0450 96       		.byte	0x96
 1008 0451 82040000 		.4byte	0x482
 1009 0455 11       		.uleb128 0x11
 1010 0456 0D000000 		.4byte	.LASF68
 1011 045a 07       		.byte	0x7
 1012 045b 9D       		.byte	0x9d
 1013 045c 08010000 		.4byte	0x108
 1014 0460 11       		.uleb128 0x11
 1015 0461 4B000000 		.4byte	.LASF69
 1016 0465 07       		.byte	0x7
 1017 0466 A4       		.byte	0xa4
ARM GAS  /tmp/ccMGbQPl.s 			page 19


 1018 0467 08010000 		.4byte	0x108
 1019 046b 11       		.uleb128 0x11
 1020 046c 0C040000 		.4byte	.LASF70
 1021 0470 07       		.byte	0x7
 1022 0471 AB       		.byte	0xab
 1023 0472 8E020000 		.4byte	0x28e
 1024 0476 11       		.uleb128 0x11
 1025 0477 21020000 		.4byte	.LASF71
 1026 047b 07       		.byte	0x7
 1027 047c B2       		.byte	0xb2
 1028 047d 13010000 		.4byte	0x113
 1029 0481 00       		.byte	0
 1030 0482 09       		.uleb128 0x9
 1031 0483 04       		.byte	0x4
 1032 0484 88040000 		.4byte	0x488
 1033 0488 14       		.uleb128 0x14
 1034 0489 8D040000 		.4byte	0x48d
 1035 048d 04       		.uleb128 0x4
 1036 048e 01       		.byte	0x1
 1037 048f 08       		.byte	0x8
 1038 0490 C8020000 		.4byte	.LASF72
 1039 0494 09       		.uleb128 0x9
 1040 0495 04       		.byte	0x4
 1041 0496 7B030000 		.4byte	0x37b
 1042 049a 15       		.uleb128 0x15
 1043 049b 20040000 		.4byte	.LASF73
 1044 049f 01       		.byte	0x1
 1045 04a0 4B       		.byte	0x4b
 1046 04a1 00000000 		.4byte	.LFB7
 1047 04a5 1C000000 		.4byte	.LFE7-.LFB7
 1048 04a9 01       		.uleb128 0x1
 1049 04aa 9C       		.byte	0x9c
 1050 04ab C3040000 		.4byte	0x4c3
 1051 04af 16       		.uleb128 0x16
 1052 04b0 14000000 		.4byte	.LVL0
 1053 04b4 C8060000 		.4byte	0x6c8
 1054 04b8 17       		.uleb128 0x17
 1055 04b9 01       		.uleb128 0x1
 1056 04ba 50       		.byte	0x50
 1057 04bb 05       		.uleb128 0x5
 1058 04bc 03       		.byte	0x3
 1059 04bd 10000000 		.4byte	.LANCHOR0+16
 1060 04c1 00       		.byte	0
 1061 04c2 00       		.byte	0
 1062 04c3 15       		.uleb128 0x15
 1063 04c4 6D000000 		.4byte	.LASF74
 1064 04c8 01       		.byte	0x1
 1065 04c9 63       		.byte	0x63
 1066 04ca 00000000 		.4byte	.LFB8
 1067 04ce 14000000 		.4byte	.LFE8-.LFB8
 1068 04d2 01       		.uleb128 0x1
 1069 04d3 9C       		.byte	0x9c
 1070 04d4 27050000 		.4byte	0x527
 1071 04d8 18       		.uleb128 0x18
 1072 04d9 5B000000 		.4byte	.LASF75
 1073 04dd 01       		.byte	0x1
 1074 04de 63       		.byte	0x63
ARM GAS  /tmp/ccMGbQPl.s 			page 20


 1075 04df 28040000 		.4byte	0x428
 1076 04e3 00000000 		.4byte	.LLST0
 1077 04e7 19       		.uleb128 0x19
 1078 04e8 62756600 		.ascii	"buf\000"
 1079 04ec 01       		.byte	0x1
 1080 04ed 63       		.byte	0x63
 1081 04ee 8E020000 		.4byte	0x28e
 1082 04f2 2E000000 		.4byte	.LLST1
 1083 04f6 18       		.uleb128 0x18
 1084 04f7 24010000 		.4byte	.LASF67
 1085 04fb 01       		.byte	0x1
 1086 04fc 63       		.byte	0x63
 1087 04fd 28000000 		.4byte	0x28
 1088 0501 4F000000 		.4byte	.LLST2
 1089 0505 1A       		.uleb128 0x1a
 1090 0506 687000   		.ascii	"hp\000"
 1091 0509 01       		.byte	0x1
 1092 050a 64       		.byte	0x64
 1093 050b 22040000 		.4byte	0x422
 1094 050f 7D000000 		.4byte	.LLST3
 1095 0513 16       		.uleb128 0x16
 1096 0514 14000000 		.4byte	.LVL5
 1097 0518 C8060000 		.4byte	0x6c8
 1098 051c 17       		.uleb128 0x17
 1099 051d 01       		.uleb128 0x1
 1100 051e 50       		.byte	0x50
 1101 051f 05       		.uleb128 0x5
 1102 0520 F3       		.byte	0xf3
 1103 0521 01       		.uleb128 0x1
 1104 0522 50       		.byte	0x50
 1105 0523 23       		.byte	0x23
 1106 0524 10       		.uleb128 0x10
 1107 0525 00       		.byte	0
 1108 0526 00       		.byte	0
 1109 0527 1B       		.uleb128 0x1b
 1110 0528 96020000 		.4byte	.LASF77
 1111 052c 01       		.byte	0x1
 1112 052d 84       		.byte	0x84
 1113 052e 8E020000 		.4byte	0x28e
 1114 0532 00000000 		.4byte	.LFB9
 1115 0536 80000000 		.4byte	.LFE9-.LFB9
 1116 053a 01       		.uleb128 0x1
 1117 053b 9C       		.byte	0x9c
 1118 053c BF050000 		.4byte	0x5bf
 1119 0540 18       		.uleb128 0x18
 1120 0541 5B000000 		.4byte	.LASF75
 1121 0545 01       		.byte	0x1
 1122 0546 84       		.byte	0x84
 1123 0547 28040000 		.4byte	0x428
 1124 054b 9E000000 		.4byte	.LLST4
 1125 054f 18       		.uleb128 0x18
 1126 0550 24010000 		.4byte	.LASF67
 1127 0554 01       		.byte	0x1
 1128 0555 84       		.byte	0x84
 1129 0556 28000000 		.4byte	0x28
 1130 055a BC000000 		.4byte	.LLST5
 1131 055e 1A       		.uleb128 0x1a
ARM GAS  /tmp/ccMGbQPl.s 			page 21


 1132 055f 717000   		.ascii	"qp\000"
 1133 0562 01       		.byte	0x1
 1134 0563 85       		.byte	0x85
 1135 0564 22040000 		.4byte	0x422
 1136 0568 E7000000 		.4byte	.LLST6
 1137 056c 1A       		.uleb128 0x1a
 1138 056d 687000   		.ascii	"hp\000"
 1139 0570 01       		.byte	0x1
 1140 0571 85       		.byte	0x85
 1141 0572 22040000 		.4byte	0x422
 1142 0576 10010000 		.4byte	.LLST7
 1143 057a 1A       		.uleb128 0x1a
 1144 057b 667000   		.ascii	"fp\000"
 1145 057e 01       		.byte	0x1
 1146 057f 85       		.byte	0x85
 1147 0580 22040000 		.4byte	0x422
 1148 0584 69010000 		.4byte	.LLST8
 1149 0588 1C       		.uleb128 0x1c
 1150 0589 1C000000 		.4byte	.LVL11
 1151 058d D9060000 		.4byte	0x6d9
 1152 0591 9C050000 		.4byte	0x59c
 1153 0595 17       		.uleb128 0x17
 1154 0596 01       		.uleb128 0x1
 1155 0597 50       		.byte	0x50
 1156 0598 02       		.uleb128 0x2
 1157 0599 76       		.byte	0x76
 1158 059a 10       		.sleb128 16
 1159 059b 00       		.byte	0
 1160 059c 1D       		.uleb128 0x1d
 1161 059d 30000000 		.4byte	.LVL15
 1162 05a1 EA060000 		.4byte	0x6ea
 1163 05a5 1E       		.uleb128 0x1e
 1164 05a6 3A000000 		.4byte	.LVL16
 1165 05aa B5050000 		.4byte	0x5b5
 1166 05ae 17       		.uleb128 0x17
 1167 05af 01       		.uleb128 0x1
 1168 05b0 50       		.byte	0x50
 1169 05b1 02       		.uleb128 0x2
 1170 05b2 75       		.byte	0x75
 1171 05b3 08       		.sleb128 8
 1172 05b4 00       		.byte	0
 1173 05b5 1D       		.uleb128 0x1d
 1174 05b6 5E000000 		.4byte	.LVL21
 1175 05ba EA060000 		.4byte	0x6ea
 1176 05be 00       		.byte	0
 1177 05bf 15       		.uleb128 0x15
 1178 05c0 B4000000 		.4byte	.LASF76
 1179 05c4 01       		.byte	0x1
 1180 05c5 C2       		.byte	0xc2
 1181 05c6 00000000 		.4byte	.LFB10
 1182 05ca 92000000 		.4byte	.LFE10-.LFB10
 1183 05ce 01       		.uleb128 0x1
 1184 05cf 9C       		.byte	0x9c
 1185 05d0 33060000 		.4byte	0x633
 1186 05d4 19       		.uleb128 0x19
 1187 05d5 7000     		.ascii	"p\000"
 1188 05d7 01       		.byte	0x1
ARM GAS  /tmp/ccMGbQPl.s 			page 22


 1189 05d8 C2       		.byte	0xc2
 1190 05d9 8E020000 		.4byte	0x28e
 1191 05dd 7C010000 		.4byte	.LLST9
 1192 05e1 1A       		.uleb128 0x1a
 1193 05e2 717000   		.ascii	"qp\000"
 1194 05e5 01       		.byte	0x1
 1195 05e6 C3       		.byte	0xc3
 1196 05e7 22040000 		.4byte	0x422
 1197 05eb C1010000 		.4byte	.LLST10
 1198 05ef 1A       		.uleb128 0x1a
 1199 05f0 687000   		.ascii	"hp\000"
 1200 05f3 01       		.byte	0x1
 1201 05f4 C3       		.byte	0xc3
 1202 05f5 22040000 		.4byte	0x422
 1203 05f9 F5010000 		.4byte	.LLST11
 1204 05fd 1F       		.uleb128 0x1f
 1205 05fe 5B000000 		.4byte	.LASF75
 1206 0602 01       		.byte	0x1
 1207 0603 C4       		.byte	0xc4
 1208 0604 28040000 		.4byte	0x428
 1209 0608 33020000 		.4byte	.LLST12
 1210 060c 1C       		.uleb128 0x1c
 1211 060d 16000000 		.4byte	.LVL31
 1212 0611 D9060000 		.4byte	0x6d9
 1213 0615 20060000 		.4byte	0x620
 1214 0619 17       		.uleb128 0x17
 1215 061a 01       		.uleb128 0x1
 1216 061b 50       		.byte	0x50
 1217 061c 02       		.uleb128 0x2
 1218 061d 75       		.byte	0x75
 1219 061e 08       		.sleb128 8
 1220 061f 00       		.byte	0
 1221 0620 20       		.uleb128 0x20
 1222 0621 5E000000 		.4byte	.LVL38
 1223 0625 EA060000 		.4byte	0x6ea
 1224 0629 20       		.uleb128 0x20
 1225 062a 92000000 		.4byte	.LVL40
 1226 062e EA060000 		.4byte	0x6ea
 1227 0632 00       		.byte	0
 1228 0633 1B       		.uleb128 0x1b
 1229 0634 CD020000 		.4byte	.LASF78
 1230 0638 01       		.byte	0x1
 1231 0639 FA       		.byte	0xfa
 1232 063a 28000000 		.4byte	0x28
 1233 063e 00000000 		.4byte	.LFB11
 1234 0642 40000000 		.4byte	.LFE11-.LFB11
 1235 0646 01       		.uleb128 0x1
 1236 0647 9C       		.byte	0x9c
 1237 0648 B1060000 		.4byte	0x6b1
 1238 064c 18       		.uleb128 0x18
 1239 064d 5B000000 		.4byte	.LASF75
 1240 0651 01       		.byte	0x1
 1241 0652 FA       		.byte	0xfa
 1242 0653 28040000 		.4byte	0x428
 1243 0657 5F020000 		.4byte	.LLST13
 1244 065b 18       		.uleb128 0x18
 1245 065c 13040000 		.4byte	.LASF79
ARM GAS  /tmp/ccMGbQPl.s 			page 23


 1246 0660 01       		.byte	0x1
 1247 0661 FA       		.byte	0xfa
 1248 0662 B1060000 		.4byte	0x6b1
 1249 0666 C2020000 		.4byte	.LLST14
 1250 066a 1A       		.uleb128 0x1a
 1251 066b 717000   		.ascii	"qp\000"
 1252 066e 01       		.byte	0x1
 1253 066f FB       		.byte	0xfb
 1254 0670 22040000 		.4byte	0x422
 1255 0674 E0020000 		.4byte	.LLST15
 1256 0678 1A       		.uleb128 0x1a
 1257 0679 6E00     		.ascii	"n\000"
 1258 067b 01       		.byte	0x1
 1259 067c FC       		.byte	0xfc
 1260 067d 28000000 		.4byte	0x28
 1261 0681 40030000 		.4byte	.LLST16
 1262 0685 1A       		.uleb128 0x1a
 1263 0686 737A00   		.ascii	"sz\000"
 1264 0689 01       		.byte	0x1
 1265 068a FC       		.byte	0xfc
 1266 068b 28000000 		.4byte	0x28
 1267 068f 83030000 		.4byte	.LLST17
 1268 0693 1C       		.uleb128 0x1c
 1269 0694 14000000 		.4byte	.LVL43
 1270 0698 D9060000 		.4byte	0x6d9
 1271 069c A7060000 		.4byte	0x6a7
 1272 06a0 17       		.uleb128 0x17
 1273 06a1 01       		.uleb128 0x1
 1274 06a2 50       		.byte	0x50
 1275 06a3 02       		.uleb128 0x2
 1276 06a4 74       		.byte	0x74
 1277 06a5 10       		.sleb128 16
 1278 06a6 00       		.byte	0
 1279 06a7 1D       		.uleb128 0x1d
 1280 06a8 30000000 		.4byte	.LVL48
 1281 06ac EA060000 		.4byte	0x6ea
 1282 06b0 00       		.byte	0
 1283 06b1 09       		.uleb128 0x9
 1284 06b2 04       		.byte	0x4
 1285 06b3 28000000 		.4byte	0x28
 1286 06b7 21       		.uleb128 0x21
 1287 06b8 BB020000 		.4byte	.LASF80
 1288 06bc 01       		.byte	0x1
 1289 06bd 44       		.byte	0x44
 1290 06be A6030000 		.4byte	0x3a6
 1291 06c2 05       		.uleb128 0x5
 1292 06c3 03       		.byte	0x3
 1293 06c4 00000000 		.4byte	default_heap
 1294 06c8 22       		.uleb128 0x22
 1295 06c9 F3030000 		.4byte	.LASF81
 1296 06cd 09       		.byte	0x9
 1297 06ce 38       		.byte	0x38
 1298 06cf D9060000 		.4byte	0x6d9
 1299 06d3 0F       		.uleb128 0xf
 1300 06d4 94040000 		.4byte	0x494
 1301 06d8 00       		.byte	0
 1302 06d9 22       		.uleb128 0x22
ARM GAS  /tmp/ccMGbQPl.s 			page 24


 1303 06da 7C010000 		.4byte	.LASF82
 1304 06de 09       		.byte	0x9
 1305 06df 39       		.byte	0x39
 1306 06e0 EA060000 		.4byte	0x6ea
 1307 06e4 0F       		.uleb128 0xf
 1308 06e5 94040000 		.4byte	0x494
 1309 06e9 00       		.byte	0
 1310 06ea 23       		.uleb128 0x23
 1311 06eb 61000000 		.4byte	.LASF86
 1312 06ef 09       		.byte	0x9
 1313 06f0 3D       		.byte	0x3d
 1314 06f1 94040000 		.4byte	0x494
 1315 06f5 00       		.byte	0
 1316              		.section	.debug_abbrev,"",%progbits
 1317              	.Ldebug_abbrev0:
 1318 0000 01       		.uleb128 0x1
 1319 0001 11       		.uleb128 0x11
 1320 0002 01       		.byte	0x1
 1321 0003 25       		.uleb128 0x25
 1322 0004 0E       		.uleb128 0xe
 1323 0005 13       		.uleb128 0x13
 1324 0006 0B       		.uleb128 0xb
 1325 0007 03       		.uleb128 0x3
 1326 0008 0E       		.uleb128 0xe
 1327 0009 55       		.uleb128 0x55
 1328 000a 17       		.uleb128 0x17
 1329 000b 11       		.uleb128 0x11
 1330 000c 01       		.uleb128 0x1
 1331 000d 10       		.uleb128 0x10
 1332 000e 17       		.uleb128 0x17
 1333 000f 00       		.byte	0
 1334 0010 00       		.byte	0
 1335 0011 02       		.uleb128 0x2
 1336 0012 24       		.uleb128 0x24
 1337 0013 00       		.byte	0
 1338 0014 0B       		.uleb128 0xb
 1339 0015 0B       		.uleb128 0xb
 1340 0016 3E       		.uleb128 0x3e
 1341 0017 0B       		.uleb128 0xb
 1342 0018 03       		.uleb128 0x3
 1343 0019 08       		.uleb128 0x8
 1344 001a 00       		.byte	0
 1345 001b 00       		.byte	0
 1346 001c 03       		.uleb128 0x3
 1347 001d 16       		.uleb128 0x16
 1348 001e 00       		.byte	0
 1349 001f 03       		.uleb128 0x3
 1350 0020 0E       		.uleb128 0xe
 1351 0021 3A       		.uleb128 0x3a
 1352 0022 0B       		.uleb128 0xb
 1353 0023 3B       		.uleb128 0x3b
 1354 0024 0B       		.uleb128 0xb
 1355 0025 49       		.uleb128 0x49
 1356 0026 13       		.uleb128 0x13
 1357 0027 00       		.byte	0
 1358 0028 00       		.byte	0
 1359 0029 04       		.uleb128 0x4
ARM GAS  /tmp/ccMGbQPl.s 			page 25


 1360 002a 24       		.uleb128 0x24
 1361 002b 00       		.byte	0
 1362 002c 0B       		.uleb128 0xb
 1363 002d 0B       		.uleb128 0xb
 1364 002e 3E       		.uleb128 0x3e
 1365 002f 0B       		.uleb128 0xb
 1366 0030 03       		.uleb128 0x3
 1367 0031 0E       		.uleb128 0xe
 1368 0032 00       		.byte	0
 1369 0033 00       		.byte	0
 1370 0034 05       		.uleb128 0x5
 1371 0035 13       		.uleb128 0x13
 1372 0036 01       		.byte	0x1
 1373 0037 03       		.uleb128 0x3
 1374 0038 0E       		.uleb128 0xe
 1375 0039 0B       		.uleb128 0xb
 1376 003a 0B       		.uleb128 0xb
 1377 003b 3A       		.uleb128 0x3a
 1378 003c 0B       		.uleb128 0xb
 1379 003d 3B       		.uleb128 0x3b
 1380 003e 0B       		.uleb128 0xb
 1381 003f 01       		.uleb128 0x1
 1382 0040 13       		.uleb128 0x13
 1383 0041 00       		.byte	0
 1384 0042 00       		.byte	0
 1385 0043 06       		.uleb128 0x6
 1386 0044 0D       		.uleb128 0xd
 1387 0045 00       		.byte	0
 1388 0046 03       		.uleb128 0x3
 1389 0047 0E       		.uleb128 0xe
 1390 0048 3A       		.uleb128 0x3a
 1391 0049 0B       		.uleb128 0xb
 1392 004a 3B       		.uleb128 0x3b
 1393 004b 0B       		.uleb128 0xb
 1394 004c 49       		.uleb128 0x49
 1395 004d 13       		.uleb128 0x13
 1396 004e 38       		.uleb128 0x38
 1397 004f 0B       		.uleb128 0xb
 1398 0050 00       		.byte	0
 1399 0051 00       		.byte	0
 1400 0052 07       		.uleb128 0x7
 1401 0053 0D       		.uleb128 0xd
 1402 0054 00       		.byte	0
 1403 0055 03       		.uleb128 0x3
 1404 0056 08       		.uleb128 0x8
 1405 0057 3A       		.uleb128 0x3a
 1406 0058 0B       		.uleb128 0xb
 1407 0059 3B       		.uleb128 0x3b
 1408 005a 0B       		.uleb128 0xb
 1409 005b 49       		.uleb128 0x49
 1410 005c 13       		.uleb128 0x13
 1411 005d 38       		.uleb128 0x38
 1412 005e 0B       		.uleb128 0xb
 1413 005f 00       		.byte	0
 1414 0060 00       		.byte	0
 1415 0061 08       		.uleb128 0x8
 1416 0062 13       		.uleb128 0x13
ARM GAS  /tmp/ccMGbQPl.s 			page 26


 1417 0063 01       		.byte	0x1
 1418 0064 0B       		.uleb128 0xb
 1419 0065 0B       		.uleb128 0xb
 1420 0066 3A       		.uleb128 0x3a
 1421 0067 0B       		.uleb128 0xb
 1422 0068 3B       		.uleb128 0x3b
 1423 0069 0B       		.uleb128 0xb
 1424 006a 01       		.uleb128 0x1
 1425 006b 13       		.uleb128 0x13
 1426 006c 00       		.byte	0
 1427 006d 00       		.byte	0
 1428 006e 09       		.uleb128 0x9
 1429 006f 0F       		.uleb128 0xf
 1430 0070 00       		.byte	0
 1431 0071 0B       		.uleb128 0xb
 1432 0072 0B       		.uleb128 0xb
 1433 0073 49       		.uleb128 0x49
 1434 0074 13       		.uleb128 0x13
 1435 0075 00       		.byte	0
 1436 0076 00       		.byte	0
 1437 0077 0A       		.uleb128 0xa
 1438 0078 0F       		.uleb128 0xf
 1439 0079 00       		.byte	0
 1440 007a 0B       		.uleb128 0xb
 1441 007b 0B       		.uleb128 0xb
 1442 007c 00       		.byte	0
 1443 007d 00       		.byte	0
 1444 007e 0B       		.uleb128 0xb
 1445 007f 13       		.uleb128 0x13
 1446 0080 01       		.byte	0x1
 1447 0081 03       		.uleb128 0x3
 1448 0082 0E       		.uleb128 0xe
 1449 0083 0B       		.uleb128 0xb
 1450 0084 0B       		.uleb128 0xb
 1451 0085 3A       		.uleb128 0x3a
 1452 0086 0B       		.uleb128 0xb
 1453 0087 3B       		.uleb128 0x3b
 1454 0088 05       		.uleb128 0x5
 1455 0089 01       		.uleb128 0x1
 1456 008a 13       		.uleb128 0x13
 1457 008b 00       		.byte	0
 1458 008c 00       		.byte	0
 1459 008d 0C       		.uleb128 0xc
 1460 008e 0D       		.uleb128 0xd
 1461 008f 00       		.byte	0
 1462 0090 03       		.uleb128 0x3
 1463 0091 08       		.uleb128 0x8
 1464 0092 3A       		.uleb128 0x3a
 1465 0093 0B       		.uleb128 0xb
 1466 0094 3B       		.uleb128 0x3b
 1467 0095 05       		.uleb128 0x5
 1468 0096 49       		.uleb128 0x49
 1469 0097 13       		.uleb128 0x13
 1470 0098 38       		.uleb128 0x38
 1471 0099 0B       		.uleb128 0xb
 1472 009a 00       		.byte	0
 1473 009b 00       		.byte	0
ARM GAS  /tmp/ccMGbQPl.s 			page 27


 1474 009c 0D       		.uleb128 0xd
 1475 009d 35       		.uleb128 0x35
 1476 009e 00       		.byte	0
 1477 009f 49       		.uleb128 0x49
 1478 00a0 13       		.uleb128 0x13
 1479 00a1 00       		.byte	0
 1480 00a2 00       		.byte	0
 1481 00a3 0E       		.uleb128 0xe
 1482 00a4 15       		.uleb128 0x15
 1483 00a5 01       		.byte	0x1
 1484 00a6 27       		.uleb128 0x27
 1485 00a7 19       		.uleb128 0x19
 1486 00a8 49       		.uleb128 0x49
 1487 00a9 13       		.uleb128 0x13
 1488 00aa 01       		.uleb128 0x1
 1489 00ab 13       		.uleb128 0x13
 1490 00ac 00       		.byte	0
 1491 00ad 00       		.byte	0
 1492 00ae 0F       		.uleb128 0xf
 1493 00af 05       		.uleb128 0x5
 1494 00b0 00       		.byte	0
 1495 00b1 49       		.uleb128 0x49
 1496 00b2 13       		.uleb128 0x13
 1497 00b3 00       		.byte	0
 1498 00b4 00       		.byte	0
 1499 00b5 10       		.uleb128 0x10
 1500 00b6 17       		.uleb128 0x17
 1501 00b7 01       		.byte	0x1
 1502 00b8 0B       		.uleb128 0xb
 1503 00b9 0B       		.uleb128 0xb
 1504 00ba 3A       		.uleb128 0x3a
 1505 00bb 0B       		.uleb128 0xb
 1506 00bc 3B       		.uleb128 0x3b
 1507 00bd 0B       		.uleb128 0xb
 1508 00be 01       		.uleb128 0x1
 1509 00bf 13       		.uleb128 0x13
 1510 00c0 00       		.byte	0
 1511 00c1 00       		.byte	0
 1512 00c2 11       		.uleb128 0x11
 1513 00c3 0D       		.uleb128 0xd
 1514 00c4 00       		.byte	0
 1515 00c5 03       		.uleb128 0x3
 1516 00c6 0E       		.uleb128 0xe
 1517 00c7 3A       		.uleb128 0x3a
 1518 00c8 0B       		.uleb128 0xb
 1519 00c9 3B       		.uleb128 0x3b
 1520 00ca 0B       		.uleb128 0xb
 1521 00cb 49       		.uleb128 0x49
 1522 00cc 13       		.uleb128 0x13
 1523 00cd 00       		.byte	0
 1524 00ce 00       		.byte	0
 1525 00cf 12       		.uleb128 0x12
 1526 00d0 17       		.uleb128 0x17
 1527 00d1 01       		.byte	0x1
 1528 00d2 03       		.uleb128 0x3
 1529 00d3 0E       		.uleb128 0xe
 1530 00d4 0B       		.uleb128 0xb
ARM GAS  /tmp/ccMGbQPl.s 			page 28


 1531 00d5 0B       		.uleb128 0xb
 1532 00d6 3A       		.uleb128 0x3a
 1533 00d7 0B       		.uleb128 0xb
 1534 00d8 3B       		.uleb128 0x3b
 1535 00d9 0B       		.uleb128 0xb
 1536 00da 01       		.uleb128 0x1
 1537 00db 13       		.uleb128 0x13
 1538 00dc 00       		.byte	0
 1539 00dd 00       		.byte	0
 1540 00de 13       		.uleb128 0x13
 1541 00df 0D       		.uleb128 0xd
 1542 00e0 00       		.byte	0
 1543 00e1 03       		.uleb128 0x3
 1544 00e2 08       		.uleb128 0x8
 1545 00e3 3A       		.uleb128 0x3a
 1546 00e4 0B       		.uleb128 0xb
 1547 00e5 3B       		.uleb128 0x3b
 1548 00e6 0B       		.uleb128 0xb
 1549 00e7 49       		.uleb128 0x49
 1550 00e8 13       		.uleb128 0x13
 1551 00e9 00       		.byte	0
 1552 00ea 00       		.byte	0
 1553 00eb 14       		.uleb128 0x14
 1554 00ec 26       		.uleb128 0x26
 1555 00ed 00       		.byte	0
 1556 00ee 49       		.uleb128 0x49
 1557 00ef 13       		.uleb128 0x13
 1558 00f0 00       		.byte	0
 1559 00f1 00       		.byte	0
 1560 00f2 15       		.uleb128 0x15
 1561 00f3 2E       		.uleb128 0x2e
 1562 00f4 01       		.byte	0x1
 1563 00f5 3F       		.uleb128 0x3f
 1564 00f6 19       		.uleb128 0x19
 1565 00f7 03       		.uleb128 0x3
 1566 00f8 0E       		.uleb128 0xe
 1567 00f9 3A       		.uleb128 0x3a
 1568 00fa 0B       		.uleb128 0xb
 1569 00fb 3B       		.uleb128 0x3b
 1570 00fc 0B       		.uleb128 0xb
 1571 00fd 27       		.uleb128 0x27
 1572 00fe 19       		.uleb128 0x19
 1573 00ff 11       		.uleb128 0x11
 1574 0100 01       		.uleb128 0x1
 1575 0101 12       		.uleb128 0x12
 1576 0102 06       		.uleb128 0x6
 1577 0103 40       		.uleb128 0x40
 1578 0104 18       		.uleb128 0x18
 1579 0105 9742     		.uleb128 0x2117
 1580 0107 19       		.uleb128 0x19
 1581 0108 01       		.uleb128 0x1
 1582 0109 13       		.uleb128 0x13
 1583 010a 00       		.byte	0
 1584 010b 00       		.byte	0
 1585 010c 16       		.uleb128 0x16
 1586 010d 898201   		.uleb128 0x4109
 1587 0110 01       		.byte	0x1
ARM GAS  /tmp/ccMGbQPl.s 			page 29


 1588 0111 11       		.uleb128 0x11
 1589 0112 01       		.uleb128 0x1
 1590 0113 9542     		.uleb128 0x2115
 1591 0115 19       		.uleb128 0x19
 1592 0116 31       		.uleb128 0x31
 1593 0117 13       		.uleb128 0x13
 1594 0118 00       		.byte	0
 1595 0119 00       		.byte	0
 1596 011a 17       		.uleb128 0x17
 1597 011b 8A8201   		.uleb128 0x410a
 1598 011e 00       		.byte	0
 1599 011f 02       		.uleb128 0x2
 1600 0120 18       		.uleb128 0x18
 1601 0121 9142     		.uleb128 0x2111
 1602 0123 18       		.uleb128 0x18
 1603 0124 00       		.byte	0
 1604 0125 00       		.byte	0
 1605 0126 18       		.uleb128 0x18
 1606 0127 05       		.uleb128 0x5
 1607 0128 00       		.byte	0
 1608 0129 03       		.uleb128 0x3
 1609 012a 0E       		.uleb128 0xe
 1610 012b 3A       		.uleb128 0x3a
 1611 012c 0B       		.uleb128 0xb
 1612 012d 3B       		.uleb128 0x3b
 1613 012e 0B       		.uleb128 0xb
 1614 012f 49       		.uleb128 0x49
 1615 0130 13       		.uleb128 0x13
 1616 0131 02       		.uleb128 0x2
 1617 0132 17       		.uleb128 0x17
 1618 0133 00       		.byte	0
 1619 0134 00       		.byte	0
 1620 0135 19       		.uleb128 0x19
 1621 0136 05       		.uleb128 0x5
 1622 0137 00       		.byte	0
 1623 0138 03       		.uleb128 0x3
 1624 0139 08       		.uleb128 0x8
 1625 013a 3A       		.uleb128 0x3a
 1626 013b 0B       		.uleb128 0xb
 1627 013c 3B       		.uleb128 0x3b
 1628 013d 0B       		.uleb128 0xb
 1629 013e 49       		.uleb128 0x49
 1630 013f 13       		.uleb128 0x13
 1631 0140 02       		.uleb128 0x2
 1632 0141 17       		.uleb128 0x17
 1633 0142 00       		.byte	0
 1634 0143 00       		.byte	0
 1635 0144 1A       		.uleb128 0x1a
 1636 0145 34       		.uleb128 0x34
 1637 0146 00       		.byte	0
 1638 0147 03       		.uleb128 0x3
 1639 0148 08       		.uleb128 0x8
 1640 0149 3A       		.uleb128 0x3a
 1641 014a 0B       		.uleb128 0xb
 1642 014b 3B       		.uleb128 0x3b
 1643 014c 0B       		.uleb128 0xb
 1644 014d 49       		.uleb128 0x49
ARM GAS  /tmp/ccMGbQPl.s 			page 30


 1645 014e 13       		.uleb128 0x13
 1646 014f 02       		.uleb128 0x2
 1647 0150 17       		.uleb128 0x17
 1648 0151 00       		.byte	0
 1649 0152 00       		.byte	0
 1650 0153 1B       		.uleb128 0x1b
 1651 0154 2E       		.uleb128 0x2e
 1652 0155 01       		.byte	0x1
 1653 0156 3F       		.uleb128 0x3f
 1654 0157 19       		.uleb128 0x19
 1655 0158 03       		.uleb128 0x3
 1656 0159 0E       		.uleb128 0xe
 1657 015a 3A       		.uleb128 0x3a
 1658 015b 0B       		.uleb128 0xb
 1659 015c 3B       		.uleb128 0x3b
 1660 015d 0B       		.uleb128 0xb
 1661 015e 27       		.uleb128 0x27
 1662 015f 19       		.uleb128 0x19
 1663 0160 49       		.uleb128 0x49
 1664 0161 13       		.uleb128 0x13
 1665 0162 11       		.uleb128 0x11
 1666 0163 01       		.uleb128 0x1
 1667 0164 12       		.uleb128 0x12
 1668 0165 06       		.uleb128 0x6
 1669 0166 40       		.uleb128 0x40
 1670 0167 18       		.uleb128 0x18
 1671 0168 9742     		.uleb128 0x2117
 1672 016a 19       		.uleb128 0x19
 1673 016b 01       		.uleb128 0x1
 1674 016c 13       		.uleb128 0x13
 1675 016d 00       		.byte	0
 1676 016e 00       		.byte	0
 1677 016f 1C       		.uleb128 0x1c
 1678 0170 898201   		.uleb128 0x4109
 1679 0173 01       		.byte	0x1
 1680 0174 11       		.uleb128 0x11
 1681 0175 01       		.uleb128 0x1
 1682 0176 31       		.uleb128 0x31
 1683 0177 13       		.uleb128 0x13
 1684 0178 01       		.uleb128 0x1
 1685 0179 13       		.uleb128 0x13
 1686 017a 00       		.byte	0
 1687 017b 00       		.byte	0
 1688 017c 1D       		.uleb128 0x1d
 1689 017d 898201   		.uleb128 0x4109
 1690 0180 00       		.byte	0
 1691 0181 11       		.uleb128 0x11
 1692 0182 01       		.uleb128 0x1
 1693 0183 31       		.uleb128 0x31
 1694 0184 13       		.uleb128 0x13
 1695 0185 00       		.byte	0
 1696 0186 00       		.byte	0
 1697 0187 1E       		.uleb128 0x1e
 1698 0188 898201   		.uleb128 0x4109
 1699 018b 01       		.byte	0x1
 1700 018c 11       		.uleb128 0x11
 1701 018d 01       		.uleb128 0x1
ARM GAS  /tmp/ccMGbQPl.s 			page 31


 1702 018e 01       		.uleb128 0x1
 1703 018f 13       		.uleb128 0x13
 1704 0190 00       		.byte	0
 1705 0191 00       		.byte	0
 1706 0192 1F       		.uleb128 0x1f
 1707 0193 34       		.uleb128 0x34
 1708 0194 00       		.byte	0
 1709 0195 03       		.uleb128 0x3
 1710 0196 0E       		.uleb128 0xe
 1711 0197 3A       		.uleb128 0x3a
 1712 0198 0B       		.uleb128 0xb
 1713 0199 3B       		.uleb128 0x3b
 1714 019a 0B       		.uleb128 0xb
 1715 019b 49       		.uleb128 0x49
 1716 019c 13       		.uleb128 0x13
 1717 019d 02       		.uleb128 0x2
 1718 019e 17       		.uleb128 0x17
 1719 019f 00       		.byte	0
 1720 01a0 00       		.byte	0
 1721 01a1 20       		.uleb128 0x20
 1722 01a2 898201   		.uleb128 0x4109
 1723 01a5 00       		.byte	0
 1724 01a6 11       		.uleb128 0x11
 1725 01a7 01       		.uleb128 0x1
 1726 01a8 9542     		.uleb128 0x2115
 1727 01aa 19       		.uleb128 0x19
 1728 01ab 31       		.uleb128 0x31
 1729 01ac 13       		.uleb128 0x13
 1730 01ad 00       		.byte	0
 1731 01ae 00       		.byte	0
 1732 01af 21       		.uleb128 0x21
 1733 01b0 34       		.uleb128 0x34
 1734 01b1 00       		.byte	0
 1735 01b2 03       		.uleb128 0x3
 1736 01b3 0E       		.uleb128 0xe
 1737 01b4 3A       		.uleb128 0x3a
 1738 01b5 0B       		.uleb128 0xb
 1739 01b6 3B       		.uleb128 0x3b
 1740 01b7 0B       		.uleb128 0xb
 1741 01b8 49       		.uleb128 0x49
 1742 01b9 13       		.uleb128 0x13
 1743 01ba 02       		.uleb128 0x2
 1744 01bb 18       		.uleb128 0x18
 1745 01bc 00       		.byte	0
 1746 01bd 00       		.byte	0
 1747 01be 22       		.uleb128 0x22
 1748 01bf 2E       		.uleb128 0x2e
 1749 01c0 01       		.byte	0x1
 1750 01c1 3F       		.uleb128 0x3f
 1751 01c2 19       		.uleb128 0x19
 1752 01c3 03       		.uleb128 0x3
 1753 01c4 0E       		.uleb128 0xe
 1754 01c5 3A       		.uleb128 0x3a
 1755 01c6 0B       		.uleb128 0xb
 1756 01c7 3B       		.uleb128 0x3b
 1757 01c8 0B       		.uleb128 0xb
 1758 01c9 27       		.uleb128 0x27
ARM GAS  /tmp/ccMGbQPl.s 			page 32


 1759 01ca 19       		.uleb128 0x19
 1760 01cb 3C       		.uleb128 0x3c
 1761 01cc 19       		.uleb128 0x19
 1762 01cd 01       		.uleb128 0x1
 1763 01ce 13       		.uleb128 0x13
 1764 01cf 00       		.byte	0
 1765 01d0 00       		.byte	0
 1766 01d1 23       		.uleb128 0x23
 1767 01d2 2E       		.uleb128 0x2e
 1768 01d3 00       		.byte	0
 1769 01d4 3F       		.uleb128 0x3f
 1770 01d5 19       		.uleb128 0x19
 1771 01d6 03       		.uleb128 0x3
 1772 01d7 0E       		.uleb128 0xe
 1773 01d8 3A       		.uleb128 0x3a
 1774 01d9 0B       		.uleb128 0xb
 1775 01da 3B       		.uleb128 0x3b
 1776 01db 0B       		.uleb128 0xb
 1777 01dc 27       		.uleb128 0x27
 1778 01dd 19       		.uleb128 0x19
 1779 01de 49       		.uleb128 0x49
 1780 01df 13       		.uleb128 0x13
 1781 01e0 3C       		.uleb128 0x3c
 1782 01e1 19       		.uleb128 0x19
 1783 01e2 00       		.byte	0
 1784 01e3 00       		.byte	0
 1785 01e4 00       		.byte	0
 1786              		.section	.debug_loc,"",%progbits
 1787              	.Ldebug_loc0:
 1788              	.LLST0:
 1789 0000 00000000 		.4byte	.LVL1
 1790 0004 0C000000 		.4byte	.LVL4
 1791 0008 0100     		.2byte	0x1
 1792 000a 50       		.byte	0x50
 1793 000b 0C000000 		.4byte	.LVL4
 1794 000f 13000000 		.4byte	.LVL5-1
 1795 0013 0300     		.2byte	0x3
 1796 0015 70       		.byte	0x70
 1797 0016 70       		.sleb128 -16
 1798 0017 9F       		.byte	0x9f
 1799 0018 13000000 		.4byte	.LVL5-1
 1800 001c 14000000 		.4byte	.LFE8
 1801 0020 0400     		.2byte	0x4
 1802 0022 F3       		.byte	0xf3
 1803 0023 01       		.uleb128 0x1
 1804 0024 50       		.byte	0x50
 1805 0025 9F       		.byte	0x9f
 1806 0026 00000000 		.4byte	0
 1807 002a 00000000 		.4byte	0
 1808              	.LLST1:
 1809 002e 00000000 		.4byte	.LVL1
 1810 0032 13000000 		.4byte	.LVL5-1
 1811 0036 0100     		.2byte	0x1
 1812 0038 51       		.byte	0x51
 1813 0039 13000000 		.4byte	.LVL5-1
 1814 003d 14000000 		.4byte	.LFE8
 1815 0041 0400     		.2byte	0x4
ARM GAS  /tmp/ccMGbQPl.s 			page 33


 1816 0043 F3       		.byte	0xf3
 1817 0044 01       		.uleb128 0x1
 1818 0045 51       		.byte	0x51
 1819 0046 9F       		.byte	0x9f
 1820 0047 00000000 		.4byte	0
 1821 004b 00000000 		.4byte	0
 1822              	.LLST2:
 1823 004f 00000000 		.4byte	.LVL1
 1824 0053 04000000 		.4byte	.LVL2
 1825 0057 0100     		.2byte	0x1
 1826 0059 52       		.byte	0x52
 1827 005a 04000000 		.4byte	.LVL2
 1828 005e 13000000 		.4byte	.LVL5-1
 1829 0062 0300     		.2byte	0x3
 1830 0064 72       		.byte	0x72
 1831 0065 08       		.sleb128 8
 1832 0066 9F       		.byte	0x9f
 1833 0067 13000000 		.4byte	.LVL5-1
 1834 006b 14000000 		.4byte	.LFE8
 1835 006f 0400     		.2byte	0x4
 1836 0071 F3       		.byte	0xf3
 1837 0072 01       		.uleb128 0x1
 1838 0073 52       		.byte	0x52
 1839 0074 9F       		.byte	0x9f
 1840 0075 00000000 		.4byte	0
 1841 0079 00000000 		.4byte	0
 1842              	.LLST3:
 1843 007d 08000000 		.4byte	.LVL3
 1844 0081 13000000 		.4byte	.LVL5-1
 1845 0085 0100     		.2byte	0x1
 1846 0087 51       		.byte	0x51
 1847 0088 13000000 		.4byte	.LVL5-1
 1848 008c 14000000 		.4byte	.LFE8
 1849 0090 0400     		.2byte	0x4
 1850 0092 F3       		.byte	0xf3
 1851 0093 01       		.uleb128 0x1
 1852 0094 51       		.byte	0x51
 1853 0095 9F       		.byte	0x9f
 1854 0096 00000000 		.4byte	0
 1855 009a 00000000 		.4byte	0
 1856              	.LLST4:
 1857 009e 00000000 		.4byte	.LVL6
 1858 00a2 0A000000 		.4byte	.LVL7
 1859 00a6 0100     		.2byte	0x1
 1860 00a8 50       		.byte	0x50
 1861 00a9 0A000000 		.4byte	.LVL7
 1862 00ad 80000000 		.4byte	.LFE9
 1863 00b1 0100     		.2byte	0x1
 1864 00b3 56       		.byte	0x56
 1865 00b4 00000000 		.4byte	0
 1866 00b8 00000000 		.4byte	0
 1867              	.LLST5:
 1868 00bc 00000000 		.4byte	.LVL6
 1869 00c0 0C000000 		.4byte	.LVL8
 1870 00c4 0100     		.2byte	0x1
 1871 00c6 51       		.byte	0x51
 1872 00c7 0C000000 		.4byte	.LVL8
ARM GAS  /tmp/ccMGbQPl.s 			page 34


 1873 00cb 14000000 		.4byte	.LVL9
 1874 00cf 0300     		.2byte	0x3
 1875 00d1 71       		.byte	0x71
 1876 00d2 79       		.sleb128 -7
 1877 00d3 9F       		.byte	0x9f
 1878 00d4 14000000 		.4byte	.LVL9
 1879 00d8 80000000 		.4byte	.LFE9
 1880 00dc 0100     		.2byte	0x1
 1881 00de 55       		.byte	0x55
 1882 00df 00000000 		.4byte	0
 1883 00e3 00000000 		.4byte	0
 1884              	.LLST6:
 1885 00e7 18000000 		.4byte	.LVL10
 1886 00eb 44000000 		.4byte	.LVL18
 1887 00ef 0100     		.2byte	0x1
 1888 00f1 54       		.byte	0x54
 1889 00f2 48000000 		.4byte	.LVL19
 1890 00f6 56000000 		.4byte	.LVL20
 1891 00fa 0100     		.2byte	0x1
 1892 00fc 54       		.byte	0x54
 1893 00fd 62000000 		.4byte	.LVL22
 1894 0101 7A000000 		.4byte	.LVL25
 1895 0105 0100     		.2byte	0x1
 1896 0107 54       		.byte	0x54
 1897 0108 00000000 		.4byte	0
 1898 010c 00000000 		.4byte	0
 1899              	.LLST7:
 1900 0110 1E000000 		.4byte	.LVL12
 1901 0114 26000000 		.4byte	.LVL13
 1902 0118 0100     		.2byte	0x1
 1903 011a 53       		.byte	0x53
 1904 011b 28000000 		.4byte	.LVL14
 1905 011f 2F000000 		.4byte	.LVL15-1
 1906 0123 0100     		.2byte	0x1
 1907 0125 53       		.byte	0x53
 1908 0126 3A000000 		.4byte	.LVL16
 1909 012a 40000000 		.4byte	.LVL17
 1910 012e 0100     		.2byte	0x1
 1911 0130 50       		.byte	0x50
 1912 0131 40000000 		.4byte	.LVL17
 1913 0135 44000000 		.4byte	.LVL18
 1914 0139 0300     		.2byte	0x3
 1915 013b 70       		.byte	0x70
 1916 013c 08       		.sleb128 8
 1917 013d 9F       		.byte	0x9f
 1918 013e 48000000 		.4byte	.LVL19
 1919 0142 5D000000 		.4byte	.LVL21-1
 1920 0146 0100     		.2byte	0x1
 1921 0148 53       		.byte	0x53
 1922 0149 5D000000 		.4byte	.LVL21-1
 1923 014d 62000000 		.4byte	.LVL22
 1924 0151 0300     		.2byte	0x3
 1925 0153 74       		.byte	0x74
 1926 0154 78       		.sleb128 -8
 1927 0155 9F       		.byte	0x9f
 1928 0156 62000000 		.4byte	.LVL22
 1929 015a 78000000 		.4byte	.LVL24
ARM GAS  /tmp/ccMGbQPl.s 			page 35


 1930 015e 0100     		.2byte	0x1
 1931 0160 53       		.byte	0x53
 1932 0161 00000000 		.4byte	0
 1933 0165 00000000 		.4byte	0
 1934              	.LLST8:
 1935 0169 6A000000 		.4byte	.LVL23
 1936 016d 78000000 		.4byte	.LVL24
 1937 0171 0100     		.2byte	0x1
 1938 0173 57       		.byte	0x57
 1939 0174 00000000 		.4byte	0
 1940 0178 00000000 		.4byte	0
 1941              	.LLST9:
 1942 017c 00000000 		.4byte	.LVL26
 1943 0180 0C000000 		.4byte	.LVL28
 1944 0184 0100     		.2byte	0x1
 1945 0186 50       		.byte	0x50
 1946 0187 0C000000 		.4byte	.LVL28
 1947 018b 5A000000 		.4byte	.LVL37
 1948 018f 0100     		.2byte	0x1
 1949 0191 56       		.byte	0x56
 1950 0192 5A000000 		.4byte	.LVL37
 1951 0196 5E000000 		.4byte	.LVL38
 1952 019a 0400     		.2byte	0x4
 1953 019c F3       		.byte	0xf3
 1954 019d 01       		.uleb128 0x1
 1955 019e 50       		.byte	0x50
 1956 019f 9F       		.byte	0x9f
 1957 01a0 5E000000 		.4byte	.LVL38
 1958 01a4 8E000000 		.4byte	.LVL39
 1959 01a8 0100     		.2byte	0x1
 1960 01aa 56       		.byte	0x56
 1961 01ab 8E000000 		.4byte	.LVL39
 1962 01af 92000000 		.4byte	.LFE10
 1963 01b3 0400     		.2byte	0x4
 1964 01b5 F3       		.byte	0xf3
 1965 01b6 01       		.uleb128 0x1
 1966 01b7 50       		.byte	0x50
 1967 01b8 9F       		.byte	0x9f
 1968 01b9 00000000 		.4byte	0
 1969 01bd 00000000 		.4byte	0
 1970              	.LLST10:
 1971 01c1 10000000 		.4byte	.LVL29
 1972 01c5 18000000 		.4byte	.LVL32
 1973 01c9 0100     		.2byte	0x1
 1974 01cb 55       		.byte	0x55
 1975 01cc 18000000 		.4byte	.LVL32
 1976 01d0 30000000 		.4byte	.LVL34
 1977 01d4 0100     		.2byte	0x1
 1978 01d6 53       		.byte	0x53
 1979 01d7 32000000 		.4byte	.LVL35
 1980 01db 5D000000 		.4byte	.LVL38-1
 1981 01df 0100     		.2byte	0x1
 1982 01e1 53       		.byte	0x53
 1983 01e2 5E000000 		.4byte	.LVL38
 1984 01e6 91000000 		.4byte	.LVL40-1
 1985 01ea 0100     		.2byte	0x1
 1986 01ec 53       		.byte	0x53
ARM GAS  /tmp/ccMGbQPl.s 			page 36


 1987 01ed 00000000 		.4byte	0
 1988 01f1 00000000 		.4byte	0
 1989              	.LLST11:
 1990 01f5 08000000 		.4byte	.LVL27
 1991 01f9 5A000000 		.4byte	.LVL37
 1992 01fd 0100     		.2byte	0x1
 1993 01ff 54       		.byte	0x54
 1994 0200 5A000000 		.4byte	.LVL37
 1995 0204 5E000000 		.4byte	.LVL38
 1996 0208 0600     		.2byte	0x6
 1997 020a F3       		.byte	0xf3
 1998 020b 01       		.uleb128 0x1
 1999 020c 50       		.byte	0x50
 2000 020d 38       		.byte	0x38
 2001 020e 1C       		.byte	0x1c
 2002 020f 9F       		.byte	0x9f
 2003 0210 5E000000 		.4byte	.LVL38
 2004 0214 8E000000 		.4byte	.LVL39
 2005 0218 0100     		.2byte	0x1
 2006 021a 54       		.byte	0x54
 2007 021b 8E000000 		.4byte	.LVL39
 2008 021f 92000000 		.4byte	.LFE10
 2009 0223 0600     		.2byte	0x6
 2010 0225 F3       		.byte	0xf3
 2011 0226 01       		.uleb128 0x1
 2012 0227 50       		.byte	0x50
 2013 0228 38       		.byte	0x38
 2014 0229 1C       		.byte	0x1c
 2015 022a 9F       		.byte	0x9f
 2016 022b 00000000 		.4byte	0
 2017 022f 00000000 		.4byte	0
 2018              	.LLST12:
 2019 0233 0C000000 		.4byte	.LVL28
 2020 0237 12000000 		.4byte	.LVL30
 2021 023b 0100     		.2byte	0x1
 2022 023d 50       		.byte	0x50
 2023 023e 12000000 		.4byte	.LVL30
 2024 0242 15000000 		.4byte	.LVL31-1
 2025 0246 0200     		.2byte	0x2
 2026 0248 74       		.byte	0x74
 2027 0249 00       		.sleb128 0
 2028 024a 15000000 		.4byte	.LVL31-1
 2029 024e 44000000 		.4byte	.LVL36
 2030 0252 0300     		.2byte	0x3
 2031 0254 75       		.byte	0x75
 2032 0255 78       		.sleb128 -8
 2033 0256 9F       		.byte	0x9f
 2034 0257 00000000 		.4byte	0
 2035 025b 00000000 		.4byte	0
 2036              	.LLST13:
 2037 025f 00000000 		.4byte	.LVL41
 2038 0263 0A000000 		.4byte	.LVL42
 2039 0267 0100     		.2byte	0x1
 2040 0269 50       		.byte	0x50
 2041 026a 0A000000 		.4byte	.LVL42
 2042 026e 1C000000 		.4byte	.LVL44
 2043 0272 0100     		.2byte	0x1
ARM GAS  /tmp/ccMGbQPl.s 			page 37


 2044 0274 54       		.byte	0x54
 2045 0275 1C000000 		.4byte	.LVL44
 2046 0279 34000000 		.4byte	.LVL49
 2047 027d 1300     		.2byte	0x13
 2048 027f F3       		.byte	0xf3
 2049 0280 01       		.uleb128 0x1
 2050 0281 50       		.byte	0x50
 2051 0282 03       		.byte	0x3
 2052 0283 00000000 		.4byte	.LANCHOR0
 2053 0287 F3       		.byte	0xf3
 2054 0288 01       		.uleb128 0x1
 2055 0289 50       		.byte	0x50
 2056 028a 30       		.byte	0x30
 2057 028b 2E       		.byte	0x2e
 2058 028c 28       		.byte	0x28
 2059 028d 0100     		.2byte	0x1
 2060 028f 16       		.byte	0x16
 2061 0290 13       		.byte	0x13
 2062 0291 9F       		.byte	0x9f
 2063 0292 34000000 		.4byte	.LVL49
 2064 0296 38000000 		.4byte	.LVL50
 2065 029a 0100     		.2byte	0x1
 2066 029c 54       		.byte	0x54
 2067 029d 38000000 		.4byte	.LVL50
 2068 02a1 40000000 		.4byte	.LFE11
 2069 02a5 1300     		.2byte	0x13
 2070 02a7 F3       		.byte	0xf3
 2071 02a8 01       		.uleb128 0x1
 2072 02a9 50       		.byte	0x50
 2073 02aa 03       		.byte	0x3
 2074 02ab 00000000 		.4byte	.LANCHOR0
 2075 02af F3       		.byte	0xf3
 2076 02b0 01       		.uleb128 0x1
 2077 02b1 50       		.byte	0x50
 2078 02b2 30       		.byte	0x30
 2079 02b3 2E       		.byte	0x2e
 2080 02b4 28       		.byte	0x28
 2081 02b5 0100     		.2byte	0x1
 2082 02b7 16       		.byte	0x16
 2083 02b8 13       		.byte	0x13
 2084 02b9 9F       		.byte	0x9f
 2085 02ba 00000000 		.4byte	0
 2086 02be 00000000 		.4byte	0
 2087              	.LLST14:
 2088 02c2 00000000 		.4byte	.LVL41
 2089 02c6 13000000 		.4byte	.LVL43-1
 2090 02ca 0100     		.2byte	0x1
 2091 02cc 51       		.byte	0x51
 2092 02cd 13000000 		.4byte	.LVL43-1
 2093 02d1 40000000 		.4byte	.LFE11
 2094 02d5 0100     		.2byte	0x1
 2095 02d7 55       		.byte	0x55
 2096 02d8 00000000 		.4byte	0
 2097 02dc 00000000 		.4byte	0
 2098              	.LLST15:
 2099 02e0 14000000 		.4byte	.LVL43
 2100 02e4 1C000000 		.4byte	.LVL44
ARM GAS  /tmp/ccMGbQPl.s 			page 38


 2101 02e8 0300     		.2byte	0x3
 2102 02ea 74       		.byte	0x74
 2103 02eb 08       		.sleb128 8
 2104 02ec 9F       		.byte	0x9f
 2105 02ed 1C000000 		.4byte	.LVL44
 2106 02f1 24000000 		.4byte	.LVL46
 2107 02f5 1500     		.2byte	0x15
 2108 02f7 F3       		.byte	0xf3
 2109 02f8 01       		.uleb128 0x1
 2110 02f9 50       		.byte	0x50
 2111 02fa 03       		.byte	0x3
 2112 02fb 00000000 		.4byte	.LANCHOR0
 2113 02ff F3       		.byte	0xf3
 2114 0300 01       		.uleb128 0x1
 2115 0301 50       		.byte	0x50
 2116 0302 30       		.byte	0x30
 2117 0303 2E       		.byte	0x2e
 2118 0304 28       		.byte	0x28
 2119 0305 0100     		.2byte	0x1
 2120 0307 16       		.byte	0x16
 2121 0308 13       		.byte	0x13
 2122 0309 23       		.byte	0x23
 2123 030a 08       		.uleb128 0x8
 2124 030b 9F       		.byte	0x9f
 2125 030c 34000000 		.4byte	.LVL49
 2126 0310 38000000 		.4byte	.LVL50
 2127 0314 0300     		.2byte	0x3
 2128 0316 74       		.byte	0x74
 2129 0317 08       		.sleb128 8
 2130 0318 9F       		.byte	0x9f
 2131 0319 38000000 		.4byte	.LVL50
 2132 031d 40000000 		.4byte	.LFE11
 2133 0321 1500     		.2byte	0x15
 2134 0323 F3       		.byte	0xf3
 2135 0324 01       		.uleb128 0x1
 2136 0325 50       		.byte	0x50
 2137 0326 03       		.byte	0x3
 2138 0327 00000000 		.4byte	.LANCHOR0
 2139 032b F3       		.byte	0xf3
 2140 032c 01       		.uleb128 0x1
 2141 032d 50       		.byte	0x50
 2142 032e 30       		.byte	0x30
 2143 032f 2E       		.byte	0x2e
 2144 0330 28       		.byte	0x28
 2145 0331 0100     		.2byte	0x1
 2146 0333 16       		.byte	0x16
 2147 0334 13       		.byte	0x13
 2148 0335 23       		.byte	0x23
 2149 0336 08       		.uleb128 0x8
 2150 0337 9F       		.byte	0x9f
 2151 0338 00000000 		.4byte	0
 2152 033c 00000000 		.4byte	0
 2153              	.LLST16:
 2154 0340 14000000 		.4byte	.LVL43
 2155 0344 1C000000 		.4byte	.LVL44
 2156 0348 0200     		.2byte	0x2
 2157 034a 30       		.byte	0x30
ARM GAS  /tmp/ccMGbQPl.s 			page 39


 2158 034b 9F       		.byte	0x9f
 2159 034c 1C000000 		.4byte	.LVL44
 2160 0350 22000000 		.4byte	.LVL45
 2161 0354 0100     		.2byte	0x1
 2162 0356 54       		.byte	0x54
 2163 0357 22000000 		.4byte	.LVL45
 2164 035b 24000000 		.4byte	.LVL46
 2165 035f 0300     		.2byte	0x3
 2166 0361 74       		.byte	0x74
 2167 0362 7F       		.sleb128 -1
 2168 0363 9F       		.byte	0x9f
 2169 0364 24000000 		.4byte	.LVL46
 2170 0368 28000000 		.4byte	.LVL47
 2171 036c 0100     		.2byte	0x1
 2172 036e 54       		.byte	0x54
 2173 036f 34000000 		.4byte	.LVL49
 2174 0373 40000000 		.4byte	.LFE11
 2175 0377 0200     		.2byte	0x2
 2176 0379 30       		.byte	0x30
 2177 037a 9F       		.byte	0x9f
 2178 037b 00000000 		.4byte	0
 2179 037f 00000000 		.4byte	0
 2180              	.LLST17:
 2181 0383 14000000 		.4byte	.LVL43
 2182 0387 1C000000 		.4byte	.LVL44
 2183 038b 0200     		.2byte	0x2
 2184 038d 30       		.byte	0x30
 2185 038e 9F       		.byte	0x9f
 2186 038f 1C000000 		.4byte	.LVL44
 2187 0393 28000000 		.4byte	.LVL47
 2188 0397 0100     		.2byte	0x1
 2189 0399 52       		.byte	0x52
 2190 039a 34000000 		.4byte	.LVL49
 2191 039e 40000000 		.4byte	.LFE11
 2192 03a2 0200     		.2byte	0x2
 2193 03a4 30       		.byte	0x30
 2194 03a5 9F       		.byte	0x9f
 2195 03a6 00000000 		.4byte	0
 2196 03aa 00000000 		.4byte	0
 2197              		.section	.debug_aranges,"",%progbits
 2198 0000 3C000000 		.4byte	0x3c
 2199 0004 0200     		.2byte	0x2
 2200 0006 00000000 		.4byte	.Ldebug_info0
 2201 000a 04       		.byte	0x4
 2202 000b 00       		.byte	0
 2203 000c 0000     		.2byte	0
 2204 000e 0000     		.2byte	0
 2205 0010 00000000 		.4byte	.LFB7
 2206 0014 1C000000 		.4byte	.LFE7-.LFB7
 2207 0018 00000000 		.4byte	.LFB8
 2208 001c 14000000 		.4byte	.LFE8-.LFB8
 2209 0020 00000000 		.4byte	.LFB9
 2210 0024 80000000 		.4byte	.LFE9-.LFB9
 2211 0028 00000000 		.4byte	.LFB10
 2212 002c 92000000 		.4byte	.LFE10-.LFB10
 2213 0030 00000000 		.4byte	.LFB11
 2214 0034 40000000 		.4byte	.LFE11-.LFB11
ARM GAS  /tmp/ccMGbQPl.s 			page 40


 2215 0038 00000000 		.4byte	0
 2216 003c 00000000 		.4byte	0
 2217              		.section	.debug_ranges,"",%progbits
 2218              	.Ldebug_ranges0:
 2219 0000 00000000 		.4byte	.LFB7
 2220 0004 1C000000 		.4byte	.LFE7
 2221 0008 00000000 		.4byte	.LFB8
 2222 000c 14000000 		.4byte	.LFE8
 2223 0010 00000000 		.4byte	.LFB9
 2224 0014 80000000 		.4byte	.LFE9
 2225 0018 00000000 		.4byte	.LFB10
 2226 001c 92000000 		.4byte	.LFE10
 2227 0020 00000000 		.4byte	.LFB11
 2228 0024 40000000 		.4byte	.LFE11
 2229 0028 00000000 		.4byte	0
 2230 002c 00000000 		.4byte	0
 2231              		.section	.debug_line,"",%progbits
 2232              	.Ldebug_line0:
 2233 0000 BA030000 		.section	.debug_str,"MS",%progbits,1
 2233      0200CE02 
 2233      00000201 
 2233      FB0E0D00 
 2233      01010101 
 2234              	.LASF42:
 2235 0000 705F6D73 		.ascii	"p_msg\000"
 2235      6700
 2236              	.LASF2:
 2237 0006 73697A65 		.ascii	"size_t\000"
 2237      5F7400
 2238              	.LASF68:
 2239 000d 7264796D 		.ascii	"rdymsg\000"
 2239      736700
 2240              	.LASF17:
 2241 0014 75696E74 		.ascii	"uint64_t\000"
 2241      36345F74 
 2241      00
 2242              	.LASF3:
 2243 001d 5F5F7569 		.ascii	"__uint8_t\000"
 2243      6E74385F 
 2243      7400
 2244              	.LASF58:
 2245 0027 6D656D67 		.ascii	"memgetfunc_t\000"
 2245      65746675 
 2245      6E635F74 
 2245      00
 2246              	.LASF13:
 2247 0034 6C6F6E67 		.ascii	"long long unsigned int\000"
 2247      206C6F6E 
 2247      6720756E 
 2247      7369676E 
 2247      65642069 
 2248              	.LASF69:
 2249 004b 65786974 		.ascii	"exitcode\000"
 2249      636F6465 
 2249      00
 2250              	.LASF62:
 2251 0054 685F6672 		.ascii	"h_free\000"
ARM GAS  /tmp/ccMGbQPl.s 			page 41


 2251      656500
 2252              	.LASF75:
 2253 005b 68656170 		.ascii	"heapp\000"
 2253      7000
 2254              	.LASF86:
 2255 0061 63684D74 		.ascii	"chMtxUnlock\000"
 2255      78556E6C 
 2255      6F636B00 
 2256              	.LASF74:
 2257 006d 63684865 		.ascii	"chHeapInit\000"
 2257      6170496E 
 2257      697400
 2258              	.LASF64:
 2259 0078 6E657874 		.ascii	"next\000"
 2259      00
 2260              	.LASF30:
 2261 007d 705F7072 		.ascii	"p_prio\000"
 2261      696F00
 2262              	.LASF11:
 2263 0084 6C6F6E67 		.ascii	"long long int\000"
 2263      206C6F6E 
 2263      6720696E 
 2263      7400
 2264              	.LASF1:
 2265 0092 7369676E 		.ascii	"signed char\000"
 2265      65642063 
 2265      68617200 
 2266              	.LASF63:
 2267 009e 685F6D74 		.ascii	"h_mtx\000"
 2267      7800
 2268              	.LASF46:
 2269 00a4 705F6D70 		.ascii	"p_mpool\000"
 2269      6F6F6C00 
 2270              	.LASF55:
 2271 00ac 6D5F7175 		.ascii	"m_queue\000"
 2271      65756500 
 2272              	.LASF76:
 2273 00b4 63684865 		.ascii	"chHeapFree\000"
 2273      61704672 
 2273      656500
 2274              	.LASF22:
 2275 00bf 74736C69 		.ascii	"tslices_t\000"
 2275      6365735F 
 2275      7400
 2276              	.LASF8:
 2277 00c9 6C6F6E67 		.ascii	"long int\000"
 2277      20696E74 
 2277      00
 2278              	.LASF20:
 2279 00d2 74737461 		.ascii	"tstate_t\000"
 2279      74655F74 
 2279      00
 2280              	.LASF32:
 2281 00db 705F6E65 		.ascii	"p_newer\000"
 2281      77657200 
 2282              	.LASF9:
 2283 00e3 5F5F7569 		.ascii	"__uint32_t\000"
ARM GAS  /tmp/ccMGbQPl.s 			page 42


 2283      6E743332 
 2283      5F7400
 2284              	.LASF49:
 2285 00ee 72656761 		.ascii	"regarm_t\000"
 2285      726D5F74 
 2285      00
 2286              	.LASF66:
 2287 00f7 616C6967 		.ascii	"align\000"
 2287      6E00
 2288              	.LASF0:
 2289 00fd 756E7369 		.ascii	"unsigned int\000"
 2289      676E6564 
 2289      20696E74 
 2289      00
 2290              	.LASF10:
 2291 010a 6C6F6E67 		.ascii	"long unsigned int\000"
 2291      20756E73 
 2291      69676E65 
 2291      6420696E 
 2291      7400
 2292              	.LASF52:
 2293 011c 636F6E74 		.ascii	"context\000"
 2293      65787400 
 2294              	.LASF67:
 2295 0124 73697A65 		.ascii	"size\000"
 2295      00
 2296              	.LASF6:
 2297 0129 73686F72 		.ascii	"short unsigned int\000"
 2297      7420756E 
 2297      7369676E 
 2297      65642069 
 2297      6E7400
 2298              	.LASF24:
 2299 013c 6D73675F 		.ascii	"msg_t\000"
 2299      7400
 2300              	.LASF19:
 2301 0142 746D6F64 		.ascii	"tmode_t\000"
 2301      655F7400 
 2302              	.LASF48:
 2303 014a 54687265 		.ascii	"ThreadsList\000"
 2303      6164734C 
 2303      69737400 
 2304              	.LASF25:
 2305 0156 6576656E 		.ascii	"eventmask_t\000"
 2305      746D6173 
 2305      6B5F7400 
 2306              	.LASF54:
 2307 0162 4D757465 		.ascii	"Mutex\000"
 2307      7800
 2308              	.LASF50:
 2309 0168 73746B61 		.ascii	"stkalign_t\000"
 2309      6C69676E 
 2309      5F7400
 2310              	.LASF53:
 2311 0173 73697A65 		.ascii	"sizetype\000"
 2311      74797065 
 2311      00
ARM GAS  /tmp/ccMGbQPl.s 			page 43


 2312              	.LASF82:
 2313 017c 63684D74 		.ascii	"chMtxLock\000"
 2313      784C6F63 
 2313      6B00
 2314              	.LASF33:
 2315 0186 705F6F6C 		.ascii	"p_older\000"
 2315      64657200 
 2316              	.LASF47:
 2317 018e 54687265 		.ascii	"ThreadsQueue\000"
 2317      61647351 
 2317      75657565 
 2317      00
 2318              	.LASF59:
 2319 019b 4D656D6F 		.ascii	"MemoryHeap\000"
 2319      72794865 
 2319      617000
 2320              	.LASF12:
 2321 01a6 5F5F7569 		.ascii	"__uint64_t\000"
 2321      6E743634 
 2321      5F7400
 2322              	.LASF21:
 2323 01b1 74726566 		.ascii	"trefs_t\000"
 2323      735F7400 
 2324              	.LASF29:
 2325 01b9 705F7072 		.ascii	"p_prev\000"
 2325      657600
 2326              	.LASF23:
 2327 01c0 74707269 		.ascii	"tprio_t\000"
 2327      6F5F7400 
 2328              	.LASF18:
 2329 01c8 5F426F6F 		.ascii	"_Bool\000"
 2329      6C00
 2330              	.LASF15:
 2331 01ce 696E7433 		.ascii	"int32_t\000"
 2331      325F7400 
 2332              	.LASF4:
 2333 01d6 756E7369 		.ascii	"unsigned char\000"
 2333      676E6564 
 2333      20636861 
 2333      7200
 2334              	.LASF61:
 2335 01e4 685F7072 		.ascii	"h_provider\000"
 2335      6F766964 
 2335      657200
 2336              	.LASF44:
 2337 01ef 705F6D74 		.ascii	"p_mtxlist\000"
 2337      786C6973 
 2337      7400
 2338              	.LASF5:
 2339 01f9 73686F72 		.ascii	"short int\000"
 2339      7420696E 
 2339      7400
 2340              	.LASF35:
 2341 0203 705F7374 		.ascii	"p_state\000"
 2341      61746500 
 2342              	.LASF38:
 2343 020b 705F7072 		.ascii	"p_preempt\000"
ARM GAS  /tmp/ccMGbQPl.s 			page 44


 2343      65656D70 
 2343      7400
 2344              	.LASF85:
 2345 0215 68656170 		.ascii	"heap_header\000"
 2345      5F686561 
 2345      64657200 
 2346              	.LASF71:
 2347 0221 65776D61 		.ascii	"ewmask\000"
 2347      736B00
 2348              	.LASF28:
 2349 0228 705F6E65 		.ascii	"p_next\000"
 2349      787400
 2350              	.LASF36:
 2351 022f 705F666C 		.ascii	"p_flags\000"
 2351      61677300 
 2352              	.LASF84:
 2353 0237 2F686F6D 		.ascii	"/home/marco/SoftwareProjects/st-usb/f9xx/firmware/e"
 2353      652F6D61 
 2353      72636F2F 
 2353      536F6674 
 2353      77617265 
 2354 026a 78742F43 		.ascii	"xt/ChibiOS-RT/os/kernel/src/chheap.c\000"
 2354      68696269 
 2354      4F532D52 
 2354      542F6F73 
 2354      2F6B6572 
 2355              	.LASF27:
 2356 028f 54687265 		.ascii	"Thread\000"
 2356      616400
 2357              	.LASF77:
 2358 0296 63684865 		.ascii	"chHeapAlloc\000"
 2358      6170416C 
 2358      6C6F6300 
 2359              	.LASF43:
 2360 02a2 705F6570 		.ascii	"p_epending\000"
 2360      656E6469 
 2360      6E6700
 2361              	.LASF16:
 2362 02ad 75696E74 		.ascii	"uint32_t\000"
 2362      33325F74 
 2362      00
 2363              	.LASF65:
 2364 02b6 68656170 		.ascii	"heap\000"
 2364      00
 2365              	.LASF80:
 2366 02bb 64656661 		.ascii	"default_heap\000"
 2366      756C745F 
 2366      68656170 
 2366      00
 2367              	.LASF72:
 2368 02c8 63686172 		.ascii	"char\000"
 2368      00
 2369              	.LASF78:
 2370 02cd 63684865 		.ascii	"chHeapStatus\000"
 2370      61705374 
 2370      61747573 
 2370      00
ARM GAS  /tmp/ccMGbQPl.s 			page 45


 2371              	.LASF83:
 2372 02da 474E5520 		.ascii	"GNU C 4.8.4 20140526 (release) [ARM/embedded-4_8-br"
 2372      4320342E 
 2372      382E3420 
 2372      32303134 
 2372      30353236 
 2373 030d 616E6368 		.ascii	"anch revision 211358] -mcpu=cortex-m4 -mno-thumb-in"
 2373      20726576 
 2373      6973696F 
 2373      6E203231 
 2373      31333538 
 2374 0340 74657277 		.ascii	"terwork -mthumb -ggdb -O2 -fomit-frame-pointer -fal"
 2374      6F726B20 
 2374      2D6D7468 
 2374      756D6220 
 2374      2D676764 
 2375 0373 69676E2D 		.ascii	"ign-functions=16 -ffunction-sections -fdata-section"
 2375      66756E63 
 2375      74696F6E 
 2375      733D3136 
 2375      202D6666 
 2376 03a6 73202D66 		.ascii	"s -fno-common\000"
 2376      6E6F2D63 
 2376      6F6D6D6F 
 2376      6E00
 2377              	.LASF57:
 2378 03b4 6D5F6E65 		.ascii	"m_next\000"
 2378      787400
 2379              	.LASF26:
 2380 03bb 73797374 		.ascii	"systime_t\000"
 2380      696D655F 
 2380      7400
 2381              	.LASF45:
 2382 03c5 705F7265 		.ascii	"p_realprio\000"
 2382      616C7072 
 2382      696F00
 2383              	.LASF7:
 2384 03d0 5F5F696E 		.ascii	"__int32_t\000"
 2384      7433325F 
 2384      7400
 2385              	.LASF39:
 2386 03da 705F7469 		.ascii	"p_time\000"
 2386      6D6500
 2387              	.LASF51:
 2388 03e1 696E7463 		.ascii	"intctx\000"
 2388      747800
 2389              	.LASF41:
 2390 03e8 705F6D73 		.ascii	"p_msgqueue\000"
 2390      67717565 
 2390      756500
 2391              	.LASF81:
 2392 03f3 63684D74 		.ascii	"chMtxInit\000"
 2392      78496E69 
 2392      7400
 2393              	.LASF37:
 2394 03fd 705F7265 		.ascii	"p_refs\000"
 2394      667300
ARM GAS  /tmp/ccMGbQPl.s 			page 46


 2395              	.LASF14:
 2396 0404 75696E74 		.ascii	"uint8_t\000"
 2396      385F7400 
 2397              	.LASF70:
 2398 040c 77746F62 		.ascii	"wtobjp\000"
 2398      6A7000
 2399              	.LASF79:
 2400 0413 73697A65 		.ascii	"sizep\000"
 2400      7000
 2401              	.LASF34:
 2402 0419 705F6E61 		.ascii	"p_name\000"
 2402      6D6500
 2403              	.LASF73:
 2404 0420 5F686561 		.ascii	"_heap_init\000"
 2404      705F696E 
 2404      697400
 2405              	.LASF56:
 2406 042b 6D5F6F77 		.ascii	"m_owner\000"
 2406      6E657200 
 2407              	.LASF31:
 2408 0433 705F6374 		.ascii	"p_ctx\000"
 2408      7800
 2409              	.LASF40:
 2410 0439 705F7761 		.ascii	"p_waiting\000"
 2410      6974696E 
 2410      6700
 2411              	.LASF60:
 2412 0443 6D656D6F 		.ascii	"memory_heap\000"
 2412      72795F68 
 2412      65617000 
 2413              		.ident	"GCC: (GNU Tools for ARM Embedded Processors) 4.8.4 20140526 (release) [ARM/embedded-4_8-br
ARM GAS  /tmp/ccMGbQPl.s 			page 47


DEFINED SYMBOLS
                            *ABS*:00000000 chheap.c
     /tmp/ccMGbQPl.s:19     .text._heap_init:00000000 $t
     /tmp/ccMGbQPl.s:25     .text._heap_init:00000000 _heap_init
     /tmp/ccMGbQPl.s:50     .text._heap_init:00000014 $d
     /tmp/ccMGbQPl.s:56     .text.chHeapInit:00000000 $t
     /tmp/ccMGbQPl.s:62     .text.chHeapInit:00000000 chHeapInit
     /tmp/ccMGbQPl.s:96     .text.chHeapAlloc:00000000 $t
     /tmp/ccMGbQPl.s:102    .text.chHeapAlloc:00000000 chHeapAlloc
     /tmp/ccMGbQPl.s:226    .text.chHeapAlloc:0000007c $d
     /tmp/ccMGbQPl.s:231    .text.chHeapFree:00000000 $t
     /tmp/ccMGbQPl.s:237    .text.chHeapFree:00000000 chHeapFree
     /tmp/ccMGbQPl.s:358    .text.chHeapStatus:00000000 $t
     /tmp/ccMGbQPl.s:364    .text.chHeapStatus:00000000 chHeapStatus
     /tmp/ccMGbQPl.s:435    .text.chHeapStatus:0000003c $d
     /tmp/ccMGbQPl.s:440    .bss.default_heap:00000000 $d
     /tmp/ccMGbQPl.s:444    .bss.default_heap:00000000 default_heap
                     .debug_frame:00000010 $d
     /tmp/ccMGbQPl.s:55     .text._heap_init:0000001c $t

UNDEFINED SYMBOLS
chMtxInit
chCoreAlloc
chMtxLock
chMtxUnlock
