ARM GAS  /tmp/ccdslTzL.s 			page 1


   1              		.syntax unified
   2              		.cpu cortex-m4
   3              		.fpu softvfp
   4              		.eabi_attribute 20, 1
   5              		.eabi_attribute 21, 1
   6              		.eabi_attribute 23, 3
   7              		.eabi_attribute 24, 1
   8              		.eabi_attribute 25, 1
   9              		.eabi_attribute 26, 1
  10              		.eabi_attribute 30, 2
  11              		.eabi_attribute 34, 1
  12              		.eabi_attribute 18, 4
  13              		.thumb
  14              		.file	"chlists.c"
  15              		.text
  16              	.Ltext0:
  17              		.cfi_sections	.debug_frame
  18              	.Letext0:
  19              		.section	.debug_info,"",%progbits
  20              	.Ldebug_info0:
  21 0000 71000000 		.4byte	0x71
  22 0004 0400     		.2byte	0x4
  23 0006 00000000 		.4byte	.Ldebug_abbrev0
  24 000a 04       		.byte	0x4
  25 000b 01       		.uleb128 0x1
  26 000c 6D000000 		.4byte	.LASF12
  27 0010 01       		.byte	0x1
  28 0011 64010000 		.4byte	.LASF13
  29 0015 00000000 		.4byte	.Ldebug_line0
  30 0019 02       		.uleb128 0x2
  31 001a 04       		.byte	0x4
  32 001b 05       		.byte	0x5
  33 001c 696E7400 		.ascii	"int\000"
  34 0020 03       		.uleb128 0x3
  35 0021 04       		.byte	0x4
  36 0022 07       		.byte	0x7
  37 0023 00000000 		.4byte	.LASF0
  38 0027 03       		.uleb128 0x3
  39 0028 01       		.byte	0x1
  40 0029 06       		.byte	0x6
  41 002a 2D000000 		.4byte	.LASF1
  42 002e 03       		.uleb128 0x3
  43 002f 01       		.byte	0x1
  44 0030 08       		.byte	0x8
  45 0031 1F000000 		.4byte	.LASF2
  46 0035 03       		.uleb128 0x3
  47 0036 02       		.byte	0x2
  48 0037 05       		.byte	0x5
  49 0038 4C000000 		.4byte	.LASF3
  50 003c 03       		.uleb128 0x3
  51 003d 02       		.byte	0x2
  52 003e 07       		.byte	0x7
  53 003f 39000000 		.4byte	.LASF4
  54 0043 03       		.uleb128 0x3
  55 0044 04       		.byte	0x4
  56 0045 05       		.byte	0x5
  57 0046 4D010000 		.4byte	.LASF5
ARM GAS  /tmp/ccdslTzL.s 			page 2


  58 004a 03       		.uleb128 0x3
  59 004b 04       		.byte	0x4
  60 004c 07       		.byte	0x7
  61 004d 0D000000 		.4byte	.LASF6
  62 0051 03       		.uleb128 0x3
  63 0052 08       		.byte	0x8
  64 0053 05       		.byte	0x5
  65 0054 BD010000 		.4byte	.LASF7
  66 0058 03       		.uleb128 0x3
  67 0059 08       		.byte	0x8
  68 005a 07       		.byte	0x7
  69 005b 56000000 		.4byte	.LASF8
  70 005f 03       		.uleb128 0x3
  71 0060 01       		.byte	0x1
  72 0061 02       		.byte	0x2
  73 0062 47010000 		.4byte	.LASF9
  74 0066 03       		.uleb128 0x3
  75 0067 04       		.byte	0x4
  76 0068 07       		.byte	0x7
  77 0069 56010000 		.4byte	.LASF10
  78 006d 03       		.uleb128 0x3
  79 006e 01       		.byte	0x1
  80 006f 08       		.byte	0x8
  81 0070 5F010000 		.4byte	.LASF11
  82 0074 00       		.byte	0
  83              		.section	.debug_abbrev,"",%progbits
  84              	.Ldebug_abbrev0:
  85 0000 01       		.uleb128 0x1
  86 0001 11       		.uleb128 0x11
  87 0002 01       		.byte	0x1
  88 0003 25       		.uleb128 0x25
  89 0004 0E       		.uleb128 0xe
  90 0005 13       		.uleb128 0x13
  91 0006 0B       		.uleb128 0xb
  92 0007 03       		.uleb128 0x3
  93 0008 0E       		.uleb128 0xe
  94 0009 10       		.uleb128 0x10
  95 000a 17       		.uleb128 0x17
  96 000b 00       		.byte	0
  97 000c 00       		.byte	0
  98 000d 02       		.uleb128 0x2
  99 000e 24       		.uleb128 0x24
 100 000f 00       		.byte	0
 101 0010 0B       		.uleb128 0xb
 102 0011 0B       		.uleb128 0xb
 103 0012 3E       		.uleb128 0x3e
 104 0013 0B       		.uleb128 0xb
 105 0014 03       		.uleb128 0x3
 106 0015 08       		.uleb128 0x8
 107 0016 00       		.byte	0
 108 0017 00       		.byte	0
 109 0018 03       		.uleb128 0x3
 110 0019 24       		.uleb128 0x24
 111 001a 00       		.byte	0
 112 001b 0B       		.uleb128 0xb
 113 001c 0B       		.uleb128 0xb
 114 001d 3E       		.uleb128 0x3e
ARM GAS  /tmp/ccdslTzL.s 			page 3


 115 001e 0B       		.uleb128 0xb
 116 001f 03       		.uleb128 0x3
 117 0020 0E       		.uleb128 0xe
 118 0021 00       		.byte	0
 119 0022 00       		.byte	0
 120 0023 00       		.byte	0
 121              		.section	.debug_aranges,"",%progbits
 122 0000 14000000 		.4byte	0x14
 123 0004 0200     		.2byte	0x2
 124 0006 00000000 		.4byte	.Ldebug_info0
 125 000a 04       		.byte	0x4
 126 000b 00       		.byte	0
 127 000c 0000     		.2byte	0
 128 000e 0000     		.2byte	0
 129 0010 00000000 		.4byte	0
 130 0014 00000000 		.4byte	0
 131              		.section	.debug_line,"",%progbits
 132              	.Ldebug_line0:
 133 0000 19000000 		.section	.debug_str,"MS",%progbits,1
 133      02001300 
 133      00000201 
 133      FB0E0D00 
 133      01010101 
 134              	.LASF0:
 135 0000 756E7369 		.ascii	"unsigned int\000"
 135      676E6564 
 135      20696E74 
 135      00
 136              	.LASF6:
 137 000d 6C6F6E67 		.ascii	"long unsigned int\000"
 137      20756E73 
 137      69676E65 
 137      6420696E 
 137      7400
 138              	.LASF2:
 139 001f 756E7369 		.ascii	"unsigned char\000"
 139      676E6564 
 139      20636861 
 139      7200
 140              	.LASF1:
 141 002d 7369676E 		.ascii	"signed char\000"
 141      65642063 
 141      68617200 
 142              	.LASF4:
 143 0039 73686F72 		.ascii	"short unsigned int\000"
 143      7420756E 
 143      7369676E 
 143      65642069 
 143      6E7400
 144              	.LASF3:
 145 004c 73686F72 		.ascii	"short int\000"
 145      7420696E 
 145      7400
 146              	.LASF8:
 147 0056 6C6F6E67 		.ascii	"long long unsigned int\000"
 147      206C6F6E 
 147      6720756E 
ARM GAS  /tmp/ccdslTzL.s 			page 4


 147      7369676E 
 147      65642069 
 148              	.LASF12:
 149 006d 474E5520 		.ascii	"GNU C 4.8.4 20140526 (release) [ARM/embedded-4_8-br"
 149      4320342E 
 149      382E3420 
 149      32303134 
 149      30353236 
 150 00a0 616E6368 		.ascii	"anch revision 211358] -mcpu=cortex-m4 -mno-thumb-in"
 150      20726576 
 150      6973696F 
 150      6E203231 
 150      31333538 
 151 00d3 74657277 		.ascii	"terwork -mthumb -ggdb -O2 -fomit-frame-pointer -fal"
 151      6F726B20 
 151      2D6D7468 
 151      756D6220 
 151      2D676764 
 152 0106 69676E2D 		.ascii	"ign-functions=16 -ffunction-sections -fdata-section"
 152      66756E63 
 152      74696F6E 
 152      733D3136 
 152      202D6666 
 153 0139 73202D66 		.ascii	"s -fno-common\000"
 153      6E6F2D63 
 153      6F6D6D6F 
 153      6E00
 154              	.LASF9:
 155 0147 5F426F6F 		.ascii	"_Bool\000"
 155      6C00
 156              	.LASF5:
 157 014d 6C6F6E67 		.ascii	"long int\000"
 157      20696E74 
 157      00
 158              	.LASF10:
 159 0156 73697A65 		.ascii	"sizetype\000"
 159      74797065 
 159      00
 160              	.LASF11:
 161 015f 63686172 		.ascii	"char\000"
 161      00
 162              	.LASF13:
 163 0164 2F686F6D 		.ascii	"/home/marco/SoftwareProjects/st-usb/f9xx/firmware/e"
 163      652F6D61 
 163      72636F2F 
 163      536F6674 
 163      77617265 
 164 0197 78742F43 		.ascii	"xt/ChibiOS-RT/os/kernel/src/chlists.c\000"
 164      68696269 
 164      4F532D52 
 164      542F6F73 
 164      2F6B6572 
 165              	.LASF7:
 166 01bd 6C6F6E67 		.ascii	"long long int\000"
 166      206C6F6E 
 166      6720696E 
 166      7400
ARM GAS  /tmp/ccdslTzL.s 			page 5


 167              		.ident	"GCC: (GNU Tools for ARM Embedded Processors) 4.8.4 20140526 (release) [ARM/embedded-4_8-br
ARM GAS  /tmp/ccdslTzL.s 			page 6


DEFINED SYMBOLS
                            *ABS*:00000000 chlists.c

NO UNDEFINED SYMBOLS
