ARM GAS  /tmp/ccxyVBBg.s 			page 1


   1              		.syntax unified
   2              		.cpu cortex-m4
   3              		.fpu softvfp
   4              		.eabi_attribute 20, 1
   5              		.eabi_attribute 21, 1
   6              		.eabi_attribute 23, 3
   7              		.eabi_attribute 24, 1
   8              		.eabi_attribute 25, 1
   9              		.eabi_attribute 26, 1
  10              		.eabi_attribute 30, 2
  11              		.eabi_attribute 34, 1
  12              		.eabi_attribute 18, 4
  13              		.thumb
  14              		.file	"chmsg.c"
  15              		.text
  16              	.Ltext0:
  17              		.cfi_sections	.debug_frame
  18              		.section	.text.chMsgSend,"ax",%progbits
  19              		.align	2
  20              		.p2align 4,,15
  21              		.global	chMsgSend
  22              		.thumb
  23              		.thumb_func
  24              		.type	chMsgSend, %function
  25              	chMsgSend:
  26              	.LFB7:
  27              		.file 1 "/home/marco/SoftwareProjects/st-usb/f9xx/firmware/ext/ChibiOS-RT/os/kernel/src/chmsg.c"
  28              		.loc 1 75 0
  29              		.cfi_startproc
  30              		@ args = 0, pretend = 0, frame = 0
  31              		@ frame_needed = 0, uses_anonymous_args = 0
  32              	.LVL0:
  33              		.loc 1 76 0
  34 0000 0E4B     		ldr	r3, .L5
  35              		.loc 1 75 0
  36 0002 70B5     		push	{r4, r5, r6, lr}
  37              		.cfi_def_cfa_offset 16
  38              		.cfi_offset 4, -16
  39              		.cfi_offset 5, -12
  40              		.cfi_offset 6, -8
  41              		.cfi_offset 14, -4
  42              		.loc 1 76 0
  43 0004 9C69     		ldr	r4, [r3, #24]
  44              	.LVL1:
  45              	.LBB10:
  46              		.loc 1 80 0
  47 0006 2023     		movs	r3, #32
  48              	@ 80 "/home/marco/SoftwareProjects/st-usb/f9xx/firmware/ext/ChibiOS-RT/os/kernel/src/chmsg.c" 1
  49 0008 83F31188 		msr     BASEPRI, r3
  50              	@ 0 "" 2
  51              		.thumb
  52              	.LBE10:
  53              		.loc 1 82 0
  54 000c 00F12C05 		add	r5, r0, #44
  55              		.loc 1 84 0
  56 0010 067F     		ldrb	r6, [r0, #28]	@ zero_extendqisi2
  57              		.loc 1 82 0
ARM GAS  /tmp/ccxyVBBg.s 			page 2


  58 0012 6562     		str	r5, [r4, #36]
  59              	.LVL2:
  60              	.LBB11:
  61              	.LBB12:
  62              		.file 2 "/home/marco/SoftwareProjects/st-usb/f9xx/firmware/ext/ChibiOS-RT/os/kernel/include/chinli
  63              		.loc 2 55 0
  64 0014 036B     		ldr	r3, [r0, #48]
  65 0016 6360     		str	r3, [r4, #4]
  66              	.LBE12:
  67              	.LBE11:
  68              		.loc 1 84 0
  69 0018 0C2E     		cmp	r6, #12
  70              		.loc 1 81 0
  71 001a 6163     		str	r1, [r4, #52]
  72              	.LBB14:
  73              	.LBB13:
  74              		.loc 2 54 0
  75 001c 2560     		str	r5, [r4]
  76              		.loc 2 56 0
  77 001e 0463     		str	r4, [r0, #48]
  78 0020 1C60     		str	r4, [r3]
  79              	.LBE13:
  80              	.LBE14:
  81              		.loc 1 84 0
  82 0022 07D0     		beq	.L4
  83              	.LVL3:
  84              	.L2:
  85              		.loc 1 86 0
  86 0024 0A20     		movs	r0, #10
  87 0026 FFF7FEFF 		bl	chSchGoSleepS
  88              	.LVL4:
  89              		.loc 1 87 0
  90 002a 606A     		ldr	r0, [r4, #36]
  91              	.LVL5:
  92              	.LBB15:
  93              		.loc 1 88 0
  94 002c 0023     		movs	r3, #0
  95              	@ 88 "/home/marco/SoftwareProjects/st-usb/f9xx/firmware/ext/ChibiOS-RT/os/kernel/src/chmsg.c" 1
  96 002e 83F31188 		msr     BASEPRI, r3
  97              	@ 0 "" 2
  98              		.thumb
  99              	.LBE15:
 100              		.loc 1 90 0
 101 0032 70BD     		pop	{r4, r5, r6, pc}
 102              	.LVL6:
 103              	.L4:
 104              		.loc 1 85 0
 105 0034 FFF7FEFF 		bl	chSchReadyI
 106              	.LVL7:
 107 0038 F4E7     		b	.L2
 108              	.L6:
 109 003a 00BF     		.align	2
 110              	.L5:
 111 003c 00000000 		.word	rlist
 112              		.cfi_endproc
 113              	.LFE7:
 114              		.size	chMsgSend, .-chMsgSend
ARM GAS  /tmp/ccxyVBBg.s 			page 3


 115              		.section	.text.chMsgWait,"ax",%progbits
 116              		.align	2
 117              		.p2align 4,,15
 118              		.global	chMsgWait
 119              		.thumb
 120              		.thumb_func
 121              		.type	chMsgWait, %function
 122              	chMsgWait:
 123              	.LFB8:
 124              		.loc 1 106 0
 125              		.cfi_startproc
 126              		@ args = 0, pretend = 0, frame = 0
 127              		@ frame_needed = 0, uses_anonymous_args = 0
 128 0000 10B5     		push	{r4, lr}
 129              		.cfi_def_cfa_offset 8
 130              		.cfi_offset 4, -8
 131              		.cfi_offset 14, -4
 132              	.LBB16:
 133              		.loc 1 109 0
 134 0002 2023     		movs	r3, #32
 135              	@ 109 "/home/marco/SoftwareProjects/st-usb/f9xx/firmware/ext/ChibiOS-RT/os/kernel/src/chmsg.c" 1
 136 0004 83F31188 		msr     BASEPRI, r3
 137              	@ 0 "" 2
 138              		.thumb
 139              	.LBE16:
 140              		.loc 1 110 0
 141 0008 0B4C     		ldr	r4, .L10
 142 000a A269     		ldr	r2, [r4, #24]
 143 000c 1346     		mov	r3, r2
 144 000e 53F82C0F 		ldr	r0, [r3, #44]!
 145 0012 9842     		cmp	r0, r3
 146 0014 08D0     		beq	.L9
 147              	.L8:
 148              	.LVL8:
 149              	.LBB17:
 150              	.LBB18:
 151              		.loc 2 62 0
 152 0016 0168     		ldr	r1, [r0]
 153 0018 D162     		str	r1, [r2, #44]
 154              	.LBE18:
 155              	.LBE17:
 156              		.loc 1 113 0
 157 001a 0B22     		movs	r2, #11
 158              	.LBB20:
 159              	.LBB19:
 160              		.loc 2 62 0
 161 001c 4B60     		str	r3, [r1, #4]
 162              	.LBE19:
 163              	.LBE20:
 164              	.LBB21:
 165              		.loc 1 114 0
 166 001e 0023     		movs	r3, #0
 167              	.LVL9:
 168              	.LBE21:
 169              		.loc 1 113 0
 170 0020 0277     		strb	r2, [r0, #28]
 171              	.LBB22:
ARM GAS  /tmp/ccxyVBBg.s 			page 4


 172              		.loc 1 114 0
 173              	@ 114 "/home/marco/SoftwareProjects/st-usb/f9xx/firmware/ext/ChibiOS-RT/os/kernel/src/chmsg.c" 1
 174 0022 83F31188 		msr     BASEPRI, r3
 175              	@ 0 "" 2
 176              		.thumb
 177              	.LBE22:
 178              		.loc 1 116 0
 179 0026 10BD     		pop	{r4, pc}
 180              	.LVL10:
 181              	.L9:
 182              		.loc 1 111 0
 183 0028 0C20     		movs	r0, #12
 184 002a FFF7FEFF 		bl	chSchGoSleepS
 185              	.LVL11:
 186 002e A269     		ldr	r2, [r4, #24]
 187 0030 D06A     		ldr	r0, [r2, #44]
 188 0032 02F12C03 		add	r3, r2, #44
 189 0036 EEE7     		b	.L8
 190              	.L11:
 191              		.align	2
 192              	.L10:
 193 0038 00000000 		.word	rlist
 194              		.cfi_endproc
 195              	.LFE8:
 196              		.size	chMsgWait, .-chMsgWait
 197 003c AFF30080 		.section	.text.chMsgRelease,"ax",%progbits
 198              		.align	2
 199              		.p2align 4,,15
 200              		.global	chMsgRelease
 201              		.thumb
 202              		.thumb_func
 203              		.type	chMsgRelease, %function
 204              	chMsgRelease:
 205              	.LFB9:
 206              		.loc 1 128 0
 207              		.cfi_startproc
 208              		@ args = 0, pretend = 0, frame = 0
 209              		@ frame_needed = 0, uses_anonymous_args = 0
 210              	.LVL12:
 211 0000 08B5     		push	{r3, lr}
 212              		.cfi_def_cfa_offset 8
 213              		.cfi_offset 3, -8
 214              		.cfi_offset 14, -4
 215              	.LBB23:
 216              		.loc 1 130 0
 217 0002 2023     		movs	r3, #32
 218              	@ 130 "/home/marco/SoftwareProjects/st-usb/f9xx/firmware/ext/ChibiOS-RT/os/kernel/src/chmsg.c" 1
 219 0004 83F31188 		msr     BASEPRI, r3
 220              	@ 0 "" 2
 221              		.thumb
 222              	.LBE23:
 223              		.loc 1 133 0
 224 0008 FFF7FEFF 		bl	chSchWakeupS
 225              	.LVL13:
 226              	.LBB24:
 227              		.loc 1 134 0
 228 000c 0023     		movs	r3, #0
ARM GAS  /tmp/ccxyVBBg.s 			page 5


 229              	@ 134 "/home/marco/SoftwareProjects/st-usb/f9xx/firmware/ext/ChibiOS-RT/os/kernel/src/chmsg.c" 1
 230 000e 83F31188 		msr     BASEPRI, r3
 231              	@ 0 "" 2
 232              		.thumb
 233 0012 08BD     		pop	{r3, pc}
 234              	.LBE24:
 235              		.cfi_endproc
 236              	.LFE9:
 237              		.size	chMsgRelease, .-chMsgRelease
 238 0014 AFF30080 		.text
 238      AFF30080 
 238      AFF30080 
 239              	.Letext0:
 240              		.file 3 "/home/marco/SoftwareProjects/st-usb/tools/gcc-arm-none-eabi-4_8-2014q2/arm-none-eabi/incl
 241              		.file 4 "/home/marco/SoftwareProjects/st-usb/tools/gcc-arm-none-eabi-4_8-2014q2/arm-none-eabi/incl
 242              		.file 5 "/home/marco/SoftwareProjects/st-usb/f9xx/firmware/ext/ChibiOS-RT/os/ports/GCC/ARMCMx/chty
 243              		.file 6 "/home/marco/SoftwareProjects/st-usb/f9xx/firmware/ext/ChibiOS-RT/os/kernel/include/chlist
 244              		.file 7 "/home/marco/SoftwareProjects/st-usb/f9xx/firmware/ext/ChibiOS-RT/os/kernel/include/chthre
 245              		.file 8 "/home/marco/SoftwareProjects/st-usb/f9xx/firmware/ext/ChibiOS-RT/os/ports/GCC/ARMCMx/chco
 246              		.file 9 "/home/marco/SoftwareProjects/st-usb/f9xx/firmware/ext/ChibiOS-RT/os/kernel/include/chschd
 247              		.file 10 "/home/marco/SoftwareProjects/st-usb/f9xx/firmware/ext/ChibiOS-RT/os/kernel/include/chmtx
 248              		.section	.debug_info,"",%progbits
 249              	.Ldebug_info0:
 250 0000 5B060000 		.4byte	0x65b
 251 0004 0400     		.2byte	0x4
 252 0006 00000000 		.4byte	.Ldebug_abbrev0
 253 000a 04       		.byte	0x4
 254 000b 01       		.uleb128 0x1
 255 000c 2C020000 		.4byte	.LASF68
 256 0010 01       		.byte	0x1
 257 0011 7B030000 		.4byte	.LASF69
 258 0015 48000000 		.4byte	.Ldebug_ranges0+0x48
 259 0019 00000000 		.4byte	0
 260 001d 00000000 		.4byte	.Ldebug_line0
 261 0021 02       		.uleb128 0x2
 262 0022 04       		.byte	0x4
 263 0023 05       		.byte	0x5
 264 0024 696E7400 		.ascii	"int\000"
 265 0028 03       		.uleb128 0x3
 266 0029 04       		.byte	0x4
 267 002a 07       		.byte	0x7
 268 002b B7000000 		.4byte	.LASF0
 269 002f 03       		.uleb128 0x3
 270 0030 01       		.byte	0x1
 271 0031 06       		.byte	0x6
 272 0032 59000000 		.4byte	.LASF1
 273 0036 04       		.uleb128 0x4
 274 0037 1A000000 		.4byte	.LASF5
 275 003b 03       		.byte	0x3
 276 003c 1C       		.byte	0x1c
 277 003d 41000000 		.4byte	0x41
 278 0041 03       		.uleb128 0x3
 279 0042 01       		.byte	0x1
 280 0043 08       		.byte	0x8
 281 0044 80010000 		.4byte	.LASF2
 282 0048 03       		.uleb128 0x3
 283 0049 02       		.byte	0x2
ARM GAS  /tmp/ccxyVBBg.s 			page 6


 284 004a 05       		.byte	0x5
 285 004b 98010000 		.4byte	.LASF3
 286 004f 03       		.uleb128 0x3
 287 0050 02       		.byte	0x2
 288 0051 07       		.byte	0x7
 289 0052 DE000000 		.4byte	.LASF4
 290 0056 04       		.uleb128 0x4
 291 0057 22030000 		.4byte	.LASF6
 292 005b 03       		.byte	0x3
 293 005c 37       		.byte	0x37
 294 005d 61000000 		.4byte	0x61
 295 0061 03       		.uleb128 0x3
 296 0062 04       		.byte	0x4
 297 0063 05       		.byte	0x5
 298 0064 7F000000 		.4byte	.LASF7
 299 0068 04       		.uleb128 0x4
 300 0069 A3000000 		.4byte	.LASF8
 301 006d 03       		.byte	0x3
 302 006e 38       		.byte	0x38
 303 006f 73000000 		.4byte	0x73
 304 0073 03       		.uleb128 0x3
 305 0074 04       		.byte	0x4
 306 0075 07       		.byte	0x7
 307 0076 C4000000 		.4byte	.LASF9
 308 007a 03       		.uleb128 0x3
 309 007b 08       		.byte	0x8
 310 007c 05       		.byte	0x5
 311 007d 4B000000 		.4byte	.LASF10
 312 0081 03       		.uleb128 0x3
 313 0082 08       		.byte	0x8
 314 0083 07       		.byte	0x7
 315 0084 24000000 		.4byte	.LASF11
 316 0088 04       		.uleb128 0x4
 317 0089 73030000 		.4byte	.LASF12
 318 008d 04       		.byte	0x4
 319 008e 2A       		.byte	0x2a
 320 008f 36000000 		.4byte	0x36
 321 0093 04       		.uleb128 0x4
 322 0094 78010000 		.4byte	.LASF13
 323 0098 04       		.byte	0x4
 324 0099 41       		.byte	0x41
 325 009a 56000000 		.4byte	0x56
 326 009e 04       		.uleb128 0x4
 327 009f FE010000 		.4byte	.LASF14
 328 00a3 04       		.byte	0x4
 329 00a4 42       		.byte	0x42
 330 00a5 68000000 		.4byte	0x68
 331 00a9 03       		.uleb128 0x3
 332 00aa 01       		.byte	0x1
 333 00ab 02       		.byte	0x2
 334 00ac 72010000 		.4byte	.LASF15
 335 00b0 04       		.uleb128 0x4
 336 00b1 FF000000 		.4byte	.LASF16
 337 00b5 05       		.byte	0x5
 338 00b6 2C       		.byte	0x2c
 339 00b7 88000000 		.4byte	0x88
 340 00bb 04       		.uleb128 0x4
ARM GAS  /tmp/ccxyVBBg.s 			page 7


 341 00bc 92000000 		.4byte	.LASF17
 342 00c0 05       		.byte	0x5
 343 00c1 2D       		.byte	0x2d
 344 00c2 88000000 		.4byte	0x88
 345 00c6 04       		.uleb128 0x4
 346 00c7 5B010000 		.4byte	.LASF18
 347 00cb 05       		.byte	0x5
 348 00cc 2E       		.byte	0x2e
 349 00cd 88000000 		.4byte	0x88
 350 00d1 04       		.uleb128 0x4
 351 00d2 75000000 		.4byte	.LASF19
 352 00d6 05       		.byte	0x5
 353 00d7 2F       		.byte	0x2f
 354 00d8 88000000 		.4byte	0x88
 355 00dc 04       		.uleb128 0x4
 356 00dd 6A010000 		.4byte	.LASF20
 357 00e1 05       		.byte	0x5
 358 00e2 30       		.byte	0x30
 359 00e3 9E000000 		.4byte	0x9e
 360 00e7 04       		.uleb128 0x4
 361 00e8 F1000000 		.4byte	.LASF21
 362 00ec 05       		.byte	0x5
 363 00ed 31       		.byte	0x31
 364 00ee 93000000 		.4byte	0x93
 365 00f2 04       		.uleb128 0x4
 366 00f3 13010000 		.4byte	.LASF22
 367 00f7 05       		.byte	0x5
 368 00f8 33       		.byte	0x33
 369 00f9 9E000000 		.4byte	0x9e
 370 00fd 04       		.uleb128 0x4
 371 00fe 0D030000 		.4byte	.LASF23
 372 0102 05       		.byte	0x5
 373 0103 35       		.byte	0x35
 374 0104 9E000000 		.4byte	0x9e
 375 0108 04       		.uleb128 0x4
 376 0109 D1010000 		.4byte	.LASF24
 377 010d 06       		.byte	0x6
 378 010e 2A       		.byte	0x2a
 379 010f 13010000 		.4byte	0x113
 380 0113 05       		.uleb128 0x5
 381 0114 D1010000 		.4byte	.LASF24
 382 0118 48       		.byte	0x48
 383 0119 07       		.byte	0x7
 384 011a 5E       		.byte	0x5e
 385 011b 10020000 		.4byte	0x210
 386 011f 06       		.uleb128 0x6
 387 0120 C2010000 		.4byte	.LASF25
 388 0124 07       		.byte	0x7
 389 0125 5F       		.byte	0x5f
 390 0126 31020000 		.4byte	0x231
 391 012a 00       		.byte	0
 392 012b 06       		.uleb128 0x6
 393 012c 63010000 		.4byte	.LASF26
 394 0130 07       		.byte	0x7
 395 0131 61       		.byte	0x61
 396 0132 31020000 		.4byte	0x231
 397 0136 04       		.byte	0x4
ARM GAS  /tmp/ccxyVBBg.s 			page 8


 398 0137 06       		.uleb128 0x6
 399 0138 44000000 		.4byte	.LASF27
 400 013c 07       		.byte	0x7
 401 013d 63       		.byte	0x63
 402 013e DC000000 		.4byte	0xdc
 403 0142 08       		.byte	0x8
 404 0143 06       		.uleb128 0x6
 405 0144 E8030000 		.4byte	.LASF28
 406 0148 07       		.byte	0x7
 407 0149 64       		.byte	0x64
 408 014a EB020000 		.4byte	0x2eb
 409 014e 0C       		.byte	0xc
 410 014f 06       		.uleb128 0x6
 411 0150 9B000000 		.4byte	.LASF29
 412 0154 07       		.byte	0x7
 413 0155 66       		.byte	0x66
 414 0156 31020000 		.4byte	0x231
 415 015a 10       		.byte	0x10
 416 015b 06       		.uleb128 0x6
 417 015c 2E010000 		.4byte	.LASF30
 418 0160 07       		.byte	0x7
 419 0161 67       		.byte	0x67
 420 0162 31020000 		.4byte	0x231
 421 0166 14       		.byte	0x14
 422 0167 06       		.uleb128 0x6
 423 0168 D9030000 		.4byte	.LASF31
 424 016c 07       		.byte	0x7
 425 016d 6E       		.byte	0x6e
 426 016e EB030000 		.4byte	0x3eb
 427 0172 18       		.byte	0x18
 428 0173 06       		.uleb128 0x6
 429 0174 A2010000 		.4byte	.LASF32
 430 0178 07       		.byte	0x7
 431 0179 79       		.byte	0x79
 432 017a BB000000 		.4byte	0xbb
 433 017e 1C       		.byte	0x1c
 434 017f 06       		.uleb128 0x6
 435 0180 C9010000 		.4byte	.LASF33
 436 0184 07       		.byte	0x7
 437 0185 7D       		.byte	0x7d
 438 0186 B0000000 		.4byte	0xb0
 439 018a 1D       		.byte	0x1d
 440 018b 06       		.uleb128 0x6
 441 018c 5C030000 		.4byte	.LASF34
 442 0190 07       		.byte	0x7
 443 0191 82       		.byte	0x82
 444 0192 C6000000 		.4byte	0xc6
 445 0196 1E       		.byte	0x1e
 446 0197 06       		.uleb128 0x6
 447 0198 AA010000 		.4byte	.LASF35
 448 019c 07       		.byte	0x7
 449 019d 88       		.byte	0x88
 450 019e D1000000 		.4byte	0xd1
 451 01a2 1F       		.byte	0x1f
 452 01a3 06       		.uleb128 0x6
 453 01a4 2C030000 		.4byte	.LASF36
 454 01a8 07       		.byte	0x7
ARM GAS  /tmp/ccxyVBBg.s 			page 9


 455 01a9 8F       		.byte	0x8f
 456 01aa 13030000 		.4byte	0x313
 457 01ae 20       		.byte	0x20
 458 01af 07       		.uleb128 0x7
 459 01b0 705F7500 		.ascii	"p_u\000"
 460 01b4 07       		.byte	0x7
 461 01b5 B4       		.byte	0xb4
 462 01b6 B6030000 		.4byte	0x3b6
 463 01ba 24       		.byte	0x24
 464 01bb 06       		.uleb128 0x6
 465 01bc EE030000 		.4byte	.LASF37
 466 01c0 07       		.byte	0x7
 467 01c1 B9       		.byte	0xb9
 468 01c2 57020000 		.4byte	0x257
 469 01c6 28       		.byte	0x28
 470 01c7 06       		.uleb128 0x6
 471 01c8 3A030000 		.4byte	.LASF38
 472 01cc 07       		.byte	0x7
 473 01cd BF       		.byte	0xbf
 474 01ce 37020000 		.4byte	0x237
 475 01d2 2C       		.byte	0x2c
 476 01d3 06       		.uleb128 0x6
 477 01d4 00000000 		.4byte	.LASF39
 478 01d8 07       		.byte	0x7
 479 01d9 C3       		.byte	0xc3
 480 01da E7000000 		.4byte	0xe7
 481 01de 34       		.byte	0x34
 482 01df 06       		.uleb128 0x6
 483 01e0 F3010000 		.4byte	.LASF40
 484 01e4 07       		.byte	0x7
 485 01e5 C9       		.byte	0xc9
 486 01e6 F2000000 		.4byte	0xf2
 487 01ea 38       		.byte	0x38
 488 01eb 06       		.uleb128 0x6
 489 01ec 8E010000 		.4byte	.LASF41
 490 01f0 07       		.byte	0x7
 491 01f1 D0       		.byte	0xd0
 492 01f2 FD030000 		.4byte	0x3fd
 493 01f6 3C       		.byte	0x3c
 494 01f7 06       		.uleb128 0x6
 495 01f8 17030000 		.4byte	.LASF42
 496 01fc 07       		.byte	0x7
 497 01fd D4       		.byte	0xd4
 498 01fe DC000000 		.4byte	0xdc
 499 0202 40       		.byte	0x40
 500 0203 06       		.uleb128 0x6
 501 0204 65000000 		.4byte	.LASF43
 502 0208 07       		.byte	0x7
 503 0209 DA       		.byte	0xda
 504 020a 6D020000 		.4byte	0x26d
 505 020e 44       		.byte	0x44
 506 020f 00       		.byte	0
 507 0210 08       		.uleb128 0x8
 508 0211 08       		.byte	0x8
 509 0212 06       		.byte	0x6
 510 0213 61       		.byte	0x61
 511 0214 31020000 		.4byte	0x231
ARM GAS  /tmp/ccxyVBBg.s 			page 10


 512 0218 06       		.uleb128 0x6
 513 0219 C2010000 		.4byte	.LASF25
 514 021d 06       		.byte	0x6
 515 021e 62       		.byte	0x62
 516 021f 31020000 		.4byte	0x231
 517 0223 00       		.byte	0
 518 0224 06       		.uleb128 0x6
 519 0225 63010000 		.4byte	.LASF26
 520 0229 06       		.byte	0x6
 521 022a 64       		.byte	0x64
 522 022b 31020000 		.4byte	0x231
 523 022f 04       		.byte	0x4
 524 0230 00       		.byte	0
 525 0231 09       		.uleb128 0x9
 526 0232 04       		.byte	0x4
 527 0233 08010000 		.4byte	0x108
 528 0237 04       		.uleb128 0x4
 529 0238 3C010000 		.4byte	.LASF44
 530 023c 06       		.byte	0x6
 531 023d 66       		.byte	0x66
 532 023e 10020000 		.4byte	0x210
 533 0242 08       		.uleb128 0x8
 534 0243 04       		.byte	0x4
 535 0244 06       		.byte	0x6
 536 0245 6B       		.byte	0x6b
 537 0246 57020000 		.4byte	0x257
 538 024a 06       		.uleb128 0x6
 539 024b C2010000 		.4byte	.LASF25
 540 024f 06       		.byte	0x6
 541 0250 6D       		.byte	0x6d
 542 0251 31020000 		.4byte	0x231
 543 0255 00       		.byte	0
 544 0256 00       		.byte	0
 545 0257 04       		.uleb128 0x4
 546 0258 07010000 		.4byte	.LASF45
 547 025c 06       		.byte	0x6
 548 025d 70       		.byte	0x70
 549 025e 42020000 		.4byte	0x242
 550 0262 04       		.uleb128 0x4
 551 0263 AE000000 		.4byte	.LASF46
 552 0267 08       		.byte	0x8
 553 0268 E5       		.byte	0xe5
 554 0269 6D020000 		.4byte	0x26d
 555 026d 0A       		.uleb128 0xa
 556 026e 04       		.byte	0x4
 557 026f 0B       		.uleb128 0xb
 558 0270 33030000 		.4byte	.LASF47
 559 0274 24       		.byte	0x24
 560 0275 08       		.byte	0x8
 561 0276 0C01     		.2byte	0x10c
 562 0278 EB020000 		.4byte	0x2eb
 563 027c 0C       		.uleb128 0xc
 564 027d 723400   		.ascii	"r4\000"
 565 0280 08       		.byte	0x8
 566 0281 1F01     		.2byte	0x11f
 567 0283 62020000 		.4byte	0x262
 568 0287 00       		.byte	0
ARM GAS  /tmp/ccxyVBBg.s 			page 11


 569 0288 0C       		.uleb128 0xc
 570 0289 723500   		.ascii	"r5\000"
 571 028c 08       		.byte	0x8
 572 028d 2001     		.2byte	0x120
 573 028f 62020000 		.4byte	0x262
 574 0293 04       		.byte	0x4
 575 0294 0C       		.uleb128 0xc
 576 0295 723600   		.ascii	"r6\000"
 577 0298 08       		.byte	0x8
 578 0299 2101     		.2byte	0x121
 579 029b 62020000 		.4byte	0x262
 580 029f 08       		.byte	0x8
 581 02a0 0C       		.uleb128 0xc
 582 02a1 723700   		.ascii	"r7\000"
 583 02a4 08       		.byte	0x8
 584 02a5 2201     		.2byte	0x122
 585 02a7 62020000 		.4byte	0x262
 586 02ab 0C       		.byte	0xc
 587 02ac 0C       		.uleb128 0xc
 588 02ad 723800   		.ascii	"r8\000"
 589 02b0 08       		.byte	0x8
 590 02b1 2301     		.2byte	0x123
 591 02b3 62020000 		.4byte	0x262
 592 02b7 10       		.byte	0x10
 593 02b8 0C       		.uleb128 0xc
 594 02b9 723900   		.ascii	"r9\000"
 595 02bc 08       		.byte	0x8
 596 02bd 2401     		.2byte	0x124
 597 02bf 62020000 		.4byte	0x262
 598 02c3 14       		.byte	0x14
 599 02c4 0C       		.uleb128 0xc
 600 02c5 72313000 		.ascii	"r10\000"
 601 02c9 08       		.byte	0x8
 602 02ca 2501     		.2byte	0x125
 603 02cc 62020000 		.4byte	0x262
 604 02d0 18       		.byte	0x18
 605 02d1 0C       		.uleb128 0xc
 606 02d2 72313100 		.ascii	"r11\000"
 607 02d6 08       		.byte	0x8
 608 02d7 2601     		.2byte	0x126
 609 02d9 62020000 		.4byte	0x262
 610 02dd 1C       		.byte	0x1c
 611 02de 0C       		.uleb128 0xc
 612 02df 6C7200   		.ascii	"lr\000"
 613 02e2 08       		.byte	0x8
 614 02e3 2701     		.2byte	0x127
 615 02e5 62020000 		.4byte	0x262
 616 02e9 20       		.byte	0x20
 617 02ea 00       		.byte	0
 618 02eb 0B       		.uleb128 0xb
 619 02ec D6000000 		.4byte	.LASF48
 620 02f0 04       		.byte	0x4
 621 02f1 08       		.byte	0x8
 622 02f2 3101     		.2byte	0x131
 623 02f4 06030000 		.4byte	0x306
 624 02f8 0C       		.uleb128 0xc
 625 02f9 72313300 		.ascii	"r13\000"
ARM GAS  /tmp/ccxyVBBg.s 			page 12


 626 02fd 08       		.byte	0x8
 627 02fe 3201     		.2byte	0x132
 628 0300 06030000 		.4byte	0x306
 629 0304 00       		.byte	0
 630 0305 00       		.byte	0
 631 0306 09       		.uleb128 0x9
 632 0307 04       		.byte	0x4
 633 0308 6F020000 		.4byte	0x26f
 634 030c 03       		.uleb128 0x3
 635 030d 04       		.byte	0x4
 636 030e 07       		.byte	0x7
 637 030f 25010000 		.4byte	.LASF49
 638 0313 0D       		.uleb128 0xd
 639 0314 FD000000 		.4byte	0xfd
 640 0318 08       		.uleb128 0x8
 641 0319 1C       		.byte	0x1c
 642 031a 09       		.byte	0x9
 643 031b 5E       		.byte	0x5e
 644 031c 69030000 		.4byte	0x369
 645 0320 06       		.uleb128 0x6
 646 0321 07020000 		.4byte	.LASF50
 647 0325 09       		.byte	0x9
 648 0326 5F       		.byte	0x5f
 649 0327 37020000 		.4byte	0x237
 650 032b 00       		.byte	0
 651 032c 06       		.uleb128 0x6
 652 032d B4010000 		.4byte	.LASF51
 653 0331 09       		.byte	0x9
 654 0332 60       		.byte	0x60
 655 0333 DC000000 		.4byte	0xdc
 656 0337 08       		.byte	0x8
 657 0338 06       		.uleb128 0x6
 658 0339 36010000 		.4byte	.LASF52
 659 033d 09       		.byte	0x9
 660 033e 62       		.byte	0x62
 661 033f EB020000 		.4byte	0x2eb
 662 0343 0C       		.byte	0xc
 663 0344 06       		.uleb128 0x6
 664 0345 F7000000 		.4byte	.LASF53
 665 0349 09       		.byte	0x9
 666 034a 65       		.byte	0x65
 667 034b 31020000 		.4byte	0x231
 668 034f 10       		.byte	0x10
 669 0350 06       		.uleb128 0x6
 670 0351 53010000 		.4byte	.LASF54
 671 0355 09       		.byte	0x9
 672 0356 66       		.byte	0x66
 673 0357 31020000 		.4byte	0x231
 674 035b 14       		.byte	0x14
 675 035c 06       		.uleb128 0x6
 676 035d 49010000 		.4byte	.LASF55
 677 0361 09       		.byte	0x9
 678 0362 69       		.byte	0x69
 679 0363 31020000 		.4byte	0x231
 680 0367 18       		.byte	0x18
 681 0368 00       		.byte	0
 682 0369 04       		.uleb128 0x4
ARM GAS  /tmp/ccxyVBBg.s 			page 13


 683 036a 63030000 		.4byte	.LASF56
 684 036e 09       		.byte	0x9
 685 036f 6B       		.byte	0x6b
 686 0370 18030000 		.4byte	0x318
 687 0374 05       		.uleb128 0x5
 688 0375 1F010000 		.4byte	.LASF57
 689 0379 10       		.byte	0x10
 690 037a 0A       		.byte	0xa
 691 037b 2C       		.byte	0x2c
 692 037c A5030000 		.4byte	0x3a5
 693 0380 06       		.uleb128 0x6
 694 0381 6D000000 		.4byte	.LASF58
 695 0385 0A       		.byte	0xa
 696 0386 2D       		.byte	0x2d
 697 0387 37020000 		.4byte	0x237
 698 038b 00       		.byte	0
 699 038c 06       		.uleb128 0x6
 700 038d E0030000 		.4byte	.LASF59
 701 0391 0A       		.byte	0xa
 702 0392 2F       		.byte	0x2f
 703 0393 31020000 		.4byte	0x231
 704 0397 08       		.byte	0x8
 705 0398 06       		.uleb128 0x6
 706 0399 06030000 		.4byte	.LASF60
 707 039d 0A       		.byte	0xa
 708 039e 31       		.byte	0x31
 709 039f A5030000 		.4byte	0x3a5
 710 03a3 0C       		.byte	0xc
 711 03a4 00       		.byte	0
 712 03a5 09       		.uleb128 0x9
 713 03a6 04       		.byte	0x4
 714 03a7 74030000 		.4byte	0x374
 715 03ab 04       		.uleb128 0x4
 716 03ac 1F010000 		.4byte	.LASF57
 717 03b0 0A       		.byte	0xa
 718 03b1 33       		.byte	0x33
 719 03b2 74030000 		.4byte	0x374
 720 03b6 0E       		.uleb128 0xe
 721 03b7 04       		.byte	0x4
 722 03b8 07       		.byte	0x7
 723 03b9 96       		.byte	0x96
 724 03ba EB030000 		.4byte	0x3eb
 725 03be 0F       		.uleb128 0xf
 726 03bf 13000000 		.4byte	.LASF61
 727 03c3 07       		.byte	0x7
 728 03c4 9D       		.byte	0x9d
 729 03c5 E7000000 		.4byte	0xe7
 730 03c9 0F       		.uleb128 0xf
 731 03ca 3B000000 		.4byte	.LASF62
 732 03ce 07       		.byte	0x7
 733 03cf A4       		.byte	0xa4
 734 03d0 E7000000 		.4byte	0xe7
 735 03d4 0F       		.uleb128 0xf
 736 03d5 D2030000 		.4byte	.LASF63
 737 03d9 07       		.byte	0x7
 738 03da AB       		.byte	0xab
 739 03db 6D020000 		.4byte	0x26d
ARM GAS  /tmp/ccxyVBBg.s 			page 14


 740 03df 0F       		.uleb128 0xf
 741 03e0 BB010000 		.4byte	.LASF64
 742 03e4 07       		.byte	0x7
 743 03e5 B2       		.byte	0xb2
 744 03e6 F2000000 		.4byte	0xf2
 745 03ea 00       		.byte	0
 746 03eb 09       		.uleb128 0x9
 747 03ec 04       		.byte	0x4
 748 03ed F1030000 		.4byte	0x3f1
 749 03f1 10       		.uleb128 0x10
 750 03f2 F6030000 		.4byte	0x3f6
 751 03f6 03       		.uleb128 0x3
 752 03f7 01       		.byte	0x1
 753 03f8 08       		.byte	0x8
 754 03f9 1B020000 		.4byte	.LASF65
 755 03fd 09       		.uleb128 0x9
 756 03fe 04       		.byte	0x4
 757 03ff AB030000 		.4byte	0x3ab
 758 0403 11       		.uleb128 0x11
 759 0404 06000000 		.4byte	.LASF70
 760 0408 02       		.byte	0x2
 761 0409 34       		.byte	0x34
 762 040a 03       		.byte	0x3
 763 040b 25040000 		.4byte	0x425
 764 040f 12       		.uleb128 0x12
 765 0410 747000   		.ascii	"tp\000"
 766 0413 02       		.byte	0x2
 767 0414 34       		.byte	0x34
 768 0415 31020000 		.4byte	0x231
 769 0419 12       		.uleb128 0x12
 770 041a 74717000 		.ascii	"tqp\000"
 771 041e 02       		.byte	0x2
 772 041f 34       		.byte	0x34
 773 0420 25040000 		.4byte	0x425
 774 0424 00       		.byte	0
 775 0425 09       		.uleb128 0x9
 776 0426 04       		.byte	0x4
 777 0427 37020000 		.4byte	0x237
 778 042b 13       		.uleb128 0x13
 779 042c 20020000 		.4byte	.LASF71
 780 0430 02       		.byte	0x2
 781 0431 3B       		.byte	0x3b
 782 0432 31020000 		.4byte	0x231
 783 0436 03       		.byte	0x3
 784 0437 51040000 		.4byte	0x451
 785 043b 12       		.uleb128 0x12
 786 043c 74717000 		.ascii	"tqp\000"
 787 0440 02       		.byte	0x2
 788 0441 3B       		.byte	0x3b
 789 0442 25040000 		.4byte	0x425
 790 0446 14       		.uleb128 0x14
 791 0447 747000   		.ascii	"tp\000"
 792 044a 02       		.byte	0x2
 793 044b 3C       		.byte	0x3c
 794 044c 31020000 		.4byte	0x231
 795 0450 00       		.byte	0
 796 0451 15       		.uleb128 0x15
ARM GAS  /tmp/ccxyVBBg.s 			page 15


 797 0452 88000000 		.4byte	.LASF66
 798 0456 01       		.byte	0x1
 799 0457 4B       		.byte	0x4b
 800 0458 E7000000 		.4byte	0xe7
 801 045c 00000000 		.4byte	.LFB7
 802 0460 40000000 		.4byte	.LFE7-.LFB7
 803 0464 01       		.uleb128 0x1
 804 0465 9C       		.byte	0x9c
 805 0466 09050000 		.4byte	0x509
 806 046a 16       		.uleb128 0x16
 807 046b 747000   		.ascii	"tp\000"
 808 046e 01       		.byte	0x1
 809 046f 4B       		.byte	0x4b
 810 0470 31020000 		.4byte	0x231
 811 0474 00000000 		.4byte	.LLST0
 812 0478 16       		.uleb128 0x16
 813 0479 6D736700 		.ascii	"msg\000"
 814 047d 01       		.byte	0x1
 815 047e 4B       		.byte	0x4b
 816 047f E7000000 		.4byte	0xe7
 817 0483 38000000 		.4byte	.LLST1
 818 0487 17       		.uleb128 0x17
 819 0488 63747000 		.ascii	"ctp\000"
 820 048c 01       		.byte	0x1
 821 048d 4C       		.byte	0x4c
 822 048e 31020000 		.4byte	0x231
 823 0492 01       		.uleb128 0x1
 824 0493 54       		.byte	0x54
 825 0494 18       		.uleb128 0x18
 826 0495 06000000 		.4byte	.LBB10
 827 0499 06000000 		.4byte	.LBE10-.LBB10
 828 049d AF040000 		.4byte	0x4af
 829 04a1 17       		.uleb128 0x17
 830 04a2 746D7000 		.ascii	"tmp\000"
 831 04a6 01       		.byte	0x1
 832 04a7 50       		.byte	0x50
 833 04a8 9E000000 		.4byte	0x9e
 834 04ac 01       		.uleb128 0x1
 835 04ad 53       		.byte	0x53
 836 04ae 00       		.byte	0
 837 04af 19       		.uleb128 0x19
 838 04b0 03040000 		.4byte	0x403
 839 04b4 14000000 		.4byte	.LBB11
 840 04b8 00000000 		.4byte	.Ldebug_ranges0+0
 841 04bc 01       		.byte	0x1
 842 04bd 53       		.byte	0x53
 843 04be D1040000 		.4byte	0x4d1
 844 04c2 1A       		.uleb128 0x1a
 845 04c3 19040000 		.4byte	0x419
 846 04c7 01       		.uleb128 0x1
 847 04c8 55       		.byte	0x55
 848 04c9 1A       		.uleb128 0x1a
 849 04ca 0F040000 		.4byte	0x40f
 850 04ce 01       		.uleb128 0x1
 851 04cf 54       		.byte	0x54
 852 04d0 00       		.byte	0
 853 04d1 18       		.uleb128 0x18
ARM GAS  /tmp/ccxyVBBg.s 			page 16


 854 04d2 2C000000 		.4byte	.LBB15
 855 04d6 06000000 		.4byte	.LBE15-.LBB15
 856 04da EC040000 		.4byte	0x4ec
 857 04de 17       		.uleb128 0x17
 858 04df 746D7000 		.ascii	"tmp\000"
 859 04e3 01       		.byte	0x1
 860 04e4 58       		.byte	0x58
 861 04e5 9E000000 		.4byte	0x9e
 862 04e9 01       		.uleb128 0x1
 863 04ea 53       		.byte	0x53
 864 04eb 00       		.byte	0
 865 04ec 1B       		.uleb128 0x1b
 866 04ed 2A000000 		.4byte	.LVL4
 867 04f1 26060000 		.4byte	0x626
 868 04f5 FF040000 		.4byte	0x4ff
 869 04f9 1C       		.uleb128 0x1c
 870 04fa 01       		.uleb128 0x1
 871 04fb 50       		.byte	0x50
 872 04fc 01       		.uleb128 0x1
 873 04fd 3A       		.byte	0x3a
 874 04fe 00       		.byte	0
 875 04ff 1D       		.uleb128 0x1d
 876 0500 38000000 		.4byte	.LVL7
 877 0504 37060000 		.4byte	0x637
 878 0508 00       		.byte	0
 879 0509 15       		.uleb128 0x15
 880 050a 52030000 		.4byte	.LASF67
 881 050e 01       		.byte	0x1
 882 050f 6A       		.byte	0x6a
 883 0510 31020000 		.4byte	0x231
 884 0514 00000000 		.4byte	.LFB8
 885 0518 3C000000 		.4byte	.LFE8-.LFB8
 886 051c 01       		.uleb128 0x1
 887 051d 9C       		.byte	0x9c
 888 051e 9A050000 		.4byte	0x59a
 889 0522 14       		.uleb128 0x14
 890 0523 747000   		.ascii	"tp\000"
 891 0526 01       		.byte	0x1
 892 0527 6B       		.byte	0x6b
 893 0528 31020000 		.4byte	0x231
 894 052c 18       		.uleb128 0x18
 895 052d 02000000 		.4byte	.LBB16
 896 0531 06000000 		.4byte	.LBE16-.LBB16
 897 0535 47050000 		.4byte	0x547
 898 0539 17       		.uleb128 0x17
 899 053a 746D7000 		.ascii	"tmp\000"
 900 053e 01       		.byte	0x1
 901 053f 6D       		.byte	0x6d
 902 0540 9E000000 		.4byte	0x9e
 903 0544 01       		.uleb128 0x1
 904 0545 53       		.byte	0x53
 905 0546 00       		.byte	0
 906 0547 19       		.uleb128 0x19
 907 0548 2B040000 		.4byte	0x42b
 908 054c 16000000 		.4byte	.LBB17
 909 0550 18000000 		.4byte	.Ldebug_ranges0+0x18
 910 0554 01       		.byte	0x1
ARM GAS  /tmp/ccxyVBBg.s 			page 17


 911 0555 70       		.byte	0x70
 912 0556 73050000 		.4byte	0x573
 913 055a 1E       		.uleb128 0x1e
 914 055b 3B040000 		.4byte	0x43b
 915 055f 7D000000 		.4byte	.LLST2
 916 0563 1F       		.uleb128 0x1f
 917 0564 18000000 		.4byte	.Ldebug_ranges0+0x18
 918 0568 20       		.uleb128 0x20
 919 0569 46040000 		.4byte	0x446
 920 056d 9C000000 		.4byte	.LLST3
 921 0571 00       		.byte	0
 922 0572 00       		.byte	0
 923 0573 21       		.uleb128 0x21
 924 0574 30000000 		.4byte	.Ldebug_ranges0+0x30
 925 0578 8A050000 		.4byte	0x58a
 926 057c 17       		.uleb128 0x17
 927 057d 746D7000 		.ascii	"tmp\000"
 928 0581 01       		.byte	0x1
 929 0582 72       		.byte	0x72
 930 0583 9E000000 		.4byte	0x9e
 931 0587 01       		.uleb128 0x1
 932 0588 53       		.byte	0x53
 933 0589 00       		.byte	0
 934 058a 22       		.uleb128 0x22
 935 058b 2E000000 		.4byte	.LVL11
 936 058f 26060000 		.4byte	0x626
 937 0593 1C       		.uleb128 0x1c
 938 0594 01       		.uleb128 0x1
 939 0595 50       		.byte	0x50
 940 0596 01       		.uleb128 0x1
 941 0597 3C       		.byte	0x3c
 942 0598 00       		.byte	0
 943 0599 00       		.byte	0
 944 059a 23       		.uleb128 0x23
 945 059b D8010000 		.4byte	.LASF72
 946 059f 01       		.byte	0x1
 947 05a0 80       		.byte	0x80
 948 05a1 00000000 		.4byte	.LFB9
 949 05a5 14000000 		.4byte	.LFE9-.LFB9
 950 05a9 01       		.uleb128 0x1
 951 05aa 9C       		.byte	0x9c
 952 05ab 1B060000 		.4byte	0x61b
 953 05af 16       		.uleb128 0x16
 954 05b0 747000   		.ascii	"tp\000"
 955 05b3 01       		.byte	0x1
 956 05b4 80       		.byte	0x80
 957 05b5 31020000 		.4byte	0x231
 958 05b9 AF000000 		.4byte	.LLST4
 959 05bd 16       		.uleb128 0x16
 960 05be 6D736700 		.ascii	"msg\000"
 961 05c2 01       		.byte	0x1
 962 05c3 80       		.byte	0x80
 963 05c4 E7000000 		.4byte	0xe7
 964 05c8 D0000000 		.4byte	.LLST5
 965 05cc 18       		.uleb128 0x18
 966 05cd 02000000 		.4byte	.LBB23
 967 05d1 06000000 		.4byte	.LBE23-.LBB23
ARM GAS  /tmp/ccxyVBBg.s 			page 18


 968 05d5 E7050000 		.4byte	0x5e7
 969 05d9 17       		.uleb128 0x17
 970 05da 746D7000 		.ascii	"tmp\000"
 971 05de 01       		.byte	0x1
 972 05df 82       		.byte	0x82
 973 05e0 9E000000 		.4byte	0x9e
 974 05e4 01       		.uleb128 0x1
 975 05e5 53       		.byte	0x53
 976 05e6 00       		.byte	0
 977 05e7 18       		.uleb128 0x18
 978 05e8 0C000000 		.4byte	.LBB24
 979 05ec 08000000 		.4byte	.LBE24-.LBB24
 980 05f0 02060000 		.4byte	0x602
 981 05f4 17       		.uleb128 0x17
 982 05f5 746D7000 		.ascii	"tmp\000"
 983 05f9 01       		.byte	0x1
 984 05fa 86       		.byte	0x86
 985 05fb 9E000000 		.4byte	0x9e
 986 05ff 01       		.uleb128 0x1
 987 0600 53       		.byte	0x53
 988 0601 00       		.byte	0
 989 0602 22       		.uleb128 0x22
 990 0603 0C000000 		.4byte	.LVL13
 991 0607 4C060000 		.4byte	0x64c
 992 060b 1C       		.uleb128 0x1c
 993 060c 01       		.uleb128 0x1
 994 060d 51       		.byte	0x51
 995 060e 03       		.uleb128 0x3
 996 060f F3       		.byte	0xf3
 997 0610 01       		.uleb128 0x1
 998 0611 51       		.byte	0x51
 999 0612 1C       		.uleb128 0x1c
 1000 0613 01       		.uleb128 0x1
 1001 0614 50       		.byte	0x50
 1002 0615 03       		.uleb128 0x3
 1003 0616 F3       		.byte	0xf3
 1004 0617 01       		.uleb128 0x1
 1005 0618 50       		.byte	0x50
 1006 0619 00       		.byte	0
 1007 061a 00       		.byte	0
 1008 061b 24       		.uleb128 0x24
 1009 061c 6D030000 		.4byte	.LASF73
 1010 0620 09       		.byte	0x9
 1011 0621 6F       		.byte	0x6f
 1012 0622 69030000 		.4byte	0x369
 1013 0626 25       		.uleb128 0x25
 1014 0627 E5010000 		.4byte	.LASF74
 1015 062b 09       		.byte	0x9
 1016 062c 93       		.byte	0x93
 1017 062d 37060000 		.4byte	0x637
 1018 0631 26       		.uleb128 0x26
 1019 0632 BB000000 		.4byte	0xbb
 1020 0636 00       		.byte	0
 1021 0637 27       		.uleb128 0x27
 1022 0638 0F020000 		.4byte	.LASF75
 1023 063c 09       		.byte	0x9
 1024 063d 90       		.byte	0x90
ARM GAS  /tmp/ccxyVBBg.s 			page 19


 1025 063e 31020000 		.4byte	0x231
 1026 0642 4C060000 		.4byte	0x64c
 1027 0646 26       		.uleb128 0x26
 1028 0647 31020000 		.4byte	0x231
 1029 064b 00       		.byte	0
 1030 064c 28       		.uleb128 0x28
 1031 064d 45030000 		.4byte	.LASF76
 1032 0651 09       		.byte	0x9
 1033 0652 99       		.byte	0x99
 1034 0653 26       		.uleb128 0x26
 1035 0654 31020000 		.4byte	0x231
 1036 0658 26       		.uleb128 0x26
 1037 0659 E7000000 		.4byte	0xe7
 1038 065d 00       		.byte	0
 1039 065e 00       		.byte	0
 1040              		.section	.debug_abbrev,"",%progbits
 1041              	.Ldebug_abbrev0:
 1042 0000 01       		.uleb128 0x1
 1043 0001 11       		.uleb128 0x11
 1044 0002 01       		.byte	0x1
 1045 0003 25       		.uleb128 0x25
 1046 0004 0E       		.uleb128 0xe
 1047 0005 13       		.uleb128 0x13
 1048 0006 0B       		.uleb128 0xb
 1049 0007 03       		.uleb128 0x3
 1050 0008 0E       		.uleb128 0xe
 1051 0009 55       		.uleb128 0x55
 1052 000a 17       		.uleb128 0x17
 1053 000b 11       		.uleb128 0x11
 1054 000c 01       		.uleb128 0x1
 1055 000d 10       		.uleb128 0x10
 1056 000e 17       		.uleb128 0x17
 1057 000f 00       		.byte	0
 1058 0010 00       		.byte	0
 1059 0011 02       		.uleb128 0x2
 1060 0012 24       		.uleb128 0x24
 1061 0013 00       		.byte	0
 1062 0014 0B       		.uleb128 0xb
 1063 0015 0B       		.uleb128 0xb
 1064 0016 3E       		.uleb128 0x3e
 1065 0017 0B       		.uleb128 0xb
 1066 0018 03       		.uleb128 0x3
 1067 0019 08       		.uleb128 0x8
 1068 001a 00       		.byte	0
 1069 001b 00       		.byte	0
 1070 001c 03       		.uleb128 0x3
 1071 001d 24       		.uleb128 0x24
 1072 001e 00       		.byte	0
 1073 001f 0B       		.uleb128 0xb
 1074 0020 0B       		.uleb128 0xb
 1075 0021 3E       		.uleb128 0x3e
 1076 0022 0B       		.uleb128 0xb
 1077 0023 03       		.uleb128 0x3
 1078 0024 0E       		.uleb128 0xe
 1079 0025 00       		.byte	0
 1080 0026 00       		.byte	0
 1081 0027 04       		.uleb128 0x4
ARM GAS  /tmp/ccxyVBBg.s 			page 20


 1082 0028 16       		.uleb128 0x16
 1083 0029 00       		.byte	0
 1084 002a 03       		.uleb128 0x3
 1085 002b 0E       		.uleb128 0xe
 1086 002c 3A       		.uleb128 0x3a
 1087 002d 0B       		.uleb128 0xb
 1088 002e 3B       		.uleb128 0x3b
 1089 002f 0B       		.uleb128 0xb
 1090 0030 49       		.uleb128 0x49
 1091 0031 13       		.uleb128 0x13
 1092 0032 00       		.byte	0
 1093 0033 00       		.byte	0
 1094 0034 05       		.uleb128 0x5
 1095 0035 13       		.uleb128 0x13
 1096 0036 01       		.byte	0x1
 1097 0037 03       		.uleb128 0x3
 1098 0038 0E       		.uleb128 0xe
 1099 0039 0B       		.uleb128 0xb
 1100 003a 0B       		.uleb128 0xb
 1101 003b 3A       		.uleb128 0x3a
 1102 003c 0B       		.uleb128 0xb
 1103 003d 3B       		.uleb128 0x3b
 1104 003e 0B       		.uleb128 0xb
 1105 003f 01       		.uleb128 0x1
 1106 0040 13       		.uleb128 0x13
 1107 0041 00       		.byte	0
 1108 0042 00       		.byte	0
 1109 0043 06       		.uleb128 0x6
 1110 0044 0D       		.uleb128 0xd
 1111 0045 00       		.byte	0
 1112 0046 03       		.uleb128 0x3
 1113 0047 0E       		.uleb128 0xe
 1114 0048 3A       		.uleb128 0x3a
 1115 0049 0B       		.uleb128 0xb
 1116 004a 3B       		.uleb128 0x3b
 1117 004b 0B       		.uleb128 0xb
 1118 004c 49       		.uleb128 0x49
 1119 004d 13       		.uleb128 0x13
 1120 004e 38       		.uleb128 0x38
 1121 004f 0B       		.uleb128 0xb
 1122 0050 00       		.byte	0
 1123 0051 00       		.byte	0
 1124 0052 07       		.uleb128 0x7
 1125 0053 0D       		.uleb128 0xd
 1126 0054 00       		.byte	0
 1127 0055 03       		.uleb128 0x3
 1128 0056 08       		.uleb128 0x8
 1129 0057 3A       		.uleb128 0x3a
 1130 0058 0B       		.uleb128 0xb
 1131 0059 3B       		.uleb128 0x3b
 1132 005a 0B       		.uleb128 0xb
 1133 005b 49       		.uleb128 0x49
 1134 005c 13       		.uleb128 0x13
 1135 005d 38       		.uleb128 0x38
 1136 005e 0B       		.uleb128 0xb
 1137 005f 00       		.byte	0
 1138 0060 00       		.byte	0
ARM GAS  /tmp/ccxyVBBg.s 			page 21


 1139 0061 08       		.uleb128 0x8
 1140 0062 13       		.uleb128 0x13
 1141 0063 01       		.byte	0x1
 1142 0064 0B       		.uleb128 0xb
 1143 0065 0B       		.uleb128 0xb
 1144 0066 3A       		.uleb128 0x3a
 1145 0067 0B       		.uleb128 0xb
 1146 0068 3B       		.uleb128 0x3b
 1147 0069 0B       		.uleb128 0xb
 1148 006a 01       		.uleb128 0x1
 1149 006b 13       		.uleb128 0x13
 1150 006c 00       		.byte	0
 1151 006d 00       		.byte	0
 1152 006e 09       		.uleb128 0x9
 1153 006f 0F       		.uleb128 0xf
 1154 0070 00       		.byte	0
 1155 0071 0B       		.uleb128 0xb
 1156 0072 0B       		.uleb128 0xb
 1157 0073 49       		.uleb128 0x49
 1158 0074 13       		.uleb128 0x13
 1159 0075 00       		.byte	0
 1160 0076 00       		.byte	0
 1161 0077 0A       		.uleb128 0xa
 1162 0078 0F       		.uleb128 0xf
 1163 0079 00       		.byte	0
 1164 007a 0B       		.uleb128 0xb
 1165 007b 0B       		.uleb128 0xb
 1166 007c 00       		.byte	0
 1167 007d 00       		.byte	0
 1168 007e 0B       		.uleb128 0xb
 1169 007f 13       		.uleb128 0x13
 1170 0080 01       		.byte	0x1
 1171 0081 03       		.uleb128 0x3
 1172 0082 0E       		.uleb128 0xe
 1173 0083 0B       		.uleb128 0xb
 1174 0084 0B       		.uleb128 0xb
 1175 0085 3A       		.uleb128 0x3a
 1176 0086 0B       		.uleb128 0xb
 1177 0087 3B       		.uleb128 0x3b
 1178 0088 05       		.uleb128 0x5
 1179 0089 01       		.uleb128 0x1
 1180 008a 13       		.uleb128 0x13
 1181 008b 00       		.byte	0
 1182 008c 00       		.byte	0
 1183 008d 0C       		.uleb128 0xc
 1184 008e 0D       		.uleb128 0xd
 1185 008f 00       		.byte	0
 1186 0090 03       		.uleb128 0x3
 1187 0091 08       		.uleb128 0x8
 1188 0092 3A       		.uleb128 0x3a
 1189 0093 0B       		.uleb128 0xb
 1190 0094 3B       		.uleb128 0x3b
 1191 0095 05       		.uleb128 0x5
 1192 0096 49       		.uleb128 0x49
 1193 0097 13       		.uleb128 0x13
 1194 0098 38       		.uleb128 0x38
 1195 0099 0B       		.uleb128 0xb
ARM GAS  /tmp/ccxyVBBg.s 			page 22


 1196 009a 00       		.byte	0
 1197 009b 00       		.byte	0
 1198 009c 0D       		.uleb128 0xd
 1199 009d 35       		.uleb128 0x35
 1200 009e 00       		.byte	0
 1201 009f 49       		.uleb128 0x49
 1202 00a0 13       		.uleb128 0x13
 1203 00a1 00       		.byte	0
 1204 00a2 00       		.byte	0
 1205 00a3 0E       		.uleb128 0xe
 1206 00a4 17       		.uleb128 0x17
 1207 00a5 01       		.byte	0x1
 1208 00a6 0B       		.uleb128 0xb
 1209 00a7 0B       		.uleb128 0xb
 1210 00a8 3A       		.uleb128 0x3a
 1211 00a9 0B       		.uleb128 0xb
 1212 00aa 3B       		.uleb128 0x3b
 1213 00ab 0B       		.uleb128 0xb
 1214 00ac 01       		.uleb128 0x1
 1215 00ad 13       		.uleb128 0x13
 1216 00ae 00       		.byte	0
 1217 00af 00       		.byte	0
 1218 00b0 0F       		.uleb128 0xf
 1219 00b1 0D       		.uleb128 0xd
 1220 00b2 00       		.byte	0
 1221 00b3 03       		.uleb128 0x3
 1222 00b4 0E       		.uleb128 0xe
 1223 00b5 3A       		.uleb128 0x3a
 1224 00b6 0B       		.uleb128 0xb
 1225 00b7 3B       		.uleb128 0x3b
 1226 00b8 0B       		.uleb128 0xb
 1227 00b9 49       		.uleb128 0x49
 1228 00ba 13       		.uleb128 0x13
 1229 00bb 00       		.byte	0
 1230 00bc 00       		.byte	0
 1231 00bd 10       		.uleb128 0x10
 1232 00be 26       		.uleb128 0x26
 1233 00bf 00       		.byte	0
 1234 00c0 49       		.uleb128 0x49
 1235 00c1 13       		.uleb128 0x13
 1236 00c2 00       		.byte	0
 1237 00c3 00       		.byte	0
 1238 00c4 11       		.uleb128 0x11
 1239 00c5 2E       		.uleb128 0x2e
 1240 00c6 01       		.byte	0x1
 1241 00c7 03       		.uleb128 0x3
 1242 00c8 0E       		.uleb128 0xe
 1243 00c9 3A       		.uleb128 0x3a
 1244 00ca 0B       		.uleb128 0xb
 1245 00cb 3B       		.uleb128 0x3b
 1246 00cc 0B       		.uleb128 0xb
 1247 00cd 27       		.uleb128 0x27
 1248 00ce 19       		.uleb128 0x19
 1249 00cf 20       		.uleb128 0x20
 1250 00d0 0B       		.uleb128 0xb
 1251 00d1 01       		.uleb128 0x1
 1252 00d2 13       		.uleb128 0x13
ARM GAS  /tmp/ccxyVBBg.s 			page 23


 1253 00d3 00       		.byte	0
 1254 00d4 00       		.byte	0
 1255 00d5 12       		.uleb128 0x12
 1256 00d6 05       		.uleb128 0x5
 1257 00d7 00       		.byte	0
 1258 00d8 03       		.uleb128 0x3
 1259 00d9 08       		.uleb128 0x8
 1260 00da 3A       		.uleb128 0x3a
 1261 00db 0B       		.uleb128 0xb
 1262 00dc 3B       		.uleb128 0x3b
 1263 00dd 0B       		.uleb128 0xb
 1264 00de 49       		.uleb128 0x49
 1265 00df 13       		.uleb128 0x13
 1266 00e0 00       		.byte	0
 1267 00e1 00       		.byte	0
 1268 00e2 13       		.uleb128 0x13
 1269 00e3 2E       		.uleb128 0x2e
 1270 00e4 01       		.byte	0x1
 1271 00e5 03       		.uleb128 0x3
 1272 00e6 0E       		.uleb128 0xe
 1273 00e7 3A       		.uleb128 0x3a
 1274 00e8 0B       		.uleb128 0xb
 1275 00e9 3B       		.uleb128 0x3b
 1276 00ea 0B       		.uleb128 0xb
 1277 00eb 27       		.uleb128 0x27
 1278 00ec 19       		.uleb128 0x19
 1279 00ed 49       		.uleb128 0x49
 1280 00ee 13       		.uleb128 0x13
 1281 00ef 20       		.uleb128 0x20
 1282 00f0 0B       		.uleb128 0xb
 1283 00f1 01       		.uleb128 0x1
 1284 00f2 13       		.uleb128 0x13
 1285 00f3 00       		.byte	0
 1286 00f4 00       		.byte	0
 1287 00f5 14       		.uleb128 0x14
 1288 00f6 34       		.uleb128 0x34
 1289 00f7 00       		.byte	0
 1290 00f8 03       		.uleb128 0x3
 1291 00f9 08       		.uleb128 0x8
 1292 00fa 3A       		.uleb128 0x3a
 1293 00fb 0B       		.uleb128 0xb
 1294 00fc 3B       		.uleb128 0x3b
 1295 00fd 0B       		.uleb128 0xb
 1296 00fe 49       		.uleb128 0x49
 1297 00ff 13       		.uleb128 0x13
 1298 0100 00       		.byte	0
 1299 0101 00       		.byte	0
 1300 0102 15       		.uleb128 0x15
 1301 0103 2E       		.uleb128 0x2e
 1302 0104 01       		.byte	0x1
 1303 0105 3F       		.uleb128 0x3f
 1304 0106 19       		.uleb128 0x19
 1305 0107 03       		.uleb128 0x3
 1306 0108 0E       		.uleb128 0xe
 1307 0109 3A       		.uleb128 0x3a
 1308 010a 0B       		.uleb128 0xb
 1309 010b 3B       		.uleb128 0x3b
ARM GAS  /tmp/ccxyVBBg.s 			page 24


 1310 010c 0B       		.uleb128 0xb
 1311 010d 27       		.uleb128 0x27
 1312 010e 19       		.uleb128 0x19
 1313 010f 49       		.uleb128 0x49
 1314 0110 13       		.uleb128 0x13
 1315 0111 11       		.uleb128 0x11
 1316 0112 01       		.uleb128 0x1
 1317 0113 12       		.uleb128 0x12
 1318 0114 06       		.uleb128 0x6
 1319 0115 40       		.uleb128 0x40
 1320 0116 18       		.uleb128 0x18
 1321 0117 9742     		.uleb128 0x2117
 1322 0119 19       		.uleb128 0x19
 1323 011a 01       		.uleb128 0x1
 1324 011b 13       		.uleb128 0x13
 1325 011c 00       		.byte	0
 1326 011d 00       		.byte	0
 1327 011e 16       		.uleb128 0x16
 1328 011f 05       		.uleb128 0x5
 1329 0120 00       		.byte	0
 1330 0121 03       		.uleb128 0x3
 1331 0122 08       		.uleb128 0x8
 1332 0123 3A       		.uleb128 0x3a
 1333 0124 0B       		.uleb128 0xb
 1334 0125 3B       		.uleb128 0x3b
 1335 0126 0B       		.uleb128 0xb
 1336 0127 49       		.uleb128 0x49
 1337 0128 13       		.uleb128 0x13
 1338 0129 02       		.uleb128 0x2
 1339 012a 17       		.uleb128 0x17
 1340 012b 00       		.byte	0
 1341 012c 00       		.byte	0
 1342 012d 17       		.uleb128 0x17
 1343 012e 34       		.uleb128 0x34
 1344 012f 00       		.byte	0
 1345 0130 03       		.uleb128 0x3
 1346 0131 08       		.uleb128 0x8
 1347 0132 3A       		.uleb128 0x3a
 1348 0133 0B       		.uleb128 0xb
 1349 0134 3B       		.uleb128 0x3b
 1350 0135 0B       		.uleb128 0xb
 1351 0136 49       		.uleb128 0x49
 1352 0137 13       		.uleb128 0x13
 1353 0138 02       		.uleb128 0x2
 1354 0139 18       		.uleb128 0x18
 1355 013a 00       		.byte	0
 1356 013b 00       		.byte	0
 1357 013c 18       		.uleb128 0x18
 1358 013d 0B       		.uleb128 0xb
 1359 013e 01       		.byte	0x1
 1360 013f 11       		.uleb128 0x11
 1361 0140 01       		.uleb128 0x1
 1362 0141 12       		.uleb128 0x12
 1363 0142 06       		.uleb128 0x6
 1364 0143 01       		.uleb128 0x1
 1365 0144 13       		.uleb128 0x13
 1366 0145 00       		.byte	0
ARM GAS  /tmp/ccxyVBBg.s 			page 25


 1367 0146 00       		.byte	0
 1368 0147 19       		.uleb128 0x19
 1369 0148 1D       		.uleb128 0x1d
 1370 0149 01       		.byte	0x1
 1371 014a 31       		.uleb128 0x31
 1372 014b 13       		.uleb128 0x13
 1373 014c 52       		.uleb128 0x52
 1374 014d 01       		.uleb128 0x1
 1375 014e 55       		.uleb128 0x55
 1376 014f 17       		.uleb128 0x17
 1377 0150 58       		.uleb128 0x58
 1378 0151 0B       		.uleb128 0xb
 1379 0152 59       		.uleb128 0x59
 1380 0153 0B       		.uleb128 0xb
 1381 0154 01       		.uleb128 0x1
 1382 0155 13       		.uleb128 0x13
 1383 0156 00       		.byte	0
 1384 0157 00       		.byte	0
 1385 0158 1A       		.uleb128 0x1a
 1386 0159 05       		.uleb128 0x5
 1387 015a 00       		.byte	0
 1388 015b 31       		.uleb128 0x31
 1389 015c 13       		.uleb128 0x13
 1390 015d 02       		.uleb128 0x2
 1391 015e 18       		.uleb128 0x18
 1392 015f 00       		.byte	0
 1393 0160 00       		.byte	0
 1394 0161 1B       		.uleb128 0x1b
 1395 0162 898201   		.uleb128 0x4109
 1396 0165 01       		.byte	0x1
 1397 0166 11       		.uleb128 0x11
 1398 0167 01       		.uleb128 0x1
 1399 0168 31       		.uleb128 0x31
 1400 0169 13       		.uleb128 0x13
 1401 016a 01       		.uleb128 0x1
 1402 016b 13       		.uleb128 0x13
 1403 016c 00       		.byte	0
 1404 016d 00       		.byte	0
 1405 016e 1C       		.uleb128 0x1c
 1406 016f 8A8201   		.uleb128 0x410a
 1407 0172 00       		.byte	0
 1408 0173 02       		.uleb128 0x2
 1409 0174 18       		.uleb128 0x18
 1410 0175 9142     		.uleb128 0x2111
 1411 0177 18       		.uleb128 0x18
 1412 0178 00       		.byte	0
 1413 0179 00       		.byte	0
 1414 017a 1D       		.uleb128 0x1d
 1415 017b 898201   		.uleb128 0x4109
 1416 017e 00       		.byte	0
 1417 017f 11       		.uleb128 0x11
 1418 0180 01       		.uleb128 0x1
 1419 0181 31       		.uleb128 0x31
 1420 0182 13       		.uleb128 0x13
 1421 0183 00       		.byte	0
 1422 0184 00       		.byte	0
 1423 0185 1E       		.uleb128 0x1e
ARM GAS  /tmp/ccxyVBBg.s 			page 26


 1424 0186 05       		.uleb128 0x5
 1425 0187 00       		.byte	0
 1426 0188 31       		.uleb128 0x31
 1427 0189 13       		.uleb128 0x13
 1428 018a 02       		.uleb128 0x2
 1429 018b 17       		.uleb128 0x17
 1430 018c 00       		.byte	0
 1431 018d 00       		.byte	0
 1432 018e 1F       		.uleb128 0x1f
 1433 018f 0B       		.uleb128 0xb
 1434 0190 01       		.byte	0x1
 1435 0191 55       		.uleb128 0x55
 1436 0192 17       		.uleb128 0x17
 1437 0193 00       		.byte	0
 1438 0194 00       		.byte	0
 1439 0195 20       		.uleb128 0x20
 1440 0196 34       		.uleb128 0x34
 1441 0197 00       		.byte	0
 1442 0198 31       		.uleb128 0x31
 1443 0199 13       		.uleb128 0x13
 1444 019a 02       		.uleb128 0x2
 1445 019b 17       		.uleb128 0x17
 1446 019c 00       		.byte	0
 1447 019d 00       		.byte	0
 1448 019e 21       		.uleb128 0x21
 1449 019f 0B       		.uleb128 0xb
 1450 01a0 01       		.byte	0x1
 1451 01a1 55       		.uleb128 0x55
 1452 01a2 17       		.uleb128 0x17
 1453 01a3 01       		.uleb128 0x1
 1454 01a4 13       		.uleb128 0x13
 1455 01a5 00       		.byte	0
 1456 01a6 00       		.byte	0
 1457 01a7 22       		.uleb128 0x22
 1458 01a8 898201   		.uleb128 0x4109
 1459 01ab 01       		.byte	0x1
 1460 01ac 11       		.uleb128 0x11
 1461 01ad 01       		.uleb128 0x1
 1462 01ae 31       		.uleb128 0x31
 1463 01af 13       		.uleb128 0x13
 1464 01b0 00       		.byte	0
 1465 01b1 00       		.byte	0
 1466 01b2 23       		.uleb128 0x23
 1467 01b3 2E       		.uleb128 0x2e
 1468 01b4 01       		.byte	0x1
 1469 01b5 3F       		.uleb128 0x3f
 1470 01b6 19       		.uleb128 0x19
 1471 01b7 03       		.uleb128 0x3
 1472 01b8 0E       		.uleb128 0xe
 1473 01b9 3A       		.uleb128 0x3a
 1474 01ba 0B       		.uleb128 0xb
 1475 01bb 3B       		.uleb128 0x3b
 1476 01bc 0B       		.uleb128 0xb
 1477 01bd 27       		.uleb128 0x27
 1478 01be 19       		.uleb128 0x19
 1479 01bf 11       		.uleb128 0x11
 1480 01c0 01       		.uleb128 0x1
ARM GAS  /tmp/ccxyVBBg.s 			page 27


 1481 01c1 12       		.uleb128 0x12
 1482 01c2 06       		.uleb128 0x6
 1483 01c3 40       		.uleb128 0x40
 1484 01c4 18       		.uleb128 0x18
 1485 01c5 9742     		.uleb128 0x2117
 1486 01c7 19       		.uleb128 0x19
 1487 01c8 01       		.uleb128 0x1
 1488 01c9 13       		.uleb128 0x13
 1489 01ca 00       		.byte	0
 1490 01cb 00       		.byte	0
 1491 01cc 24       		.uleb128 0x24
 1492 01cd 34       		.uleb128 0x34
 1493 01ce 00       		.byte	0
 1494 01cf 03       		.uleb128 0x3
 1495 01d0 0E       		.uleb128 0xe
 1496 01d1 3A       		.uleb128 0x3a
 1497 01d2 0B       		.uleb128 0xb
 1498 01d3 3B       		.uleb128 0x3b
 1499 01d4 0B       		.uleb128 0xb
 1500 01d5 49       		.uleb128 0x49
 1501 01d6 13       		.uleb128 0x13
 1502 01d7 3F       		.uleb128 0x3f
 1503 01d8 19       		.uleb128 0x19
 1504 01d9 3C       		.uleb128 0x3c
 1505 01da 19       		.uleb128 0x19
 1506 01db 00       		.byte	0
 1507 01dc 00       		.byte	0
 1508 01dd 25       		.uleb128 0x25
 1509 01de 2E       		.uleb128 0x2e
 1510 01df 01       		.byte	0x1
 1511 01e0 3F       		.uleb128 0x3f
 1512 01e1 19       		.uleb128 0x19
 1513 01e2 03       		.uleb128 0x3
 1514 01e3 0E       		.uleb128 0xe
 1515 01e4 3A       		.uleb128 0x3a
 1516 01e5 0B       		.uleb128 0xb
 1517 01e6 3B       		.uleb128 0x3b
 1518 01e7 0B       		.uleb128 0xb
 1519 01e8 27       		.uleb128 0x27
 1520 01e9 19       		.uleb128 0x19
 1521 01ea 3C       		.uleb128 0x3c
 1522 01eb 19       		.uleb128 0x19
 1523 01ec 01       		.uleb128 0x1
 1524 01ed 13       		.uleb128 0x13
 1525 01ee 00       		.byte	0
 1526 01ef 00       		.byte	0
 1527 01f0 26       		.uleb128 0x26
 1528 01f1 05       		.uleb128 0x5
 1529 01f2 00       		.byte	0
 1530 01f3 49       		.uleb128 0x49
 1531 01f4 13       		.uleb128 0x13
 1532 01f5 00       		.byte	0
 1533 01f6 00       		.byte	0
 1534 01f7 27       		.uleb128 0x27
 1535 01f8 2E       		.uleb128 0x2e
 1536 01f9 01       		.byte	0x1
 1537 01fa 3F       		.uleb128 0x3f
ARM GAS  /tmp/ccxyVBBg.s 			page 28


 1538 01fb 19       		.uleb128 0x19
 1539 01fc 03       		.uleb128 0x3
 1540 01fd 0E       		.uleb128 0xe
 1541 01fe 3A       		.uleb128 0x3a
 1542 01ff 0B       		.uleb128 0xb
 1543 0200 3B       		.uleb128 0x3b
 1544 0201 0B       		.uleb128 0xb
 1545 0202 27       		.uleb128 0x27
 1546 0203 19       		.uleb128 0x19
 1547 0204 49       		.uleb128 0x49
 1548 0205 13       		.uleb128 0x13
 1549 0206 3C       		.uleb128 0x3c
 1550 0207 19       		.uleb128 0x19
 1551 0208 01       		.uleb128 0x1
 1552 0209 13       		.uleb128 0x13
 1553 020a 00       		.byte	0
 1554 020b 00       		.byte	0
 1555 020c 28       		.uleb128 0x28
 1556 020d 2E       		.uleb128 0x2e
 1557 020e 01       		.byte	0x1
 1558 020f 3F       		.uleb128 0x3f
 1559 0210 19       		.uleb128 0x19
 1560 0211 03       		.uleb128 0x3
 1561 0212 0E       		.uleb128 0xe
 1562 0213 3A       		.uleb128 0x3a
 1563 0214 0B       		.uleb128 0xb
 1564 0215 3B       		.uleb128 0x3b
 1565 0216 0B       		.uleb128 0xb
 1566 0217 27       		.uleb128 0x27
 1567 0218 19       		.uleb128 0x19
 1568 0219 3C       		.uleb128 0x3c
 1569 021a 19       		.uleb128 0x19
 1570 021b 00       		.byte	0
 1571 021c 00       		.byte	0
 1572 021d 00       		.byte	0
 1573              		.section	.debug_loc,"",%progbits
 1574              	.Ldebug_loc0:
 1575              	.LLST0:
 1576 0000 00000000 		.4byte	.LVL0
 1577 0004 24000000 		.4byte	.LVL3
 1578 0008 0100     		.2byte	0x1
 1579 000a 50       		.byte	0x50
 1580 000b 24000000 		.4byte	.LVL3
 1581 000f 34000000 		.4byte	.LVL6
 1582 0013 0300     		.2byte	0x3
 1583 0015 75       		.byte	0x75
 1584 0016 54       		.sleb128 -44
 1585 0017 9F       		.byte	0x9f
 1586 0018 34000000 		.4byte	.LVL6
 1587 001c 37000000 		.4byte	.LVL7-1
 1588 0020 0100     		.2byte	0x1
 1589 0022 50       		.byte	0x50
 1590 0023 37000000 		.4byte	.LVL7-1
 1591 0027 40000000 		.4byte	.LFE7
 1592 002b 0300     		.2byte	0x3
 1593 002d 75       		.byte	0x75
 1594 002e 54       		.sleb128 -44
ARM GAS  /tmp/ccxyVBBg.s 			page 29


 1595 002f 9F       		.byte	0x9f
 1596 0030 00000000 		.4byte	0
 1597 0034 00000000 		.4byte	0
 1598              	.LLST1:
 1599 0038 00000000 		.4byte	.LVL0
 1600 003c 24000000 		.4byte	.LVL3
 1601 0040 0100     		.2byte	0x1
 1602 0042 51       		.byte	0x51
 1603 0043 24000000 		.4byte	.LVL3
 1604 0047 2C000000 		.4byte	.LVL5
 1605 004b 0400     		.2byte	0x4
 1606 004d F3       		.byte	0xf3
 1607 004e 01       		.uleb128 0x1
 1608 004f 51       		.byte	0x51
 1609 0050 9F       		.byte	0x9f
 1610 0051 2C000000 		.4byte	.LVL5
 1611 0055 34000000 		.4byte	.LVL6
 1612 0059 0100     		.2byte	0x1
 1613 005b 50       		.byte	0x50
 1614 005c 34000000 		.4byte	.LVL6
 1615 0060 37000000 		.4byte	.LVL7-1
 1616 0064 0100     		.2byte	0x1
 1617 0066 51       		.byte	0x51
 1618 0067 37000000 		.4byte	.LVL7-1
 1619 006b 40000000 		.4byte	.LFE7
 1620 006f 0400     		.2byte	0x4
 1621 0071 F3       		.byte	0xf3
 1622 0072 01       		.uleb128 0x1
 1623 0073 51       		.byte	0x51
 1624 0074 9F       		.byte	0x9f
 1625 0075 00000000 		.4byte	0
 1626 0079 00000000 		.4byte	0
 1627              	.LLST2:
 1628 007d 16000000 		.4byte	.LVL8
 1629 0081 20000000 		.4byte	.LVL9
 1630 0085 0100     		.2byte	0x1
 1631 0087 53       		.byte	0x53
 1632 0088 20000000 		.4byte	.LVL9
 1633 008c 28000000 		.4byte	.LVL10
 1634 0090 0200     		.2byte	0x2
 1635 0092 71       		.byte	0x71
 1636 0093 04       		.sleb128 4
 1637 0094 00000000 		.4byte	0
 1638 0098 00000000 		.4byte	0
 1639              	.LLST3:
 1640 009c 16000000 		.4byte	.LVL8
 1641 00a0 28000000 		.4byte	.LVL10
 1642 00a4 0100     		.2byte	0x1
 1643 00a6 50       		.byte	0x50
 1644 00a7 00000000 		.4byte	0
 1645 00ab 00000000 		.4byte	0
 1646              	.LLST4:
 1647 00af 00000000 		.4byte	.LVL12
 1648 00b3 0B000000 		.4byte	.LVL13-1
 1649 00b7 0100     		.2byte	0x1
 1650 00b9 50       		.byte	0x50
 1651 00ba 0B000000 		.4byte	.LVL13-1
ARM GAS  /tmp/ccxyVBBg.s 			page 30


 1652 00be 14000000 		.4byte	.LFE9
 1653 00c2 0400     		.2byte	0x4
 1654 00c4 F3       		.byte	0xf3
 1655 00c5 01       		.uleb128 0x1
 1656 00c6 50       		.byte	0x50
 1657 00c7 9F       		.byte	0x9f
 1658 00c8 00000000 		.4byte	0
 1659 00cc 00000000 		.4byte	0
 1660              	.LLST5:
 1661 00d0 00000000 		.4byte	.LVL12
 1662 00d4 0B000000 		.4byte	.LVL13-1
 1663 00d8 0100     		.2byte	0x1
 1664 00da 51       		.byte	0x51
 1665 00db 0B000000 		.4byte	.LVL13-1
 1666 00df 14000000 		.4byte	.LFE9
 1667 00e3 0400     		.2byte	0x4
 1668 00e5 F3       		.byte	0xf3
 1669 00e6 01       		.uleb128 0x1
 1670 00e7 51       		.byte	0x51
 1671 00e8 9F       		.byte	0x9f
 1672 00e9 00000000 		.4byte	0
 1673 00ed 00000000 		.4byte	0
 1674              		.section	.debug_aranges,"",%progbits
 1675 0000 2C000000 		.4byte	0x2c
 1676 0004 0200     		.2byte	0x2
 1677 0006 00000000 		.4byte	.Ldebug_info0
 1678 000a 04       		.byte	0x4
 1679 000b 00       		.byte	0
 1680 000c 0000     		.2byte	0
 1681 000e 0000     		.2byte	0
 1682 0010 00000000 		.4byte	.LFB7
 1683 0014 40000000 		.4byte	.LFE7-.LFB7
 1684 0018 00000000 		.4byte	.LFB8
 1685 001c 3C000000 		.4byte	.LFE8-.LFB8
 1686 0020 00000000 		.4byte	.LFB9
 1687 0024 14000000 		.4byte	.LFE9-.LFB9
 1688 0028 00000000 		.4byte	0
 1689 002c 00000000 		.4byte	0
 1690              		.section	.debug_ranges,"",%progbits
 1691              	.Ldebug_ranges0:
 1692 0000 14000000 		.4byte	.LBB11
 1693 0004 18000000 		.4byte	.LBE11
 1694 0008 1C000000 		.4byte	.LBB14
 1695 000c 22000000 		.4byte	.LBE14
 1696 0010 00000000 		.4byte	0
 1697 0014 00000000 		.4byte	0
 1698 0018 16000000 		.4byte	.LBB17
 1699 001c 1A000000 		.4byte	.LBE17
 1700 0020 1C000000 		.4byte	.LBB20
 1701 0024 1E000000 		.4byte	.LBE20
 1702 0028 00000000 		.4byte	0
 1703 002c 00000000 		.4byte	0
 1704 0030 1E000000 		.4byte	.LBB21
 1705 0034 20000000 		.4byte	.LBE21
 1706 0038 22000000 		.4byte	.LBB22
 1707 003c 26000000 		.4byte	.LBE22
 1708 0040 00000000 		.4byte	0
ARM GAS  /tmp/ccxyVBBg.s 			page 31


 1709 0044 00000000 		.4byte	0
 1710 0048 00000000 		.4byte	.LFB7
 1711 004c 40000000 		.4byte	.LFE7
 1712 0050 00000000 		.4byte	.LFB8
 1713 0054 3C000000 		.4byte	.LFE8
 1714 0058 00000000 		.4byte	.LFB9
 1715 005c 14000000 		.4byte	.LFE9
 1716 0060 00000000 		.4byte	0
 1717 0064 00000000 		.4byte	0
 1718              		.section	.debug_line,"",%progbits
 1719              	.Ldebug_line0:
 1720 0000 CA020000 		.section	.debug_str,"MS",%progbits,1
 1720      02005502 
 1720      00000201 
 1720      FB0E0D00 
 1720      01010101 
 1721              	.LASF39:
 1722 0000 705F6D73 		.ascii	"p_msg\000"
 1722      6700
 1723              	.LASF70:
 1724 0006 71756575 		.ascii	"queue_insert\000"
 1724      655F696E 
 1724      73657274 
 1724      00
 1725              	.LASF61:
 1726 0013 7264796D 		.ascii	"rdymsg\000"
 1726      736700
 1727              	.LASF5:
 1728 001a 5F5F7569 		.ascii	"__uint8_t\000"
 1728      6E74385F 
 1728      7400
 1729              	.LASF11:
 1730 0024 6C6F6E67 		.ascii	"long long unsigned int\000"
 1730      206C6F6E 
 1730      6720756E 
 1730      7369676E 
 1730      65642069 
 1731              	.LASF62:
 1732 003b 65786974 		.ascii	"exitcode\000"
 1732      636F6465 
 1732      00
 1733              	.LASF27:
 1734 0044 705F7072 		.ascii	"p_prio\000"
 1734      696F00
 1735              	.LASF10:
 1736 004b 6C6F6E67 		.ascii	"long long int\000"
 1736      206C6F6E 
 1736      6720696E 
 1736      7400
 1737              	.LASF1:
 1738 0059 7369676E 		.ascii	"signed char\000"
 1738      65642063 
 1738      68617200 
 1739              	.LASF43:
 1740 0065 705F6D70 		.ascii	"p_mpool\000"
 1740      6F6F6C00 
 1741              	.LASF58:
ARM GAS  /tmp/ccxyVBBg.s 			page 32


 1742 006d 6D5F7175 		.ascii	"m_queue\000"
 1742      65756500 
 1743              	.LASF19:
 1744 0075 74736C69 		.ascii	"tslices_t\000"
 1744      6365735F 
 1744      7400
 1745              	.LASF7:
 1746 007f 6C6F6E67 		.ascii	"long int\000"
 1746      20696E74 
 1746      00
 1747              	.LASF66:
 1748 0088 63684D73 		.ascii	"chMsgSend\000"
 1748      6753656E 
 1748      6400
 1749              	.LASF17:
 1750 0092 74737461 		.ascii	"tstate_t\000"
 1750      74655F74 
 1750      00
 1751              	.LASF29:
 1752 009b 705F6E65 		.ascii	"p_newer\000"
 1752      77657200 
 1753              	.LASF8:
 1754 00a3 5F5F7569 		.ascii	"__uint32_t\000"
 1754      6E743332 
 1754      5F7400
 1755              	.LASF46:
 1756 00ae 72656761 		.ascii	"regarm_t\000"
 1756      726D5F74 
 1756      00
 1757              	.LASF0:
 1758 00b7 756E7369 		.ascii	"unsigned int\000"
 1758      676E6564 
 1758      20696E74 
 1758      00
 1759              	.LASF9:
 1760 00c4 6C6F6E67 		.ascii	"long unsigned int\000"
 1760      20756E73 
 1760      69676E65 
 1760      6420696E 
 1760      7400
 1761              	.LASF48:
 1762 00d6 636F6E74 		.ascii	"context\000"
 1762      65787400 
 1763              	.LASF4:
 1764 00de 73686F72 		.ascii	"short unsigned int\000"
 1764      7420756E 
 1764      7369676E 
 1764      65642069 
 1764      6E7400
 1765              	.LASF21:
 1766 00f1 6D73675F 		.ascii	"msg_t\000"
 1766      7400
 1767              	.LASF53:
 1768 00f7 725F6E65 		.ascii	"r_newer\000"
 1768      77657200 
 1769              	.LASF16:
 1770 00ff 746D6F64 		.ascii	"tmode_t\000"
ARM GAS  /tmp/ccxyVBBg.s 			page 33


 1770      655F7400 
 1771              	.LASF45:
 1772 0107 54687265 		.ascii	"ThreadsList\000"
 1772      6164734C 
 1772      69737400 
 1773              	.LASF22:
 1774 0113 6576656E 		.ascii	"eventmask_t\000"
 1774      746D6173 
 1774      6B5F7400 
 1775              	.LASF57:
 1776 011f 4D757465 		.ascii	"Mutex\000"
 1776      7800
 1777              	.LASF49:
 1778 0125 73697A65 		.ascii	"sizetype\000"
 1778      74797065 
 1778      00
 1779              	.LASF30:
 1780 012e 705F6F6C 		.ascii	"p_older\000"
 1780      64657200 
 1781              	.LASF52:
 1782 0136 725F6374 		.ascii	"r_ctx\000"
 1782      7800
 1783              	.LASF44:
 1784 013c 54687265 		.ascii	"ThreadsQueue\000"
 1784      61647351 
 1784      75657565 
 1784      00
 1785              	.LASF55:
 1786 0149 725F6375 		.ascii	"r_current\000"
 1786      7272656E 
 1786      7400
 1787              	.LASF54:
 1788 0153 725F6F6C 		.ascii	"r_older\000"
 1788      64657200 
 1789              	.LASF18:
 1790 015b 74726566 		.ascii	"trefs_t\000"
 1790      735F7400 
 1791              	.LASF26:
 1792 0163 705F7072 		.ascii	"p_prev\000"
 1792      657600
 1793              	.LASF20:
 1794 016a 74707269 		.ascii	"tprio_t\000"
 1794      6F5F7400 
 1795              	.LASF15:
 1796 0172 5F426F6F 		.ascii	"_Bool\000"
 1796      6C00
 1797              	.LASF13:
 1798 0178 696E7433 		.ascii	"int32_t\000"
 1798      325F7400 
 1799              	.LASF2:
 1800 0180 756E7369 		.ascii	"unsigned char\000"
 1800      676E6564 
 1800      20636861 
 1800      7200
 1801              	.LASF41:
 1802 018e 705F6D74 		.ascii	"p_mtxlist\000"
 1802      786C6973 
ARM GAS  /tmp/ccxyVBBg.s 			page 34


 1802      7400
 1803              	.LASF3:
 1804 0198 73686F72 		.ascii	"short int\000"
 1804      7420696E 
 1804      7400
 1805              	.LASF32:
 1806 01a2 705F7374 		.ascii	"p_state\000"
 1806      61746500 
 1807              	.LASF35:
 1808 01aa 705F7072 		.ascii	"p_preempt\000"
 1808      65656D70 
 1808      7400
 1809              	.LASF51:
 1810 01b4 725F7072 		.ascii	"r_prio\000"
 1810      696F00
 1811              	.LASF64:
 1812 01bb 65776D61 		.ascii	"ewmask\000"
 1812      736B00
 1813              	.LASF25:
 1814 01c2 705F6E65 		.ascii	"p_next\000"
 1814      787400
 1815              	.LASF33:
 1816 01c9 705F666C 		.ascii	"p_flags\000"
 1816      61677300 
 1817              	.LASF24:
 1818 01d1 54687265 		.ascii	"Thread\000"
 1818      616400
 1819              	.LASF72:
 1820 01d8 63684D73 		.ascii	"chMsgRelease\000"
 1820      6752656C 
 1820      65617365 
 1820      00
 1821              	.LASF74:
 1822 01e5 63685363 		.ascii	"chSchGoSleepS\000"
 1822      68476F53 
 1822      6C656570 
 1822      5300
 1823              	.LASF40:
 1824 01f3 705F6570 		.ascii	"p_epending\000"
 1824      656E6469 
 1824      6E6700
 1825              	.LASF14:
 1826 01fe 75696E74 		.ascii	"uint32_t\000"
 1826      33325F74 
 1826      00
 1827              	.LASF50:
 1828 0207 725F7175 		.ascii	"r_queue\000"
 1828      65756500 
 1829              	.LASF75:
 1830 020f 63685363 		.ascii	"chSchReadyI\000"
 1830      68526561 
 1830      64794900 
 1831              	.LASF65:
 1832 021b 63686172 		.ascii	"char\000"
 1832      00
 1833              	.LASF71:
 1834 0220 6669666F 		.ascii	"fifo_remove\000"
ARM GAS  /tmp/ccxyVBBg.s 			page 35


 1834      5F72656D 
 1834      6F766500 
 1835              	.LASF68:
 1836 022c 474E5520 		.ascii	"GNU C 4.8.4 20140526 (release) [ARM/embedded-4_8-br"
 1836      4320342E 
 1836      382E3420 
 1836      32303134 
 1836      30353236 
 1837 025f 616E6368 		.ascii	"anch revision 211358] -mcpu=cortex-m4 -mno-thumb-in"
 1837      20726576 
 1837      6973696F 
 1837      6E203231 
 1837      31333538 
 1838 0292 74657277 		.ascii	"terwork -mthumb -ggdb -O2 -fomit-frame-pointer -fal"
 1838      6F726B20 
 1838      2D6D7468 
 1838      756D6220 
 1838      2D676764 
 1839 02c5 69676E2D 		.ascii	"ign-functions=16 -ffunction-sections -fdata-section"
 1839      66756E63 
 1839      74696F6E 
 1839      733D3136 
 1839      202D6666 
 1840 02f8 73202D66 		.ascii	"s -fno-common\000"
 1840      6E6F2D63 
 1840      6F6D6D6F 
 1840      6E00
 1841              	.LASF60:
 1842 0306 6D5F6E65 		.ascii	"m_next\000"
 1842      787400
 1843              	.LASF23:
 1844 030d 73797374 		.ascii	"systime_t\000"
 1844      696D655F 
 1844      7400
 1845              	.LASF42:
 1846 0317 705F7265 		.ascii	"p_realprio\000"
 1846      616C7072 
 1846      696F00
 1847              	.LASF6:
 1848 0322 5F5F696E 		.ascii	"__int32_t\000"
 1848      7433325F 
 1848      7400
 1849              	.LASF36:
 1850 032c 705F7469 		.ascii	"p_time\000"
 1850      6D6500
 1851              	.LASF47:
 1852 0333 696E7463 		.ascii	"intctx\000"
 1852      747800
 1853              	.LASF38:
 1854 033a 705F6D73 		.ascii	"p_msgqueue\000"
 1854      67717565 
 1854      756500
 1855              	.LASF76:
 1856 0345 63685363 		.ascii	"chSchWakeupS\000"
 1856      6857616B 
 1856      65757053 
 1856      00
ARM GAS  /tmp/ccxyVBBg.s 			page 36


 1857              	.LASF67:
 1858 0352 63684D73 		.ascii	"chMsgWait\000"
 1858      67576169 
 1858      7400
 1859              	.LASF34:
 1860 035c 705F7265 		.ascii	"p_refs\000"
 1860      667300
 1861              	.LASF56:
 1862 0363 52656164 		.ascii	"ReadyList\000"
 1862      794C6973 
 1862      7400
 1863              	.LASF73:
 1864 036d 726C6973 		.ascii	"rlist\000"
 1864      7400
 1865              	.LASF12:
 1866 0373 75696E74 		.ascii	"uint8_t\000"
 1866      385F7400 
 1867              	.LASF69:
 1868 037b 2F686F6D 		.ascii	"/home/marco/SoftwareProjects/st-usb/f9xx/firmware/e"
 1868      652F6D61 
 1868      72636F2F 
 1868      536F6674 
 1868      77617265 
 1869 03ae 78742F43 		.ascii	"xt/ChibiOS-RT/os/kernel/src/chmsg.c\000"
 1869      68696269 
 1869      4F532D52 
 1869      542F6F73 
 1869      2F6B6572 
 1870              	.LASF63:
 1871 03d2 77746F62 		.ascii	"wtobjp\000"
 1871      6A7000
 1872              	.LASF31:
 1873 03d9 705F6E61 		.ascii	"p_name\000"
 1873      6D6500
 1874              	.LASF59:
 1875 03e0 6D5F6F77 		.ascii	"m_owner\000"
 1875      6E657200 
 1876              	.LASF28:
 1877 03e8 705F6374 		.ascii	"p_ctx\000"
 1877      7800
 1878              	.LASF37:
 1879 03ee 705F7761 		.ascii	"p_waiting\000"
 1879      6974696E 
 1879      6700
 1880              		.ident	"GCC: (GNU Tools for ARM Embedded Processors) 4.8.4 20140526 (release) [ARM/embedded-4_8-br
ARM GAS  /tmp/ccxyVBBg.s 			page 37


DEFINED SYMBOLS
                            *ABS*:00000000 chmsg.c
     /tmp/ccxyVBBg.s:19     .text.chMsgSend:00000000 $t
     /tmp/ccxyVBBg.s:25     .text.chMsgSend:00000000 chMsgSend
     /tmp/ccxyVBBg.s:111    .text.chMsgSend:0000003c $d
     /tmp/ccxyVBBg.s:116    .text.chMsgWait:00000000 $t
     /tmp/ccxyVBBg.s:122    .text.chMsgWait:00000000 chMsgWait
     /tmp/ccxyVBBg.s:193    .text.chMsgWait:00000038 $d
     /tmp/ccxyVBBg.s:198    .text.chMsgRelease:00000000 $t
     /tmp/ccxyVBBg.s:204    .text.chMsgRelease:00000000 chMsgRelease
                     .debug_frame:00000010 $d
     /tmp/ccxyVBBg.s:197    .text.chMsgWait:0000003c $t

UNDEFINED SYMBOLS
chSchGoSleepS
chSchReadyI
rlist
chSchWakeupS
