ARM GAS  /tmp/ccLzh67Y.s 			page 1


   1              		.syntax unified
   2              		.cpu cortex-m4
   3              		.fpu softvfp
   4              		.eabi_attribute 20, 1
   5              		.eabi_attribute 21, 1
   6              		.eabi_attribute 23, 3
   7              		.eabi_attribute 24, 1
   8              		.eabi_attribute 25, 1
   9              		.eabi_attribute 26, 1
  10              		.eabi_attribute 30, 2
  11              		.eabi_attribute 34, 1
  12              		.eabi_attribute 18, 4
  13              		.thumb
  14              		.file	"chregistry.c"
  15              		.text
  16              	.Ltext0:
  17              		.cfi_sections	.debug_frame
  18              		.section	.text.chRegFirstThread,"ax",%progbits
  19              		.align	2
  20              		.p2align 4,,15
  21              		.global	chRegFirstThread
  22              		.thumb
  23              		.thumb_func
  24              		.type	chRegFirstThread, %function
  25              	chRegFirstThread:
  26              	.LFB7:
  27              		.file 1 "/home/marco/SoftwareProjects/st-usb/f9xx/firmware/ext/ChibiOS-RT/os/kernel/src/chregistry
  28              		.loc 1 117 0
  29              		.cfi_startproc
  30              		@ args = 0, pretend = 0, frame = 0
  31              		@ frame_needed = 0, uses_anonymous_args = 0
  32              		@ link register save eliminated.
  33              	.LBB2:
  34              		.loc 1 120 0
  35 0000 2023     		movs	r3, #32
  36              	@ 120 "/home/marco/SoftwareProjects/st-usb/f9xx/firmware/ext/ChibiOS-RT/os/kernel/src/chregistry.c"
  37 0002 83F31188 		msr     BASEPRI, r3
  38              	@ 0 "" 2
  39              		.thumb
  40              	.LBE2:
  41              		.loc 1 121 0
  42 0006 044B     		ldr	r3, .L2
  43 0008 1869     		ldr	r0, [r3, #16]
  44              	.LVL0:
  45              		.loc 1 123 0
  46 000a 837F     		ldrb	r3, [r0, #30]	@ zero_extendqisi2
  47 000c 0133     		adds	r3, r3, #1
  48 000e 8377     		strb	r3, [r0, #30]
  49              	.LBB3:
  50              		.loc 1 125 0
  51 0010 0023     		movs	r3, #0
  52              	@ 125 "/home/marco/SoftwareProjects/st-usb/f9xx/firmware/ext/ChibiOS-RT/os/kernel/src/chregistry.c"
  53 0012 83F31188 		msr     BASEPRI, r3
  54              	@ 0 "" 2
  55              		.thumb
  56              	.LBE3:
  57              		.loc 1 127 0
ARM GAS  /tmp/ccLzh67Y.s 			page 2


  58 0016 7047     		bx	lr
  59              	.L3:
  60              		.align	2
  61              	.L2:
  62 0018 00000000 		.word	rlist
  63              		.cfi_endproc
  64              	.LFE7:
  65              		.size	chRegFirstThread, .-chRegFirstThread
  66 001c AFF30080 		.section	.text.chRegNextThread,"ax",%progbits
  67              		.align	2
  68              		.p2align 4,,15
  69              		.global	chRegNextThread
  70              		.thumb
  71              		.thumb_func
  72              		.type	chRegNextThread, %function
  73              	chRegNextThread:
  74              	.LFB8:
  75              		.loc 1 140 0
  76              		.cfi_startproc
  77              		@ args = 0, pretend = 0, frame = 0
  78              		@ frame_needed = 0, uses_anonymous_args = 0
  79              	.LVL1:
  80 0000 10B5     		push	{r4, lr}
  81              		.cfi_def_cfa_offset 8
  82              		.cfi_offset 4, -8
  83              		.cfi_offset 14, -4
  84              	.LBB4:
  85              		.loc 1 143 0
  86 0002 2023     		movs	r3, #32
  87              	@ 143 "/home/marco/SoftwareProjects/st-usb/f9xx/firmware/ext/ChibiOS-RT/os/kernel/src/chregistry.c"
  88 0004 83F31188 		msr     BASEPRI, r3
  89              	@ 0 "" 2
  90              		.thumb
  91              	.LBE4:
  92              		.loc 1 145 0
  93 0008 074B     		ldr	r3, .L7
  94              		.loc 1 144 0
  95 000a 0469     		ldr	r4, [r0, #16]
  96              	.LVL2:
  97              		.loc 1 145 0
  98 000c 9C42     		cmp	r4, r3
  99              		.loc 1 151 0
 100 000e 1DBF     		ittte	ne
 101 0010 A37F     		ldrbne	r3, [r4, #30]	@ zero_extendqisi2
 102 0012 0133     		addne	r3, r3, #1
 103 0014 A377     		strbne	r3, [r4, #30]
 104              		.loc 1 146 0
 105 0016 0024     		moveq	r4, #0
 106              	.LVL3:
 107              	.LBB5:
 108              		.loc 1 154 0
 109 0018 0023     		movs	r3, #0
 110              	@ 154 "/home/marco/SoftwareProjects/st-usb/f9xx/firmware/ext/ChibiOS-RT/os/kernel/src/chregistry.c"
 111 001a 83F31188 		msr     BASEPRI, r3
 112              	@ 0 "" 2
 113              		.thumb
 114              	.LBE5:
ARM GAS  /tmp/ccLzh67Y.s 			page 3


 115              		.loc 1 156 0
 116 001e FFF7FEFF 		bl	chThdRelease
 117              	.LVL4:
 118              		.loc 1 159 0
 119 0022 2046     		mov	r0, r4
 120 0024 10BD     		pop	{r4, pc}
 121              	.LVL5:
 122              	.L8:
 123 0026 00BF     		.align	2
 124              	.L7:
 125 0028 00000000 		.word	rlist
 126              		.cfi_endproc
 127              	.LFE8:
 128              		.size	chRegNextThread, .-chRegNextThread
 129              		.global	ch_debug
 130 002c AFF30080 		.section	.rodata.ch_debug,"a",%progbits
 131              		.align	2
 132              		.type	ch_debug, %object
 133              		.size	ch_debug, 22
 134              	ch_debug:
 135 0000 6D61696E 		.ascii	"main"
 136 0004 00       		.byte	0
 137 0005 16       		.byte	22
 138 0006 8611     		.short	4486
 139 0008 04       		.byte	4
 140 0009 04       		.byte	4
 141 000a 48       		.byte	72
 142 000b 08       		.byte	8
 143 000c 0C       		.byte	12
 144 000d 10       		.byte	16
 145 000e 14       		.byte	20
 146 000f 18       		.byte	24
 147 0010 00       		.byte	0
 148 0011 1C       		.byte	28
 149 0012 1D       		.byte	29
 150 0013 1E       		.byte	30
 151 0014 1F       		.byte	31
 152 0015 20       		.byte	32
 153 0016 0000     		.text
 154              	.Letext0:
 155              		.file 2 "/home/marco/SoftwareProjects/st-usb/tools/gcc-arm-none-eabi-4_8-2014q2/lib/gcc/arm-none-e
 156              		.file 3 "/home/marco/SoftwareProjects/st-usb/tools/gcc-arm-none-eabi-4_8-2014q2/arm-none-eabi/incl
 157              		.file 4 "/home/marco/SoftwareProjects/st-usb/tools/gcc-arm-none-eabi-4_8-2014q2/arm-none-eabi/incl
 158              		.file 5 "/home/marco/SoftwareProjects/st-usb/f9xx/firmware/ext/ChibiOS-RT/os/ports/GCC/ARMCMx/chty
 159              		.file 6 "/home/marco/SoftwareProjects/st-usb/f9xx/firmware/ext/ChibiOS-RT/os/kernel/include/chlist
 160              		.file 7 "/home/marco/SoftwareProjects/st-usb/f9xx/firmware/ext/ChibiOS-RT/os/kernel/include/chthre
 161              		.file 8 "/home/marco/SoftwareProjects/st-usb/f9xx/firmware/ext/ChibiOS-RT/os/ports/GCC/ARMCMx/chco
 162              		.file 9 "/home/marco/SoftwareProjects/st-usb/f9xx/firmware/ext/ChibiOS-RT/os/kernel/include/chschd
 163              		.file 10 "/home/marco/SoftwareProjects/st-usb/f9xx/firmware/ext/ChibiOS-RT/os/kernel/include/chmtx
 164              		.file 11 "/home/marco/SoftwareProjects/st-usb/f9xx/firmware/ext/ChibiOS-RT/os/kernel/include/chreg
 165              		.file 12 "/home/marco/SoftwareProjects/st-usb/f9xx/firmware/ext/ChibiOS-RT/os/kernel/include/chdyn
 166              		.section	.debug_info,"",%progbits
 167              	.Ldebug_info0:
 168 0000 21060000 		.4byte	0x621
 169 0004 0400     		.2byte	0x4
 170 0006 00000000 		.4byte	.Ldebug_abbrev0
 171 000a 04       		.byte	0x4
ARM GAS  /tmp/ccLzh67Y.s 			page 4


 172 000b 01       		.uleb128 0x1
 173 000c 60030000 		.4byte	.LASF92
 174 0010 01       		.byte	0x1
 175 0011 13000000 		.4byte	.LASF93
 176 0015 00000000 		.4byte	.Ldebug_ranges0+0
 177 0019 00000000 		.4byte	0
 178 001d 00000000 		.4byte	.Ldebug_line0
 179 0021 02       		.uleb128 0x2
 180 0022 04       		.byte	0x4
 181 0023 05       		.byte	0x5
 182 0024 696E7400 		.ascii	"int\000"
 183 0028 03       		.uleb128 0x3
 184 0029 65010000 		.4byte	.LASF2
 185 002d 02       		.byte	0x2
 186 002e D4       		.byte	0xd4
 187 002f 33000000 		.4byte	0x33
 188 0033 04       		.uleb128 0x4
 189 0034 04       		.byte	0x4
 190 0035 07       		.byte	0x7
 191 0036 6C010000 		.4byte	.LASF0
 192 003a 04       		.uleb128 0x4
 193 003b 01       		.byte	0x1
 194 003c 06       		.byte	0x6
 195 003d E1000000 		.4byte	.LASF1
 196 0041 03       		.uleb128 0x3
 197 0042 76000000 		.4byte	.LASF3
 198 0046 03       		.byte	0x3
 199 0047 1C       		.byte	0x1c
 200 0048 4C000000 		.4byte	0x4c
 201 004c 04       		.uleb128 0x4
 202 004d 01       		.byte	0x1
 203 004e 08       		.byte	0x8
 204 004f 8B020000 		.4byte	.LASF4
 205 0053 04       		.uleb128 0x4
 206 0054 02       		.byte	0x2
 207 0055 05       		.byte	0x5
 208 0056 A3020000 		.4byte	.LASF5
 209 005a 03       		.uleb128 0x3
 210 005b 55030000 		.4byte	.LASF6
 211 005f 03       		.byte	0x3
 212 0060 26       		.byte	0x26
 213 0061 65000000 		.4byte	0x65
 214 0065 04       		.uleb128 0x4
 215 0066 02       		.byte	0x2
 216 0067 07       		.byte	0x7
 217 0068 AA010000 		.4byte	.LASF7
 218 006c 03       		.uleb128 0x3
 219 006d 56040000 		.4byte	.LASF8
 220 0071 03       		.byte	0x3
 221 0072 37       		.byte	0x37
 222 0073 77000000 		.4byte	0x77
 223 0077 04       		.uleb128 0x4
 224 0078 04       		.byte	0x4
 225 0079 05       		.byte	0x5
 226 007a 24010000 		.4byte	.LASF9
 227 007e 03       		.uleb128 0x3
 228 007f 51010000 		.4byte	.LASF10
ARM GAS  /tmp/ccLzh67Y.s 			page 5


 229 0083 03       		.byte	0x3
 230 0084 38       		.byte	0x38
 231 0085 89000000 		.4byte	0x89
 232 0089 04       		.uleb128 0x4
 233 008a 04       		.byte	0x4
 234 008b 07       		.byte	0x7
 235 008c 79010000 		.4byte	.LASF11
 236 0090 04       		.uleb128 0x4
 237 0091 08       		.byte	0x8
 238 0092 05       		.byte	0x5
 239 0093 D3000000 		.4byte	.LASF12
 240 0097 04       		.uleb128 0x4
 241 0098 08       		.byte	0x8
 242 0099 07       		.byte	0x7
 243 009a 80000000 		.4byte	.LASF13
 244 009e 03       		.uleb128 0x3
 245 009f 9B040000 		.4byte	.LASF14
 246 00a3 04       		.byte	0x4
 247 00a4 2A       		.byte	0x2a
 248 00a5 41000000 		.4byte	0x41
 249 00a9 03       		.uleb128 0x3
 250 00aa 36010000 		.4byte	.LASF15
 251 00ae 04       		.byte	0x4
 252 00af 36       		.byte	0x36
 253 00b0 5A000000 		.4byte	0x5a
 254 00b4 03       		.uleb128 0x3
 255 00b5 83020000 		.4byte	.LASF16
 256 00b9 04       		.byte	0x4
 257 00ba 41       		.byte	0x41
 258 00bb 6C000000 		.4byte	0x6c
 259 00bf 03       		.uleb128 0x3
 260 00c0 23030000 		.4byte	.LASF17
 261 00c4 04       		.byte	0x4
 262 00c5 42       		.byte	0x42
 263 00c6 7E000000 		.4byte	0x7e
 264 00ca 04       		.uleb128 0x4
 265 00cb 01       		.byte	0x1
 266 00cc 02       		.byte	0x2
 267 00cd 7D020000 		.4byte	.LASF18
 268 00d1 03       		.uleb128 0x3
 269 00d2 CB010000 		.4byte	.LASF19
 270 00d6 05       		.byte	0x5
 271 00d7 2C       		.byte	0x2c
 272 00d8 9E000000 		.4byte	0x9e
 273 00dc 03       		.uleb128 0x3
 274 00dd 2D010000 		.4byte	.LASF20
 275 00e1 05       		.byte	0x5
 276 00e2 2D       		.byte	0x2d
 277 00e3 9E000000 		.4byte	0x9e
 278 00e7 03       		.uleb128 0x3
 279 00e8 5B020000 		.4byte	.LASF21
 280 00ec 05       		.byte	0x5
 281 00ed 2E       		.byte	0x2e
 282 00ee 9E000000 		.4byte	0x9e
 283 00f2 03       		.uleb128 0x3
 284 00f3 1A010000 		.4byte	.LASF22
 285 00f7 05       		.byte	0x5
ARM GAS  /tmp/ccLzh67Y.s 			page 6


 286 00f8 2F       		.byte	0x2f
 287 00f9 9E000000 		.4byte	0x9e
 288 00fd 03       		.uleb128 0x3
 289 00fe 75020000 		.4byte	.LASF23
 290 0102 05       		.byte	0x5
 291 0103 30       		.byte	0x30
 292 0104 BF000000 		.4byte	0xbf
 293 0108 03       		.uleb128 0x3
 294 0109 BD010000 		.4byte	.LASF24
 295 010d 05       		.byte	0x5
 296 010e 31       		.byte	0x31
 297 010f B4000000 		.4byte	0xb4
 298 0113 03       		.uleb128 0x3
 299 0114 DF010000 		.4byte	.LASF25
 300 0118 05       		.byte	0x5
 301 0119 33       		.byte	0x33
 302 011a BF000000 		.4byte	0xbf
 303 011e 03       		.uleb128 0x3
 304 011f 41040000 		.4byte	.LASF26
 305 0123 05       		.byte	0x5
 306 0124 35       		.byte	0x35
 307 0125 BF000000 		.4byte	0xbf
 308 0129 03       		.uleb128 0x3
 309 012a 04030000 		.4byte	.LASF27
 310 012e 06       		.byte	0x6
 311 012f 2A       		.byte	0x2a
 312 0130 34010000 		.4byte	0x134
 313 0134 05       		.uleb128 0x5
 314 0135 04030000 		.4byte	.LASF27
 315 0139 48       		.byte	0x48
 316 013a 07       		.byte	0x7
 317 013b 5E       		.byte	0x5e
 318 013c 31020000 		.4byte	0x231
 319 0140 06       		.uleb128 0x6
 320 0141 D9020000 		.4byte	.LASF28
 321 0145 07       		.byte	0x7
 322 0146 5F       		.byte	0x5f
 323 0147 52020000 		.4byte	0x252
 324 014b 00       		.byte	0
 325 014c 06       		.uleb128 0x6
 326 014d 6E020000 		.4byte	.LASF29
 327 0151 07       		.byte	0x7
 328 0152 61       		.byte	0x61
 329 0153 52020000 		.4byte	0x252
 330 0157 04       		.byte	0x4
 331 0158 06       		.uleb128 0x6
 332 0159 BF000000 		.4byte	.LASF30
 333 015d 07       		.byte	0x7
 334 015e 63       		.byte	0x63
 335 015f FD000000 		.4byte	0xfd
 336 0163 08       		.byte	0x8
 337 0164 06       		.uleb128 0x6
 338 0165 C4040000 		.4byte	.LASF31
 339 0169 07       		.byte	0x7
 340 016a 64       		.byte	0x64
 341 016b 0C030000 		.4byte	0x30c
 342 016f 0C       		.byte	0xc
ARM GAS  /tmp/ccLzh67Y.s 			page 7


 343 0170 06       		.uleb128 0x6
 344 0171 49010000 		.4byte	.LASF32
 345 0175 07       		.byte	0x7
 346 0176 66       		.byte	0x66
 347 0177 52020000 		.4byte	0x252
 348 017b 10       		.byte	0x10
 349 017c 06       		.uleb128 0x6
 350 017d 26020000 		.4byte	.LASF33
 351 0181 07       		.byte	0x7
 352 0182 67       		.byte	0x67
 353 0183 52020000 		.4byte	0x252
 354 0187 14       		.byte	0x14
 355 0188 06       		.uleb128 0x6
 356 0189 AA040000 		.4byte	.LASF34
 357 018d 07       		.byte	0x7
 358 018e 6E       		.byte	0x6e
 359 018f 0C040000 		.4byte	0x40c
 360 0193 18       		.byte	0x18
 361 0194 06       		.uleb128 0x6
 362 0195 AD020000 		.4byte	.LASF35
 363 0199 07       		.byte	0x7
 364 019a 79       		.byte	0x79
 365 019b DC000000 		.4byte	0xdc
 366 019f 1C       		.byte	0x1c
 367 01a0 06       		.uleb128 0x6
 368 01a1 EF020000 		.4byte	.LASF36
 369 01a5 07       		.byte	0x7
 370 01a6 7D       		.byte	0x7d
 371 01a7 D1000000 		.4byte	0xd1
 372 01ab 1D       		.byte	0x1d
 373 01ac 06       		.uleb128 0x6
 374 01ad 84040000 		.4byte	.LASF37
 375 01b1 07       		.byte	0x7
 376 01b2 82       		.byte	0x82
 377 01b3 E7000000 		.4byte	0xe7
 378 01b7 1E       		.byte	0x1e
 379 01b8 06       		.uleb128 0x6
 380 01b9 B5020000 		.4byte	.LASF38
 381 01bd 07       		.byte	0x7
 382 01be 88       		.byte	0x88
 383 01bf F2000000 		.4byte	0xf2
 384 01c3 1F       		.byte	0x1f
 385 01c4 06       		.uleb128 0x6
 386 01c5 60040000 		.4byte	.LASF39
 387 01c9 07       		.byte	0x7
 388 01ca 8F       		.byte	0x8f
 389 01cb 34030000 		.4byte	0x334
 390 01cf 20       		.byte	0x20
 391 01d0 07       		.uleb128 0x7
 392 01d1 705F7500 		.ascii	"p_u\000"
 393 01d5 07       		.byte	0x7
 394 01d6 B4       		.byte	0xb4
 395 01d7 D7030000 		.4byte	0x3d7
 396 01db 24       		.byte	0x24
 397 01dc 06       		.uleb128 0x6
 398 01dd CA040000 		.4byte	.LASF40
 399 01e1 07       		.byte	0x7
ARM GAS  /tmp/ccLzh67Y.s 			page 8


 400 01e2 B9       		.byte	0xb9
 401 01e3 78020000 		.4byte	0x278
 402 01e7 28       		.byte	0x28
 403 01e8 06       		.uleb128 0x6
 404 01e9 6E040000 		.4byte	.LASF41
 405 01ed 07       		.byte	0x7
 406 01ee BF       		.byte	0xbf
 407 01ef 58020000 		.4byte	0x258
 408 01f3 2C       		.byte	0x2c
 409 01f4 06       		.uleb128 0x6
 410 01f5 0D000000 		.4byte	.LASF42
 411 01f9 07       		.byte	0x7
 412 01fa C3       		.byte	0xc3
 413 01fb 08010000 		.4byte	0x108
 414 01ff 34       		.byte	0x34
 415 0200 06       		.uleb128 0x6
 416 0201 18030000 		.4byte	.LASF43
 417 0205 07       		.byte	0x7
 418 0206 C9       		.byte	0xc9
 419 0207 13010000 		.4byte	0x113
 420 020b 38       		.byte	0x38
 421 020c 06       		.uleb128 0x6
 422 020d 99020000 		.4byte	.LASF44
 423 0211 07       		.byte	0x7
 424 0212 D0       		.byte	0xd0
 425 0213 1E040000 		.4byte	0x41e
 426 0217 3C       		.byte	0x3c
 427 0218 06       		.uleb128 0x6
 428 0219 4B040000 		.4byte	.LASF45
 429 021d 07       		.byte	0x7
 430 021e D4       		.byte	0xd4
 431 021f FD000000 		.4byte	0xfd
 432 0223 40       		.byte	0x40
 433 0224 06       		.uleb128 0x6
 434 0225 0A010000 		.4byte	.LASF46
 435 0229 07       		.byte	0x7
 436 022a DA       		.byte	0xda
 437 022b 8E020000 		.4byte	0x28e
 438 022f 44       		.byte	0x44
 439 0230 00       		.byte	0
 440 0231 08       		.uleb128 0x8
 441 0232 08       		.byte	0x8
 442 0233 06       		.byte	0x6
 443 0234 61       		.byte	0x61
 444 0235 52020000 		.4byte	0x252
 445 0239 06       		.uleb128 0x6
 446 023a D9020000 		.4byte	.LASF28
 447 023e 06       		.byte	0x6
 448 023f 62       		.byte	0x62
 449 0240 52020000 		.4byte	0x252
 450 0244 00       		.byte	0
 451 0245 06       		.uleb128 0x6
 452 0246 6E020000 		.4byte	.LASF29
 453 024a 06       		.byte	0x6
 454 024b 64       		.byte	0x64
 455 024c 52020000 		.4byte	0x252
 456 0250 04       		.byte	0x4
ARM GAS  /tmp/ccLzh67Y.s 			page 9


 457 0251 00       		.byte	0
 458 0252 09       		.uleb128 0x9
 459 0253 04       		.byte	0x4
 460 0254 29010000 		.4byte	0x129
 461 0258 03       		.uleb128 0x3
 462 0259 34020000 		.4byte	.LASF47
 463 025d 06       		.byte	0x6
 464 025e 66       		.byte	0x66
 465 025f 31020000 		.4byte	0x231
 466 0263 08       		.uleb128 0x8
 467 0264 04       		.byte	0x4
 468 0265 06       		.byte	0x6
 469 0266 6B       		.byte	0x6b
 470 0267 78020000 		.4byte	0x278
 471 026b 06       		.uleb128 0x6
 472 026c D9020000 		.4byte	.LASF28
 473 0270 06       		.byte	0x6
 474 0271 6D       		.byte	0x6d
 475 0272 52020000 		.4byte	0x252
 476 0276 00       		.byte	0
 477 0277 00       		.byte	0
 478 0278 03       		.uleb128 0x3
 479 0279 D3010000 		.4byte	.LASF48
 480 027d 06       		.byte	0x6
 481 027e 70       		.byte	0x70
 482 027f 63020000 		.4byte	0x263
 483 0283 03       		.uleb128 0x3
 484 0284 5C010000 		.4byte	.LASF49
 485 0288 08       		.byte	0x8
 486 0289 E5       		.byte	0xe5
 487 028a 8E020000 		.4byte	0x28e
 488 028e 0A       		.uleb128 0xa
 489 028f 04       		.byte	0x4
 490 0290 0B       		.uleb128 0xb
 491 0291 67040000 		.4byte	.LASF50
 492 0295 24       		.byte	0x24
 493 0296 08       		.byte	0x8
 494 0297 0C01     		.2byte	0x10c
 495 0299 0C030000 		.4byte	0x30c
 496 029d 0C       		.uleb128 0xc
 497 029e 723400   		.ascii	"r4\000"
 498 02a1 08       		.byte	0x8
 499 02a2 1F01     		.2byte	0x11f
 500 02a4 83020000 		.4byte	0x283
 501 02a8 00       		.byte	0
 502 02a9 0C       		.uleb128 0xc
 503 02aa 723500   		.ascii	"r5\000"
 504 02ad 08       		.byte	0x8
 505 02ae 2001     		.2byte	0x120
 506 02b0 83020000 		.4byte	0x283
 507 02b4 04       		.byte	0x4
 508 02b5 0C       		.uleb128 0xc
 509 02b6 723600   		.ascii	"r6\000"
 510 02b9 08       		.byte	0x8
 511 02ba 2101     		.2byte	0x121
 512 02bc 83020000 		.4byte	0x283
 513 02c0 08       		.byte	0x8
ARM GAS  /tmp/ccLzh67Y.s 			page 10


 514 02c1 0C       		.uleb128 0xc
 515 02c2 723700   		.ascii	"r7\000"
 516 02c5 08       		.byte	0x8
 517 02c6 2201     		.2byte	0x122
 518 02c8 83020000 		.4byte	0x283
 519 02cc 0C       		.byte	0xc
 520 02cd 0C       		.uleb128 0xc
 521 02ce 723800   		.ascii	"r8\000"
 522 02d1 08       		.byte	0x8
 523 02d2 2301     		.2byte	0x123
 524 02d4 83020000 		.4byte	0x283
 525 02d8 10       		.byte	0x10
 526 02d9 0C       		.uleb128 0xc
 527 02da 723900   		.ascii	"r9\000"
 528 02dd 08       		.byte	0x8
 529 02de 2401     		.2byte	0x124
 530 02e0 83020000 		.4byte	0x283
 531 02e4 14       		.byte	0x14
 532 02e5 0C       		.uleb128 0xc
 533 02e6 72313000 		.ascii	"r10\000"
 534 02ea 08       		.byte	0x8
 535 02eb 2501     		.2byte	0x125
 536 02ed 83020000 		.4byte	0x283
 537 02f1 18       		.byte	0x18
 538 02f2 0C       		.uleb128 0xc
 539 02f3 72313100 		.ascii	"r11\000"
 540 02f7 08       		.byte	0x8
 541 02f8 2601     		.2byte	0x126
 542 02fa 83020000 		.4byte	0x283
 543 02fe 1C       		.byte	0x1c
 544 02ff 0C       		.uleb128 0xc
 545 0300 6C7200   		.ascii	"lr\000"
 546 0303 08       		.byte	0x8
 547 0304 2701     		.2byte	0x127
 548 0306 83020000 		.4byte	0x283
 549 030a 20       		.byte	0x20
 550 030b 00       		.byte	0
 551 030c 0B       		.uleb128 0xb
 552 030d A2010000 		.4byte	.LASF51
 553 0311 04       		.byte	0x4
 554 0312 08       		.byte	0x8
 555 0313 3101     		.2byte	0x131
 556 0315 27030000 		.4byte	0x327
 557 0319 0C       		.uleb128 0xc
 558 031a 72313300 		.ascii	"r13\000"
 559 031e 08       		.byte	0x8
 560 031f 3201     		.2byte	0x132
 561 0321 27030000 		.4byte	0x327
 562 0325 00       		.byte	0
 563 0326 00       		.byte	0
 564 0327 09       		.uleb128 0x9
 565 0328 04       		.byte	0x4
 566 0329 90020000 		.4byte	0x290
 567 032d 04       		.uleb128 0x4
 568 032e 04       		.byte	0x4
 569 032f 07       		.byte	0x7
 570 0330 05020000 		.4byte	.LASF52
ARM GAS  /tmp/ccLzh67Y.s 			page 11


 571 0334 0D       		.uleb128 0xd
 572 0335 1E010000 		.4byte	0x11e
 573 0339 08       		.uleb128 0x8
 574 033a 1C       		.byte	0x1c
 575 033b 09       		.byte	0x9
 576 033c 5E       		.byte	0x5e
 577 033d 8A030000 		.4byte	0x38a
 578 0341 06       		.uleb128 0x6
 579 0342 38030000 		.4byte	.LASF53
 580 0346 09       		.byte	0x9
 581 0347 5F       		.byte	0x5f
 582 0348 58020000 		.4byte	0x258
 583 034c 00       		.byte	0
 584 034d 06       		.uleb128 0x6
 585 034e CB020000 		.4byte	.LASF54
 586 0352 09       		.byte	0x9
 587 0353 60       		.byte	0x60
 588 0354 FD000000 		.4byte	0xfd
 589 0358 08       		.byte	0x8
 590 0359 06       		.uleb128 0x6
 591 035a 2E020000 		.4byte	.LASF55
 592 035e 09       		.byte	0x9
 593 035f 62       		.byte	0x62
 594 0360 0C030000 		.4byte	0x30c
 595 0364 0C       		.byte	0xc
 596 0365 06       		.uleb128 0x6
 597 0366 C3010000 		.4byte	.LASF56
 598 036a 09       		.byte	0x9
 599 036b 65       		.byte	0x65
 600 036c 52020000 		.4byte	0x252
 601 0370 10       		.byte	0x10
 602 0371 06       		.uleb128 0x6
 603 0372 53020000 		.4byte	.LASF57
 604 0376 09       		.byte	0x9
 605 0377 66       		.byte	0x66
 606 0378 52020000 		.4byte	0x252
 607 037c 14       		.byte	0x14
 608 037d 06       		.uleb128 0x6
 609 037e 49020000 		.4byte	.LASF58
 610 0382 09       		.byte	0x9
 611 0383 69       		.byte	0x69
 612 0384 52020000 		.4byte	0x252
 613 0388 18       		.byte	0x18
 614 0389 00       		.byte	0
 615 038a 03       		.uleb128 0x3
 616 038b 8B040000 		.4byte	.LASF59
 617 038f 09       		.byte	0x9
 618 0390 6B       		.byte	0x6b
 619 0391 39030000 		.4byte	0x339
 620 0395 05       		.uleb128 0x5
 621 0396 EB010000 		.4byte	.LASF60
 622 039a 10       		.byte	0x10
 623 039b 0A       		.byte	0xa
 624 039c 2C       		.byte	0x2c
 625 039d C6030000 		.4byte	0x3c6
 626 03a1 06       		.uleb128 0x6
 627 03a2 12010000 		.4byte	.LASF61
ARM GAS  /tmp/ccLzh67Y.s 			page 12


 628 03a6 0A       		.byte	0xa
 629 03a7 2D       		.byte	0x2d
 630 03a8 58020000 		.4byte	0x258
 631 03ac 00       		.byte	0
 632 03ad 06       		.uleb128 0x6
 633 03ae BC040000 		.4byte	.LASF62
 634 03b2 0A       		.byte	0xa
 635 03b3 2F       		.byte	0x2f
 636 03b4 52020000 		.4byte	0x252
 637 03b8 08       		.byte	0x8
 638 03b9 06       		.uleb128 0x6
 639 03ba 3A040000 		.4byte	.LASF63
 640 03be 0A       		.byte	0xa
 641 03bf 31       		.byte	0x31
 642 03c0 C6030000 		.4byte	0x3c6
 643 03c4 0C       		.byte	0xc
 644 03c5 00       		.byte	0
 645 03c6 09       		.uleb128 0x9
 646 03c7 04       		.byte	0x4
 647 03c8 95030000 		.4byte	0x395
 648 03cc 03       		.uleb128 0x3
 649 03cd EB010000 		.4byte	.LASF60
 650 03d1 0A       		.byte	0xa
 651 03d2 33       		.byte	0x33
 652 03d3 95030000 		.4byte	0x395
 653 03d7 0E       		.uleb128 0xe
 654 03d8 04       		.byte	0x4
 655 03d9 07       		.byte	0x7
 656 03da 96       		.byte	0x96
 657 03db 0C040000 		.4byte	0x40c
 658 03df 0F       		.uleb128 0xf
 659 03e0 6F000000 		.4byte	.LASF64
 660 03e4 07       		.byte	0x7
 661 03e5 9D       		.byte	0x9d
 662 03e6 08010000 		.4byte	0x108
 663 03ea 0F       		.uleb128 0xf
 664 03eb A5000000 		.4byte	.LASF65
 665 03ef 07       		.byte	0x7
 666 03f0 A4       		.byte	0xa4
 667 03f1 08010000 		.4byte	0x108
 668 03f5 0F       		.uleb128 0xf
 669 03f6 A3040000 		.4byte	.LASF66
 670 03fa 07       		.byte	0x7
 671 03fb AB       		.byte	0xab
 672 03fc 8E020000 		.4byte	0x28e
 673 0400 0F       		.uleb128 0xf
 674 0401 D2020000 		.4byte	.LASF67
 675 0405 07       		.byte	0x7
 676 0406 B2       		.byte	0xb2
 677 0407 13010000 		.4byte	0x113
 678 040b 00       		.byte	0
 679 040c 09       		.uleb128 0x9
 680 040d 04       		.byte	0x4
 681 040e 12040000 		.4byte	0x412
 682 0412 10       		.uleb128 0x10
 683 0413 17040000 		.4byte	0x417
 684 0417 04       		.uleb128 0x4
ARM GAS  /tmp/ccLzh67Y.s 			page 13


 685 0418 01       		.byte	0x1
 686 0419 08       		.byte	0x8
 687 041a 40030000 		.4byte	.LASF68
 688 041e 09       		.uleb128 0x9
 689 041f 04       		.byte	0x4
 690 0420 CC030000 		.4byte	0x3cc
 691 0424 08       		.uleb128 0x8
 692 0425 16       		.byte	0x16
 693 0426 0B       		.byte	0xb
 694 0427 2C       		.byte	0x2c
 695 0428 05050000 		.4byte	0x505
 696 042c 06       		.uleb128 0x6
 697 042d 94010000 		.4byte	.LASF69
 698 0431 0B       		.byte	0xb
 699 0432 2D       		.byte	0x2d
 700 0433 05050000 		.4byte	0x505
 701 0437 00       		.byte	0
 702 0438 06       		.uleb128 0x6
 703 0439 F1010000 		.4byte	.LASF70
 704 043d 0B       		.byte	0xb
 705 043e 2E       		.byte	0x2e
 706 043f 9E000000 		.4byte	0x9e
 707 0443 04       		.byte	0x4
 708 0444 06       		.uleb128 0x6
 709 0445 41020000 		.4byte	.LASF71
 710 0449 0B       		.byte	0xb
 711 044a 2F       		.byte	0x2f
 712 044b 9E000000 		.4byte	0x9e
 713 044f 05       		.byte	0x5
 714 0450 06       		.uleb128 0x6
 715 0451 B1040000 		.4byte	.LASF72
 716 0455 0B       		.byte	0xb
 717 0456 30       		.byte	0x30
 718 0457 A9000000 		.4byte	0xa9
 719 045b 06       		.byte	0x6
 720 045c 06       		.uleb128 0x6
 721 045d 63020000 		.4byte	.LASF73
 722 0461 0B       		.byte	0xb
 723 0462 31       		.byte	0x31
 724 0463 9E000000 		.4byte	0x9e
 725 0467 08       		.byte	0x8
 726 0468 06       		.uleb128 0x6
 727 0469 0E020000 		.4byte	.LASF74
 728 046d 0B       		.byte	0xb
 729 046e 32       		.byte	0x32
 730 046f 9E000000 		.4byte	0x9e
 731 0473 09       		.byte	0x9
 732 0474 06       		.uleb128 0x6
 733 0475 97000000 		.4byte	.LASF75
 734 0479 0B       		.byte	0xb
 735 047a 33       		.byte	0x33
 736 047b 9E000000 		.4byte	0x9e
 737 047f 0A       		.byte	0xa
 738 0480 06       		.uleb128 0x6
 739 0481 2C030000 		.4byte	.LASF76
 740 0485 0B       		.byte	0xb
 741 0486 34       		.byte	0x34
ARM GAS  /tmp/ccLzh67Y.s 			page 14


 742 0487 9E000000 		.4byte	0x9e
 743 048b 0B       		.byte	0xb
 744 048c 06       		.uleb128 0x6
 745 048d 79040000 		.4byte	.LASF77
 746 0491 0B       		.byte	0xb
 747 0492 35       		.byte	0x35
 748 0493 9E000000 		.4byte	0x9e
 749 0497 0C       		.byte	0xc
 750 0498 06       		.uleb128 0x6
 751 0499 0B030000 		.4byte	.LASF78
 752 049d 0B       		.byte	0xb
 753 049e 36       		.byte	0x36
 754 049f 9E000000 		.4byte	0x9e
 755 04a3 0D       		.byte	0xd
 756 04a4 06       		.uleb128 0x6
 757 04a5 00000000 		.4byte	.LASF79
 758 04a9 0B       		.byte	0xb
 759 04aa 37       		.byte	0x37
 760 04ab 9E000000 		.4byte	0x9e
 761 04af 0E       		.byte	0xe
 762 04b0 06       		.uleb128 0x6
 763 04b1 1A020000 		.4byte	.LASF80
 764 04b5 0B       		.byte	0xb
 765 04b6 38       		.byte	0x38
 766 04b7 9E000000 		.4byte	0x9e
 767 04bb 0F       		.byte	0xf
 768 04bc 06       		.uleb128 0x6
 769 04bd ED000000 		.4byte	.LASF81
 770 04c1 0B       		.byte	0xb
 771 04c2 39       		.byte	0x39
 772 04c3 9E000000 		.4byte	0x9e
 773 04c7 10       		.byte	0x10
 774 04c8 06       		.uleb128 0x6
 775 04c9 C6000000 		.4byte	.LASF82
 776 04cd 0B       		.byte	0xb
 777 04ce 3B       		.byte	0x3b
 778 04cf 9E000000 		.4byte	0x9e
 779 04d3 11       		.byte	0x11
 780 04d4 06       		.uleb128 0x6
 781 04d5 FD000000 		.4byte	.LASF83
 782 04d9 0B       		.byte	0xb
 783 04da 3C       		.byte	0x3c
 784 04db 9E000000 		.4byte	0x9e
 785 04df 12       		.byte	0x12
 786 04e0 06       		.uleb128 0x6
 787 04e1 F9010000 		.4byte	.LASF84
 788 04e5 0B       		.byte	0xb
 789 04e6 3D       		.byte	0x3d
 790 04e7 9E000000 		.4byte	0x9e
 791 04eb 13       		.byte	0x13
 792 04ec 06       		.uleb128 0x6
 793 04ed E0020000 		.4byte	.LASF85
 794 04f1 0B       		.byte	0xb
 795 04f2 3E       		.byte	0x3e
 796 04f3 9E000000 		.4byte	0x9e
 797 04f7 14       		.byte	0x14
 798 04f8 06       		.uleb128 0x6
ARM GAS  /tmp/ccLzh67Y.s 			page 15


 799 04f9 BF020000 		.4byte	.LASF86
 800 04fd 0B       		.byte	0xb
 801 04fe 40       		.byte	0x40
 802 04ff 9E000000 		.4byte	0x9e
 803 0503 15       		.byte	0x15
 804 0504 00       		.byte	0
 805 0505 11       		.uleb128 0x11
 806 0506 17040000 		.4byte	0x417
 807 050a 15050000 		.4byte	0x515
 808 050e 12       		.uleb128 0x12
 809 050f 2D030000 		.4byte	0x32d
 810 0513 03       		.byte	0x3
 811 0514 00       		.byte	0
 812 0515 03       		.uleb128 0x3
 813 0516 3F010000 		.4byte	.LASF87
 814 051a 0B       		.byte	0xb
 815 051b 41       		.byte	0x41
 816 051c 24040000 		.4byte	0x424
 817 0520 13       		.uleb128 0x13
 818 0521 AE000000 		.4byte	.LASF88
 819 0525 01       		.byte	0x1
 820 0526 75       		.byte	0x75
 821 0527 52020000 		.4byte	0x252
 822 052b 00000000 		.4byte	.LFB7
 823 052f 1C000000 		.4byte	.LFE7-.LFB7
 824 0533 01       		.uleb128 0x1
 825 0534 9C       		.byte	0x9c
 826 0535 78050000 		.4byte	0x578
 827 0539 14       		.uleb128 0x14
 828 053a 747000   		.ascii	"tp\000"
 829 053d 01       		.byte	0x1
 830 053e 76       		.byte	0x76
 831 053f 52020000 		.4byte	0x252
 832 0543 01       		.uleb128 0x1
 833 0544 50       		.byte	0x50
 834 0545 15       		.uleb128 0x15
 835 0546 00000000 		.4byte	.LBB2
 836 054a 06000000 		.4byte	.LBE2-.LBB2
 837 054e 60050000 		.4byte	0x560
 838 0552 14       		.uleb128 0x14
 839 0553 746D7000 		.ascii	"tmp\000"
 840 0557 01       		.byte	0x1
 841 0558 78       		.byte	0x78
 842 0559 BF000000 		.4byte	0xbf
 843 055d 01       		.uleb128 0x1
 844 055e 53       		.byte	0x53
 845 055f 00       		.byte	0
 846 0560 16       		.uleb128 0x16
 847 0561 10000000 		.4byte	.LBB3
 848 0565 06000000 		.4byte	.LBE3-.LBB3
 849 0569 14       		.uleb128 0x14
 850 056a 746D7000 		.ascii	"tmp\000"
 851 056e 01       		.byte	0x1
 852 056f 7D       		.byte	0x7d
 853 0570 BF000000 		.4byte	0xbf
 854 0574 01       		.uleb128 0x1
 855 0575 53       		.byte	0x53
ARM GAS  /tmp/ccLzh67Y.s 			page 16


 856 0576 00       		.byte	0
 857 0577 00       		.byte	0
 858 0578 13       		.uleb128 0x13
 859 0579 45030000 		.4byte	.LASF89
 860 057d 01       		.byte	0x1
 861 057e 8C       		.byte	0x8c
 862 057f 52020000 		.4byte	0x252
 863 0583 00000000 		.4byte	.LFB8
 864 0587 2C000000 		.4byte	.LFE8-.LFB8
 865 058b 01       		.uleb128 0x1
 866 058c 9C       		.byte	0x9c
 867 058d F6050000 		.4byte	0x5f6
 868 0591 17       		.uleb128 0x17
 869 0592 747000   		.ascii	"tp\000"
 870 0595 01       		.byte	0x1
 871 0596 8C       		.byte	0x8c
 872 0597 52020000 		.4byte	0x252
 873 059b 00000000 		.4byte	.LLST0
 874 059f 18       		.uleb128 0x18
 875 05a0 6E747000 		.ascii	"ntp\000"
 876 05a4 01       		.byte	0x1
 877 05a5 8D       		.byte	0x8d
 878 05a6 52020000 		.4byte	0x252
 879 05aa 21000000 		.4byte	.LLST1
 880 05ae 15       		.uleb128 0x15
 881 05af 02000000 		.4byte	.LBB4
 882 05b3 06000000 		.4byte	.LBE4-.LBB4
 883 05b7 C9050000 		.4byte	0x5c9
 884 05bb 14       		.uleb128 0x14
 885 05bc 746D7000 		.ascii	"tmp\000"
 886 05c0 01       		.byte	0x1
 887 05c1 8F       		.byte	0x8f
 888 05c2 BF000000 		.4byte	0xbf
 889 05c6 01       		.uleb128 0x1
 890 05c7 53       		.byte	0x53
 891 05c8 00       		.byte	0
 892 05c9 15       		.uleb128 0x15
 893 05ca 18000000 		.4byte	.LBB5
 894 05ce 06000000 		.4byte	.LBE5-.LBB5
 895 05d2 E4050000 		.4byte	0x5e4
 896 05d6 14       		.uleb128 0x14
 897 05d7 746D7000 		.ascii	"tmp\000"
 898 05db 01       		.byte	0x1
 899 05dc 9A       		.byte	0x9a
 900 05dd BF000000 		.4byte	0xbf
 901 05e1 01       		.uleb128 0x1
 902 05e2 53       		.byte	0x53
 903 05e3 00       		.byte	0
 904 05e4 19       		.uleb128 0x19
 905 05e5 22000000 		.4byte	.LVL4
 906 05e9 17060000 		.4byte	0x617
 907 05ed 1A       		.uleb128 0x1a
 908 05ee 01       		.uleb128 0x1
 909 05ef 50       		.byte	0x50
 910 05f0 03       		.uleb128 0x3
 911 05f1 F3       		.byte	0xf3
 912 05f2 01       		.uleb128 0x1
ARM GAS  /tmp/ccLzh67Y.s 			page 17


 913 05f3 50       		.byte	0x50
 914 05f4 00       		.byte	0
 915 05f5 00       		.byte	0
 916 05f6 1B       		.uleb128 0x1b
 917 05f7 95040000 		.4byte	.LASF90
 918 05fb 09       		.byte	0x9
 919 05fc 6F       		.byte	0x6f
 920 05fd 8A030000 		.4byte	0x38a
 921 0601 1C       		.uleb128 0x1c
 922 0602 8B010000 		.4byte	.LASF91
 923 0606 01       		.byte	0x1
 924 0607 42       		.byte	0x42
 925 0608 12060000 		.4byte	0x612
 926 060c 05       		.uleb128 0x5
 927 060d 03       		.byte	0x3
 928 060e 00000000 		.4byte	ch_debug
 929 0612 10       		.uleb128 0x10
 930 0613 15050000 		.4byte	0x515
 931 0617 1D       		.uleb128 0x1d
 932 0618 F7020000 		.4byte	.LASF94
 933 061c 0C       		.byte	0xc
 934 061d 3A       		.byte	0x3a
 935 061e 1E       		.uleb128 0x1e
 936 061f 52020000 		.4byte	0x252
 937 0623 00       		.byte	0
 938 0624 00       		.byte	0
 939              		.section	.debug_abbrev,"",%progbits
 940              	.Ldebug_abbrev0:
 941 0000 01       		.uleb128 0x1
 942 0001 11       		.uleb128 0x11
 943 0002 01       		.byte	0x1
 944 0003 25       		.uleb128 0x25
 945 0004 0E       		.uleb128 0xe
 946 0005 13       		.uleb128 0x13
 947 0006 0B       		.uleb128 0xb
 948 0007 03       		.uleb128 0x3
 949 0008 0E       		.uleb128 0xe
 950 0009 55       		.uleb128 0x55
 951 000a 17       		.uleb128 0x17
 952 000b 11       		.uleb128 0x11
 953 000c 01       		.uleb128 0x1
 954 000d 10       		.uleb128 0x10
 955 000e 17       		.uleb128 0x17
 956 000f 00       		.byte	0
 957 0010 00       		.byte	0
 958 0011 02       		.uleb128 0x2
 959 0012 24       		.uleb128 0x24
 960 0013 00       		.byte	0
 961 0014 0B       		.uleb128 0xb
 962 0015 0B       		.uleb128 0xb
 963 0016 3E       		.uleb128 0x3e
 964 0017 0B       		.uleb128 0xb
 965 0018 03       		.uleb128 0x3
 966 0019 08       		.uleb128 0x8
 967 001a 00       		.byte	0
 968 001b 00       		.byte	0
 969 001c 03       		.uleb128 0x3
ARM GAS  /tmp/ccLzh67Y.s 			page 18


 970 001d 16       		.uleb128 0x16
 971 001e 00       		.byte	0
 972 001f 03       		.uleb128 0x3
 973 0020 0E       		.uleb128 0xe
 974 0021 3A       		.uleb128 0x3a
 975 0022 0B       		.uleb128 0xb
 976 0023 3B       		.uleb128 0x3b
 977 0024 0B       		.uleb128 0xb
 978 0025 49       		.uleb128 0x49
 979 0026 13       		.uleb128 0x13
 980 0027 00       		.byte	0
 981 0028 00       		.byte	0
 982 0029 04       		.uleb128 0x4
 983 002a 24       		.uleb128 0x24
 984 002b 00       		.byte	0
 985 002c 0B       		.uleb128 0xb
 986 002d 0B       		.uleb128 0xb
 987 002e 3E       		.uleb128 0x3e
 988 002f 0B       		.uleb128 0xb
 989 0030 03       		.uleb128 0x3
 990 0031 0E       		.uleb128 0xe
 991 0032 00       		.byte	0
 992 0033 00       		.byte	0
 993 0034 05       		.uleb128 0x5
 994 0035 13       		.uleb128 0x13
 995 0036 01       		.byte	0x1
 996 0037 03       		.uleb128 0x3
 997 0038 0E       		.uleb128 0xe
 998 0039 0B       		.uleb128 0xb
 999 003a 0B       		.uleb128 0xb
 1000 003b 3A       		.uleb128 0x3a
 1001 003c 0B       		.uleb128 0xb
 1002 003d 3B       		.uleb128 0x3b
 1003 003e 0B       		.uleb128 0xb
 1004 003f 01       		.uleb128 0x1
 1005 0040 13       		.uleb128 0x13
 1006 0041 00       		.byte	0
 1007 0042 00       		.byte	0
 1008 0043 06       		.uleb128 0x6
 1009 0044 0D       		.uleb128 0xd
 1010 0045 00       		.byte	0
 1011 0046 03       		.uleb128 0x3
 1012 0047 0E       		.uleb128 0xe
 1013 0048 3A       		.uleb128 0x3a
 1014 0049 0B       		.uleb128 0xb
 1015 004a 3B       		.uleb128 0x3b
 1016 004b 0B       		.uleb128 0xb
 1017 004c 49       		.uleb128 0x49
 1018 004d 13       		.uleb128 0x13
 1019 004e 38       		.uleb128 0x38
 1020 004f 0B       		.uleb128 0xb
 1021 0050 00       		.byte	0
 1022 0051 00       		.byte	0
 1023 0052 07       		.uleb128 0x7
 1024 0053 0D       		.uleb128 0xd
 1025 0054 00       		.byte	0
 1026 0055 03       		.uleb128 0x3
ARM GAS  /tmp/ccLzh67Y.s 			page 19


 1027 0056 08       		.uleb128 0x8
 1028 0057 3A       		.uleb128 0x3a
 1029 0058 0B       		.uleb128 0xb
 1030 0059 3B       		.uleb128 0x3b
 1031 005a 0B       		.uleb128 0xb
 1032 005b 49       		.uleb128 0x49
 1033 005c 13       		.uleb128 0x13
 1034 005d 38       		.uleb128 0x38
 1035 005e 0B       		.uleb128 0xb
 1036 005f 00       		.byte	0
 1037 0060 00       		.byte	0
 1038 0061 08       		.uleb128 0x8
 1039 0062 13       		.uleb128 0x13
 1040 0063 01       		.byte	0x1
 1041 0064 0B       		.uleb128 0xb
 1042 0065 0B       		.uleb128 0xb
 1043 0066 3A       		.uleb128 0x3a
 1044 0067 0B       		.uleb128 0xb
 1045 0068 3B       		.uleb128 0x3b
 1046 0069 0B       		.uleb128 0xb
 1047 006a 01       		.uleb128 0x1
 1048 006b 13       		.uleb128 0x13
 1049 006c 00       		.byte	0
 1050 006d 00       		.byte	0
 1051 006e 09       		.uleb128 0x9
 1052 006f 0F       		.uleb128 0xf
 1053 0070 00       		.byte	0
 1054 0071 0B       		.uleb128 0xb
 1055 0072 0B       		.uleb128 0xb
 1056 0073 49       		.uleb128 0x49
 1057 0074 13       		.uleb128 0x13
 1058 0075 00       		.byte	0
 1059 0076 00       		.byte	0
 1060 0077 0A       		.uleb128 0xa
 1061 0078 0F       		.uleb128 0xf
 1062 0079 00       		.byte	0
 1063 007a 0B       		.uleb128 0xb
 1064 007b 0B       		.uleb128 0xb
 1065 007c 00       		.byte	0
 1066 007d 00       		.byte	0
 1067 007e 0B       		.uleb128 0xb
 1068 007f 13       		.uleb128 0x13
 1069 0080 01       		.byte	0x1
 1070 0081 03       		.uleb128 0x3
 1071 0082 0E       		.uleb128 0xe
 1072 0083 0B       		.uleb128 0xb
 1073 0084 0B       		.uleb128 0xb
 1074 0085 3A       		.uleb128 0x3a
 1075 0086 0B       		.uleb128 0xb
 1076 0087 3B       		.uleb128 0x3b
 1077 0088 05       		.uleb128 0x5
 1078 0089 01       		.uleb128 0x1
 1079 008a 13       		.uleb128 0x13
 1080 008b 00       		.byte	0
 1081 008c 00       		.byte	0
 1082 008d 0C       		.uleb128 0xc
 1083 008e 0D       		.uleb128 0xd
ARM GAS  /tmp/ccLzh67Y.s 			page 20


 1084 008f 00       		.byte	0
 1085 0090 03       		.uleb128 0x3
 1086 0091 08       		.uleb128 0x8
 1087 0092 3A       		.uleb128 0x3a
 1088 0093 0B       		.uleb128 0xb
 1089 0094 3B       		.uleb128 0x3b
 1090 0095 05       		.uleb128 0x5
 1091 0096 49       		.uleb128 0x49
 1092 0097 13       		.uleb128 0x13
 1093 0098 38       		.uleb128 0x38
 1094 0099 0B       		.uleb128 0xb
 1095 009a 00       		.byte	0
 1096 009b 00       		.byte	0
 1097 009c 0D       		.uleb128 0xd
 1098 009d 35       		.uleb128 0x35
 1099 009e 00       		.byte	0
 1100 009f 49       		.uleb128 0x49
 1101 00a0 13       		.uleb128 0x13
 1102 00a1 00       		.byte	0
 1103 00a2 00       		.byte	0
 1104 00a3 0E       		.uleb128 0xe
 1105 00a4 17       		.uleb128 0x17
 1106 00a5 01       		.byte	0x1
 1107 00a6 0B       		.uleb128 0xb
 1108 00a7 0B       		.uleb128 0xb
 1109 00a8 3A       		.uleb128 0x3a
 1110 00a9 0B       		.uleb128 0xb
 1111 00aa 3B       		.uleb128 0x3b
 1112 00ab 0B       		.uleb128 0xb
 1113 00ac 01       		.uleb128 0x1
 1114 00ad 13       		.uleb128 0x13
 1115 00ae 00       		.byte	0
 1116 00af 00       		.byte	0
 1117 00b0 0F       		.uleb128 0xf
 1118 00b1 0D       		.uleb128 0xd
 1119 00b2 00       		.byte	0
 1120 00b3 03       		.uleb128 0x3
 1121 00b4 0E       		.uleb128 0xe
 1122 00b5 3A       		.uleb128 0x3a
 1123 00b6 0B       		.uleb128 0xb
 1124 00b7 3B       		.uleb128 0x3b
 1125 00b8 0B       		.uleb128 0xb
 1126 00b9 49       		.uleb128 0x49
 1127 00ba 13       		.uleb128 0x13
 1128 00bb 00       		.byte	0
 1129 00bc 00       		.byte	0
 1130 00bd 10       		.uleb128 0x10
 1131 00be 26       		.uleb128 0x26
 1132 00bf 00       		.byte	0
 1133 00c0 49       		.uleb128 0x49
 1134 00c1 13       		.uleb128 0x13
 1135 00c2 00       		.byte	0
 1136 00c3 00       		.byte	0
 1137 00c4 11       		.uleb128 0x11
 1138 00c5 01       		.uleb128 0x1
 1139 00c6 01       		.byte	0x1
 1140 00c7 49       		.uleb128 0x49
ARM GAS  /tmp/ccLzh67Y.s 			page 21


 1141 00c8 13       		.uleb128 0x13
 1142 00c9 01       		.uleb128 0x1
 1143 00ca 13       		.uleb128 0x13
 1144 00cb 00       		.byte	0
 1145 00cc 00       		.byte	0
 1146 00cd 12       		.uleb128 0x12
 1147 00ce 21       		.uleb128 0x21
 1148 00cf 00       		.byte	0
 1149 00d0 49       		.uleb128 0x49
 1150 00d1 13       		.uleb128 0x13
 1151 00d2 2F       		.uleb128 0x2f
 1152 00d3 0B       		.uleb128 0xb
 1153 00d4 00       		.byte	0
 1154 00d5 00       		.byte	0
 1155 00d6 13       		.uleb128 0x13
 1156 00d7 2E       		.uleb128 0x2e
 1157 00d8 01       		.byte	0x1
 1158 00d9 3F       		.uleb128 0x3f
 1159 00da 19       		.uleb128 0x19
 1160 00db 03       		.uleb128 0x3
 1161 00dc 0E       		.uleb128 0xe
 1162 00dd 3A       		.uleb128 0x3a
 1163 00de 0B       		.uleb128 0xb
 1164 00df 3B       		.uleb128 0x3b
 1165 00e0 0B       		.uleb128 0xb
 1166 00e1 27       		.uleb128 0x27
 1167 00e2 19       		.uleb128 0x19
 1168 00e3 49       		.uleb128 0x49
 1169 00e4 13       		.uleb128 0x13
 1170 00e5 11       		.uleb128 0x11
 1171 00e6 01       		.uleb128 0x1
 1172 00e7 12       		.uleb128 0x12
 1173 00e8 06       		.uleb128 0x6
 1174 00e9 40       		.uleb128 0x40
 1175 00ea 18       		.uleb128 0x18
 1176 00eb 9742     		.uleb128 0x2117
 1177 00ed 19       		.uleb128 0x19
 1178 00ee 01       		.uleb128 0x1
 1179 00ef 13       		.uleb128 0x13
 1180 00f0 00       		.byte	0
 1181 00f1 00       		.byte	0
 1182 00f2 14       		.uleb128 0x14
 1183 00f3 34       		.uleb128 0x34
 1184 00f4 00       		.byte	0
 1185 00f5 03       		.uleb128 0x3
 1186 00f6 08       		.uleb128 0x8
 1187 00f7 3A       		.uleb128 0x3a
 1188 00f8 0B       		.uleb128 0xb
 1189 00f9 3B       		.uleb128 0x3b
 1190 00fa 0B       		.uleb128 0xb
 1191 00fb 49       		.uleb128 0x49
 1192 00fc 13       		.uleb128 0x13
 1193 00fd 02       		.uleb128 0x2
 1194 00fe 18       		.uleb128 0x18
 1195 00ff 00       		.byte	0
 1196 0100 00       		.byte	0
 1197 0101 15       		.uleb128 0x15
ARM GAS  /tmp/ccLzh67Y.s 			page 22


 1198 0102 0B       		.uleb128 0xb
 1199 0103 01       		.byte	0x1
 1200 0104 11       		.uleb128 0x11
 1201 0105 01       		.uleb128 0x1
 1202 0106 12       		.uleb128 0x12
 1203 0107 06       		.uleb128 0x6
 1204 0108 01       		.uleb128 0x1
 1205 0109 13       		.uleb128 0x13
 1206 010a 00       		.byte	0
 1207 010b 00       		.byte	0
 1208 010c 16       		.uleb128 0x16
 1209 010d 0B       		.uleb128 0xb
 1210 010e 01       		.byte	0x1
 1211 010f 11       		.uleb128 0x11
 1212 0110 01       		.uleb128 0x1
 1213 0111 12       		.uleb128 0x12
 1214 0112 06       		.uleb128 0x6
 1215 0113 00       		.byte	0
 1216 0114 00       		.byte	0
 1217 0115 17       		.uleb128 0x17
 1218 0116 05       		.uleb128 0x5
 1219 0117 00       		.byte	0
 1220 0118 03       		.uleb128 0x3
 1221 0119 08       		.uleb128 0x8
 1222 011a 3A       		.uleb128 0x3a
 1223 011b 0B       		.uleb128 0xb
 1224 011c 3B       		.uleb128 0x3b
 1225 011d 0B       		.uleb128 0xb
 1226 011e 49       		.uleb128 0x49
 1227 011f 13       		.uleb128 0x13
 1228 0120 02       		.uleb128 0x2
 1229 0121 17       		.uleb128 0x17
 1230 0122 00       		.byte	0
 1231 0123 00       		.byte	0
 1232 0124 18       		.uleb128 0x18
 1233 0125 34       		.uleb128 0x34
 1234 0126 00       		.byte	0
 1235 0127 03       		.uleb128 0x3
 1236 0128 08       		.uleb128 0x8
 1237 0129 3A       		.uleb128 0x3a
 1238 012a 0B       		.uleb128 0xb
 1239 012b 3B       		.uleb128 0x3b
 1240 012c 0B       		.uleb128 0xb
 1241 012d 49       		.uleb128 0x49
 1242 012e 13       		.uleb128 0x13
 1243 012f 02       		.uleb128 0x2
 1244 0130 17       		.uleb128 0x17
 1245 0131 00       		.byte	0
 1246 0132 00       		.byte	0
 1247 0133 19       		.uleb128 0x19
 1248 0134 898201   		.uleb128 0x4109
 1249 0137 01       		.byte	0x1
 1250 0138 11       		.uleb128 0x11
 1251 0139 01       		.uleb128 0x1
 1252 013a 31       		.uleb128 0x31
 1253 013b 13       		.uleb128 0x13
 1254 013c 00       		.byte	0
ARM GAS  /tmp/ccLzh67Y.s 			page 23


 1255 013d 00       		.byte	0
 1256 013e 1A       		.uleb128 0x1a
 1257 013f 8A8201   		.uleb128 0x410a
 1258 0142 00       		.byte	0
 1259 0143 02       		.uleb128 0x2
 1260 0144 18       		.uleb128 0x18
 1261 0145 9142     		.uleb128 0x2111
 1262 0147 18       		.uleb128 0x18
 1263 0148 00       		.byte	0
 1264 0149 00       		.byte	0
 1265 014a 1B       		.uleb128 0x1b
 1266 014b 34       		.uleb128 0x34
 1267 014c 00       		.byte	0
 1268 014d 03       		.uleb128 0x3
 1269 014e 0E       		.uleb128 0xe
 1270 014f 3A       		.uleb128 0x3a
 1271 0150 0B       		.uleb128 0xb
 1272 0151 3B       		.uleb128 0x3b
 1273 0152 0B       		.uleb128 0xb
 1274 0153 49       		.uleb128 0x49
 1275 0154 13       		.uleb128 0x13
 1276 0155 3F       		.uleb128 0x3f
 1277 0156 19       		.uleb128 0x19
 1278 0157 3C       		.uleb128 0x3c
 1279 0158 19       		.uleb128 0x19
 1280 0159 00       		.byte	0
 1281 015a 00       		.byte	0
 1282 015b 1C       		.uleb128 0x1c
 1283 015c 34       		.uleb128 0x34
 1284 015d 00       		.byte	0
 1285 015e 03       		.uleb128 0x3
 1286 015f 0E       		.uleb128 0xe
 1287 0160 3A       		.uleb128 0x3a
 1288 0161 0B       		.uleb128 0xb
 1289 0162 3B       		.uleb128 0x3b
 1290 0163 0B       		.uleb128 0xb
 1291 0164 49       		.uleb128 0x49
 1292 0165 13       		.uleb128 0x13
 1293 0166 3F       		.uleb128 0x3f
 1294 0167 19       		.uleb128 0x19
 1295 0168 02       		.uleb128 0x2
 1296 0169 18       		.uleb128 0x18
 1297 016a 00       		.byte	0
 1298 016b 00       		.byte	0
 1299 016c 1D       		.uleb128 0x1d
 1300 016d 2E       		.uleb128 0x2e
 1301 016e 01       		.byte	0x1
 1302 016f 3F       		.uleb128 0x3f
 1303 0170 19       		.uleb128 0x19
 1304 0171 03       		.uleb128 0x3
 1305 0172 0E       		.uleb128 0xe
 1306 0173 3A       		.uleb128 0x3a
 1307 0174 0B       		.uleb128 0xb
 1308 0175 3B       		.uleb128 0x3b
 1309 0176 0B       		.uleb128 0xb
 1310 0177 27       		.uleb128 0x27
 1311 0178 19       		.uleb128 0x19
ARM GAS  /tmp/ccLzh67Y.s 			page 24


 1312 0179 3C       		.uleb128 0x3c
 1313 017a 19       		.uleb128 0x19
 1314 017b 00       		.byte	0
 1315 017c 00       		.byte	0
 1316 017d 1E       		.uleb128 0x1e
 1317 017e 05       		.uleb128 0x5
 1318 017f 00       		.byte	0
 1319 0180 49       		.uleb128 0x49
 1320 0181 13       		.uleb128 0x13
 1321 0182 00       		.byte	0
 1322 0183 00       		.byte	0
 1323 0184 00       		.byte	0
 1324              		.section	.debug_loc,"",%progbits
 1325              	.Ldebug_loc0:
 1326              	.LLST0:
 1327 0000 00000000 		.4byte	.LVL1
 1328 0004 21000000 		.4byte	.LVL4-1
 1329 0008 0100     		.2byte	0x1
 1330 000a 50       		.byte	0x50
 1331 000b 21000000 		.4byte	.LVL4-1
 1332 000f 2C000000 		.4byte	.LFE8
 1333 0013 0400     		.2byte	0x4
 1334 0015 F3       		.byte	0xf3
 1335 0016 01       		.uleb128 0x1
 1336 0017 50       		.byte	0x50
 1337 0018 9F       		.byte	0x9f
 1338 0019 00000000 		.4byte	0
 1339 001d 00000000 		.4byte	0
 1340              	.LLST1:
 1341 0021 0C000000 		.4byte	.LVL2
 1342 0025 26000000 		.4byte	.LVL5
 1343 0029 0100     		.2byte	0x1
 1344 002b 54       		.byte	0x54
 1345 002c 26000000 		.4byte	.LVL5
 1346 0030 2C000000 		.4byte	.LFE8
 1347 0034 0100     		.2byte	0x1
 1348 0036 50       		.byte	0x50
 1349 0037 00000000 		.4byte	0
 1350 003b 00000000 		.4byte	0
 1351              		.section	.debug_aranges,"",%progbits
 1352 0000 24000000 		.4byte	0x24
 1353 0004 0200     		.2byte	0x2
 1354 0006 00000000 		.4byte	.Ldebug_info0
 1355 000a 04       		.byte	0x4
 1356 000b 00       		.byte	0
 1357 000c 0000     		.2byte	0
 1358 000e 0000     		.2byte	0
 1359 0010 00000000 		.4byte	.LFB7
 1360 0014 1C000000 		.4byte	.LFE7-.LFB7
 1361 0018 00000000 		.4byte	.LFB8
 1362 001c 2C000000 		.4byte	.LFE8-.LFB8
 1363 0020 00000000 		.4byte	0
 1364 0024 00000000 		.4byte	0
 1365              		.section	.debug_ranges,"",%progbits
 1366              	.Ldebug_ranges0:
 1367 0000 00000000 		.4byte	.LFB7
 1368 0004 1C000000 		.4byte	.LFE7
ARM GAS  /tmp/ccLzh67Y.s 			page 25


 1369 0008 00000000 		.4byte	.LFB8
 1370 000c 2C000000 		.4byte	.LFE8
 1371 0010 00000000 		.4byte	0
 1372 0014 00000000 		.4byte	0
 1373              		.section	.debug_line,"",%progbits
 1374              	.Ldebug_line0:
 1375 0000 16030000 		.section	.debug_str,"MS",%progbits,1
 1375      0200E202 
 1375      00000201 
 1375      FB0E0D00 
 1375      01010101 
 1376              	.LASF79:
 1377 0000 63665F6F 		.ascii	"cf_off_older\000"
 1377      66665F6F 
 1377      6C646572 
 1377      00
 1378              	.LASF42:
 1379 000d 705F6D73 		.ascii	"p_msg\000"
 1379      6700
 1380              	.LASF93:
 1381 0013 2F686F6D 		.ascii	"/home/marco/SoftwareProjects/st-usb/f9xx/firmware/e"
 1381      652F6D61 
 1381      72636F2F 
 1381      536F6674 
 1381      77617265 
 1382 0046 78742F43 		.ascii	"xt/ChibiOS-RT/os/kernel/src/chregistry.c\000"
 1382      68696269 
 1382      4F532D52 
 1382      542F6F73 
 1382      2F6B6572 
 1383              	.LASF64:
 1384 006f 7264796D 		.ascii	"rdymsg\000"
 1384      736700
 1385              	.LASF3:
 1386 0076 5F5F7569 		.ascii	"__uint8_t\000"
 1386      6E74385F 
 1386      7400
 1387              	.LASF13:
 1388 0080 6C6F6E67 		.ascii	"long long unsigned int\000"
 1388      206C6F6E 
 1388      6720756E 
 1388      7369676E 
 1388      65642069 
 1389              	.LASF75:
 1390 0097 63685F74 		.ascii	"ch_threadsize\000"
 1390      68726561 
 1390      6473697A 
 1390      6500
 1391              	.LASF65:
 1392 00a5 65786974 		.ascii	"exitcode\000"
 1392      636F6465 
 1392      00
 1393              	.LASF88:
 1394 00ae 63685265 		.ascii	"chRegFirstThread\000"
 1394      67466972 
 1394      73745468 
 1394      72656164 
ARM GAS  /tmp/ccLzh67Y.s 			page 26


 1394      00
 1395              	.LASF30:
 1396 00bf 705F7072 		.ascii	"p_prio\000"
 1396      696F00
 1397              	.LASF82:
 1398 00c6 63665F6F 		.ascii	"cf_off_state\000"
 1398      66665F73 
 1398      74617465 
 1398      00
 1399              	.LASF12:
 1400 00d3 6C6F6E67 		.ascii	"long long int\000"
 1400      206C6F6E 
 1400      6720696E 
 1400      7400
 1401              	.LASF1:
 1402 00e1 7369676E 		.ascii	"signed char\000"
 1402      65642063 
 1402      68617200 
 1403              	.LASF81:
 1404 00ed 63665F6F 		.ascii	"cf_off_stklimit\000"
 1404      66665F73 
 1404      746B6C69 
 1404      6D697400 
 1405              	.LASF83:
 1406 00fd 63665F6F 		.ascii	"cf_off_flags\000"
 1406      66665F66 
 1406      6C616773 
 1406      00
 1407              	.LASF46:
 1408 010a 705F6D70 		.ascii	"p_mpool\000"
 1408      6F6F6C00 
 1409              	.LASF61:
 1410 0112 6D5F7175 		.ascii	"m_queue\000"
 1410      65756500 
 1411              	.LASF22:
 1412 011a 74736C69 		.ascii	"tslices_t\000"
 1412      6365735F 
 1412      7400
 1413              	.LASF9:
 1414 0124 6C6F6E67 		.ascii	"long int\000"
 1414      20696E74 
 1414      00
 1415              	.LASF20:
 1416 012d 74737461 		.ascii	"tstate_t\000"
 1416      74655F74 
 1416      00
 1417              	.LASF15:
 1418 0136 75696E74 		.ascii	"uint16_t\000"
 1418      31365F74 
 1418      00
 1419              	.LASF87:
 1420 013f 63686465 		.ascii	"chdebug_t\000"
 1420      6275675F 
 1420      7400
 1421              	.LASF32:
 1422 0149 705F6E65 		.ascii	"p_newer\000"
 1422      77657200 
ARM GAS  /tmp/ccLzh67Y.s 			page 27


 1423              	.LASF10:
 1424 0151 5F5F7569 		.ascii	"__uint32_t\000"
 1424      6E743332 
 1424      5F7400
 1425              	.LASF49:
 1426 015c 72656761 		.ascii	"regarm_t\000"
 1426      726D5F74 
 1426      00
 1427              	.LASF2:
 1428 0165 73697A65 		.ascii	"size_t\000"
 1428      5F7400
 1429              	.LASF0:
 1430 016c 756E7369 		.ascii	"unsigned int\000"
 1430      676E6564 
 1430      20696E74 
 1430      00
 1431              	.LASF11:
 1432 0179 6C6F6E67 		.ascii	"long unsigned int\000"
 1432      20756E73 
 1432      69676E65 
 1432      6420696E 
 1432      7400
 1433              	.LASF91:
 1434 018b 63685F64 		.ascii	"ch_debug\000"
 1434      65627567 
 1434      00
 1435              	.LASF69:
 1436 0194 63685F69 		.ascii	"ch_identifier\000"
 1436      64656E74 
 1436      69666965 
 1436      7200
 1437              	.LASF51:
 1438 01a2 636F6E74 		.ascii	"context\000"
 1438      65787400 
 1439              	.LASF7:
 1440 01aa 73686F72 		.ascii	"short unsigned int\000"
 1440      7420756E 
 1440      7369676E 
 1440      65642069 
 1440      6E7400
 1441              	.LASF24:
 1442 01bd 6D73675F 		.ascii	"msg_t\000"
 1442      7400
 1443              	.LASF56:
 1444 01c3 725F6E65 		.ascii	"r_newer\000"
 1444      77657200 
 1445              	.LASF19:
 1446 01cb 746D6F64 		.ascii	"tmode_t\000"
 1446      655F7400 
 1447              	.LASF48:
 1448 01d3 54687265 		.ascii	"ThreadsList\000"
 1448      6164734C 
 1448      69737400 
 1449              	.LASF25:
 1450 01df 6576656E 		.ascii	"eventmask_t\000"
 1450      746D6173 
 1450      6B5F7400 
ARM GAS  /tmp/ccLzh67Y.s 			page 28


 1451              	.LASF60:
 1452 01eb 4D757465 		.ascii	"Mutex\000"
 1452      7800
 1453              	.LASF70:
 1454 01f1 63685F7A 		.ascii	"ch_zero\000"
 1454      65726F00 
 1455              	.LASF84:
 1456 01f9 63665F6F 		.ascii	"cf_off_refs\000"
 1456      66665F72 
 1456      65667300 
 1457              	.LASF52:
 1458 0205 73697A65 		.ascii	"sizetype\000"
 1458      74797065 
 1458      00
 1459              	.LASF74:
 1460 020e 63685F74 		.ascii	"ch_timesize\000"
 1460      696D6573 
 1460      697A6500 
 1461              	.LASF80:
 1462 021a 63665F6F 		.ascii	"cf_off_name\000"
 1462      66665F6E 
 1462      616D6500 
 1463              	.LASF33:
 1464 0226 705F6F6C 		.ascii	"p_older\000"
 1464      64657200 
 1465              	.LASF55:
 1466 022e 725F6374 		.ascii	"r_ctx\000"
 1466      7800
 1467              	.LASF47:
 1468 0234 54687265 		.ascii	"ThreadsQueue\000"
 1468      61647351 
 1468      75657565 
 1468      00
 1469              	.LASF71:
 1470 0241 63685F73 		.ascii	"ch_size\000"
 1470      697A6500 
 1471              	.LASF58:
 1472 0249 725F6375 		.ascii	"r_current\000"
 1472      7272656E 
 1472      7400
 1473              	.LASF57:
 1474 0253 725F6F6C 		.ascii	"r_older\000"
 1474      64657200 
 1475              	.LASF21:
 1476 025b 74726566 		.ascii	"trefs_t\000"
 1476      735F7400 
 1477              	.LASF73:
 1478 0263 63685F70 		.ascii	"ch_ptrsize\000"
 1478      74727369 
 1478      7A6500
 1479              	.LASF29:
 1480 026e 705F7072 		.ascii	"p_prev\000"
 1480      657600
 1481              	.LASF23:
 1482 0275 74707269 		.ascii	"tprio_t\000"
 1482      6F5F7400 
 1483              	.LASF18:
ARM GAS  /tmp/ccLzh67Y.s 			page 29


 1484 027d 5F426F6F 		.ascii	"_Bool\000"
 1484      6C00
 1485              	.LASF16:
 1486 0283 696E7433 		.ascii	"int32_t\000"
 1486      325F7400 
 1487              	.LASF4:
 1488 028b 756E7369 		.ascii	"unsigned char\000"
 1488      676E6564 
 1488      20636861 
 1488      7200
 1489              	.LASF44:
 1490 0299 705F6D74 		.ascii	"p_mtxlist\000"
 1490      786C6973 
 1490      7400
 1491              	.LASF5:
 1492 02a3 73686F72 		.ascii	"short int\000"
 1492      7420696E 
 1492      7400
 1493              	.LASF35:
 1494 02ad 705F7374 		.ascii	"p_state\000"
 1494      61746500 
 1495              	.LASF38:
 1496 02b5 705F7072 		.ascii	"p_preempt\000"
 1496      65656D70 
 1496      7400
 1497              	.LASF86:
 1498 02bf 63665F6F 		.ascii	"cf_off_time\000"
 1498      66665F74 
 1498      696D6500 
 1499              	.LASF54:
 1500 02cb 725F7072 		.ascii	"r_prio\000"
 1500      696F00
 1501              	.LASF67:
 1502 02d2 65776D61 		.ascii	"ewmask\000"
 1502      736B00
 1503              	.LASF28:
 1504 02d9 705F6E65 		.ascii	"p_next\000"
 1504      787400
 1505              	.LASF85:
 1506 02e0 63665F6F 		.ascii	"cf_off_preempt\000"
 1506      66665F70 
 1506      7265656D 
 1506      707400
 1507              	.LASF36:
 1508 02ef 705F666C 		.ascii	"p_flags\000"
 1508      61677300 
 1509              	.LASF94:
 1510 02f7 63685468 		.ascii	"chThdRelease\000"
 1510      6452656C 
 1510      65617365 
 1510      00
 1511              	.LASF27:
 1512 0304 54687265 		.ascii	"Thread\000"
 1512      616400
 1513              	.LASF78:
 1514 030b 63665F6F 		.ascii	"cf_off_newer\000"
 1514      66665F6E 
ARM GAS  /tmp/ccLzh67Y.s 			page 30


 1514      65776572 
 1514      00
 1515              	.LASF43:
 1516 0318 705F6570 		.ascii	"p_epending\000"
 1516      656E6469 
 1516      6E6700
 1517              	.LASF17:
 1518 0323 75696E74 		.ascii	"uint32_t\000"
 1518      33325F74 
 1518      00
 1519              	.LASF76:
 1520 032c 63665F6F 		.ascii	"cf_off_prio\000"
 1520      66665F70 
 1520      72696F00 
 1521              	.LASF53:
 1522 0338 725F7175 		.ascii	"r_queue\000"
 1522      65756500 
 1523              	.LASF68:
 1524 0340 63686172 		.ascii	"char\000"
 1524      00
 1525              	.LASF89:
 1526 0345 63685265 		.ascii	"chRegNextThread\000"
 1526      674E6578 
 1526      74546872 
 1526      65616400 
 1527              	.LASF6:
 1528 0355 5F5F7569 		.ascii	"__uint16_t\000"
 1528      6E743136 
 1528      5F7400
 1529              	.LASF92:
 1530 0360 474E5520 		.ascii	"GNU C 4.8.4 20140526 (release) [ARM/embedded-4_8-br"
 1530      4320342E 
 1530      382E3420 
 1530      32303134 
 1530      30353236 
 1531 0393 616E6368 		.ascii	"anch revision 211358] -mcpu=cortex-m4 -mno-thumb-in"
 1531      20726576 
 1531      6973696F 
 1531      6E203231 
 1531      31333538 
 1532 03c6 74657277 		.ascii	"terwork -mthumb -ggdb -O2 -fomit-frame-pointer -fal"
 1532      6F726B20 
 1532      2D6D7468 
 1532      756D6220 
 1532      2D676764 
 1533 03f9 69676E2D 		.ascii	"ign-functions=16 -ffunction-sections -fdata-section"
 1533      66756E63 
 1533      74696F6E 
 1533      733D3136 
 1533      202D6666 
 1534 042c 73202D66 		.ascii	"s -fno-common\000"
 1534      6E6F2D63 
 1534      6F6D6D6F 
 1534      6E00
 1535              	.LASF63:
 1536 043a 6D5F6E65 		.ascii	"m_next\000"
 1536      787400
ARM GAS  /tmp/ccLzh67Y.s 			page 31


 1537              	.LASF26:
 1538 0441 73797374 		.ascii	"systime_t\000"
 1538      696D655F 
 1538      7400
 1539              	.LASF45:
 1540 044b 705F7265 		.ascii	"p_realprio\000"
 1540      616C7072 
 1540      696F00
 1541              	.LASF8:
 1542 0456 5F5F696E 		.ascii	"__int32_t\000"
 1542      7433325F 
 1542      7400
 1543              	.LASF39:
 1544 0460 705F7469 		.ascii	"p_time\000"
 1544      6D6500
 1545              	.LASF50:
 1546 0467 696E7463 		.ascii	"intctx\000"
 1546      747800
 1547              	.LASF41:
 1548 046e 705F6D73 		.ascii	"p_msgqueue\000"
 1548      67717565 
 1548      756500
 1549              	.LASF77:
 1550 0479 63665F6F 		.ascii	"cf_off_ctx\000"
 1550      66665F63 
 1550      747800
 1551              	.LASF37:
 1552 0484 705F7265 		.ascii	"p_refs\000"
 1552      667300
 1553              	.LASF59:
 1554 048b 52656164 		.ascii	"ReadyList\000"
 1554      794C6973 
 1554      7400
 1555              	.LASF90:
 1556 0495 726C6973 		.ascii	"rlist\000"
 1556      7400
 1557              	.LASF14:
 1558 049b 75696E74 		.ascii	"uint8_t\000"
 1558      385F7400 
 1559              	.LASF66:
 1560 04a3 77746F62 		.ascii	"wtobjp\000"
 1560      6A7000
 1561              	.LASF34:
 1562 04aa 705F6E61 		.ascii	"p_name\000"
 1562      6D6500
 1563              	.LASF72:
 1564 04b1 63685F76 		.ascii	"ch_version\000"
 1564      65727369 
 1564      6F6E00
 1565              	.LASF62:
 1566 04bc 6D5F6F77 		.ascii	"m_owner\000"
 1566      6E657200 
 1567              	.LASF31:
 1568 04c4 705F6374 		.ascii	"p_ctx\000"
 1568      7800
 1569              	.LASF40:
 1570 04ca 705F7761 		.ascii	"p_waiting\000"
ARM GAS  /tmp/ccLzh67Y.s 			page 32


 1570      6974696E 
 1570      6700
 1571              		.ident	"GCC: (GNU Tools for ARM Embedded Processors) 4.8.4 20140526 (release) [ARM/embedded-4_8-br
ARM GAS  /tmp/ccLzh67Y.s 			page 33


DEFINED SYMBOLS
                            *ABS*:00000000 chregistry.c
     /tmp/ccLzh67Y.s:19     .text.chRegFirstThread:00000000 $t
     /tmp/ccLzh67Y.s:25     .text.chRegFirstThread:00000000 chRegFirstThread
     /tmp/ccLzh67Y.s:62     .text.chRegFirstThread:00000018 $d
     /tmp/ccLzh67Y.s:67     .text.chRegNextThread:00000000 $t
     /tmp/ccLzh67Y.s:73     .text.chRegNextThread:00000000 chRegNextThread
     /tmp/ccLzh67Y.s:125    .text.chRegNextThread:00000028 $d
     /tmp/ccLzh67Y.s:134    .rodata.ch_debug:00000000 ch_debug
     /tmp/ccLzh67Y.s:131    .rodata.ch_debug:00000000 $d
                     .debug_frame:00000010 $d
     /tmp/ccLzh67Y.s:66     .text.chRegFirstThread:0000001c $t
     /tmp/ccLzh67Y.s:130    .text.chRegNextThread:0000002c $t

UNDEFINED SYMBOLS
rlist
chThdRelease
