ARM GAS  /tmp/ccpAtJ1v.s 			page 1


   1              		.syntax unified
   2              		.cpu cortex-m4
   3              		.fpu softvfp
   4              		.eabi_attribute 20, 1
   5              		.eabi_attribute 21, 1
   6              		.eabi_attribute 23, 3
   7              		.eabi_attribute 24, 1
   8              		.eabi_attribute 25, 1
   9              		.eabi_attribute 26, 1
  10              		.eabi_attribute 30, 2
  11              		.eabi_attribute 34, 1
  12              		.eabi_attribute 18, 4
  13              		.thumb
  14              		.file	"crt0.c"
  15              		.text
  16              	.Ltext0:
  17              		.cfi_sections	.debug_frame
  18              		.section	.text.__early_init,"ax",%progbits
  19              		.align	2
  20              		.p2align 4,,15
  21              		.weak	__early_init
  22              		.thumb
  23              		.thumb_func
  24              		.type	__early_init, %function
  25              	__early_init:
  26              	.LFB0:
  27              		.file 1 "/home/marco/SoftwareProjects/st-usb/f9xx/firmware/ext/ChibiOS-RT/os/ports/GCC/ARMCMx/crt0
  28              		.loc 1 234 0
  29              		.cfi_startproc
  30              		@ args = 0, pretend = 0, frame = 0
  31              		@ frame_needed = 0, uses_anonymous_args = 0
  32              		@ link register save eliminated.
  33 0000 7047     		bx	lr
  34              		.cfi_endproc
  35              	.LFE0:
  36              		.size	__early_init, .-__early_init
  37 0002 00BFAFF3 		.section	.text.__late_init,"ax",%progbits
  37      0080AFF3 
  37      0080AFF3 
  37      0080
  38              		.align	2
  39              		.p2align 4,,15
  40              		.weak	__late_init
  41              		.thumb
  42              		.thumb_func
  43              		.type	__late_init, %function
  44              	__late_init:
  45              	.LFB1:
  46              		.loc 1 246 0
  47              		.cfi_startproc
  48              		@ args = 0, pretend = 0, frame = 0
  49              		@ frame_needed = 0, uses_anonymous_args = 0
  50              		@ link register save eliminated.
  51 0000 7047     		bx	lr
  52              		.cfi_endproc
  53              	.LFE1:
  54              		.size	__late_init, .-__late_init
ARM GAS  /tmp/ccpAtJ1v.s 			page 2


  55 0002 00BFAFF3 		.section	.text._default_exit,"ax",%progbits
  55      0080AFF3 
  55      0080AFF3 
  55      0080
  56              		.align	2
  57              		.p2align 4,,15
  58              		.weak	_default_exit
  59              		.thumb
  60              		.thumb_func
  61              		.type	_default_exit, %function
  62              	_default_exit:
  63              	.LFB2:
  64              		.loc 1 257 0
  65              		.cfi_startproc
  66              		@ Naked Function: prologue and epilogue provided by programmer.
  67              		@ args = 0, pretend = 0, frame = 0
  68              		@ frame_needed = 0, uses_anonymous_args = 0
  69              	.L4:
  70 0000 FEE7     		b	.L4
  71              		.cfi_endproc
  72              	.LFE2:
  73              		.size	_default_exit, .-_default_exit
  74 0002 00BFAFF3 		.section	.text.ResetHandler,"ax",%progbits
  74      0080AFF3 
  74      0080AFF3 
  74      0080
  75              		.align	2
  76              		.p2align 4,,15
  77              		.global	ResetHandler
  78              		.thumb
  79              		.thumb_func
  80              		.type	ResetHandler, %function
  81              	ResetHandler:
  82              	.LFB3:
  83              		.loc 1 268 0
  84              		.cfi_startproc
  85              		@ Naked Function: prologue and epilogue provided by programmer.
  86              		@ args = 0, pretend = 0, frame = 0
  87              		@ frame_needed = 0, uses_anonymous_args = 0
  88              		.loc 1 274 0
  89              	@ 274 "/home/marco/SoftwareProjects/st-usb/f9xx/firmware/ext/ChibiOS-RT/os/ports/GCC/ARMCMx/crt0.c"
  90 0000 72B6     		cpsid   i
  91              	@ 0 "" 2
  92              		.loc 1 275 0
  93              		.thumb
  94 0002 3048     		ldr	r0, .L27
  95              	.LVL0:
  96              		.loc 1 276 0
  97              	@ 276 "/home/marco/SoftwareProjects/st-usb/f9xx/firmware/ext/ChibiOS-RT/os/ports/GCC/ARMCMx/crt0.c"
  98 0004 80F30988 		msr     PSP, r0
  99              	@ 0 "" 2
 100              	.LVL1:
 101              		.loc 1 296 0
 102              		.thumb
 103 0008 0223     		movs	r3, #2
 104              	@ 296 "/home/marco/SoftwareProjects/st-usb/f9xx/firmware/ext/ChibiOS-RT/os/ports/GCC/ARMCMx/crt0.c"
 105 000a 83F31488 		msr     CONTROL, r3
ARM GAS  /tmp/ccpAtJ1v.s 			page 3


 106              	@ 0 "" 2
 107              		.loc 1 297 0
 108              	@ 297 "/home/marco/SoftwareProjects/st-usb/f9xx/firmware/ext/ChibiOS-RT/os/ports/GCC/ARMCMx/crt0.c"
 109 000e BFF36F8F 		isb
 110              	@ 0 "" 2
 111              	.LVL2:
 112              		.thumb
 113              	.LBB2:
 114              		.loc 1 301 0
 115 0012 2D4B     		ldr	r3, .L27+4
 116 0014 2D4A     		ldr	r2, .L27+8
 117 0016 9342     		cmp	r3, r2
 118 0018 0BD2     		bcs	.L9
 119 001a D943     		mvns	r1, r3
 120 001c 1144     		add	r1, r1, r2
 121 001e 21F00301 		bic	r1, r1, #3
 122 0022 1944     		add	r1, r1, r3
 123 0024 4FF05532 		mov	r2, #1431655765
 124 0028 043B     		subs	r3, r3, #4
 125              	.LVL3:
 126              	.L10:
 127              		.loc 1 301 0 is_stmt 0 discriminator 2
 128 002a 43F8042F 		str	r2, [r3, #4]!
 129              	.LVL4:
 130 002e 8B42     		cmp	r3, r1
 131 0030 FBD1     		bne	.L10
 132              	.LVL5:
 133              	.L9:
 134              	.LBE2:
 135              	.LBB3:
 136              		.loc 1 304 0 is_stmt 1
 137 0032 274B     		ldr	r3, .L27+12
 138 0034 8342     		cmp	r3, r0
 139 0036 0CD2     		bcs	.L8
 140 0038 2649     		ldr	r1, .L27+16
 141 003a 1A1D     		adds	r2, r3, #4
 142 003c 891A     		subs	r1, r1, r2
 143 003e 21F00301 		bic	r1, r1, #3
 144 0042 1944     		add	r1, r1, r3
 145 0044 4FF05532 		mov	r2, #1431655765
 146 0048 043B     		subs	r3, r3, #4
 147              	.LVL6:
 148              	.L13:
 149              		.loc 1 304 0 is_stmt 0 discriminator 2
 150 004a 43F8042F 		str	r2, [r3, #4]!
 151              	.LVL7:
 152 004e 8B42     		cmp	r3, r1
 153 0050 FBD1     		bne	.L13
 154              	.LVL8:
 155              	.L8:
 156              	.LBE3:
 157              		.loc 1 310 0 is_stmt 1
 158 0052 FFF7FEFF 		bl	__early_init
 159              	.LVL9:
 160              	.LBB4:
 161              		.loc 1 319 0
 162 0056 2049     		ldr	r1, .L27+20
ARM GAS  /tmp/ccpAtJ1v.s 			page 4


 163 0058 204B     		ldr	r3, .L27+24
 164 005a 9942     		cmp	r1, r3
 165 005c 0BD2     		bcs	.L12
 166 005e C843     		mvns	r0, r1
 167 0060 1844     		add	r0, r0, r3
 168 0062 20F00300 		bic	r0, r0, #3
 169 0066 1E4C     		ldr	r4, .L27+28
 170 0068 0430     		adds	r0, r0, #4
 171 006a 0023     		movs	r3, #0
 172              	.LVL10:
 173              	.L16:
 174              		.loc 1 320 0
 175 006c E258     		ldr	r2, [r4, r3]
 176 006e CA50     		str	r2, [r1, r3]
 177 0070 0433     		adds	r3, r3, #4
 178              	.LVL11:
 179              		.loc 1 319 0
 180 0072 8342     		cmp	r3, r0
 181 0074 FAD1     		bne	.L16
 182              	.LVL12:
 183              	.L12:
 184              	.LBE4:
 185              	.LBB5:
 186              		.loc 1 326 0
 187 0076 1B4B     		ldr	r3, .L27+32
 188 0078 1B4A     		ldr	r2, .L27+36
 189 007a 9342     		cmp	r3, r2
 190 007c 0AD2     		bcs	.L15
 191 007e D943     		mvns	r1, r3
 192 0080 1144     		add	r1, r1, r2
 193 0082 21F00301 		bic	r1, r1, #3
 194 0086 1944     		add	r1, r1, r3
 195 0088 0022     		movs	r2, #0
 196 008a 043B     		subs	r3, r3, #4
 197              	.LVL13:
 198              	.L19:
 199              		.loc 1 326 0 is_stmt 0 discriminator 2
 200 008c 43F8042F 		str	r2, [r3, #4]!
 201              	.LVL14:
 202 0090 8B42     		cmp	r3, r1
 203 0092 FBD1     		bne	.L19
 204              	.LVL15:
 205              	.L15:
 206              	.LBE5:
 207              	.LBB6:
 208              		.loc 1 336 0 is_stmt 1
 209 0094 154D     		ldr	r5, .L27+40
 210 0096 164C     		ldr	r4, .L27+44
 211              	.LBE6:
 212              		.loc 1 330 0
 213 0098 FFF7FEFF 		bl	__late_init
 214              	.LVL16:
 215              	.LBB7:
 216              		.loc 1 336 0
 217 009c AC42     		cmp	r4, r5
 218 009e 04D2     		bcs	.L18
 219              	.LVL17:
ARM GAS  /tmp/ccpAtJ1v.s 			page 5


 220              	.L22:
 221              		.loc 1 337 0
 222 00a0 54F8043B 		ldr	r3, [r4], #4
 223              	.LVL18:
 224 00a4 9847     		blx	r3
 225              	.LVL19:
 226              		.loc 1 336 0
 227 00a6 AC42     		cmp	r4, r5
 228 00a8 FAD3     		bcc	.L22
 229              	.LVL20:
 230              	.L18:
 231              	.LBE7:
 232              	.LBB8:
 233              		.loc 1 350 0
 234 00aa 124D     		ldr	r5, .L27+48
 235 00ac 124C     		ldr	r4, .L27+52
 236              	.LBE8:
 237              		.loc 1 344 0
 238 00ae FFF7FEFF 		bl	main
 239              	.LVL21:
 240              	.LBB9:
 241              		.loc 1 350 0
 242 00b2 AC42     		cmp	r4, r5
 243 00b4 04D2     		bcs	.L21
 244              	.LVL22:
 245              	.L23:
 246              		.loc 1 351 0
 247 00b6 54F8043B 		ldr	r3, [r4], #4
 248              	.LVL23:
 249 00ba 9847     		blx	r3
 250              	.LVL24:
 251              		.loc 1 350 0
 252 00bc AC42     		cmp	r4, r5
 253 00be FAD3     		bcc	.L23
 254              	.LVL25:
 255              	.L21:
 256              	.LBE9:
 257              		.loc 1 358 0
 258 00c0 FFF7FEFF 		bl	_default_exit
 259              	.LVL26:
 260              		.loc 1 359 0
 261              	.L28:
 262              		.align	2
 263              	.L27:
 264 00c4 00000000 		.word	__process_stack_end__
 265 00c8 00000000 		.word	__main_stack_base__
 266 00cc 00000000 		.word	__main_stack_end__
 267 00d0 00000000 		.word	__process_stack_base__
 268 00d4 03000000 		.word	__process_stack_end__+3
 269 00d8 00000000 		.word	_data
 270 00dc 00000000 		.word	_edata
 271 00e0 00000000 		.word	_textdata
 272 00e4 00000000 		.word	_bss_start
 273 00e8 00000000 		.word	_bss_end
 274 00ec 00000000 		.word	__init_array_end
 275 00f0 00000000 		.word	__init_array_start
 276 00f4 00000000 		.word	__fini_array_end
ARM GAS  /tmp/ccpAtJ1v.s 			page 6


 277 00f8 00000000 		.word	__fini_array_start
 278              		.cfi_endproc
 279              	.LFE3:
 280              		.size	ResetHandler, .-ResetHandler
 281 00fc AFF30080 		.text
 282              	.Letext0:
 283              		.file 2 "/home/marco/SoftwareProjects/st-usb/tools/gcc-arm-none-eabi-4_8-2014q2/arm-none-eabi/incl
 284              		.file 3 "/home/marco/SoftwareProjects/st-usb/tools/gcc-arm-none-eabi-4_8-2014q2/arm-none-eabi/incl
 285              		.section	.debug_info,"",%progbits
 286              	.Ldebug_info0:
 287 0000 AF020000 		.4byte	0x2af
 288 0004 0400     		.2byte	0x4
 289 0006 00000000 		.4byte	.Ldebug_abbrev0
 290 000a 04       		.byte	0x4
 291 000b 01       		.uleb128 0x1
 292 000c 7C010000 		.4byte	.LASF31
 293 0010 01       		.byte	0x1
 294 0011 E5000000 		.4byte	.LASF32
 295 0015 30000000 		.4byte	.Ldebug_ranges0+0x30
 296 0019 00000000 		.4byte	0
 297 001d 00000000 		.4byte	.Ldebug_line0
 298 0021 02       		.uleb128 0x2
 299 0022 01       		.byte	0x1
 300 0023 06       		.byte	0x6
 301 0024 A9020000 		.4byte	.LASF0
 302 0028 03       		.uleb128 0x3
 303 0029 0B000000 		.4byte	.LASF5
 304 002d 02       		.byte	0x2
 305 002e 1C       		.byte	0x1c
 306 002f 33000000 		.4byte	0x33
 307 0033 02       		.uleb128 0x2
 308 0034 01       		.byte	0x1
 309 0035 08       		.byte	0x8
 310 0036 54000000 		.4byte	.LASF1
 311 003a 02       		.uleb128 0x2
 312 003b 02       		.byte	0x2
 313 003c 05       		.byte	0x5
 314 003d 7F020000 		.4byte	.LASF2
 315 0041 02       		.uleb128 0x2
 316 0042 02       		.byte	0x2
 317 0043 07       		.byte	0x7
 318 0044 8D000000 		.4byte	.LASF3
 319 0048 02       		.uleb128 0x2
 320 0049 04       		.byte	0x4
 321 004a 05       		.byte	0x5
 322 004b 9A020000 		.4byte	.LASF4
 323 004f 03       		.uleb128 0x3
 324 0050 DA000000 		.4byte	.LASF6
 325 0054 02       		.byte	0x2
 326 0055 38       		.byte	0x38
 327 0056 5A000000 		.4byte	0x5a
 328 005a 02       		.uleb128 0x2
 329 005b 04       		.byte	0x4
 330 005c 07       		.byte	0x7
 331 005d 6E000000 		.4byte	.LASF7
 332 0061 02       		.uleb128 0x2
 333 0062 08       		.byte	0x8
ARM GAS  /tmp/ccpAtJ1v.s 			page 7


 334 0063 05       		.byte	0x5
 335 0064 56020000 		.4byte	.LASF8
 336 0068 02       		.uleb128 0x2
 337 0069 08       		.byte	0x8
 338 006a 07       		.byte	0x7
 339 006b 53010000 		.4byte	.LASF9
 340 006f 04       		.uleb128 0x4
 341 0070 04       		.byte	0x4
 342 0071 05       		.byte	0x5
 343 0072 696E7400 		.ascii	"int\000"
 344 0076 02       		.uleb128 0x2
 345 0077 04       		.byte	0x4
 346 0078 07       		.byte	0x7
 347 0079 46010000 		.4byte	.LASF10
 348 007d 03       		.uleb128 0x3
 349 007e 6A010000 		.4byte	.LASF11
 350 0082 03       		.byte	0x3
 351 0083 2A       		.byte	0x2a
 352 0084 28000000 		.4byte	0x28
 353 0088 03       		.uleb128 0x3
 354 0089 91020000 		.4byte	.LASF12
 355 008d 03       		.byte	0x3
 356 008e 42       		.byte	0x42
 357 008f 4F000000 		.4byte	0x4f
 358 0093 03       		.uleb128 0x3
 359 0094 89020000 		.4byte	.LASF13
 360 0098 01       		.byte	0x1
 361 0099 34       		.byte	0x34
 362 009a 9E000000 		.4byte	0x9e
 363 009e 05       		.uleb128 0x5
 364 009f 04       		.byte	0x4
 365 00a0 A4000000 		.4byte	0xa4
 366 00a4 06       		.uleb128 0x6
 367 00a5 03       		.uleb128 0x3
 368 00a6 3D000000 		.4byte	.LASF14
 369 00aa 01       		.byte	0x1
 370 00ab 35       		.byte	0x35
 371 00ac B0000000 		.4byte	0xb0
 372 00b0 05       		.uleb128 0x5
 373 00b1 04       		.byte	0x4
 374 00b2 93000000 		.4byte	0x93
 375 00b6 07       		.uleb128 0x7
 376 00b7 B3000000 		.4byte	.LASF15
 377 00bb 01       		.byte	0x1
 378 00bc EA       		.byte	0xea
 379 00bd 00000000 		.4byte	.LFB0
 380 00c1 02000000 		.4byte	.LFE0-.LFB0
 381 00c5 01       		.uleb128 0x1
 382 00c6 9C       		.byte	0x9c
 383 00c7 07       		.uleb128 0x7
 384 00c8 62000000 		.4byte	.LASF16
 385 00cc 01       		.byte	0x1
 386 00cd F6       		.byte	0xf6
 387 00ce 00000000 		.4byte	.LFB1
 388 00d2 02000000 		.4byte	.LFE1-.LFB1
 389 00d6 01       		.uleb128 0x1
 390 00d7 9C       		.byte	0x9c
ARM GAS  /tmp/ccpAtJ1v.s 			page 8


 391 00d8 08       		.uleb128 0x8
 392 00d9 46000000 		.4byte	.LASF17
 393 00dd 01       		.byte	0x1
 394 00de 0101     		.2byte	0x101
 395 00e0 00000000 		.4byte	.LFB2
 396 00e4 02000000 		.4byte	.LFE2-.LFB2
 397 00e8 01       		.uleb128 0x1
 398 00e9 9C       		.byte	0x9c
 399 00ea 09       		.uleb128 0x9
 400 00eb 80000000 		.4byte	.LASF33
 401 00ef 01       		.byte	0x1
 402 00f0 0C01     		.2byte	0x10c
 403 00f2 00000000 		.4byte	.LFB3
 404 00f6 FC000000 		.4byte	.LFE3-.LFB3
 405 00fa 01       		.uleb128 0x1
 406 00fb 9C       		.byte	0x9c
 407 00fc 16020000 		.4byte	0x216
 408 0100 0A       		.uleb128 0xa
 409 0101 70737000 		.ascii	"psp\000"
 410 0105 01       		.byte	0x1
 411 0106 0D01     		.2byte	0x10d
 412 0108 88000000 		.4byte	0x88
 413 010c 0B       		.uleb128 0xb
 414 010d 72656700 		.ascii	"reg\000"
 415 0111 01       		.byte	0x1
 416 0112 0D01     		.2byte	0x10d
 417 0114 88000000 		.4byte	0x88
 418 0118 02       		.byte	0x2
 419 0119 0C       		.uleb128 0xc
 420 011a 12000000 		.4byte	.LBB2
 421 011e 20000000 		.4byte	.LBE2-.LBB2
 422 0122 41010000 		.4byte	0x141
 423 0126 0D       		.uleb128 0xd
 424 0127 703100   		.ascii	"p1\000"
 425 012a 01       		.byte	0x1
 426 012b 2D01     		.2byte	0x12d
 427 012d 16020000 		.4byte	0x216
 428 0131 00000000 		.4byte	.LLST0
 429 0135 0A       		.uleb128 0xa
 430 0136 703200   		.ascii	"p2\000"
 431 0139 01       		.byte	0x1
 432 013a 2D01     		.2byte	0x12d
 433 013c 16020000 		.4byte	0x216
 434 0140 00       		.byte	0
 435 0141 0C       		.uleb128 0xc
 436 0142 32000000 		.4byte	.LBB3
 437 0146 20000000 		.4byte	.LBE3-.LBB3
 438 014a 69010000 		.4byte	0x169
 439 014e 0D       		.uleb128 0xd
 440 014f 703100   		.ascii	"p1\000"
 441 0152 01       		.byte	0x1
 442 0153 3001     		.2byte	0x130
 443 0155 16020000 		.4byte	0x216
 444 0159 22000000 		.4byte	.LLST1
 445 015d 0A       		.uleb128 0xa
 446 015e 703200   		.ascii	"p2\000"
 447 0161 01       		.byte	0x1
ARM GAS  /tmp/ccpAtJ1v.s 			page 9


 448 0162 3001     		.2byte	0x130
 449 0164 16020000 		.4byte	0x216
 450 0168 00       		.byte	0
 451 0169 0C       		.uleb128 0xc
 452 016a 56000000 		.4byte	.LBB4
 453 016e 20000000 		.4byte	.LBE4-.LBB4
 454 0172 95010000 		.4byte	0x195
 455 0176 0D       		.uleb128 0xd
 456 0177 747000   		.ascii	"tp\000"
 457 017a 01       		.byte	0x1
 458 017b 3B01     		.2byte	0x13b
 459 017d 16020000 		.4byte	0x216
 460 0181 44000000 		.4byte	.LLST2
 461 0185 0D       		.uleb128 0xd
 462 0186 647000   		.ascii	"dp\000"
 463 0189 01       		.byte	0x1
 464 018a 3B01     		.2byte	0x13b
 465 018c 16020000 		.4byte	0x216
 466 0190 44000000 		.4byte	.LLST2
 467 0194 00       		.byte	0
 468 0195 0C       		.uleb128 0xc
 469 0196 76000000 		.4byte	.LBB5
 470 019a 1E000000 		.4byte	.LBE5-.LBB5
 471 019e BD010000 		.4byte	0x1bd
 472 01a2 0D       		.uleb128 0xd
 473 01a3 703100   		.ascii	"p1\000"
 474 01a6 01       		.byte	0x1
 475 01a7 4601     		.2byte	0x146
 476 01a9 16020000 		.4byte	0x216
 477 01ad 66000000 		.4byte	.LLST4
 478 01b1 0A       		.uleb128 0xa
 479 01b2 703200   		.ascii	"p2\000"
 480 01b5 01       		.byte	0x1
 481 01b6 4601     		.2byte	0x146
 482 01b8 16020000 		.4byte	0x216
 483 01bc 00       		.byte	0
 484 01bd 0E       		.uleb128 0xe
 485 01be 00000000 		.4byte	.Ldebug_ranges0+0
 486 01c2 D7010000 		.4byte	0x1d7
 487 01c6 0D       		.uleb128 0xd
 488 01c7 66707000 		.ascii	"fpp\000"
 489 01cb 01       		.byte	0x1
 490 01cc 4F01     		.2byte	0x14f
 491 01ce A5000000 		.4byte	0xa5
 492 01d2 88000000 		.4byte	.LLST5
 493 01d6 00       		.byte	0
 494 01d7 0E       		.uleb128 0xe
 495 01d8 18000000 		.4byte	.Ldebug_ranges0+0x18
 496 01dc F1010000 		.4byte	0x1f1
 497 01e0 0D       		.uleb128 0xd
 498 01e1 66707000 		.ascii	"fpp\000"
 499 01e5 01       		.byte	0x1
 500 01e6 5D01     		.2byte	0x15d
 501 01e8 A5000000 		.4byte	0xa5
 502 01ec B3000000 		.4byte	.LLST6
 503 01f0 00       		.byte	0
 504 01f1 0F       		.uleb128 0xf
ARM GAS  /tmp/ccpAtJ1v.s 			page 10


 505 01f2 56000000 		.4byte	.LVL9
 506 01f6 B6000000 		.4byte	0xb6
 507 01fa 0F       		.uleb128 0xf
 508 01fb 9C000000 		.4byte	.LVL16
 509 01ff C7000000 		.4byte	0xc7
 510 0203 0F       		.uleb128 0xf
 511 0204 B2000000 		.4byte	.LVL21
 512 0208 AB020000 		.4byte	0x2ab
 513 020c 0F       		.uleb128 0xf
 514 020d C4000000 		.4byte	.LVL26
 515 0211 D8000000 		.4byte	0xd8
 516 0215 00       		.byte	0
 517 0216 05       		.uleb128 0x5
 518 0217 04       		.byte	0x4
 519 0218 88000000 		.4byte	0x88
 520 021c 10       		.uleb128 0x10
 521 021d 6B020000 		.4byte	.LASF18
 522 0221 01       		.byte	0x1
 523 0222 8B       		.byte	0x8b
 524 0223 88000000 		.4byte	0x88
 525 0227 10       		.uleb128 0x10
 526 0228 DE020000 		.4byte	.LASF19
 527 022c 01       		.byte	0x1
 528 022d 93       		.byte	0x93
 529 022e 88000000 		.4byte	0x88
 530 0232 10       		.uleb128 0x10
 531 0233 26000000 		.4byte	.LASF20
 532 0237 01       		.byte	0x1
 533 0238 9A       		.byte	0x9a
 534 0239 88000000 		.4byte	0x88
 535 023d 10       		.uleb128 0x10
 536 023e B5020000 		.4byte	.LASF21
 537 0242 01       		.byte	0x1
 538 0243 A1       		.byte	0xa1
 539 0244 88000000 		.4byte	0x88
 540 0248 10       		.uleb128 0x10
 541 0249 72010000 		.4byte	.LASF22
 542 024d 01       		.byte	0x1
 543 024e A7       		.byte	0xa7
 544 024f 88000000 		.4byte	0x88
 545 0253 10       		.uleb128 0x10
 546 0254 A3020000 		.4byte	.LASF23
 547 0258 01       		.byte	0x1
 548 0259 AD       		.byte	0xad
 549 025a 88000000 		.4byte	0x88
 550 025e 10       		.uleb128 0x10
 551 025f 64020000 		.4byte	.LASF24
 552 0263 01       		.byte	0x1
 553 0264 B3       		.byte	0xb3
 554 0265 88000000 		.4byte	0x88
 555 0269 10       		.uleb128 0x10
 556 026a 00000000 		.4byte	.LASF25
 557 026e 01       		.byte	0x1
 558 026f B9       		.byte	0xb9
 559 0270 88000000 		.4byte	0x88
 560 0274 10       		.uleb128 0x10
 561 0275 C0000000 		.4byte	.LASF26
ARM GAS  /tmp/ccpAtJ1v.s 			page 11


 562 0279 01       		.byte	0x1
 563 027a BF       		.byte	0xbf
 564 027b 88000000 		.4byte	0x88
 565 027f 10       		.uleb128 0x10
 566 0280 CB020000 		.4byte	.LASF27
 567 0284 01       		.byte	0x1
 568 0285 C5       		.byte	0xc5
 569 0286 93000000 		.4byte	0x93
 570 028a 10       		.uleb128 0x10
 571 028b C9000000 		.4byte	.LASF28
 572 028f 01       		.byte	0x1
 573 0290 CB       		.byte	0xcb
 574 0291 93000000 		.4byte	0x93
 575 0295 10       		.uleb128 0x10
 576 0296 A0000000 		.4byte	.LASF29
 577 029a 01       		.byte	0x1
 578 029b D1       		.byte	0xd1
 579 029c 93000000 		.4byte	0x93
 580 02a0 10       		.uleb128 0x10
 581 02a1 15000000 		.4byte	.LASF30
 582 02a5 01       		.byte	0x1
 583 02a6 D7       		.byte	0xd7
 584 02a7 93000000 		.4byte	0x93
 585 02ab 11       		.uleb128 0x11
 586 02ac 41010000 		.4byte	.LASF34
 587 02b0 01       		.byte	0x1
 588 02b1 DE       		.byte	0xde
 589 02b2 00       		.byte	0
 590              		.section	.debug_abbrev,"",%progbits
 591              	.Ldebug_abbrev0:
 592 0000 01       		.uleb128 0x1
 593 0001 11       		.uleb128 0x11
 594 0002 01       		.byte	0x1
 595 0003 25       		.uleb128 0x25
 596 0004 0E       		.uleb128 0xe
 597 0005 13       		.uleb128 0x13
 598 0006 0B       		.uleb128 0xb
 599 0007 03       		.uleb128 0x3
 600 0008 0E       		.uleb128 0xe
 601 0009 55       		.uleb128 0x55
 602 000a 17       		.uleb128 0x17
 603 000b 11       		.uleb128 0x11
 604 000c 01       		.uleb128 0x1
 605 000d 10       		.uleb128 0x10
 606 000e 17       		.uleb128 0x17
 607 000f 00       		.byte	0
 608 0010 00       		.byte	0
 609 0011 02       		.uleb128 0x2
 610 0012 24       		.uleb128 0x24
 611 0013 00       		.byte	0
 612 0014 0B       		.uleb128 0xb
 613 0015 0B       		.uleb128 0xb
 614 0016 3E       		.uleb128 0x3e
 615 0017 0B       		.uleb128 0xb
 616 0018 03       		.uleb128 0x3
 617 0019 0E       		.uleb128 0xe
 618 001a 00       		.byte	0
ARM GAS  /tmp/ccpAtJ1v.s 			page 12


 619 001b 00       		.byte	0
 620 001c 03       		.uleb128 0x3
 621 001d 16       		.uleb128 0x16
 622 001e 00       		.byte	0
 623 001f 03       		.uleb128 0x3
 624 0020 0E       		.uleb128 0xe
 625 0021 3A       		.uleb128 0x3a
 626 0022 0B       		.uleb128 0xb
 627 0023 3B       		.uleb128 0x3b
 628 0024 0B       		.uleb128 0xb
 629 0025 49       		.uleb128 0x49
 630 0026 13       		.uleb128 0x13
 631 0027 00       		.byte	0
 632 0028 00       		.byte	0
 633 0029 04       		.uleb128 0x4
 634 002a 24       		.uleb128 0x24
 635 002b 00       		.byte	0
 636 002c 0B       		.uleb128 0xb
 637 002d 0B       		.uleb128 0xb
 638 002e 3E       		.uleb128 0x3e
 639 002f 0B       		.uleb128 0xb
 640 0030 03       		.uleb128 0x3
 641 0031 08       		.uleb128 0x8
 642 0032 00       		.byte	0
 643 0033 00       		.byte	0
 644 0034 05       		.uleb128 0x5
 645 0035 0F       		.uleb128 0xf
 646 0036 00       		.byte	0
 647 0037 0B       		.uleb128 0xb
 648 0038 0B       		.uleb128 0xb
 649 0039 49       		.uleb128 0x49
 650 003a 13       		.uleb128 0x13
 651 003b 00       		.byte	0
 652 003c 00       		.byte	0
 653 003d 06       		.uleb128 0x6
 654 003e 15       		.uleb128 0x15
 655 003f 00       		.byte	0
 656 0040 27       		.uleb128 0x27
 657 0041 19       		.uleb128 0x19
 658 0042 00       		.byte	0
 659 0043 00       		.byte	0
 660 0044 07       		.uleb128 0x7
 661 0045 2E       		.uleb128 0x2e
 662 0046 00       		.byte	0
 663 0047 3F       		.uleb128 0x3f
 664 0048 19       		.uleb128 0x19
 665 0049 03       		.uleb128 0x3
 666 004a 0E       		.uleb128 0xe
 667 004b 3A       		.uleb128 0x3a
 668 004c 0B       		.uleb128 0xb
 669 004d 3B       		.uleb128 0x3b
 670 004e 0B       		.uleb128 0xb
 671 004f 27       		.uleb128 0x27
 672 0050 19       		.uleb128 0x19
 673 0051 11       		.uleb128 0x11
 674 0052 01       		.uleb128 0x1
 675 0053 12       		.uleb128 0x12
ARM GAS  /tmp/ccpAtJ1v.s 			page 13


 676 0054 06       		.uleb128 0x6
 677 0055 40       		.uleb128 0x40
 678 0056 18       		.uleb128 0x18
 679 0057 9742     		.uleb128 0x2117
 680 0059 19       		.uleb128 0x19
 681 005a 00       		.byte	0
 682 005b 00       		.byte	0
 683 005c 08       		.uleb128 0x8
 684 005d 2E       		.uleb128 0x2e
 685 005e 00       		.byte	0
 686 005f 3F       		.uleb128 0x3f
 687 0060 19       		.uleb128 0x19
 688 0061 03       		.uleb128 0x3
 689 0062 0E       		.uleb128 0xe
 690 0063 3A       		.uleb128 0x3a
 691 0064 0B       		.uleb128 0xb
 692 0065 3B       		.uleb128 0x3b
 693 0066 05       		.uleb128 0x5
 694 0067 27       		.uleb128 0x27
 695 0068 19       		.uleb128 0x19
 696 0069 11       		.uleb128 0x11
 697 006a 01       		.uleb128 0x1
 698 006b 12       		.uleb128 0x12
 699 006c 06       		.uleb128 0x6
 700 006d 40       		.uleb128 0x40
 701 006e 18       		.uleb128 0x18
 702 006f 9742     		.uleb128 0x2117
 703 0071 19       		.uleb128 0x19
 704 0072 00       		.byte	0
 705 0073 00       		.byte	0
 706 0074 09       		.uleb128 0x9
 707 0075 2E       		.uleb128 0x2e
 708 0076 01       		.byte	0x1
 709 0077 3F       		.uleb128 0x3f
 710 0078 19       		.uleb128 0x19
 711 0079 03       		.uleb128 0x3
 712 007a 0E       		.uleb128 0xe
 713 007b 3A       		.uleb128 0x3a
 714 007c 0B       		.uleb128 0xb
 715 007d 3B       		.uleb128 0x3b
 716 007e 05       		.uleb128 0x5
 717 007f 27       		.uleb128 0x27
 718 0080 19       		.uleb128 0x19
 719 0081 11       		.uleb128 0x11
 720 0082 01       		.uleb128 0x1
 721 0083 12       		.uleb128 0x12
 722 0084 06       		.uleb128 0x6
 723 0085 40       		.uleb128 0x40
 724 0086 18       		.uleb128 0x18
 725 0087 9642     		.uleb128 0x2116
 726 0089 19       		.uleb128 0x19
 727 008a 01       		.uleb128 0x1
 728 008b 13       		.uleb128 0x13
 729 008c 00       		.byte	0
 730 008d 00       		.byte	0
 731 008e 0A       		.uleb128 0xa
 732 008f 34       		.uleb128 0x34
ARM GAS  /tmp/ccpAtJ1v.s 			page 14


 733 0090 00       		.byte	0
 734 0091 03       		.uleb128 0x3
 735 0092 08       		.uleb128 0x8
 736 0093 3A       		.uleb128 0x3a
 737 0094 0B       		.uleb128 0xb
 738 0095 3B       		.uleb128 0x3b
 739 0096 05       		.uleb128 0x5
 740 0097 49       		.uleb128 0x49
 741 0098 13       		.uleb128 0x13
 742 0099 00       		.byte	0
 743 009a 00       		.byte	0
 744 009b 0B       		.uleb128 0xb
 745 009c 34       		.uleb128 0x34
 746 009d 00       		.byte	0
 747 009e 03       		.uleb128 0x3
 748 009f 08       		.uleb128 0x8
 749 00a0 3A       		.uleb128 0x3a
 750 00a1 0B       		.uleb128 0xb
 751 00a2 3B       		.uleb128 0x3b
 752 00a3 05       		.uleb128 0x5
 753 00a4 49       		.uleb128 0x49
 754 00a5 13       		.uleb128 0x13
 755 00a6 1C       		.uleb128 0x1c
 756 00a7 0B       		.uleb128 0xb
 757 00a8 00       		.byte	0
 758 00a9 00       		.byte	0
 759 00aa 0C       		.uleb128 0xc
 760 00ab 0B       		.uleb128 0xb
 761 00ac 01       		.byte	0x1
 762 00ad 11       		.uleb128 0x11
 763 00ae 01       		.uleb128 0x1
 764 00af 12       		.uleb128 0x12
 765 00b0 06       		.uleb128 0x6
 766 00b1 01       		.uleb128 0x1
 767 00b2 13       		.uleb128 0x13
 768 00b3 00       		.byte	0
 769 00b4 00       		.byte	0
 770 00b5 0D       		.uleb128 0xd
 771 00b6 34       		.uleb128 0x34
 772 00b7 00       		.byte	0
 773 00b8 03       		.uleb128 0x3
 774 00b9 08       		.uleb128 0x8
 775 00ba 3A       		.uleb128 0x3a
 776 00bb 0B       		.uleb128 0xb
 777 00bc 3B       		.uleb128 0x3b
 778 00bd 05       		.uleb128 0x5
 779 00be 49       		.uleb128 0x49
 780 00bf 13       		.uleb128 0x13
 781 00c0 02       		.uleb128 0x2
 782 00c1 17       		.uleb128 0x17
 783 00c2 00       		.byte	0
 784 00c3 00       		.byte	0
 785 00c4 0E       		.uleb128 0xe
 786 00c5 0B       		.uleb128 0xb
 787 00c6 01       		.byte	0x1
 788 00c7 55       		.uleb128 0x55
 789 00c8 17       		.uleb128 0x17
ARM GAS  /tmp/ccpAtJ1v.s 			page 15


 790 00c9 01       		.uleb128 0x1
 791 00ca 13       		.uleb128 0x13
 792 00cb 00       		.byte	0
 793 00cc 00       		.byte	0
 794 00cd 0F       		.uleb128 0xf
 795 00ce 898201   		.uleb128 0x4109
 796 00d1 00       		.byte	0
 797 00d2 11       		.uleb128 0x11
 798 00d3 01       		.uleb128 0x1
 799 00d4 31       		.uleb128 0x31
 800 00d5 13       		.uleb128 0x13
 801 00d6 00       		.byte	0
 802 00d7 00       		.byte	0
 803 00d8 10       		.uleb128 0x10
 804 00d9 34       		.uleb128 0x34
 805 00da 00       		.byte	0
 806 00db 03       		.uleb128 0x3
 807 00dc 0E       		.uleb128 0xe
 808 00dd 3A       		.uleb128 0x3a
 809 00de 0B       		.uleb128 0xb
 810 00df 3B       		.uleb128 0x3b
 811 00e0 0B       		.uleb128 0xb
 812 00e1 49       		.uleb128 0x49
 813 00e2 13       		.uleb128 0x13
 814 00e3 3F       		.uleb128 0x3f
 815 00e4 19       		.uleb128 0x19
 816 00e5 3C       		.uleb128 0x3c
 817 00e6 19       		.uleb128 0x19
 818 00e7 00       		.byte	0
 819 00e8 00       		.byte	0
 820 00e9 11       		.uleb128 0x11
 821 00ea 2E       		.uleb128 0x2e
 822 00eb 00       		.byte	0
 823 00ec 3F       		.uleb128 0x3f
 824 00ed 19       		.uleb128 0x19
 825 00ee 03       		.uleb128 0x3
 826 00ef 0E       		.uleb128 0xe
 827 00f0 3A       		.uleb128 0x3a
 828 00f1 0B       		.uleb128 0xb
 829 00f2 3B       		.uleb128 0x3b
 830 00f3 0B       		.uleb128 0xb
 831 00f4 27       		.uleb128 0x27
 832 00f5 19       		.uleb128 0x19
 833 00f6 3C       		.uleb128 0x3c
 834 00f7 19       		.uleb128 0x19
 835 00f8 00       		.byte	0
 836 00f9 00       		.byte	0
 837 00fa 00       		.byte	0
 838              		.section	.debug_loc,"",%progbits
 839              	.Ldebug_loc0:
 840              	.LLST0:
 841 0000 2A000000 		.4byte	.LVL3
 842 0004 2E000000 		.4byte	.LVL4
 843 0008 0300     		.2byte	0x3
 844 000a 73       		.byte	0x73
 845 000b 08       		.sleb128 8
 846 000c 9F       		.byte	0x9f
ARM GAS  /tmp/ccpAtJ1v.s 			page 16


 847 000d 2E000000 		.4byte	.LVL4
 848 0011 32000000 		.4byte	.LVL5
 849 0015 0300     		.2byte	0x3
 850 0017 73       		.byte	0x73
 851 0018 04       		.sleb128 4
 852 0019 9F       		.byte	0x9f
 853 001a 00000000 		.4byte	0
 854 001e 00000000 		.4byte	0
 855              	.LLST1:
 856 0022 4A000000 		.4byte	.LVL6
 857 0026 4E000000 		.4byte	.LVL7
 858 002a 0300     		.2byte	0x3
 859 002c 73       		.byte	0x73
 860 002d 08       		.sleb128 8
 861 002e 9F       		.byte	0x9f
 862 002f 4E000000 		.4byte	.LVL7
 863 0033 52000000 		.4byte	.LVL8
 864 0037 0300     		.2byte	0x3
 865 0039 73       		.byte	0x73
 866 003a 04       		.sleb128 4
 867 003b 9F       		.byte	0x9f
 868 003c 00000000 		.4byte	0
 869 0040 00000000 		.4byte	0
 870              	.LLST2:
 871 0044 6C000000 		.4byte	.LVL10
 872 0048 72000000 		.4byte	.LVL11
 873 004c 0300     		.2byte	0x3
 874 004e 73       		.byte	0x73
 875 004f 00       		.sleb128 0
 876 0050 9F       		.byte	0x9f
 877 0051 72000000 		.4byte	.LVL11
 878 0055 76000000 		.4byte	.LVL12
 879 0059 0300     		.2byte	0x3
 880 005b 73       		.byte	0x73
 881 005c 00       		.sleb128 0
 882 005d 9F       		.byte	0x9f
 883 005e 00000000 		.4byte	0
 884 0062 00000000 		.4byte	0
 885              	.LLST4:
 886 0066 8C000000 		.4byte	.LVL13
 887 006a 90000000 		.4byte	.LVL14
 888 006e 0300     		.2byte	0x3
 889 0070 73       		.byte	0x73
 890 0071 08       		.sleb128 8
 891 0072 9F       		.byte	0x9f
 892 0073 90000000 		.4byte	.LVL14
 893 0077 94000000 		.4byte	.LVL15
 894 007b 0300     		.2byte	0x3
 895 007d 73       		.byte	0x73
 896 007e 04       		.sleb128 4
 897 007f 9F       		.byte	0x9f
 898 0080 00000000 		.4byte	0
 899 0084 00000000 		.4byte	0
 900              	.LLST5:
 901 0088 A0000000 		.4byte	.LVL17
 902 008c A4000000 		.4byte	.LVL18
 903 0090 0100     		.2byte	0x1
ARM GAS  /tmp/ccpAtJ1v.s 			page 17


 904 0092 54       		.byte	0x54
 905 0093 A4000000 		.4byte	.LVL18
 906 0097 A6000000 		.4byte	.LVL19
 907 009b 0300     		.2byte	0x3
 908 009d 74       		.byte	0x74
 909 009e 7C       		.sleb128 -4
 910 009f 9F       		.byte	0x9f
 911 00a0 A6000000 		.4byte	.LVL19
 912 00a4 AA000000 		.4byte	.LVL20
 913 00a8 0100     		.2byte	0x1
 914 00aa 54       		.byte	0x54
 915 00ab 00000000 		.4byte	0
 916 00af 00000000 		.4byte	0
 917              	.LLST6:
 918 00b3 B6000000 		.4byte	.LVL22
 919 00b7 BA000000 		.4byte	.LVL23
 920 00bb 0100     		.2byte	0x1
 921 00bd 54       		.byte	0x54
 922 00be BA000000 		.4byte	.LVL23
 923 00c2 BC000000 		.4byte	.LVL24
 924 00c6 0300     		.2byte	0x3
 925 00c8 74       		.byte	0x74
 926 00c9 7C       		.sleb128 -4
 927 00ca 9F       		.byte	0x9f
 928 00cb BC000000 		.4byte	.LVL24
 929 00cf C0000000 		.4byte	.LVL25
 930 00d3 0100     		.2byte	0x1
 931 00d5 54       		.byte	0x54
 932 00d6 00000000 		.4byte	0
 933 00da 00000000 		.4byte	0
 934              		.section	.debug_aranges,"",%progbits
 935 0000 34000000 		.4byte	0x34
 936 0004 0200     		.2byte	0x2
 937 0006 00000000 		.4byte	.Ldebug_info0
 938 000a 04       		.byte	0x4
 939 000b 00       		.byte	0
 940 000c 0000     		.2byte	0
 941 000e 0000     		.2byte	0
 942 0010 00000000 		.4byte	.LFB0
 943 0014 02000000 		.4byte	.LFE0-.LFB0
 944 0018 00000000 		.4byte	.LFB1
 945 001c 02000000 		.4byte	.LFE1-.LFB1
 946 0020 00000000 		.4byte	.LFB2
 947 0024 02000000 		.4byte	.LFE2-.LFB2
 948 0028 00000000 		.4byte	.LFB3
 949 002c FC000000 		.4byte	.LFE3-.LFB3
 950 0030 00000000 		.4byte	0
 951 0034 00000000 		.4byte	0
 952              		.section	.debug_ranges,"",%progbits
 953              	.Ldebug_ranges0:
 954 0000 94000000 		.4byte	.LBB6
 955 0004 98000000 		.4byte	.LBE6
 956 0008 9C000000 		.4byte	.LBB7
 957 000c AA000000 		.4byte	.LBE7
 958 0010 00000000 		.4byte	0
 959 0014 00000000 		.4byte	0
 960 0018 AA000000 		.4byte	.LBB8
ARM GAS  /tmp/ccpAtJ1v.s 			page 18


 961 001c AE000000 		.4byte	.LBE8
 962 0020 B2000000 		.4byte	.LBB9
 963 0024 C0000000 		.4byte	.LBE9
 964 0028 00000000 		.4byte	0
 965 002c 00000000 		.4byte	0
 966 0030 00000000 		.4byte	.LFB0
 967 0034 02000000 		.4byte	.LFE0
 968 0038 00000000 		.4byte	.LFB1
 969 003c 02000000 		.4byte	.LFE1
 970 0040 00000000 		.4byte	.LFB2
 971 0044 02000000 		.4byte	.LFE2
 972 0048 00000000 		.4byte	.LFB3
 973 004c FC000000 		.4byte	.LFE3
 974 0050 00000000 		.4byte	0
 975 0054 00000000 		.4byte	0
 976              		.section	.debug_line,"",%progbits
 977              	.Ldebug_line0:
 978 0000 D2010000 		.section	.debug_str,"MS",%progbits,1
 978      02005401 
 978      00000201 
 978      FB0E0D00 
 978      01010101 
 979              	.LASF25:
 980 0000 5F627373 		.ascii	"_bss_start\000"
 980      5F737461 
 980      727400
 981              	.LASF5:
 982 000b 5F5F7569 		.ascii	"__uint8_t\000"
 982      6E74385F 
 982      7400
 983              	.LASF30:
 984 0015 5F5F6669 		.ascii	"__fini_array_end\000"
 984      6E695F61 
 984      72726179 
 984      5F656E64 
 984      00
 985              	.LASF20:
 986 0026 5F5F7072 		.ascii	"__process_stack_base__\000"
 986      6F636573 
 986      735F7374 
 986      61636B5F 
 986      62617365 
 987              	.LASF14:
 988 003d 66756E63 		.ascii	"funcpp_t\000"
 988      70705F74 
 988      00
 989              	.LASF17:
 990 0046 5F646566 		.ascii	"_default_exit\000"
 990      61756C74 
 990      5F657869 
 990      7400
 991              	.LASF1:
 992 0054 756E7369 		.ascii	"unsigned char\000"
 992      676E6564 
 992      20636861 
 992      7200
 993              	.LASF16:
ARM GAS  /tmp/ccpAtJ1v.s 			page 19


 994 0062 5F5F6C61 		.ascii	"__late_init\000"
 994      74655F69 
 994      6E697400 
 995              	.LASF7:
 996 006e 6C6F6E67 		.ascii	"long unsigned int\000"
 996      20756E73 
 996      69676E65 
 996      6420696E 
 996      7400
 997              	.LASF33:
 998 0080 52657365 		.ascii	"ResetHandler\000"
 998      7448616E 
 998      646C6572 
 998      00
 999              	.LASF3:
 1000 008d 73686F72 		.ascii	"short unsigned int\000"
 1000      7420756E 
 1000      7369676E 
 1000      65642069 
 1000      6E7400
 1001              	.LASF29:
 1002 00a0 5F5F6669 		.ascii	"__fini_array_start\000"
 1002      6E695F61 
 1002      72726179 
 1002      5F737461 
 1002      727400
 1003              	.LASF15:
 1004 00b3 5F5F6561 		.ascii	"__early_init\000"
 1004      726C795F 
 1004      696E6974 
 1004      00
 1005              	.LASF26:
 1006 00c0 5F627373 		.ascii	"_bss_end\000"
 1006      5F656E64 
 1006      00
 1007              	.LASF28:
 1008 00c9 5F5F696E 		.ascii	"__init_array_end\000"
 1008      69745F61 
 1008      72726179 
 1008      5F656E64 
 1008      00
 1009              	.LASF6:
 1010 00da 5F5F7569 		.ascii	"__uint32_t\000"
 1010      6E743332 
 1010      5F7400
 1011              	.LASF32:
 1012 00e5 2F686F6D 		.ascii	"/home/marco/SoftwareProjects/st-usb/f9xx/firmware/e"
 1012      652F6D61 
 1012      72636F2F 
 1012      536F6674 
 1012      77617265 
 1013 0118 78742F43 		.ascii	"xt/ChibiOS-RT/os/ports/GCC/ARMCMx/crt0.c\000"
 1013      68696269 
 1013      4F532D52 
 1013      542F6F73 
 1013      2F706F72 
 1014              	.LASF34:
ARM GAS  /tmp/ccpAtJ1v.s 			page 20


 1015 0141 6D61696E 		.ascii	"main\000"
 1015      00
 1016              	.LASF10:
 1017 0146 756E7369 		.ascii	"unsigned int\000"
 1017      676E6564 
 1017      20696E74 
 1017      00
 1018              	.LASF9:
 1019 0153 6C6F6E67 		.ascii	"long long unsigned int\000"
 1019      206C6F6E 
 1019      6720756E 
 1019      7369676E 
 1019      65642069 
 1020              	.LASF11:
 1021 016a 75696E74 		.ascii	"uint8_t\000"
 1021      385F7400 
 1022              	.LASF22:
 1023 0172 5F746578 		.ascii	"_textdata\000"
 1023      74646174 
 1023      6100
 1024              	.LASF31:
 1025 017c 474E5520 		.ascii	"GNU C 4.8.4 20140526 (release) [ARM/embedded-4_8-br"
 1025      4320342E 
 1025      382E3420 
 1025      32303134 
 1025      30353236 
 1026 01af 616E6368 		.ascii	"anch revision 211358] -mcpu=cortex-m4 -mno-thumb-in"
 1026      20726576 
 1026      6973696F 
 1026      6E203231 
 1026      31333538 
 1027 01e2 74657277 		.ascii	"terwork -mthumb -ggdb -O2 -fomit-frame-pointer -fal"
 1027      6F726B20 
 1027      2D6D7468 
 1027      756D6220 
 1027      2D676764 
 1028 0215 69676E2D 		.ascii	"ign-functions=16 -ffunction-sections -fdata-section"
 1028      66756E63 
 1028      74696F6E 
 1028      733D3136 
 1028      202D6666 
 1029 0248 73202D66 		.ascii	"s -fno-common\000"
 1029      6E6F2D63 
 1029      6F6D6D6F 
 1029      6E00
 1030              	.LASF8:
 1031 0256 6C6F6E67 		.ascii	"long long int\000"
 1031      206C6F6E 
 1031      6720696E 
 1031      7400
 1032              	.LASF24:
 1033 0264 5F656461 		.ascii	"_edata\000"
 1033      746100
 1034              	.LASF18:
 1035 026b 5F5F6D61 		.ascii	"__main_stack_base__\000"
 1035      696E5F73 
 1035      7461636B 
ARM GAS  /tmp/ccpAtJ1v.s 			page 21


 1035      5F626173 
 1035      655F5F00 
 1036              	.LASF2:
 1037 027f 73686F72 		.ascii	"short int\000"
 1037      7420696E 
 1037      7400
 1038              	.LASF13:
 1039 0289 66756E63 		.ascii	"funcp_t\000"
 1039      705F7400 
 1040              	.LASF12:
 1041 0291 75696E74 		.ascii	"uint32_t\000"
 1041      33325F74 
 1041      00
 1042              	.LASF4:
 1043 029a 6C6F6E67 		.ascii	"long int\000"
 1043      20696E74 
 1043      00
 1044              	.LASF23:
 1045 02a3 5F646174 		.ascii	"_data\000"
 1045      6100
 1046              	.LASF0:
 1047 02a9 7369676E 		.ascii	"signed char\000"
 1047      65642063 
 1047      68617200 
 1048              	.LASF21:
 1049 02b5 5F5F7072 		.ascii	"__process_stack_end__\000"
 1049      6F636573 
 1049      735F7374 
 1049      61636B5F 
 1049      656E645F 
 1050              	.LASF27:
 1051 02cb 5F5F696E 		.ascii	"__init_array_start\000"
 1051      69745F61 
 1051      72726179 
 1051      5F737461 
 1051      727400
 1052              	.LASF19:
 1053 02de 5F5F6D61 		.ascii	"__main_stack_end__\000"
 1053      696E5F73 
 1053      7461636B 
 1053      5F656E64 
 1053      5F5F00
 1054              		.ident	"GCC: (GNU Tools for ARM Embedded Processors) 4.8.4 20140526 (release) [ARM/embedded-4_8-br
ARM GAS  /tmp/ccpAtJ1v.s 			page 22


DEFINED SYMBOLS
                            *ABS*:00000000 crt0.c
     /tmp/ccpAtJ1v.s:19     .text.__early_init:00000000 $t
     /tmp/ccpAtJ1v.s:25     .text.__early_init:00000000 __early_init
     /tmp/ccpAtJ1v.s:38     .text.__late_init:00000000 $t
     /tmp/ccpAtJ1v.s:44     .text.__late_init:00000000 __late_init
     /tmp/ccpAtJ1v.s:56     .text._default_exit:00000000 $t
     /tmp/ccpAtJ1v.s:62     .text._default_exit:00000000 _default_exit
     /tmp/ccpAtJ1v.s:75     .text.ResetHandler:00000000 $t
     /tmp/ccpAtJ1v.s:81     .text.ResetHandler:00000000 ResetHandler
     /tmp/ccpAtJ1v.s:264    .text.ResetHandler:000000c4 $d
                     .debug_frame:00000010 $d
     /tmp/ccpAtJ1v.s:281    .text.ResetHandler:000000fc $t

UNDEFINED SYMBOLS
main
__process_stack_end__
__main_stack_base__
__main_stack_end__
__process_stack_base__
_data
_edata
_textdata
_bss_start
_bss_end
__init_array_end
__init_array_start
__fini_array_end
__fini_array_start
