ARM GAS  /tmp/ccBqkDGy.s 			page 1


   1              		.syntax unified
   2              		.cpu cortex-m4
   3              		.fpu softvfp
   4              		.eabi_attribute 20, 1
   5              		.eabi_attribute 21, 1
   6              		.eabi_attribute 23, 3
   7              		.eabi_attribute 24, 1
   8              		.eabi_attribute 25, 1
   9              		.eabi_attribute 26, 1
  10              		.eabi_attribute 30, 2
  11              		.eabi_attribute 34, 1
  12              		.eabi_attribute 18, 4
  13              		.thumb
  14              		.file	"lis302dl.c"
  15              		.text
  16              	.Ltext0:
  17              		.cfi_sections	.debug_frame
  18              		.section	.text.lis302dlReadRegister,"ax",%progbits
  19              		.align	2
  20              		.p2align 4,,15
  21              		.global	lis302dlReadRegister
  22              		.thumb
  23              		.thumb_func
  24              		.type	lis302dlReadRegister, %function
  25              	lis302dlReadRegister:
  26              	.LFB118:
  27              		.file 1 "/home/marco/SoftwareProjects/st-usb/f9xx/firmware/ext/ChibiOS-RT/os/various/devices_lib/a
  28              		.loc 1 60 0
  29              		.cfi_startproc
  30              		@ args = 0, pretend = 0, frame = 0
  31              		@ frame_needed = 0, uses_anonymous_args = 0
  32              	.LVL0:
  33 0000 F8B5     		push	{r3, r4, r5, r6, r7, lr}
  34              		.cfi_def_cfa_offset 24
  35              		.cfi_offset 3, -24
  36              		.cfi_offset 4, -20
  37              		.cfi_offset 5, -16
  38              		.cfi_offset 6, -12
  39              		.cfi_offset 7, -8
  40              		.cfi_offset 14, -4
  41              		.loc 1 63 0
  42 0002 0B4C     		ldr	r4, .L2
  43              		.loc 1 65 0
  44 0004 0B4D     		ldr	r5, .L2+4
  45              		.loc 1 60 0
  46 0006 0F46     		mov	r7, r1
  47 0008 0646     		mov	r6, r0
  48              		.loc 1 62 0
  49 000a FFF7FEFF 		bl	spiSelect
  50              	.LVL1:
  51              		.loc 1 63 0
  52 000e 67F07F0E 		orn	lr, r7, #127
  53              		.loc 1 65 0
  54 0012 2246     		mov	r2, r4
  55 0014 3046     		mov	r0, r6
  56 0016 2B46     		mov	r3, r5
  57 0018 0221     		movs	r1, #2
ARM GAS  /tmp/ccBqkDGy.s 			page 2


  58              		.loc 1 64 0
  59 001a FF27     		movs	r7, #255
  60              		.loc 1 63 0
  61 001c 84F800E0 		strb	lr, [r4]
  62              		.loc 1 64 0
  63 0020 6770     		strb	r7, [r4, #1]
  64              		.loc 1 65 0
  65 0022 FFF7FEFF 		bl	spiExchange
  66              	.LVL2:
  67              		.loc 1 66 0
  68 0026 3046     		mov	r0, r6
  69 0028 FFF7FEFF 		bl	spiUnselect
  70              	.LVL3:
  71              		.loc 1 68 0
  72 002c 6878     		ldrb	r0, [r5, #1]	@ zero_extendqisi2
  73 002e F8BD     		pop	{r3, r4, r5, r6, r7, pc}
  74              	.LVL4:
  75              	.L3:
  76              		.align	2
  77              	.L2:
  78 0030 00000000 		.word	.LANCHOR0
  79 0034 00000000 		.word	.LANCHOR1
  80              		.cfi_endproc
  81              	.LFE118:
  82              		.size	lis302dlReadRegister, .-lis302dlReadRegister
  83 0038 AFF30080 		.section	.text.lis302dlWriteRegister,"ax",%progbits
  83      AFF30080 
  84              		.align	2
  85              		.p2align 4,,15
  86              		.global	lis302dlWriteRegister
  87              		.thumb
  88              		.thumb_func
  89              		.type	lis302dlWriteRegister, %function
  90              	lis302dlWriteRegister:
  91              	.LFB119:
  92              		.loc 1 78 0
  93              		.cfi_startproc
  94              		@ args = 0, pretend = 0, frame = 0
  95              		@ frame_needed = 0, uses_anonymous_args = 0
  96              	.LVL5:
  97 0000 F8B5     		push	{r3, r4, r5, r6, r7, lr}
  98              		.cfi_def_cfa_offset 24
  99              		.cfi_offset 3, -24
 100              		.cfi_offset 4, -20
 101              		.cfi_offset 5, -16
 102              		.cfi_offset 6, -12
 103              		.cfi_offset 7, -8
 104              		.cfi_offset 14, -4
 105 0002 A1F12003 		sub	r3, r1, #32
 106 0006 DBB2     		uxtb	r3, r3
 107 0008 1F2B     		cmp	r3, #31
 108              		.loc 1 78 0
 109 000a 0D46     		mov	r5, r1
 110 000c 1746     		mov	r7, r2
 111 000e 0646     		mov	r6, r0
 112 0010 05D8     		bhi	.L4
 113 0012 0121     		movs	r1, #1
ARM GAS  /tmp/ccBqkDGy.s 			page 3


 114              	.LVL6:
 115 0014 0A4C     		ldr	r4, .L11
 116 0016 01FA03F3 		lsl	r3, r1, r3
 117 001a 1C40     		ands	r4, r4, r3
 118 001c 04B9     		cbnz	r4, .L10
 119              	.L4:
 120 001e F8BD     		pop	{r3, r4, r5, r6, r7, pc}
 121              	.L10:
 122              		.loc 1 111 0
 123 0020 FFF7FEFF 		bl	spiSelect
 124              	.LVL7:
 125              		.loc 1 112 0
 126 0024 074B     		ldr	r3, .L11+4
 127              		.loc 1 114 0
 128 0026 3046     		mov	r0, r6
 129 0028 1A46     		mov	r2, r3
 130 002a 0221     		movs	r1, #2
 131              		.loc 1 112 0
 132 002c 1D70     		strb	r5, [r3]
 133              		.loc 1 113 0
 134 002e 5F70     		strb	r7, [r3, #1]
 135              		.loc 1 114 0
 136 0030 FFF7FEFF 		bl	spiSend
 137              	.LVL8:
 138              		.loc 1 115 0
 139 0034 3046     		mov	r0, r6
 140              		.loc 1 117 0
 141 0036 BDE8F840 		pop	{r3, r4, r5, r6, r7, lr}
 142              	.LVL9:
 143              		.loc 1 115 0
 144 003a FFF7FEBF 		b	spiUnselect
 145              	.LVL10:
 146              	.L12:
 147 003e 00BF     		.align	2
 148              	.L11:
 149 0040 0700DDF9 		.word	-102957049
 150 0044 00000000 		.word	.LANCHOR0
 151              		.cfi_endproc
 152              	.LFE119:
 153              		.size	lis302dlWriteRegister, .-lis302dlWriteRegister
 154 0048 AFF30080 		.section	.bss.rxbuf,"aw",%nobits
 154      AFF30080 
 155              		.align	2
 156              		.set	.LANCHOR1,. + 0
 157              		.type	rxbuf, %object
 158              		.size	rxbuf, 2
 159              	rxbuf:
 160 0000 0000     		.space	2
 161 0002 0000     		.section	.bss.txbuf,"aw",%nobits
 162              		.align	2
 163              		.set	.LANCHOR0,. + 0
 164              		.type	txbuf, %object
 165              		.size	txbuf, 2
 166              	txbuf:
 167 0000 0000     		.space	2
 168 0002 0000     		.text
 169              	.Letext0:
ARM GAS  /tmp/ccBqkDGy.s 			page 4


 170              		.file 2 "/home/marco/SoftwareProjects/st-usb/tools/gcc-arm-none-eabi-4_8-2014q2/lib/gcc/arm-none-e
 171              		.file 3 "/home/marco/SoftwareProjects/st-usb/tools/gcc-arm-none-eabi-4_8-2014q2/arm-none-eabi/incl
 172              		.file 4 "/home/marco/SoftwareProjects/st-usb/tools/gcc-arm-none-eabi-4_8-2014q2/arm-none-eabi/incl
 173              		.file 5 "/home/marco/SoftwareProjects/st-usb/f9xx/firmware/ext/ChibiOS-RT/os/ports/GCC/ARMCMx/chty
 174              		.file 6 "/home/marco/SoftwareProjects/st-usb/f9xx/firmware/ext/ChibiOS-RT/os/kernel/include/chlist
 175              		.file 7 "/home/marco/SoftwareProjects/st-usb/f9xx/firmware/ext/ChibiOS-RT/os/kernel/include/chthre
 176              		.file 8 "/home/marco/SoftwareProjects/st-usb/f9xx/firmware/ext/ChibiOS-RT/os/ports/GCC/ARMCMx/chco
 177              		.file 9 "/home/marco/SoftwareProjects/st-usb/f9xx/firmware/ext/ChibiOS-RT/os/kernel/include/chmtx.
 178              		.file 10 "/home/marco/SoftwareProjects/st-usb/f9xx/firmware/ext/ChibiOS-RT/os/hal/platforms/STM32F
 179              		.file 11 "/home/marco/SoftwareProjects/st-usb/f9xx/firmware/ext/ChibiOS-RT/os/hal/platforms/STM32F
 180              		.file 12 "/home/marco/SoftwareProjects/st-usb/f9xx/firmware/ext/ChibiOS-RT/os/hal/platforms/STM32/
 181              		.file 13 "/home/marco/SoftwareProjects/st-usb/f9xx/firmware/ext/ChibiOS-RT/os/hal/include/spi.h"
 182              		.file 14 "/home/marco/SoftwareProjects/st-usb/f9xx/firmware/ext/ChibiOS-RT/os/hal/platforms/STM32/
 183              		.file 15 "/home/marco/SoftwareProjects/st-usb/f9xx/firmware/ext/ChibiOS-RT/os/ports/common/ARMCMx/
 184              		.section	.debug_info,"",%progbits
 185              	.Ldebug_info0:
 186 0000 5B090000 		.4byte	0x95b
 187 0004 0400     		.2byte	0x4
 188 0006 00000000 		.4byte	.Ldebug_abbrev0
 189 000a 04       		.byte	0x4
 190 000b 01       		.uleb128 0x1
 191 000c 23040000 		.4byte	.LASF125
 192 0010 01       		.byte	0x1
 193 0011 B1010000 		.4byte	.LASF126
 194 0015 00000000 		.4byte	.Ldebug_ranges0+0
 195 0019 00000000 		.4byte	0
 196 001d 00000000 		.4byte	.Ldebug_line0
 197 0021 02       		.uleb128 0x2
 198 0022 04       		.byte	0x4
 199 0023 05       		.byte	0x5
 200 0024 696E7400 		.ascii	"int\000"
 201 0028 03       		.uleb128 0x3
 202 0029 0B000000 		.4byte	.LASF2
 203 002d 02       		.byte	0x2
 204 002e D4       		.byte	0xd4
 205 002f 33000000 		.4byte	0x33
 206 0033 04       		.uleb128 0x4
 207 0034 04       		.byte	0x4
 208 0035 07       		.byte	0x7
 209 0036 1A020000 		.4byte	.LASF0
 210 003a 04       		.uleb128 0x4
 211 003b 01       		.byte	0x1
 212 003c 06       		.byte	0x6
 213 003d D4000000 		.4byte	.LASF1
 214 0041 03       		.uleb128 0x3
 215 0042 20000000 		.4byte	.LASF3
 216 0046 03       		.byte	0x3
 217 0047 1C       		.byte	0x1c
 218 0048 4C000000 		.4byte	0x4c
 219 004c 04       		.uleb128 0x4
 220 004d 01       		.byte	0x1
 221 004e 08       		.byte	0x8
 222 004f 52030000 		.4byte	.LASF4
 223 0053 04       		.uleb128 0x4
 224 0054 02       		.byte	0x2
 225 0055 05       		.byte	0x5
 226 0056 7D030000 		.4byte	.LASF5
ARM GAS  /tmp/ccBqkDGy.s 			page 5


 227 005a 03       		.uleb128 0x3
 228 005b 18040000 		.4byte	.LASF6
 229 005f 03       		.byte	0x3
 230 0060 26       		.byte	0x26
 231 0061 65000000 		.4byte	0x65
 232 0065 04       		.uleb128 0x4
 233 0066 02       		.byte	0x2
 234 0067 07       		.byte	0x7
 235 0068 44020000 		.4byte	.LASF7
 236 006c 03       		.uleb128 0x3
 237 006d 19050000 		.4byte	.LASF8
 238 0071 03       		.byte	0x3
 239 0072 37       		.byte	0x37
 240 0073 77000000 		.4byte	0x77
 241 0077 04       		.uleb128 0x4
 242 0078 04       		.byte	0x4
 243 0079 05       		.byte	0x5
 244 007a 1C010000 		.4byte	.LASF9
 245 007e 03       		.uleb128 0x3
 246 007f 79010000 		.4byte	.LASF10
 247 0083 03       		.byte	0x3
 248 0084 38       		.byte	0x38
 249 0085 89000000 		.4byte	0x89
 250 0089 04       		.uleb128 0x4
 251 008a 04       		.byte	0x4
 252 008b 07       		.byte	0x7
 253 008c E1030000 		.4byte	.LASF11
 254 0090 04       		.uleb128 0x4
 255 0091 08       		.byte	0x8
 256 0092 05       		.byte	0x5
 257 0093 C6000000 		.4byte	.LASF12
 258 0097 04       		.uleb128 0x4
 259 0098 08       		.byte	0x8
 260 0099 07       		.byte	0x7
 261 009a 42000000 		.4byte	.LASF13
 262 009e 03       		.uleb128 0x3
 263 009f 92050000 		.4byte	.LASF14
 264 00a3 04       		.byte	0x4
 265 00a4 2A       		.byte	0x2a
 266 00a5 41000000 		.4byte	0x41
 267 00a9 03       		.uleb128 0x3
 268 00aa 35010000 		.4byte	.LASF15
 269 00ae 04       		.byte	0x4
 270 00af 36       		.byte	0x36
 271 00b0 5A000000 		.4byte	0x5a
 272 00b4 03       		.uleb128 0x3
 273 00b5 4A030000 		.4byte	.LASF16
 274 00b9 04       		.byte	0x4
 275 00ba 41       		.byte	0x41
 276 00bb 6C000000 		.4byte	0x6c
 277 00bf 03       		.uleb128 0x3
 278 00c0 D0030000 		.4byte	.LASF17
 279 00c4 04       		.byte	0x4
 280 00c5 42       		.byte	0x42
 281 00c6 7E000000 		.4byte	0x7e
 282 00ca 04       		.uleb128 0x4
 283 00cb 01       		.byte	0x1
ARM GAS  /tmp/ccBqkDGy.s 			page 6


 284 00cc 02       		.byte	0x2
 285 00cd 44030000 		.4byte	.LASF18
 286 00d1 03       		.uleb128 0x3
 287 00d2 5D020000 		.4byte	.LASF19
 288 00d6 05       		.byte	0x5
 289 00d7 2C       		.byte	0x2c
 290 00d8 9E000000 		.4byte	0x9e
 291 00dc 03       		.uleb128 0x3
 292 00dd 25010000 		.4byte	.LASF20
 293 00e1 05       		.byte	0x5
 294 00e2 2D       		.byte	0x2d
 295 00e3 9E000000 		.4byte	0x9e
 296 00e7 03       		.uleb128 0x3
 297 00e8 D9030000 		.4byte	.LASF21
 298 00ec 05       		.byte	0x5
 299 00ed 2E       		.byte	0x2e
 300 00ee 9E000000 		.4byte	0x9e
 301 00f2 03       		.uleb128 0x3
 302 00f3 FE000000 		.4byte	.LASF22
 303 00f7 05       		.byte	0x5
 304 00f8 2F       		.byte	0x2f
 305 00f9 9E000000 		.4byte	0x9e
 306 00fd 03       		.uleb128 0x3
 307 00fe 36030000 		.4byte	.LASF23
 308 0102 05       		.byte	0x5
 309 0103 30       		.byte	0x30
 310 0104 BF000000 		.4byte	0xbf
 311 0108 03       		.uleb128 0x3
 312 0109 57020000 		.4byte	.LASF24
 313 010d 05       		.byte	0x5
 314 010e 31       		.byte	0x31
 315 010f B4000000 		.4byte	0xb4
 316 0113 03       		.uleb128 0x3
 317 0114 7C020000 		.4byte	.LASF25
 318 0118 05       		.byte	0x5
 319 0119 33       		.byte	0x33
 320 011a BF000000 		.4byte	0xbf
 321 011e 03       		.uleb128 0x3
 322 011f 04050000 		.4byte	.LASF26
 323 0123 05       		.byte	0x5
 324 0124 35       		.byte	0x35
 325 0125 BF000000 		.4byte	0xbf
 326 0129 03       		.uleb128 0x3
 327 012a AF030000 		.4byte	.LASF27
 328 012e 06       		.byte	0x6
 329 012f 2A       		.byte	0x2a
 330 0130 34010000 		.4byte	0x134
 331 0134 05       		.uleb128 0x5
 332 0135 AF030000 		.4byte	.LASF27
 333 0139 48       		.byte	0x48
 334 013a 07       		.byte	0x7
 335 013b 5E       		.byte	0x5e
 336 013c 31020000 		.4byte	0x231
 337 0140 06       		.uleb128 0x6
 338 0141 A0030000 		.4byte	.LASF28
 339 0145 07       		.byte	0x7
 340 0146 5F       		.byte	0x5f
ARM GAS  /tmp/ccBqkDGy.s 			page 7


 341 0147 52020000 		.4byte	0x252
 342 014b 00       		.byte	0
 343 014c 06       		.uleb128 0x6
 344 014d 11030000 		.4byte	.LASF29
 345 0151 07       		.byte	0x7
 346 0152 61       		.byte	0x61
 347 0153 52020000 		.4byte	0x252
 348 0157 04       		.byte	0x4
 349 0158 06       		.uleb128 0x6
 350 0159 B9000000 		.4byte	.LASF30
 351 015d 07       		.byte	0x7
 352 015e 63       		.byte	0x63
 353 015f FD000000 		.4byte	0xfd
 354 0163 08       		.byte	0x8
 355 0164 06       		.uleb128 0x6
 356 0165 CD050000 		.4byte	.LASF31
 357 0169 07       		.byte	0x7
 358 016a 64       		.byte	0x64
 359 016b 0C030000 		.4byte	0x30c
 360 016f 0C       		.byte	0xc
 361 0170 06       		.uleb128 0x6
 362 0171 45010000 		.4byte	.LASF32
 363 0175 07       		.byte	0x7
 364 0176 66       		.byte	0x66
 365 0177 52020000 		.4byte	0x252
 366 017b 10       		.byte	0x10
 367 017c 06       		.uleb128 0x6
 368 017d AF020000 		.4byte	.LASF33
 369 0181 07       		.byte	0x7
 370 0182 67       		.byte	0x67
 371 0183 52020000 		.4byte	0x252
 372 0187 14       		.byte	0x14
 373 0188 06       		.uleb128 0x6
 374 0189 A6050000 		.4byte	.LASF34
 375 018d 07       		.byte	0x7
 376 018e 6E       		.byte	0x6e
 377 018f B5030000 		.4byte	0x3b5
 378 0193 18       		.byte	0x18
 379 0194 06       		.uleb128 0x6
 380 0195 87030000 		.4byte	.LASF35
 381 0199 07       		.byte	0x7
 382 019a 79       		.byte	0x79
 383 019b DC000000 		.4byte	0xdc
 384 019f 1C       		.byte	0x1c
 385 01a0 06       		.uleb128 0x6
 386 01a1 A7030000 		.4byte	.LASF36
 387 01a5 07       		.byte	0x7
 388 01a6 7D       		.byte	0x7d
 389 01a7 D1000000 		.4byte	0xd1
 390 01ab 1D       		.byte	0x1d
 391 01ac 06       		.uleb128 0x6
 392 01ad 84050000 		.4byte	.LASF37
 393 01b1 07       		.byte	0x7
 394 01b2 82       		.byte	0x82
 395 01b3 E7000000 		.4byte	0xe7
 396 01b7 1E       		.byte	0x1e
 397 01b8 06       		.uleb128 0x6
ARM GAS  /tmp/ccBqkDGy.s 			page 8


 398 01b9 8F030000 		.4byte	.LASF38
 399 01bd 07       		.byte	0x7
 400 01be 88       		.byte	0x88
 401 01bf F2000000 		.4byte	0xf2
 402 01c3 1F       		.byte	0x1f
 403 01c4 06       		.uleb128 0x6
 404 01c5 3E010000 		.4byte	.LASF39
 405 01c9 07       		.byte	0x7
 406 01ca 8F       		.byte	0x8f
 407 01cb 39030000 		.4byte	0x339
 408 01cf 20       		.byte	0x20
 409 01d0 07       		.uleb128 0x7
 410 01d1 705F7500 		.ascii	"p_u\000"
 411 01d5 07       		.byte	0x7
 412 01d6 B4       		.byte	0xb4
 413 01d7 80030000 		.4byte	0x380
 414 01db 24       		.byte	0x24
 415 01dc 06       		.uleb128 0x6
 416 01dd D3050000 		.4byte	.LASF40
 417 01e1 07       		.byte	0x7
 418 01e2 B9       		.byte	0xb9
 419 01e3 78020000 		.4byte	0x278
 420 01e7 28       		.byte	0x28
 421 01e8 06       		.uleb128 0x6
 422 01e9 2D020000 		.4byte	.LASF41
 423 01ed 07       		.byte	0x7
 424 01ee BF       		.byte	0xbf
 425 01ef 58020000 		.4byte	0x258
 426 01f3 2C       		.byte	0x2c
 427 01f4 06       		.uleb128 0x6
 428 01f5 BF050000 		.4byte	.LASF42
 429 01f9 07       		.byte	0x7
 430 01fa C3       		.byte	0xc3
 431 01fb 08010000 		.4byte	0x108
 432 01ff 34       		.byte	0x34
 433 0200 06       		.uleb128 0x6
 434 0201 B6030000 		.4byte	.LASF43
 435 0205 07       		.byte	0x7
 436 0206 C9       		.byte	0xc9
 437 0207 13010000 		.4byte	0x113
 438 020b 38       		.byte	0x38
 439 020c 06       		.uleb128 0x6
 440 020d 73030000 		.4byte	.LASF44
 441 0211 07       		.byte	0x7
 442 0212 D0       		.byte	0xd0
 443 0213 C7030000 		.4byte	0x3c7
 444 0217 3C       		.byte	0x3c
 445 0218 06       		.uleb128 0x6
 446 0219 0E050000 		.4byte	.LASF45
 447 021d 07       		.byte	0x7
 448 021e D4       		.byte	0xd4
 449 021f FD000000 		.4byte	0xfd
 450 0223 40       		.byte	0x40
 451 0224 06       		.uleb128 0x6
 452 0225 84010000 		.4byte	.LASF46
 453 0229 07       		.byte	0x7
 454 022a DA       		.byte	0xda
ARM GAS  /tmp/ccBqkDGy.s 			page 9


 455 022b 8E020000 		.4byte	0x28e
 456 022f 44       		.byte	0x44
 457 0230 00       		.byte	0
 458 0231 08       		.uleb128 0x8
 459 0232 08       		.byte	0x8
 460 0233 06       		.byte	0x6
 461 0234 61       		.byte	0x61
 462 0235 52020000 		.4byte	0x252
 463 0239 06       		.uleb128 0x6
 464 023a A0030000 		.4byte	.LASF28
 465 023e 06       		.byte	0x6
 466 023f 62       		.byte	0x62
 467 0240 52020000 		.4byte	0x252
 468 0244 00       		.byte	0
 469 0245 06       		.uleb128 0x6
 470 0246 11030000 		.4byte	.LASF29
 471 024a 06       		.byte	0x6
 472 024b 64       		.byte	0x64
 473 024c 52020000 		.4byte	0x252
 474 0250 04       		.byte	0x4
 475 0251 00       		.byte	0
 476 0252 09       		.uleb128 0x9
 477 0253 04       		.byte	0x4
 478 0254 29010000 		.4byte	0x129
 479 0258 03       		.uleb128 0x3
 480 0259 B7020000 		.4byte	.LASF47
 481 025d 06       		.byte	0x6
 482 025e 66       		.byte	0x66
 483 025f 31020000 		.4byte	0x231
 484 0263 08       		.uleb128 0x8
 485 0264 04       		.byte	0x4
 486 0265 06       		.byte	0x6
 487 0266 6B       		.byte	0x6b
 488 0267 78020000 		.4byte	0x278
 489 026b 06       		.uleb128 0x6
 490 026c A0030000 		.4byte	.LASF28
 491 0270 06       		.byte	0x6
 492 0271 6D       		.byte	0x6d
 493 0272 52020000 		.4byte	0x252
 494 0276 00       		.byte	0
 495 0277 00       		.byte	0
 496 0278 03       		.uleb128 0x3
 497 0279 70020000 		.4byte	.LASF48
 498 027d 06       		.byte	0x6
 499 027e 70       		.byte	0x70
 500 027f 63020000 		.4byte	0x263
 501 0283 03       		.uleb128 0x3
 502 0284 8C010000 		.4byte	.LASF49
 503 0288 08       		.byte	0x8
 504 0289 E5       		.byte	0xe5
 505 028a 8E020000 		.4byte	0x28e
 506 028e 0A       		.uleb128 0xa
 507 028f 04       		.byte	0x4
 508 0290 0B       		.uleb128 0xb
 509 0291 58050000 		.4byte	.LASF50
 510 0295 24       		.byte	0x24
 511 0296 08       		.byte	0x8
ARM GAS  /tmp/ccBqkDGy.s 			page 10


 512 0297 0C01     		.2byte	0x10c
 513 0299 0C030000 		.4byte	0x30c
 514 029d 0C       		.uleb128 0xc
 515 029e 723400   		.ascii	"r4\000"
 516 02a1 08       		.byte	0x8
 517 02a2 1F01     		.2byte	0x11f
 518 02a4 83020000 		.4byte	0x283
 519 02a8 00       		.byte	0
 520 02a9 0C       		.uleb128 0xc
 521 02aa 723500   		.ascii	"r5\000"
 522 02ad 08       		.byte	0x8
 523 02ae 2001     		.2byte	0x120
 524 02b0 83020000 		.4byte	0x283
 525 02b4 04       		.byte	0x4
 526 02b5 0C       		.uleb128 0xc
 527 02b6 723600   		.ascii	"r6\000"
 528 02b9 08       		.byte	0x8
 529 02ba 2101     		.2byte	0x121
 530 02bc 83020000 		.4byte	0x283
 531 02c0 08       		.byte	0x8
 532 02c1 0C       		.uleb128 0xc
 533 02c2 723700   		.ascii	"r7\000"
 534 02c5 08       		.byte	0x8
 535 02c6 2201     		.2byte	0x122
 536 02c8 83020000 		.4byte	0x283
 537 02cc 0C       		.byte	0xc
 538 02cd 0C       		.uleb128 0xc
 539 02ce 723800   		.ascii	"r8\000"
 540 02d1 08       		.byte	0x8
 541 02d2 2301     		.2byte	0x123
 542 02d4 83020000 		.4byte	0x283
 543 02d8 10       		.byte	0x10
 544 02d9 0C       		.uleb128 0xc
 545 02da 723900   		.ascii	"r9\000"
 546 02dd 08       		.byte	0x8
 547 02de 2401     		.2byte	0x124
 548 02e0 83020000 		.4byte	0x283
 549 02e4 14       		.byte	0x14
 550 02e5 0C       		.uleb128 0xc
 551 02e6 72313000 		.ascii	"r10\000"
 552 02ea 08       		.byte	0x8
 553 02eb 2501     		.2byte	0x125
 554 02ed 83020000 		.4byte	0x283
 555 02f1 18       		.byte	0x18
 556 02f2 0C       		.uleb128 0xc
 557 02f3 72313100 		.ascii	"r11\000"
 558 02f7 08       		.byte	0x8
 559 02f8 2601     		.2byte	0x126
 560 02fa 83020000 		.4byte	0x283
 561 02fe 1C       		.byte	0x1c
 562 02ff 0C       		.uleb128 0xc
 563 0300 6C7200   		.ascii	"lr\000"
 564 0303 08       		.byte	0x8
 565 0304 2701     		.2byte	0x127
 566 0306 83020000 		.4byte	0x283
 567 030a 20       		.byte	0x20
 568 030b 00       		.byte	0
ARM GAS  /tmp/ccBqkDGy.s 			page 11


 569 030c 0B       		.uleb128 0xb
 570 030d 46050000 		.4byte	.LASF51
 571 0311 04       		.byte	0x4
 572 0312 08       		.byte	0x8
 573 0313 3101     		.2byte	0x131
 574 0315 27030000 		.4byte	0x327
 575 0319 0C       		.uleb128 0xc
 576 031a 72313300 		.ascii	"r13\000"
 577 031e 08       		.byte	0x8
 578 031f 3201     		.2byte	0x132
 579 0321 27030000 		.4byte	0x327
 580 0325 00       		.byte	0
 581 0326 00       		.byte	0
 582 0327 09       		.uleb128 0x9
 583 0328 04       		.byte	0x4
 584 0329 90020000 		.4byte	0x290
 585 032d 0D       		.uleb128 0xd
 586 032e BF000000 		.4byte	0xbf
 587 0332 04       		.uleb128 0x4
 588 0333 04       		.byte	0x4
 589 0334 07       		.byte	0x7
 590 0335 9A020000 		.4byte	.LASF52
 591 0339 0D       		.uleb128 0xd
 592 033a 1E010000 		.4byte	0x11e
 593 033e 05       		.uleb128 0x5
 594 033f A9020000 		.4byte	.LASF53
 595 0343 10       		.byte	0x10
 596 0344 09       		.byte	0x9
 597 0345 2C       		.byte	0x2c
 598 0346 6F030000 		.4byte	0x36f
 599 034a 06       		.uleb128 0x6
 600 034b F6000000 		.4byte	.LASF54
 601 034f 09       		.byte	0x9
 602 0350 2D       		.byte	0x2d
 603 0351 58020000 		.4byte	0x258
 604 0355 00       		.byte	0
 605 0356 06       		.uleb128 0x6
 606 0357 C5050000 		.4byte	.LASF55
 607 035b 09       		.byte	0x9
 608 035c 2F       		.byte	0x2f
 609 035d 52020000 		.4byte	0x252
 610 0361 08       		.byte	0x8
 611 0362 06       		.uleb128 0x6
 612 0363 FD040000 		.4byte	.LASF56
 613 0367 09       		.byte	0x9
 614 0368 31       		.byte	0x31
 615 0369 6F030000 		.4byte	0x36f
 616 036d 0C       		.byte	0xc
 617 036e 00       		.byte	0
 618 036f 09       		.uleb128 0x9
 619 0370 04       		.byte	0x4
 620 0371 3E030000 		.4byte	0x33e
 621 0375 03       		.uleb128 0x3
 622 0376 A9020000 		.4byte	.LASF53
 623 037a 09       		.byte	0x9
 624 037b 33       		.byte	0x33
 625 037c 3E030000 		.4byte	0x33e
ARM GAS  /tmp/ccBqkDGy.s 			page 12


 626 0380 0E       		.uleb128 0xe
 627 0381 04       		.byte	0x4
 628 0382 07       		.byte	0x7
 629 0383 96       		.byte	0x96
 630 0384 B5030000 		.4byte	0x3b5
 631 0388 0F       		.uleb128 0xf
 632 0389 12000000 		.4byte	.LASF57
 633 038d 07       		.byte	0x7
 634 038e 9D       		.byte	0x9d
 635 038f 08010000 		.4byte	0x108
 636 0393 0F       		.uleb128 0xf
 637 0394 6F000000 		.4byte	.LASF58
 638 0398 07       		.byte	0x7
 639 0399 A4       		.byte	0xa4
 640 039a 08010000 		.4byte	0x108
 641 039e 0F       		.uleb128 0xf
 642 039f 9F050000 		.4byte	.LASF59
 643 03a3 07       		.byte	0x7
 644 03a4 AB       		.byte	0xab
 645 03a5 8E020000 		.4byte	0x28e
 646 03a9 0F       		.uleb128 0xf
 647 03aa 99030000 		.4byte	.LASF60
 648 03ae 07       		.byte	0x7
 649 03af B2       		.byte	0xb2
 650 03b0 13010000 		.4byte	0x113
 651 03b4 00       		.byte	0
 652 03b5 09       		.uleb128 0x9
 653 03b6 04       		.byte	0x4
 654 03b7 BB030000 		.4byte	0x3bb
 655 03bb 10       		.uleb128 0x10
 656 03bc C0030000 		.4byte	0x3c0
 657 03c0 04       		.uleb128 0x4
 658 03c1 01       		.byte	0x1
 659 03c2 08       		.byte	0x8
 660 03c3 FF030000 		.4byte	.LASF61
 661 03c7 09       		.uleb128 0x9
 662 03c8 04       		.byte	0x4
 663 03c9 75030000 		.4byte	0x375
 664 03cd 0D       		.uleb128 0xd
 665 03ce A9000000 		.4byte	0xa9
 666 03d2 0D       		.uleb128 0xd
 667 03d3 B4000000 		.4byte	0xb4
 668 03d7 11       		.uleb128 0x11
 669 03d8 18       		.byte	0x18
 670 03d9 0A       		.byte	0xa
 671 03da B102     		.2byte	0x2b1
 672 03dc 2E040000 		.4byte	0x42e
 673 03e0 0C       		.uleb128 0xc
 674 03e1 435200   		.ascii	"CR\000"
 675 03e4 0A       		.byte	0xa
 676 03e5 B302     		.2byte	0x2b3
 677 03e7 2D030000 		.4byte	0x32d
 678 03eb 00       		.byte	0
 679 03ec 12       		.uleb128 0x12
 680 03ed 23050000 		.4byte	.LASF62
 681 03f1 0A       		.byte	0xa
 682 03f2 B402     		.2byte	0x2b4
ARM GAS  /tmp/ccBqkDGy.s 			page 13


 683 03f4 2D030000 		.4byte	0x32d
 684 03f8 04       		.byte	0x4
 685 03f9 0C       		.uleb128 0xc
 686 03fa 50415200 		.ascii	"PAR\000"
 687 03fe 0A       		.byte	0xa
 688 03ff B502     		.2byte	0x2b5
 689 0401 2D030000 		.4byte	0x32d
 690 0405 08       		.byte	0x8
 691 0406 12       		.uleb128 0x12
 692 0407 06000000 		.4byte	.LASF63
 693 040b 0A       		.byte	0xa
 694 040c B602     		.2byte	0x2b6
 695 040e 2D030000 		.4byte	0x32d
 696 0412 0C       		.byte	0xc
 697 0413 12       		.uleb128 0x12
 698 0414 5F050000 		.4byte	.LASF64
 699 0418 0A       		.byte	0xa
 700 0419 B702     		.2byte	0x2b7
 701 041b 2D030000 		.4byte	0x32d
 702 041f 10       		.byte	0x10
 703 0420 0C       		.uleb128 0xc
 704 0421 46435200 		.ascii	"FCR\000"
 705 0425 0A       		.byte	0xa
 706 0426 B802     		.2byte	0x2b8
 707 0428 2D030000 		.4byte	0x32d
 708 042c 14       		.byte	0x14
 709 042d 00       		.byte	0
 710 042e 13       		.uleb128 0x13
 711 042f 28050000 		.4byte	.LASF65
 712 0433 0A       		.byte	0xa
 713 0434 B902     		.2byte	0x2b9
 714 0436 D7030000 		.4byte	0x3d7
 715 043a 11       		.uleb128 0x11
 716 043b 24       		.byte	0x24
 717 043c 0A       		.byte	0xa
 718 043d E304     		.2byte	0x4e3
 719 043f 2C050000 		.4byte	0x52c
 720 0443 0C       		.uleb128 0xc
 721 0444 43523100 		.ascii	"CR1\000"
 722 0448 0A       		.byte	0xa
 723 0449 E504     		.2byte	0x4e5
 724 044b CD030000 		.4byte	0x3cd
 725 044f 00       		.byte	0
 726 0450 12       		.uleb128 0x12
 727 0451 DF020000 		.4byte	.LASF66
 728 0455 0A       		.byte	0xa
 729 0456 E604     		.2byte	0x4e6
 730 0458 A9000000 		.4byte	0xa9
 731 045c 02       		.byte	0x2
 732 045d 0C       		.uleb128 0xc
 733 045e 43523200 		.ascii	"CR2\000"
 734 0462 0A       		.byte	0xa
 735 0463 E704     		.2byte	0x4e7
 736 0465 CD030000 		.4byte	0x3cd
 737 0469 04       		.byte	0x4
 738 046a 12       		.uleb128 0x12
 739 046b E9020000 		.4byte	.LASF67
ARM GAS  /tmp/ccBqkDGy.s 			page 14


 740 046f 0A       		.byte	0xa
 741 0470 E804     		.2byte	0x4e8
 742 0472 A9000000 		.4byte	0xa9
 743 0476 06       		.byte	0x6
 744 0477 0C       		.uleb128 0xc
 745 0478 535200   		.ascii	"SR\000"
 746 047b 0A       		.byte	0xa
 747 047c E904     		.2byte	0x4e9
 748 047e CD030000 		.4byte	0x3cd
 749 0482 08       		.byte	0x8
 750 0483 12       		.uleb128 0x12
 751 0484 F3020000 		.4byte	.LASF68
 752 0488 0A       		.byte	0xa
 753 0489 EA04     		.2byte	0x4ea
 754 048b A9000000 		.4byte	0xa9
 755 048f 0A       		.byte	0xa
 756 0490 0C       		.uleb128 0xc
 757 0491 445200   		.ascii	"DR\000"
 758 0494 0A       		.byte	0xa
 759 0495 EB04     		.2byte	0x4eb
 760 0497 CD030000 		.4byte	0x3cd
 761 049b 0C       		.byte	0xc
 762 049c 12       		.uleb128 0x12
 763 049d FD020000 		.4byte	.LASF69
 764 04a1 0A       		.byte	0xa
 765 04a2 EC04     		.2byte	0x4ec
 766 04a4 A9000000 		.4byte	0xa9
 767 04a8 0E       		.byte	0xe
 768 04a9 12       		.uleb128 0x12
 769 04aa 63000000 		.4byte	.LASF70
 770 04ae 0A       		.byte	0xa
 771 04af ED04     		.2byte	0x4ed
 772 04b1 CD030000 		.4byte	0x3cd
 773 04b5 10       		.byte	0x10
 774 04b6 12       		.uleb128 0x12
 775 04b7 07030000 		.4byte	.LASF71
 776 04bb 0A       		.byte	0xa
 777 04bc EE04     		.2byte	0x4ee
 778 04be A9000000 		.4byte	0xa9
 779 04c2 12       		.byte	0x12
 780 04c3 12       		.uleb128 0x12
 781 04c4 8B050000 		.4byte	.LASF72
 782 04c8 0A       		.byte	0xa
 783 04c9 EF04     		.2byte	0x4ef
 784 04cb CD030000 		.4byte	0x3cd
 785 04cf 14       		.byte	0x14
 786 04d0 12       		.uleb128 0x12
 787 04d1 C6030000 		.4byte	.LASF73
 788 04d5 0A       		.byte	0xa
 789 04d6 F004     		.2byte	0x4f0
 790 04d8 A9000000 		.4byte	0xa9
 791 04dc 16       		.byte	0x16
 792 04dd 12       		.uleb128 0x12
 793 04de D8020000 		.4byte	.LASF74
 794 04e2 0A       		.byte	0xa
 795 04e3 F104     		.2byte	0x4f1
 796 04e5 CD030000 		.4byte	0x3cd
ARM GAS  /tmp/ccBqkDGy.s 			page 15


 797 04e9 18       		.byte	0x18
 798 04ea 12       		.uleb128 0x12
 799 04eb 18030000 		.4byte	.LASF75
 800 04ef 0A       		.byte	0xa
 801 04f0 F204     		.2byte	0x4f2
 802 04f2 A9000000 		.4byte	0xa9
 803 04f6 1A       		.byte	0x1a
 804 04f7 12       		.uleb128 0x12
 805 04f8 EE000000 		.4byte	.LASF76
 806 04fc 0A       		.byte	0xa
 807 04fd F304     		.2byte	0x4f3
 808 04ff CD030000 		.4byte	0x3cd
 809 0503 1C       		.byte	0x1c
 810 0504 12       		.uleb128 0x12
 811 0505 22030000 		.4byte	.LASF77
 812 0509 0A       		.byte	0xa
 813 050a F404     		.2byte	0x4f4
 814 050c A9000000 		.4byte	0xa9
 815 0510 1E       		.byte	0x1e
 816 0511 12       		.uleb128 0x12
 817 0512 94020000 		.4byte	.LASF78
 818 0516 0A       		.byte	0xa
 819 0517 F504     		.2byte	0x4f5
 820 0519 CD030000 		.4byte	0x3cd
 821 051d 20       		.byte	0x20
 822 051e 12       		.uleb128 0x12
 823 051f 2C030000 		.4byte	.LASF79
 824 0523 0A       		.byte	0xa
 825 0524 F604     		.2byte	0x4f6
 826 0526 A9000000 		.4byte	0xa9
 827 052a 22       		.byte	0x22
 828 052b 00       		.byte	0
 829 052c 13       		.uleb128 0x13
 830 052d F3030000 		.4byte	.LASF80
 831 0531 0A       		.byte	0xa
 832 0532 F704     		.2byte	0x4f7
 833 0534 3A040000 		.4byte	0x43a
 834 0538 08       		.uleb128 0x8
 835 0539 0C       		.byte	0xc
 836 053a 0B       		.byte	0xb
 837 053b DA       		.byte	0xda
 838 053c 7D050000 		.4byte	0x57d
 839 0540 06       		.uleb128 0x6
 840 0541 35000000 		.4byte	.LASF81
 841 0545 0B       		.byte	0xb
 842 0546 DB       		.byte	0xdb
 843 0547 7D050000 		.4byte	0x57d
 844 054b 00       		.byte	0
 845 054c 06       		.uleb128 0x6
 846 054d C1030000 		.4byte	.LASF82
 847 0551 0B       		.byte	0xb
 848 0552 DC       		.byte	0xdc
 849 0553 83050000 		.4byte	0x583
 850 0557 04       		.byte	0x4
 851 0558 06       		.uleb128 0x6
 852 0559 3D020000 		.4byte	.LASF83
 853 055d 0B       		.byte	0xb
ARM GAS  /tmp/ccBqkDGy.s 			page 16


 854 055e DD       		.byte	0xdd
 855 055f 9E000000 		.4byte	0x9e
 856 0563 08       		.byte	0x8
 857 0564 06       		.uleb128 0x6
 858 0565 95010000 		.4byte	.LASF84
 859 0569 0B       		.byte	0xb
 860 056a DF       		.byte	0xdf
 861 056b 9E000000 		.4byte	0x9e
 862 056f 09       		.byte	0x9
 863 0570 06       		.uleb128 0x6
 864 0571 78000000 		.4byte	.LASF85
 865 0575 0B       		.byte	0xb
 866 0576 E0       		.byte	0xe0
 867 0577 9E000000 		.4byte	0x9e
 868 057b 0A       		.byte	0xa
 869 057c 00       		.byte	0
 870 057d 09       		.uleb128 0x9
 871 057e 04       		.byte	0x4
 872 057f 2E040000 		.4byte	0x42e
 873 0583 09       		.uleb128 0x9
 874 0584 04       		.byte	0x4
 875 0585 2D030000 		.4byte	0x32d
 876 0589 03       		.uleb128 0x3
 877 058a 60030000 		.4byte	.LASF86
 878 058e 0B       		.byte	0xb
 879 058f E1       		.byte	0xe1
 880 0590 38050000 		.4byte	0x538
 881 0594 08       		.uleb128 0x8
 882 0595 04       		.byte	0x4
 883 0596 0C       		.byte	0xc
 884 0597 96       		.byte	0x96
 885 0598 B5050000 		.4byte	0x5b5
 886 059c 07       		.uleb128 0x7
 887 059d 73657400 		.ascii	"set\000"
 888 05a1 0C       		.byte	0xc
 889 05a2 97       		.byte	0x97
 890 05a3 A9000000 		.4byte	0xa9
 891 05a7 00       		.byte	0
 892 05a8 06       		.uleb128 0x6
 893 05a9 A3020000 		.4byte	.LASF87
 894 05ad 0C       		.byte	0xc
 895 05ae 98       		.byte	0x98
 896 05af A9000000 		.4byte	0xa9
 897 05b3 02       		.byte	0x2
 898 05b4 00       		.byte	0
 899 05b5 0E       		.uleb128 0xe
 900 05b6 04       		.byte	0x4
 901 05b7 0C       		.byte	0xc
 902 05b8 94       		.byte	0x94
 903 05b9 D0050000 		.4byte	0x5d0
 904 05bd 14       		.uleb128 0x14
 905 05be 5700     		.ascii	"W\000"
 906 05c0 0C       		.byte	0xc
 907 05c1 95       		.byte	0x95
 908 05c2 BF000000 		.4byte	0xbf
 909 05c6 14       		.uleb128 0x14
 910 05c7 4800     		.ascii	"H\000"
ARM GAS  /tmp/ccBqkDGy.s 			page 17


 911 05c9 0C       		.byte	0xc
 912 05ca 99       		.byte	0x99
 913 05cb 94050000 		.4byte	0x594
 914 05cf 00       		.byte	0
 915 05d0 08       		.uleb128 0x8
 916 05d1 28       		.byte	0x28
 917 05d2 0C       		.byte	0xc
 918 05d3 8C       		.byte	0x8c
 919 05d4 51060000 		.4byte	0x651
 920 05d8 06       		.uleb128 0x6
 921 05d9 3C000000 		.4byte	.LASF88
 922 05dd 0C       		.byte	0xc
 923 05de 8E       		.byte	0x8e
 924 05df 2D030000 		.4byte	0x32d
 925 05e3 00       		.byte	0
 926 05e4 06       		.uleb128 0x6
 927 05e5 19000000 		.4byte	.LASF89
 928 05e9 0C       		.byte	0xc
 929 05ea 8F       		.byte	0x8f
 930 05eb 2D030000 		.4byte	0x32d
 931 05ef 04       		.byte	0x4
 932 05f0 06       		.uleb128 0x6
 933 05f1 71010000 		.4byte	.LASF90
 934 05f5 0C       		.byte	0xc
 935 05f6 90       		.byte	0x90
 936 05f7 2D030000 		.4byte	0x32d
 937 05fb 08       		.byte	0x8
 938 05fc 06       		.uleb128 0x6
 939 05fd 69000000 		.4byte	.LASF91
 940 0601 0C       		.byte	0xc
 941 0602 91       		.byte	0x91
 942 0603 2D030000 		.4byte	0x32d
 943 0607 0C       		.byte	0xc
 944 0608 07       		.uleb128 0x7
 945 0609 49445200 		.ascii	"IDR\000"
 946 060d 0C       		.byte	0xc
 947 060e 92       		.byte	0x92
 948 060f 2D030000 		.4byte	0x32d
 949 0613 10       		.byte	0x10
 950 0614 07       		.uleb128 0x7
 951 0615 4F445200 		.ascii	"ODR\000"
 952 0619 0C       		.byte	0xc
 953 061a 93       		.byte	0x93
 954 061b 2D030000 		.4byte	0x32d
 955 061f 14       		.byte	0x14
 956 0620 06       		.uleb128 0x6
 957 0621 E0000000 		.4byte	.LASF92
 958 0625 0C       		.byte	0xc
 959 0626 9A       		.byte	0x9a
 960 0627 51060000 		.4byte	0x651
 961 062b 18       		.byte	0x18
 962 062c 06       		.uleb128 0x6
 963 062d 38020000 		.4byte	.LASF93
 964 0631 0C       		.byte	0xc
 965 0632 9B       		.byte	0x9b
 966 0633 2D030000 		.4byte	0x32d
 967 0637 1C       		.byte	0x1c
ARM GAS  /tmp/ccBqkDGy.s 			page 18


 968 0638 06       		.uleb128 0x6
 969 0639 D3020000 		.4byte	.LASF94
 970 063d 0C       		.byte	0xc
 971 063e 9C       		.byte	0x9c
 972 063f 2D030000 		.4byte	0x32d
 973 0643 20       		.byte	0x20
 974 0644 06       		.uleb128 0x6
 975 0645 CE020000 		.4byte	.LASF95
 976 0649 0C       		.byte	0xc
 977 064a 9D       		.byte	0x9d
 978 064b 2D030000 		.4byte	0x32d
 979 064f 24       		.byte	0x24
 980 0650 00       		.byte	0
 981 0651 0D       		.uleb128 0xd
 982 0652 B5050000 		.4byte	0x5b5
 983 0656 03       		.uleb128 0x3
 984 0657 5E010000 		.4byte	.LASF96
 985 065b 0C       		.byte	0xc
 986 065c 9E       		.byte	0x9e
 987 065d D0050000 		.4byte	0x5d0
 988 0661 03       		.uleb128 0x3
 989 0662 3B050000 		.4byte	.LASF97
 990 0666 0C       		.byte	0xc
 991 0667 FD       		.byte	0xfd
 992 0668 6C060000 		.4byte	0x66c
 993 066c 09       		.uleb128 0x9
 994 066d 04       		.byte	0x4
 995 066e 56060000 		.4byte	0x656
 996 0672 09       		.uleb128 0x9
 997 0673 04       		.byte	0x4
 998 0674 78060000 		.4byte	0x678
 999 0678 10       		.uleb128 0x10
 1000 0679 89050000 		.4byte	0x589
 1001 067d 15       		.uleb128 0x15
 1002 067e 01       		.byte	0x1
 1003 067f 0D       		.byte	0xd
 1004 0680 55       		.byte	0x55
 1005 0681 A4060000 		.4byte	0x6a4
 1006 0685 16       		.uleb128 0x16
 1007 0686 64050000 		.4byte	.LASF98
 1008 068a 00       		.sleb128 0
 1009 068b 16       		.uleb128 0x16
 1010 068c E5000000 		.4byte	.LASF99
 1011 0690 01       		.sleb128 1
 1012 0691 16       		.uleb128 0x16
 1013 0692 59000000 		.4byte	.LASF100
 1014 0696 02       		.sleb128 2
 1015 0697 16       		.uleb128 0x16
 1016 0698 2A000000 		.4byte	.LASF101
 1017 069c 03       		.sleb128 3
 1018 069d 16       		.uleb128 0x16
 1019 069e 04040000 		.4byte	.LASF102
 1020 06a2 04       		.sleb128 4
 1021 06a3 00       		.byte	0
 1022 06a4 03       		.uleb128 0x3
 1023 06a5 65020000 		.4byte	.LASF103
 1024 06a9 0D       		.byte	0xd
ARM GAS  /tmp/ccBqkDGy.s 			page 19


 1025 06aa 5B       		.byte	0x5b
 1026 06ab 7D060000 		.4byte	0x67d
 1027 06af 13       		.uleb128 0x13
 1028 06b0 95000000 		.4byte	.LASF104
 1029 06b4 0E       		.byte	0xe
 1030 06b5 E701     		.2byte	0x1e7
 1031 06b7 BB060000 		.4byte	0x6bb
 1032 06bb 0B       		.uleb128 0xb
 1033 06bc 95000000 		.4byte	.LASF104
 1034 06c0 30       		.byte	0x30
 1035 06c1 0E       		.byte	0xe
 1036 06c2 0B02     		.2byte	0x20b
 1037 06c4 3E070000 		.4byte	0x73e
 1038 06c8 12       		.uleb128 0x12
 1039 06c9 16010000 		.4byte	.LASF105
 1040 06cd 0E       		.byte	0xe
 1041 06ce 0F02     		.2byte	0x20f
 1042 06d0 A4060000 		.4byte	0x6a4
 1043 06d4 00       		.byte	0
 1044 06d5 12       		.uleb128 0x12
 1045 06d6 11040000 		.4byte	.LASF106
 1046 06da 0E       		.byte	0xe
 1047 06db 1302     		.2byte	0x213
 1048 06dd AB070000 		.4byte	0x7ab
 1049 06e1 04       		.byte	0x4
 1050 06e2 12       		.uleb128 0x12
 1051 06e3 2E010000 		.4byte	.LASF107
 1052 06e7 0E       		.byte	0xe
 1053 06e8 1802     		.2byte	0x218
 1054 06ea 52020000 		.4byte	0x252
 1055 06ee 08       		.byte	0x8
 1056 06ef 12       		.uleb128 0x12
 1057 06f0 3E030000 		.4byte	.LASF108
 1058 06f4 0E       		.byte	0xe
 1059 06f5 1F02     		.2byte	0x21f
 1060 06f7 75030000 		.4byte	0x375
 1061 06fb 0C       		.byte	0xc
 1062 06fc 0C       		.uleb128 0xc
 1063 06fd 73706900 		.ascii	"spi\000"
 1064 0701 0E       		.byte	0xe
 1065 0702 2B02     		.2byte	0x22b
 1066 0704 B6070000 		.4byte	0x7b6
 1067 0708 1C       		.byte	0x1c
 1068 0709 12       		.uleb128 0x12
 1069 070a 00000000 		.4byte	.LASF109
 1070 070e 0E       		.byte	0xe
 1071 070f 2F02     		.2byte	0x22f
 1072 0711 72060000 		.4byte	0x672
 1073 0715 20       		.byte	0x20
 1074 0716 12       		.uleb128 0x12
 1075 0717 6B010000 		.4byte	.LASF110
 1076 071b 0E       		.byte	0xe
 1077 071c 3302     		.2byte	0x233
 1078 071e 72060000 		.4byte	0x672
 1079 0722 24       		.byte	0x24
 1080 0723 12       		.uleb128 0x12
 1081 0724 54010000 		.4byte	.LASF111
ARM GAS  /tmp/ccBqkDGy.s 			page 20


 1082 0728 0E       		.byte	0xe
 1083 0729 3702     		.2byte	0x237
 1084 072b BF000000 		.4byte	0xbf
 1085 072f 28       		.byte	0x28
 1086 0730 12       		.uleb128 0x12
 1087 0731 C4020000 		.4byte	.LASF112
 1088 0735 0E       		.byte	0xe
 1089 0736 3B02     		.2byte	0x23b
 1090 0738 BF000000 		.4byte	0xbf
 1091 073c 2C       		.byte	0x2c
 1092 073d 00       		.byte	0
 1093 073e 13       		.uleb128 0x13
 1094 073f 08010000 		.4byte	.LASF113
 1095 0743 0E       		.byte	0xe
 1096 0744 EF01     		.2byte	0x1ef
 1097 0746 4A070000 		.4byte	0x74a
 1098 074a 09       		.uleb128 0x9
 1099 074b 04       		.byte	0x4
 1100 074c 50070000 		.4byte	0x750
 1101 0750 17       		.uleb128 0x17
 1102 0751 5B070000 		.4byte	0x75b
 1103 0755 18       		.uleb128 0x18
 1104 0756 5B070000 		.4byte	0x75b
 1105 075a 00       		.byte	0
 1106 075b 09       		.uleb128 0x9
 1107 075c 04       		.byte	0x4
 1108 075d AF060000 		.4byte	0x6af
 1109 0761 11       		.uleb128 0x11
 1110 0762 0C       		.byte	0xc
 1111 0763 0E       		.byte	0xe
 1112 0764 F401     		.2byte	0x1f4
 1113 0766 9F070000 		.4byte	0x79f
 1114 076a 12       		.uleb128 0x12
 1115 076b 4D010000 		.4byte	.LASF114
 1116 076f 0E       		.byte	0xe
 1117 0770 F801     		.2byte	0x1f8
 1118 0772 3E070000 		.4byte	0x73e
 1119 0776 00       		.byte	0
 1120 0777 12       		.uleb128 0x12
 1121 0778 9F000000 		.4byte	.LASF115
 1122 077c 0E       		.byte	0xe
 1123 077d FD01     		.2byte	0x1fd
 1124 077f 61060000 		.4byte	0x661
 1125 0783 04       		.byte	0x4
 1126 0784 12       		.uleb128 0x12
 1127 0785 C0000000 		.4byte	.LASF116
 1128 0789 0E       		.byte	0xe
 1129 078a 0102     		.2byte	0x201
 1130 078c A9000000 		.4byte	0xa9
 1131 0790 08       		.byte	0x8
 1132 0791 0C       		.uleb128 0xc
 1133 0792 63723100 		.ascii	"cr1\000"
 1134 0796 0E       		.byte	0xe
 1135 0797 0502     		.2byte	0x205
 1136 0799 A9000000 		.4byte	0xa9
 1137 079d 0A       		.byte	0xa
 1138 079e 00       		.byte	0
ARM GAS  /tmp/ccBqkDGy.s 			page 21


 1139 079f 13       		.uleb128 0x13
 1140 07a0 B5050000 		.4byte	.LASF117
 1141 07a4 0E       		.byte	0xe
 1142 07a5 0602     		.2byte	0x206
 1143 07a7 61070000 		.4byte	0x761
 1144 07ab 09       		.uleb128 0x9
 1145 07ac 04       		.byte	0x4
 1146 07ad B1070000 		.4byte	0x7b1
 1147 07b1 10       		.uleb128 0x10
 1148 07b2 9F070000 		.4byte	0x79f
 1149 07b6 09       		.uleb128 0x9
 1150 07b7 04       		.byte	0x4
 1151 07b8 2C050000 		.4byte	0x52c
 1152 07bc 19       		.uleb128 0x19
 1153 07bd 6F050000 		.4byte	.LASF127
 1154 07c1 01       		.byte	0x1
 1155 07c2 3C       		.byte	0x3c
 1156 07c3 9E000000 		.4byte	0x9e
 1157 07c7 00000000 		.4byte	.LFB118
 1158 07cb 38000000 		.4byte	.LFE118-.LFB118
 1159 07cf 01       		.uleb128 0x1
 1160 07d0 9C       		.byte	0x9c
 1161 07d1 3D080000 		.4byte	0x83d
 1162 07d5 1A       		.uleb128 0x1a
 1163 07d6 9A050000 		.4byte	.LASF118
 1164 07da 01       		.byte	0x1
 1165 07db 3C       		.byte	0x3c
 1166 07dc 5B070000 		.4byte	0x75b
 1167 07e0 00000000 		.4byte	.LLST0
 1168 07e4 1B       		.uleb128 0x1b
 1169 07e5 72656700 		.ascii	"reg\000"
 1170 07e9 01       		.byte	0x1
 1171 07ea 3C       		.byte	0x3c
 1172 07eb 9E000000 		.4byte	0x9e
 1173 07ef 2C000000 		.4byte	.LLST1
 1174 07f3 1C       		.uleb128 0x1c
 1175 07f4 0E000000 		.4byte	.LVL1
 1176 07f8 FA080000 		.4byte	0x8fa
 1177 07fc 07080000 		.4byte	0x807
 1178 0800 1D       		.uleb128 0x1d
 1179 0801 01       		.uleb128 0x1
 1180 0802 50       		.byte	0x50
 1181 0803 02       		.uleb128 0x2
 1182 0804 76       		.byte	0x76
 1183 0805 00       		.sleb128 0
 1184 0806 00       		.byte	0
 1185 0807 1C       		.uleb128 0x1c
 1186 0808 26000000 		.4byte	.LVL2
 1187 080c 0C090000 		.4byte	0x90c
 1188 0810 2C080000 		.4byte	0x82c
 1189 0814 1D       		.uleb128 0x1d
 1190 0815 01       		.uleb128 0x1
 1191 0816 53       		.byte	0x53
 1192 0817 02       		.uleb128 0x2
 1193 0818 75       		.byte	0x75
 1194 0819 00       		.sleb128 0
 1195 081a 1D       		.uleb128 0x1d
ARM GAS  /tmp/ccBqkDGy.s 			page 22


 1196 081b 01       		.uleb128 0x1
 1197 081c 52       		.byte	0x52
 1198 081d 02       		.uleb128 0x2
 1199 081e 74       		.byte	0x74
 1200 081f 00       		.sleb128 0
 1201 0820 1D       		.uleb128 0x1d
 1202 0821 01       		.uleb128 0x1
 1203 0822 51       		.byte	0x51
 1204 0823 01       		.uleb128 0x1
 1205 0824 32       		.byte	0x32
 1206 0825 1D       		.uleb128 0x1d
 1207 0826 01       		.uleb128 0x1
 1208 0827 50       		.byte	0x50
 1209 0828 02       		.uleb128 0x2
 1210 0829 76       		.byte	0x76
 1211 082a 00       		.sleb128 0
 1212 082b 00       		.byte	0
 1213 082c 1E       		.uleb128 0x1e
 1214 082d 2C000000 		.4byte	.LVL3
 1215 0831 34090000 		.4byte	0x934
 1216 0835 1D       		.uleb128 0x1d
 1217 0836 01       		.uleb128 0x1
 1218 0837 50       		.byte	0x50
 1219 0838 02       		.uleb128 0x2
 1220 0839 76       		.byte	0x76
 1221 083a 00       		.sleb128 0
 1222 083b 00       		.byte	0
 1223 083c 00       		.byte	0
 1224 083d 1F       		.uleb128 0x1f
 1225 083e 7F000000 		.4byte	.LASF128
 1226 0842 01       		.byte	0x1
 1227 0843 4E       		.byte	0x4e
 1228 0844 00000000 		.4byte	.LFB119
 1229 0848 48000000 		.4byte	.LFE119-.LFB119
 1230 084c 01       		.uleb128 0x1
 1231 084d 9C       		.byte	0x9c
 1232 084e BC080000 		.4byte	0x8bc
 1233 0852 1A       		.uleb128 0x1a
 1234 0853 9A050000 		.4byte	.LASF118
 1235 0857 01       		.byte	0x1
 1236 0858 4E       		.byte	0x4e
 1237 0859 5B070000 		.4byte	0x75b
 1238 085d 4D000000 		.4byte	.LLST2
 1239 0861 1B       		.uleb128 0x1b
 1240 0862 72656700 		.ascii	"reg\000"
 1241 0866 01       		.byte	0x1
 1242 0867 4E       		.byte	0x4e
 1243 0868 9E000000 		.4byte	0x9e
 1244 086c 84000000 		.4byte	.LLST3
 1245 0870 1A       		.uleb128 0x1a
 1246 0871 AB010000 		.4byte	.LASF119
 1247 0875 01       		.byte	0x1
 1248 0876 4E       		.byte	0x4e
 1249 0877 9E000000 		.4byte	0x9e
 1250 087b A5000000 		.4byte	.LLST4
 1251 087f 20       		.uleb128 0x20
 1252 0880 24000000 		.4byte	.LVL7
ARM GAS  /tmp/ccBqkDGy.s 			page 23


 1253 0884 FA080000 		.4byte	0x8fa
 1254 0888 1C       		.uleb128 0x1c
 1255 0889 34000000 		.4byte	.LVL8
 1256 088d 46090000 		.4byte	0x946
 1257 0891 AA080000 		.4byte	0x8aa
 1258 0895 1D       		.uleb128 0x1d
 1259 0896 01       		.uleb128 0x1
 1260 0897 52       		.byte	0x52
 1261 0898 05       		.uleb128 0x5
 1262 0899 03       		.byte	0x3
 1263 089a 00000000 		.4byte	.LANCHOR0
 1264 089e 1D       		.uleb128 0x1d
 1265 089f 01       		.uleb128 0x1
 1266 08a0 51       		.byte	0x51
 1267 08a1 01       		.uleb128 0x1
 1268 08a2 32       		.byte	0x32
 1269 08a3 1D       		.uleb128 0x1d
 1270 08a4 01       		.uleb128 0x1
 1271 08a5 50       		.byte	0x50
 1272 08a6 02       		.uleb128 0x2
 1273 08a7 76       		.byte	0x76
 1274 08a8 00       		.sleb128 0
 1275 08a9 00       		.byte	0
 1276 08aa 21       		.uleb128 0x21
 1277 08ab 3E000000 		.4byte	.LVL10
 1278 08af 34090000 		.4byte	0x934
 1279 08b3 1D       		.uleb128 0x1d
 1280 08b4 01       		.uleb128 0x1
 1281 08b5 50       		.byte	0x50
 1282 08b6 03       		.uleb128 0x3
 1283 08b7 F3       		.byte	0xf3
 1284 08b8 01       		.uleb128 0x1
 1285 08b9 50       		.byte	0x50
 1286 08ba 00       		.byte	0
 1287 08bb 00       		.byte	0
 1288 08bc 22       		.uleb128 0x22
 1289 08bd 9E000000 		.4byte	0x9e
 1290 08c1 CC080000 		.4byte	0x8cc
 1291 08c5 23       		.uleb128 0x23
 1292 08c6 32030000 		.4byte	0x332
 1293 08ca 01       		.byte	0x1
 1294 08cb 00       		.byte	0
 1295 08cc 24       		.uleb128 0x24
 1296 08cd 27020000 		.4byte	.LASF120
 1297 08d1 01       		.byte	0x1
 1298 08d2 29       		.byte	0x29
 1299 08d3 BC080000 		.4byte	0x8bc
 1300 08d7 05       		.uleb128 0x5
 1301 08d8 03       		.byte	0x3
 1302 08d9 00000000 		.4byte	txbuf
 1303 08dd 24       		.uleb128 0x24
 1304 08de B3000000 		.4byte	.LASF121
 1305 08e2 01       		.byte	0x1
 1306 08e3 2A       		.byte	0x2a
 1307 08e4 BC080000 		.4byte	0x8bc
 1308 08e8 05       		.uleb128 0x5
 1309 08e9 03       		.byte	0x3
ARM GAS  /tmp/ccBqkDGy.s 			page 24


 1310 08ea 00000000 		.4byte	rxbuf
 1311 08ee 25       		.uleb128 0x25
 1312 08ef A6000000 		.4byte	.LASF129
 1313 08f3 0F       		.byte	0xf
 1314 08f4 9806     		.2byte	0x698
 1315 08f6 D2030000 		.4byte	0x3d2
 1316 08fa 26       		.uleb128 0x26
 1317 08fb 4E050000 		.4byte	.LASF122
 1318 08ff 0D       		.byte	0xd
 1319 0900 3201     		.2byte	0x132
 1320 0902 0C090000 		.4byte	0x90c
 1321 0906 18       		.uleb128 0x18
 1322 0907 5B070000 		.4byte	0x75b
 1323 090b 00       		.byte	0
 1324 090c 26       		.uleb128 0x26
 1325 090d 88020000 		.4byte	.LASF123
 1326 0911 0D       		.byte	0xd
 1327 0912 3B01     		.2byte	0x13b
 1328 0914 2D090000 		.4byte	0x92d
 1329 0918 18       		.uleb128 0x18
 1330 0919 5B070000 		.4byte	0x75b
 1331 091d 18       		.uleb128 0x18
 1332 091e 28000000 		.4byte	0x28
 1333 0922 18       		.uleb128 0x18
 1334 0923 2D090000 		.4byte	0x92d
 1335 0927 18       		.uleb128 0x18
 1336 0928 8E020000 		.4byte	0x28e
 1337 092c 00       		.byte	0
 1338 092d 09       		.uleb128 0x9
 1339 092e 04       		.byte	0x4
 1340 092f 33090000 		.4byte	0x933
 1341 0933 27       		.uleb128 0x27
 1342 0934 26       		.uleb128 0x26
 1343 0935 9F010000 		.4byte	.LASF124
 1344 0939 0D       		.byte	0xd
 1345 093a 3301     		.2byte	0x133
 1346 093c 46090000 		.4byte	0x946
 1347 0940 18       		.uleb128 0x18
 1348 0941 5B070000 		.4byte	0x75b
 1349 0945 00       		.byte	0
 1350 0946 28       		.uleb128 0x28
 1351 0947 AD050000 		.4byte	.LASF130
 1352 094b 0D       		.byte	0xd
 1353 094c 3C01     		.2byte	0x13c
 1354 094e 18       		.uleb128 0x18
 1355 094f 5B070000 		.4byte	0x75b
 1356 0953 18       		.uleb128 0x18
 1357 0954 28000000 		.4byte	0x28
 1358 0958 18       		.uleb128 0x18
 1359 0959 2D090000 		.4byte	0x92d
 1360 095d 00       		.byte	0
 1361 095e 00       		.byte	0
 1362              		.section	.debug_abbrev,"",%progbits
 1363              	.Ldebug_abbrev0:
 1364 0000 01       		.uleb128 0x1
 1365 0001 11       		.uleb128 0x11
 1366 0002 01       		.byte	0x1
ARM GAS  /tmp/ccBqkDGy.s 			page 25


 1367 0003 25       		.uleb128 0x25
 1368 0004 0E       		.uleb128 0xe
 1369 0005 13       		.uleb128 0x13
 1370 0006 0B       		.uleb128 0xb
 1371 0007 03       		.uleb128 0x3
 1372 0008 0E       		.uleb128 0xe
 1373 0009 55       		.uleb128 0x55
 1374 000a 17       		.uleb128 0x17
 1375 000b 11       		.uleb128 0x11
 1376 000c 01       		.uleb128 0x1
 1377 000d 10       		.uleb128 0x10
 1378 000e 17       		.uleb128 0x17
 1379 000f 00       		.byte	0
 1380 0010 00       		.byte	0
 1381 0011 02       		.uleb128 0x2
 1382 0012 24       		.uleb128 0x24
 1383 0013 00       		.byte	0
 1384 0014 0B       		.uleb128 0xb
 1385 0015 0B       		.uleb128 0xb
 1386 0016 3E       		.uleb128 0x3e
 1387 0017 0B       		.uleb128 0xb
 1388 0018 03       		.uleb128 0x3
 1389 0019 08       		.uleb128 0x8
 1390 001a 00       		.byte	0
 1391 001b 00       		.byte	0
 1392 001c 03       		.uleb128 0x3
 1393 001d 16       		.uleb128 0x16
 1394 001e 00       		.byte	0
 1395 001f 03       		.uleb128 0x3
 1396 0020 0E       		.uleb128 0xe
 1397 0021 3A       		.uleb128 0x3a
 1398 0022 0B       		.uleb128 0xb
 1399 0023 3B       		.uleb128 0x3b
 1400 0024 0B       		.uleb128 0xb
 1401 0025 49       		.uleb128 0x49
 1402 0026 13       		.uleb128 0x13
 1403 0027 00       		.byte	0
 1404 0028 00       		.byte	0
 1405 0029 04       		.uleb128 0x4
 1406 002a 24       		.uleb128 0x24
 1407 002b 00       		.byte	0
 1408 002c 0B       		.uleb128 0xb
 1409 002d 0B       		.uleb128 0xb
 1410 002e 3E       		.uleb128 0x3e
 1411 002f 0B       		.uleb128 0xb
 1412 0030 03       		.uleb128 0x3
 1413 0031 0E       		.uleb128 0xe
 1414 0032 00       		.byte	0
 1415 0033 00       		.byte	0
 1416 0034 05       		.uleb128 0x5
 1417 0035 13       		.uleb128 0x13
 1418 0036 01       		.byte	0x1
 1419 0037 03       		.uleb128 0x3
 1420 0038 0E       		.uleb128 0xe
 1421 0039 0B       		.uleb128 0xb
 1422 003a 0B       		.uleb128 0xb
 1423 003b 3A       		.uleb128 0x3a
ARM GAS  /tmp/ccBqkDGy.s 			page 26


 1424 003c 0B       		.uleb128 0xb
 1425 003d 3B       		.uleb128 0x3b
 1426 003e 0B       		.uleb128 0xb
 1427 003f 01       		.uleb128 0x1
 1428 0040 13       		.uleb128 0x13
 1429 0041 00       		.byte	0
 1430 0042 00       		.byte	0
 1431 0043 06       		.uleb128 0x6
 1432 0044 0D       		.uleb128 0xd
 1433 0045 00       		.byte	0
 1434 0046 03       		.uleb128 0x3
 1435 0047 0E       		.uleb128 0xe
 1436 0048 3A       		.uleb128 0x3a
 1437 0049 0B       		.uleb128 0xb
 1438 004a 3B       		.uleb128 0x3b
 1439 004b 0B       		.uleb128 0xb
 1440 004c 49       		.uleb128 0x49
 1441 004d 13       		.uleb128 0x13
 1442 004e 38       		.uleb128 0x38
 1443 004f 0B       		.uleb128 0xb
 1444 0050 00       		.byte	0
 1445 0051 00       		.byte	0
 1446 0052 07       		.uleb128 0x7
 1447 0053 0D       		.uleb128 0xd
 1448 0054 00       		.byte	0
 1449 0055 03       		.uleb128 0x3
 1450 0056 08       		.uleb128 0x8
 1451 0057 3A       		.uleb128 0x3a
 1452 0058 0B       		.uleb128 0xb
 1453 0059 3B       		.uleb128 0x3b
 1454 005a 0B       		.uleb128 0xb
 1455 005b 49       		.uleb128 0x49
 1456 005c 13       		.uleb128 0x13
 1457 005d 38       		.uleb128 0x38
 1458 005e 0B       		.uleb128 0xb
 1459 005f 00       		.byte	0
 1460 0060 00       		.byte	0
 1461 0061 08       		.uleb128 0x8
 1462 0062 13       		.uleb128 0x13
 1463 0063 01       		.byte	0x1
 1464 0064 0B       		.uleb128 0xb
 1465 0065 0B       		.uleb128 0xb
 1466 0066 3A       		.uleb128 0x3a
 1467 0067 0B       		.uleb128 0xb
 1468 0068 3B       		.uleb128 0x3b
 1469 0069 0B       		.uleb128 0xb
 1470 006a 01       		.uleb128 0x1
 1471 006b 13       		.uleb128 0x13
 1472 006c 00       		.byte	0
 1473 006d 00       		.byte	0
 1474 006e 09       		.uleb128 0x9
 1475 006f 0F       		.uleb128 0xf
 1476 0070 00       		.byte	0
 1477 0071 0B       		.uleb128 0xb
 1478 0072 0B       		.uleb128 0xb
 1479 0073 49       		.uleb128 0x49
 1480 0074 13       		.uleb128 0x13
ARM GAS  /tmp/ccBqkDGy.s 			page 27


 1481 0075 00       		.byte	0
 1482 0076 00       		.byte	0
 1483 0077 0A       		.uleb128 0xa
 1484 0078 0F       		.uleb128 0xf
 1485 0079 00       		.byte	0
 1486 007a 0B       		.uleb128 0xb
 1487 007b 0B       		.uleb128 0xb
 1488 007c 00       		.byte	0
 1489 007d 00       		.byte	0
 1490 007e 0B       		.uleb128 0xb
 1491 007f 13       		.uleb128 0x13
 1492 0080 01       		.byte	0x1
 1493 0081 03       		.uleb128 0x3
 1494 0082 0E       		.uleb128 0xe
 1495 0083 0B       		.uleb128 0xb
 1496 0084 0B       		.uleb128 0xb
 1497 0085 3A       		.uleb128 0x3a
 1498 0086 0B       		.uleb128 0xb
 1499 0087 3B       		.uleb128 0x3b
 1500 0088 05       		.uleb128 0x5
 1501 0089 01       		.uleb128 0x1
 1502 008a 13       		.uleb128 0x13
 1503 008b 00       		.byte	0
 1504 008c 00       		.byte	0
 1505 008d 0C       		.uleb128 0xc
 1506 008e 0D       		.uleb128 0xd
 1507 008f 00       		.byte	0
 1508 0090 03       		.uleb128 0x3
 1509 0091 08       		.uleb128 0x8
 1510 0092 3A       		.uleb128 0x3a
 1511 0093 0B       		.uleb128 0xb
 1512 0094 3B       		.uleb128 0x3b
 1513 0095 05       		.uleb128 0x5
 1514 0096 49       		.uleb128 0x49
 1515 0097 13       		.uleb128 0x13
 1516 0098 38       		.uleb128 0x38
 1517 0099 0B       		.uleb128 0xb
 1518 009a 00       		.byte	0
 1519 009b 00       		.byte	0
 1520 009c 0D       		.uleb128 0xd
 1521 009d 35       		.uleb128 0x35
 1522 009e 00       		.byte	0
 1523 009f 49       		.uleb128 0x49
 1524 00a0 13       		.uleb128 0x13
 1525 00a1 00       		.byte	0
 1526 00a2 00       		.byte	0
 1527 00a3 0E       		.uleb128 0xe
 1528 00a4 17       		.uleb128 0x17
 1529 00a5 01       		.byte	0x1
 1530 00a6 0B       		.uleb128 0xb
 1531 00a7 0B       		.uleb128 0xb
 1532 00a8 3A       		.uleb128 0x3a
 1533 00a9 0B       		.uleb128 0xb
 1534 00aa 3B       		.uleb128 0x3b
 1535 00ab 0B       		.uleb128 0xb
 1536 00ac 01       		.uleb128 0x1
 1537 00ad 13       		.uleb128 0x13
ARM GAS  /tmp/ccBqkDGy.s 			page 28


 1538 00ae 00       		.byte	0
 1539 00af 00       		.byte	0
 1540 00b0 0F       		.uleb128 0xf
 1541 00b1 0D       		.uleb128 0xd
 1542 00b2 00       		.byte	0
 1543 00b3 03       		.uleb128 0x3
 1544 00b4 0E       		.uleb128 0xe
 1545 00b5 3A       		.uleb128 0x3a
 1546 00b6 0B       		.uleb128 0xb
 1547 00b7 3B       		.uleb128 0x3b
 1548 00b8 0B       		.uleb128 0xb
 1549 00b9 49       		.uleb128 0x49
 1550 00ba 13       		.uleb128 0x13
 1551 00bb 00       		.byte	0
 1552 00bc 00       		.byte	0
 1553 00bd 10       		.uleb128 0x10
 1554 00be 26       		.uleb128 0x26
 1555 00bf 00       		.byte	0
 1556 00c0 49       		.uleb128 0x49
 1557 00c1 13       		.uleb128 0x13
 1558 00c2 00       		.byte	0
 1559 00c3 00       		.byte	0
 1560 00c4 11       		.uleb128 0x11
 1561 00c5 13       		.uleb128 0x13
 1562 00c6 01       		.byte	0x1
 1563 00c7 0B       		.uleb128 0xb
 1564 00c8 0B       		.uleb128 0xb
 1565 00c9 3A       		.uleb128 0x3a
 1566 00ca 0B       		.uleb128 0xb
 1567 00cb 3B       		.uleb128 0x3b
 1568 00cc 05       		.uleb128 0x5
 1569 00cd 01       		.uleb128 0x1
 1570 00ce 13       		.uleb128 0x13
 1571 00cf 00       		.byte	0
 1572 00d0 00       		.byte	0
 1573 00d1 12       		.uleb128 0x12
 1574 00d2 0D       		.uleb128 0xd
 1575 00d3 00       		.byte	0
 1576 00d4 03       		.uleb128 0x3
 1577 00d5 0E       		.uleb128 0xe
 1578 00d6 3A       		.uleb128 0x3a
 1579 00d7 0B       		.uleb128 0xb
 1580 00d8 3B       		.uleb128 0x3b
 1581 00d9 05       		.uleb128 0x5
 1582 00da 49       		.uleb128 0x49
 1583 00db 13       		.uleb128 0x13
 1584 00dc 38       		.uleb128 0x38
 1585 00dd 0B       		.uleb128 0xb
 1586 00de 00       		.byte	0
 1587 00df 00       		.byte	0
 1588 00e0 13       		.uleb128 0x13
 1589 00e1 16       		.uleb128 0x16
 1590 00e2 00       		.byte	0
 1591 00e3 03       		.uleb128 0x3
 1592 00e4 0E       		.uleb128 0xe
 1593 00e5 3A       		.uleb128 0x3a
 1594 00e6 0B       		.uleb128 0xb
ARM GAS  /tmp/ccBqkDGy.s 			page 29


 1595 00e7 3B       		.uleb128 0x3b
 1596 00e8 05       		.uleb128 0x5
 1597 00e9 49       		.uleb128 0x49
 1598 00ea 13       		.uleb128 0x13
 1599 00eb 00       		.byte	0
 1600 00ec 00       		.byte	0
 1601 00ed 14       		.uleb128 0x14
 1602 00ee 0D       		.uleb128 0xd
 1603 00ef 00       		.byte	0
 1604 00f0 03       		.uleb128 0x3
 1605 00f1 08       		.uleb128 0x8
 1606 00f2 3A       		.uleb128 0x3a
 1607 00f3 0B       		.uleb128 0xb
 1608 00f4 3B       		.uleb128 0x3b
 1609 00f5 0B       		.uleb128 0xb
 1610 00f6 49       		.uleb128 0x49
 1611 00f7 13       		.uleb128 0x13
 1612 00f8 00       		.byte	0
 1613 00f9 00       		.byte	0
 1614 00fa 15       		.uleb128 0x15
 1615 00fb 04       		.uleb128 0x4
 1616 00fc 01       		.byte	0x1
 1617 00fd 0B       		.uleb128 0xb
 1618 00fe 0B       		.uleb128 0xb
 1619 00ff 3A       		.uleb128 0x3a
 1620 0100 0B       		.uleb128 0xb
 1621 0101 3B       		.uleb128 0x3b
 1622 0102 0B       		.uleb128 0xb
 1623 0103 01       		.uleb128 0x1
 1624 0104 13       		.uleb128 0x13
 1625 0105 00       		.byte	0
 1626 0106 00       		.byte	0
 1627 0107 16       		.uleb128 0x16
 1628 0108 28       		.uleb128 0x28
 1629 0109 00       		.byte	0
 1630 010a 03       		.uleb128 0x3
 1631 010b 0E       		.uleb128 0xe
 1632 010c 1C       		.uleb128 0x1c
 1633 010d 0D       		.uleb128 0xd
 1634 010e 00       		.byte	0
 1635 010f 00       		.byte	0
 1636 0110 17       		.uleb128 0x17
 1637 0111 15       		.uleb128 0x15
 1638 0112 01       		.byte	0x1
 1639 0113 27       		.uleb128 0x27
 1640 0114 19       		.uleb128 0x19
 1641 0115 01       		.uleb128 0x1
 1642 0116 13       		.uleb128 0x13
 1643 0117 00       		.byte	0
 1644 0118 00       		.byte	0
 1645 0119 18       		.uleb128 0x18
 1646 011a 05       		.uleb128 0x5
 1647 011b 00       		.byte	0
 1648 011c 49       		.uleb128 0x49
 1649 011d 13       		.uleb128 0x13
 1650 011e 00       		.byte	0
 1651 011f 00       		.byte	0
ARM GAS  /tmp/ccBqkDGy.s 			page 30


 1652 0120 19       		.uleb128 0x19
 1653 0121 2E       		.uleb128 0x2e
 1654 0122 01       		.byte	0x1
 1655 0123 3F       		.uleb128 0x3f
 1656 0124 19       		.uleb128 0x19
 1657 0125 03       		.uleb128 0x3
 1658 0126 0E       		.uleb128 0xe
 1659 0127 3A       		.uleb128 0x3a
 1660 0128 0B       		.uleb128 0xb
 1661 0129 3B       		.uleb128 0x3b
 1662 012a 0B       		.uleb128 0xb
 1663 012b 27       		.uleb128 0x27
 1664 012c 19       		.uleb128 0x19
 1665 012d 49       		.uleb128 0x49
 1666 012e 13       		.uleb128 0x13
 1667 012f 11       		.uleb128 0x11
 1668 0130 01       		.uleb128 0x1
 1669 0131 12       		.uleb128 0x12
 1670 0132 06       		.uleb128 0x6
 1671 0133 40       		.uleb128 0x40
 1672 0134 18       		.uleb128 0x18
 1673 0135 9742     		.uleb128 0x2117
 1674 0137 19       		.uleb128 0x19
 1675 0138 01       		.uleb128 0x1
 1676 0139 13       		.uleb128 0x13
 1677 013a 00       		.byte	0
 1678 013b 00       		.byte	0
 1679 013c 1A       		.uleb128 0x1a
 1680 013d 05       		.uleb128 0x5
 1681 013e 00       		.byte	0
 1682 013f 03       		.uleb128 0x3
 1683 0140 0E       		.uleb128 0xe
 1684 0141 3A       		.uleb128 0x3a
 1685 0142 0B       		.uleb128 0xb
 1686 0143 3B       		.uleb128 0x3b
 1687 0144 0B       		.uleb128 0xb
 1688 0145 49       		.uleb128 0x49
 1689 0146 13       		.uleb128 0x13
 1690 0147 02       		.uleb128 0x2
 1691 0148 17       		.uleb128 0x17
 1692 0149 00       		.byte	0
 1693 014a 00       		.byte	0
 1694 014b 1B       		.uleb128 0x1b
 1695 014c 05       		.uleb128 0x5
 1696 014d 00       		.byte	0
 1697 014e 03       		.uleb128 0x3
 1698 014f 08       		.uleb128 0x8
 1699 0150 3A       		.uleb128 0x3a
 1700 0151 0B       		.uleb128 0xb
 1701 0152 3B       		.uleb128 0x3b
 1702 0153 0B       		.uleb128 0xb
 1703 0154 49       		.uleb128 0x49
 1704 0155 13       		.uleb128 0x13
 1705 0156 02       		.uleb128 0x2
 1706 0157 17       		.uleb128 0x17
 1707 0158 00       		.byte	0
 1708 0159 00       		.byte	0
ARM GAS  /tmp/ccBqkDGy.s 			page 31


 1709 015a 1C       		.uleb128 0x1c
 1710 015b 898201   		.uleb128 0x4109
 1711 015e 01       		.byte	0x1
 1712 015f 11       		.uleb128 0x11
 1713 0160 01       		.uleb128 0x1
 1714 0161 31       		.uleb128 0x31
 1715 0162 13       		.uleb128 0x13
 1716 0163 01       		.uleb128 0x1
 1717 0164 13       		.uleb128 0x13
 1718 0165 00       		.byte	0
 1719 0166 00       		.byte	0
 1720 0167 1D       		.uleb128 0x1d
 1721 0168 8A8201   		.uleb128 0x410a
 1722 016b 00       		.byte	0
 1723 016c 02       		.uleb128 0x2
 1724 016d 18       		.uleb128 0x18
 1725 016e 9142     		.uleb128 0x2111
 1726 0170 18       		.uleb128 0x18
 1727 0171 00       		.byte	0
 1728 0172 00       		.byte	0
 1729 0173 1E       		.uleb128 0x1e
 1730 0174 898201   		.uleb128 0x4109
 1731 0177 01       		.byte	0x1
 1732 0178 11       		.uleb128 0x11
 1733 0179 01       		.uleb128 0x1
 1734 017a 31       		.uleb128 0x31
 1735 017b 13       		.uleb128 0x13
 1736 017c 00       		.byte	0
 1737 017d 00       		.byte	0
 1738 017e 1F       		.uleb128 0x1f
 1739 017f 2E       		.uleb128 0x2e
 1740 0180 01       		.byte	0x1
 1741 0181 3F       		.uleb128 0x3f
 1742 0182 19       		.uleb128 0x19
 1743 0183 03       		.uleb128 0x3
 1744 0184 0E       		.uleb128 0xe
 1745 0185 3A       		.uleb128 0x3a
 1746 0186 0B       		.uleb128 0xb
 1747 0187 3B       		.uleb128 0x3b
 1748 0188 0B       		.uleb128 0xb
 1749 0189 27       		.uleb128 0x27
 1750 018a 19       		.uleb128 0x19
 1751 018b 11       		.uleb128 0x11
 1752 018c 01       		.uleb128 0x1
 1753 018d 12       		.uleb128 0x12
 1754 018e 06       		.uleb128 0x6
 1755 018f 40       		.uleb128 0x40
 1756 0190 18       		.uleb128 0x18
 1757 0191 9742     		.uleb128 0x2117
 1758 0193 19       		.uleb128 0x19
 1759 0194 01       		.uleb128 0x1
 1760 0195 13       		.uleb128 0x13
 1761 0196 00       		.byte	0
 1762 0197 00       		.byte	0
 1763 0198 20       		.uleb128 0x20
 1764 0199 898201   		.uleb128 0x4109
 1765 019c 00       		.byte	0
ARM GAS  /tmp/ccBqkDGy.s 			page 32


 1766 019d 11       		.uleb128 0x11
 1767 019e 01       		.uleb128 0x1
 1768 019f 31       		.uleb128 0x31
 1769 01a0 13       		.uleb128 0x13
 1770 01a1 00       		.byte	0
 1771 01a2 00       		.byte	0
 1772 01a3 21       		.uleb128 0x21
 1773 01a4 898201   		.uleb128 0x4109
 1774 01a7 01       		.byte	0x1
 1775 01a8 11       		.uleb128 0x11
 1776 01a9 01       		.uleb128 0x1
 1777 01aa 9542     		.uleb128 0x2115
 1778 01ac 19       		.uleb128 0x19
 1779 01ad 31       		.uleb128 0x31
 1780 01ae 13       		.uleb128 0x13
 1781 01af 00       		.byte	0
 1782 01b0 00       		.byte	0
 1783 01b1 22       		.uleb128 0x22
 1784 01b2 01       		.uleb128 0x1
 1785 01b3 01       		.byte	0x1
 1786 01b4 49       		.uleb128 0x49
 1787 01b5 13       		.uleb128 0x13
 1788 01b6 01       		.uleb128 0x1
 1789 01b7 13       		.uleb128 0x13
 1790 01b8 00       		.byte	0
 1791 01b9 00       		.byte	0
 1792 01ba 23       		.uleb128 0x23
 1793 01bb 21       		.uleb128 0x21
 1794 01bc 00       		.byte	0
 1795 01bd 49       		.uleb128 0x49
 1796 01be 13       		.uleb128 0x13
 1797 01bf 2F       		.uleb128 0x2f
 1798 01c0 0B       		.uleb128 0xb
 1799 01c1 00       		.byte	0
 1800 01c2 00       		.byte	0
 1801 01c3 24       		.uleb128 0x24
 1802 01c4 34       		.uleb128 0x34
 1803 01c5 00       		.byte	0
 1804 01c6 03       		.uleb128 0x3
 1805 01c7 0E       		.uleb128 0xe
 1806 01c8 3A       		.uleb128 0x3a
 1807 01c9 0B       		.uleb128 0xb
 1808 01ca 3B       		.uleb128 0x3b
 1809 01cb 0B       		.uleb128 0xb
 1810 01cc 49       		.uleb128 0x49
 1811 01cd 13       		.uleb128 0x13
 1812 01ce 02       		.uleb128 0x2
 1813 01cf 18       		.uleb128 0x18
 1814 01d0 00       		.byte	0
 1815 01d1 00       		.byte	0
 1816 01d2 25       		.uleb128 0x25
 1817 01d3 34       		.uleb128 0x34
 1818 01d4 00       		.byte	0
 1819 01d5 03       		.uleb128 0x3
 1820 01d6 0E       		.uleb128 0xe
 1821 01d7 3A       		.uleb128 0x3a
 1822 01d8 0B       		.uleb128 0xb
ARM GAS  /tmp/ccBqkDGy.s 			page 33


 1823 01d9 3B       		.uleb128 0x3b
 1824 01da 05       		.uleb128 0x5
 1825 01db 49       		.uleb128 0x49
 1826 01dc 13       		.uleb128 0x13
 1827 01dd 3F       		.uleb128 0x3f
 1828 01de 19       		.uleb128 0x19
 1829 01df 3C       		.uleb128 0x3c
 1830 01e0 19       		.uleb128 0x19
 1831 01e1 00       		.byte	0
 1832 01e2 00       		.byte	0
 1833 01e3 26       		.uleb128 0x26
 1834 01e4 2E       		.uleb128 0x2e
 1835 01e5 01       		.byte	0x1
 1836 01e6 3F       		.uleb128 0x3f
 1837 01e7 19       		.uleb128 0x19
 1838 01e8 03       		.uleb128 0x3
 1839 01e9 0E       		.uleb128 0xe
 1840 01ea 3A       		.uleb128 0x3a
 1841 01eb 0B       		.uleb128 0xb
 1842 01ec 3B       		.uleb128 0x3b
 1843 01ed 05       		.uleb128 0x5
 1844 01ee 27       		.uleb128 0x27
 1845 01ef 19       		.uleb128 0x19
 1846 01f0 3C       		.uleb128 0x3c
 1847 01f1 19       		.uleb128 0x19
 1848 01f2 01       		.uleb128 0x1
 1849 01f3 13       		.uleb128 0x13
 1850 01f4 00       		.byte	0
 1851 01f5 00       		.byte	0
 1852 01f6 27       		.uleb128 0x27
 1853 01f7 26       		.uleb128 0x26
 1854 01f8 00       		.byte	0
 1855 01f9 00       		.byte	0
 1856 01fa 00       		.byte	0
 1857 01fb 28       		.uleb128 0x28
 1858 01fc 2E       		.uleb128 0x2e
 1859 01fd 01       		.byte	0x1
 1860 01fe 3F       		.uleb128 0x3f
 1861 01ff 19       		.uleb128 0x19
 1862 0200 03       		.uleb128 0x3
 1863 0201 0E       		.uleb128 0xe
 1864 0202 3A       		.uleb128 0x3a
 1865 0203 0B       		.uleb128 0xb
 1866 0204 3B       		.uleb128 0x3b
 1867 0205 05       		.uleb128 0x5
 1868 0206 27       		.uleb128 0x27
 1869 0207 19       		.uleb128 0x19
 1870 0208 3C       		.uleb128 0x3c
 1871 0209 19       		.uleb128 0x19
 1872 020a 00       		.byte	0
 1873 020b 00       		.byte	0
 1874 020c 00       		.byte	0
 1875              		.section	.debug_loc,"",%progbits
 1876              	.Ldebug_loc0:
 1877              	.LLST0:
 1878 0000 00000000 		.4byte	.LVL0
 1879 0004 0D000000 		.4byte	.LVL1-1
ARM GAS  /tmp/ccBqkDGy.s 			page 34


 1880 0008 0100     		.2byte	0x1
 1881 000a 50       		.byte	0x50
 1882 000b 0D000000 		.4byte	.LVL1-1
 1883 000f 30000000 		.4byte	.LVL4
 1884 0013 0100     		.2byte	0x1
 1885 0015 56       		.byte	0x56
 1886 0016 30000000 		.4byte	.LVL4
 1887 001a 38000000 		.4byte	.LFE118
 1888 001e 0400     		.2byte	0x4
 1889 0020 F3       		.byte	0xf3
 1890 0021 01       		.uleb128 0x1
 1891 0022 50       		.byte	0x50
 1892 0023 9F       		.byte	0x9f
 1893 0024 00000000 		.4byte	0
 1894 0028 00000000 		.4byte	0
 1895              	.LLST1:
 1896 002c 00000000 		.4byte	.LVL0
 1897 0030 0D000000 		.4byte	.LVL1-1
 1898 0034 0100     		.2byte	0x1
 1899 0036 51       		.byte	0x51
 1900 0037 0D000000 		.4byte	.LVL1-1
 1901 003b 38000000 		.4byte	.LFE118
 1902 003f 0400     		.2byte	0x4
 1903 0041 F3       		.byte	0xf3
 1904 0042 01       		.uleb128 0x1
 1905 0043 51       		.byte	0x51
 1906 0044 9F       		.byte	0x9f
 1907 0045 00000000 		.4byte	0
 1908 0049 00000000 		.4byte	0
 1909              	.LLST2:
 1910 004d 00000000 		.4byte	.LVL5
 1911 0051 23000000 		.4byte	.LVL7-1
 1912 0055 0100     		.2byte	0x1
 1913 0057 50       		.byte	0x50
 1914 0058 23000000 		.4byte	.LVL7-1
 1915 005c 3A000000 		.4byte	.LVL9
 1916 0060 0100     		.2byte	0x1
 1917 0062 56       		.byte	0x56
 1918 0063 3A000000 		.4byte	.LVL9
 1919 0067 3D000000 		.4byte	.LVL10-1
 1920 006b 0100     		.2byte	0x1
 1921 006d 50       		.byte	0x50
 1922 006e 3D000000 		.4byte	.LVL10-1
 1923 0072 48000000 		.4byte	.LFE119
 1924 0076 0400     		.2byte	0x4
 1925 0078 F3       		.byte	0xf3
 1926 0079 01       		.uleb128 0x1
 1927 007a 50       		.byte	0x50
 1928 007b 9F       		.byte	0x9f
 1929 007c 00000000 		.4byte	0
 1930 0080 00000000 		.4byte	0
 1931              	.LLST3:
 1932 0084 00000000 		.4byte	.LVL5
 1933 0088 14000000 		.4byte	.LVL6
 1934 008c 0100     		.2byte	0x1
 1935 008e 51       		.byte	0x51
 1936 008f 14000000 		.4byte	.LVL6
ARM GAS  /tmp/ccBqkDGy.s 			page 35


 1937 0093 48000000 		.4byte	.LFE119
 1938 0097 0400     		.2byte	0x4
 1939 0099 F3       		.byte	0xf3
 1940 009a 01       		.uleb128 0x1
 1941 009b 51       		.byte	0x51
 1942 009c 9F       		.byte	0x9f
 1943 009d 00000000 		.4byte	0
 1944 00a1 00000000 		.4byte	0
 1945              	.LLST4:
 1946 00a5 00000000 		.4byte	.LVL5
 1947 00a9 23000000 		.4byte	.LVL7-1
 1948 00ad 0100     		.2byte	0x1
 1949 00af 52       		.byte	0x52
 1950 00b0 23000000 		.4byte	.LVL7-1
 1951 00b4 48000000 		.4byte	.LFE119
 1952 00b8 0400     		.2byte	0x4
 1953 00ba F3       		.byte	0xf3
 1954 00bb 01       		.uleb128 0x1
 1955 00bc 52       		.byte	0x52
 1956 00bd 9F       		.byte	0x9f
 1957 00be 00000000 		.4byte	0
 1958 00c2 00000000 		.4byte	0
 1959              		.section	.debug_aranges,"",%progbits
 1960 0000 24000000 		.4byte	0x24
 1961 0004 0200     		.2byte	0x2
 1962 0006 00000000 		.4byte	.Ldebug_info0
 1963 000a 04       		.byte	0x4
 1964 000b 00       		.byte	0
 1965 000c 0000     		.2byte	0
 1966 000e 0000     		.2byte	0
 1967 0010 00000000 		.4byte	.LFB118
 1968 0014 38000000 		.4byte	.LFE118-.LFB118
 1969 0018 00000000 		.4byte	.LFB119
 1970 001c 48000000 		.4byte	.LFE119-.LFB119
 1971 0020 00000000 		.4byte	0
 1972 0024 00000000 		.4byte	0
 1973              		.section	.debug_ranges,"",%progbits
 1974              	.Ldebug_ranges0:
 1975 0000 00000000 		.4byte	.LFB118
 1976 0004 38000000 		.4byte	.LFE118
 1977 0008 00000000 		.4byte	.LFB119
 1978 000c 48000000 		.4byte	.LFE119
 1979 0010 00000000 		.4byte	0
 1980 0014 00000000 		.4byte	0
 1981              		.section	.debug_line,"",%progbits
 1982              	.Ldebug_line0:
 1983 0000 1F050000 		.section	.debug_str,"MS",%progbits,1
 1983      0200E204 
 1983      00000201 
 1983      FB0E0D00 
 1983      01010101 
 1984              	.LASF109:
 1985 0000 646D6172 		.ascii	"dmarx\000"
 1985      7800
 1986              	.LASF63:
 1987 0006 4D304152 		.ascii	"M0AR\000"
 1987      00
ARM GAS  /tmp/ccBqkDGy.s 			page 36


 1988              	.LASF2:
 1989 000b 73697A65 		.ascii	"size_t\000"
 1989      5F7400
 1990              	.LASF57:
 1991 0012 7264796D 		.ascii	"rdymsg\000"
 1991      736700
 1992              	.LASF89:
 1993 0019 4F545950 		.ascii	"OTYPER\000"
 1993      455200
 1994              	.LASF3:
 1995 0020 5F5F7569 		.ascii	"__uint8_t\000"
 1995      6E74385F 
 1995      7400
 1996              	.LASF101:
 1997 002a 5350495F 		.ascii	"SPI_ACTIVE\000"
 1997      41435449 
 1997      564500
 1998              	.LASF81:
 1999 0035 73747265 		.ascii	"stream\000"
 1999      616D00
 2000              	.LASF88:
 2001 003c 4D4F4445 		.ascii	"MODER\000"
 2001      5200
 2002              	.LASF13:
 2003 0042 6C6F6E67 		.ascii	"long long unsigned int\000"
 2003      206C6F6E 
 2003      6720756E 
 2003      7369676E 
 2003      65642069 
 2004              	.LASF100:
 2005 0059 5350495F 		.ascii	"SPI_READY\000"
 2005      52454144 
 2005      5900
 2006              	.LASF70:
 2007 0063 43524350 		.ascii	"CRCPR\000"
 2007      5200
 2008              	.LASF91:
 2009 0069 50555044 		.ascii	"PUPDR\000"
 2009      5200
 2010              	.LASF58:
 2011 006f 65786974 		.ascii	"exitcode\000"
 2011      636F6465 
 2011      00
 2012              	.LASF85:
 2013 0078 76656374 		.ascii	"vector\000"
 2013      6F7200
 2014              	.LASF128:
 2015 007f 6C697333 		.ascii	"lis302dlWriteRegister\000"
 2015      3032646C 
 2015      57726974 
 2015      65526567 
 2015      69737465 
 2016              	.LASF104:
 2017 0095 53504944 		.ascii	"SPIDriver\000"
 2017      72697665 
 2017      7200
 2018              	.LASF115:
ARM GAS  /tmp/ccBqkDGy.s 			page 37


 2019 009f 7373706F 		.ascii	"ssport\000"
 2019      727400
 2020              	.LASF129:
 2021 00a6 49544D5F 		.ascii	"ITM_RxBuffer\000"
 2021      52784275 
 2021      66666572 
 2021      00
 2022              	.LASF121:
 2023 00b3 72786275 		.ascii	"rxbuf\000"
 2023      6600
 2024              	.LASF30:
 2025 00b9 705F7072 		.ascii	"p_prio\000"
 2025      696F00
 2026              	.LASF116:
 2027 00c0 73737061 		.ascii	"sspad\000"
 2027      6400
 2028              	.LASF12:
 2029 00c6 6C6F6E67 		.ascii	"long long int\000"
 2029      206C6F6E 
 2029      6720696E 
 2029      7400
 2030              	.LASF1:
 2031 00d4 7369676E 		.ascii	"signed char\000"
 2031      65642063 
 2031      68617200 
 2032              	.LASF92:
 2033 00e0 42535252 		.ascii	"BSRR\000"
 2033      00
 2034              	.LASF99:
 2035 00e5 5350495F 		.ascii	"SPI_STOP\000"
 2035      53544F50 
 2035      00
 2036              	.LASF76:
 2037 00ee 49325343 		.ascii	"I2SCFGR\000"
 2037      46475200 
 2038              	.LASF54:
 2039 00f6 6D5F7175 		.ascii	"m_queue\000"
 2039      65756500 
 2040              	.LASF22:
 2041 00fe 74736C69 		.ascii	"tslices_t\000"
 2041      6365735F 
 2041      7400
 2042              	.LASF113:
 2043 0108 73706963 		.ascii	"spicallback_t\000"
 2043      616C6C62 
 2043      61636B5F 
 2043      7400
 2044              	.LASF105:
 2045 0116 73746174 		.ascii	"state\000"
 2045      6500
 2046              	.LASF9:
 2047 011c 6C6F6E67 		.ascii	"long int\000"
 2047      20696E74 
 2047      00
 2048              	.LASF20:
 2049 0125 74737461 		.ascii	"tstate_t\000"
 2049      74655F74 
ARM GAS  /tmp/ccBqkDGy.s 			page 38


 2049      00
 2050              	.LASF107:
 2051 012e 74687265 		.ascii	"thread\000"
 2051      616400
 2052              	.LASF15:
 2053 0135 75696E74 		.ascii	"uint16_t\000"
 2053      31365F74 
 2053      00
 2054              	.LASF39:
 2055 013e 705F7469 		.ascii	"p_time\000"
 2055      6D6500
 2056              	.LASF32:
 2057 0145 705F6E65 		.ascii	"p_newer\000"
 2057      77657200 
 2058              	.LASF114:
 2059 014d 656E645F 		.ascii	"end_cb\000"
 2059      636200
 2060              	.LASF111:
 2061 0154 7278646D 		.ascii	"rxdmamode\000"
 2061      616D6F64 
 2061      6500
 2062              	.LASF96:
 2063 015e 4750494F 		.ascii	"GPIO_TypeDef\000"
 2063      5F547970 
 2063      65446566 
 2063      00
 2064              	.LASF110:
 2065 016b 646D6174 		.ascii	"dmatx\000"
 2065      7800
 2066              	.LASF90:
 2067 0171 4F535045 		.ascii	"OSPEEDR\000"
 2067      45445200 
 2068              	.LASF10:
 2069 0179 5F5F7569 		.ascii	"__uint32_t\000"
 2069      6E743332 
 2069      5F7400
 2070              	.LASF46:
 2071 0184 705F6D70 		.ascii	"p_mpool\000"
 2071      6F6F6C00 
 2072              	.LASF49:
 2073 018c 72656761 		.ascii	"regarm_t\000"
 2073      726D5F74 
 2073      00
 2074              	.LASF84:
 2075 0195 73656C66 		.ascii	"selfindex\000"
 2075      696E6465 
 2075      7800
 2076              	.LASF124:
 2077 019f 73706955 		.ascii	"spiUnselect\000"
 2077      6E73656C 
 2077      65637400 
 2078              	.LASF119:
 2079 01ab 76616C75 		.ascii	"value\000"
 2079      6500
 2080              	.LASF126:
 2081 01b1 2F686F6D 		.ascii	"/home/marco/SoftwareProjects/st-usb/f9xx/firmware/e"
 2081      652F6D61 
ARM GAS  /tmp/ccBqkDGy.s 			page 39


 2081      72636F2F 
 2081      536F6674 
 2081      77617265 
 2082 01e4 78742F43 		.ascii	"xt/ChibiOS-RT/os/various/devices_lib/accel/lis302dl"
 2082      68696269 
 2082      4F532D52 
 2082      542F6F73 
 2082      2F766172 
 2083 0217 2E6300   		.ascii	".c\000"
 2084              	.LASF0:
 2085 021a 756E7369 		.ascii	"unsigned int\000"
 2085      676E6564 
 2085      20696E74 
 2085      00
 2086              	.LASF120:
 2087 0227 74786275 		.ascii	"txbuf\000"
 2087      6600
 2088              	.LASF41:
 2089 022d 705F6D73 		.ascii	"p_msgqueue\000"
 2089      67717565 
 2089      756500
 2090              	.LASF93:
 2091 0238 4C434B52 		.ascii	"LCKR\000"
 2091      00
 2092              	.LASF83:
 2093 023d 69736869 		.ascii	"ishift\000"
 2093      667400
 2094              	.LASF7:
 2095 0244 73686F72 		.ascii	"short unsigned int\000"
 2095      7420756E 
 2095      7369676E 
 2095      65642069 
 2095      6E7400
 2096              	.LASF24:
 2097 0257 6D73675F 		.ascii	"msg_t\000"
 2097      7400
 2098              	.LASF19:
 2099 025d 746D6F64 		.ascii	"tmode_t\000"
 2099      655F7400 
 2100              	.LASF103:
 2101 0265 73706973 		.ascii	"spistate_t\000"
 2101      74617465 
 2101      5F7400
 2102              	.LASF48:
 2103 0270 54687265 		.ascii	"ThreadsList\000"
 2103      6164734C 
 2103      69737400 
 2104              	.LASF25:
 2105 027c 6576656E 		.ascii	"eventmask_t\000"
 2105      746D6173 
 2105      6B5F7400 
 2106              	.LASF123:
 2107 0288 73706945 		.ascii	"spiExchange\000"
 2107      78636861 
 2107      6E676500 
 2108              	.LASF78:
 2109 0294 49325350 		.ascii	"I2SPR\000"
ARM GAS  /tmp/ccBqkDGy.s 			page 40


 2109      5200
 2110              	.LASF52:
 2111 029a 73697A65 		.ascii	"sizetype\000"
 2111      74797065 
 2111      00
 2112              	.LASF87:
 2113 02a3 636C6561 		.ascii	"clear\000"
 2113      7200
 2114              	.LASF53:
 2115 02a9 4D757465 		.ascii	"Mutex\000"
 2115      7800
 2116              	.LASF33:
 2117 02af 705F6F6C 		.ascii	"p_older\000"
 2117      64657200 
 2118              	.LASF47:
 2119 02b7 54687265 		.ascii	"ThreadsQueue\000"
 2119      61647351 
 2119      75657565 
 2119      00
 2120              	.LASF112:
 2121 02c4 7478646D 		.ascii	"txdmamode\000"
 2121      616D6F64 
 2121      6500
 2122              	.LASF95:
 2123 02ce 41465248 		.ascii	"AFRH\000"
 2123      00
 2124              	.LASF94:
 2125 02d3 4146524C 		.ascii	"AFRL\000"
 2125      00
 2126              	.LASF74:
 2127 02d8 54584352 		.ascii	"TXCRCR\000"
 2127      435200
 2128              	.LASF66:
 2129 02df 52455345 		.ascii	"RESERVED0\000"
 2129      52564544 
 2129      3000
 2130              	.LASF67:
 2131 02e9 52455345 		.ascii	"RESERVED1\000"
 2131      52564544 
 2131      3100
 2132              	.LASF68:
 2133 02f3 52455345 		.ascii	"RESERVED2\000"
 2133      52564544 
 2133      3200
 2134              	.LASF69:
 2135 02fd 52455345 		.ascii	"RESERVED3\000"
 2135      52564544 
 2135      3300
 2136              	.LASF71:
 2137 0307 52455345 		.ascii	"RESERVED4\000"
 2137      52564544 
 2137      3400
 2138              	.LASF29:
 2139 0311 705F7072 		.ascii	"p_prev\000"
 2139      657600
 2140              	.LASF75:
 2141 0318 52455345 		.ascii	"RESERVED6\000"
ARM GAS  /tmp/ccBqkDGy.s 			page 41


 2141      52564544 
 2141      3600
 2142              	.LASF77:
 2143 0322 52455345 		.ascii	"RESERVED7\000"
 2143      52564544 
 2143      3700
 2144              	.LASF79:
 2145 032c 52455345 		.ascii	"RESERVED8\000"
 2145      52564544 
 2145      3800
 2146              	.LASF23:
 2147 0336 74707269 		.ascii	"tprio_t\000"
 2147      6F5F7400 
 2148              	.LASF108:
 2149 033e 6D757465 		.ascii	"mutex\000"
 2149      7800
 2150              	.LASF18:
 2151 0344 5F426F6F 		.ascii	"_Bool\000"
 2151      6C00
 2152              	.LASF16:
 2153 034a 696E7433 		.ascii	"int32_t\000"
 2153      325F7400 
 2154              	.LASF4:
 2155 0352 756E7369 		.ascii	"unsigned char\000"
 2155      676E6564 
 2155      20636861 
 2155      7200
 2156              	.LASF86:
 2157 0360 73746D33 		.ascii	"stm32_dma_stream_t\000"
 2157      325F646D 
 2157      615F7374 
 2157      7265616D 
 2157      5F7400
 2158              	.LASF44:
 2159 0373 705F6D74 		.ascii	"p_mtxlist\000"
 2159      786C6973 
 2159      7400
 2160              	.LASF5:
 2161 037d 73686F72 		.ascii	"short int\000"
 2161      7420696E 
 2161      7400
 2162              	.LASF35:
 2163 0387 705F7374 		.ascii	"p_state\000"
 2163      61746500 
 2164              	.LASF38:
 2165 038f 705F7072 		.ascii	"p_preempt\000"
 2165      65656D70 
 2165      7400
 2166              	.LASF60:
 2167 0399 65776D61 		.ascii	"ewmask\000"
 2167      736B00
 2168              	.LASF28:
 2169 03a0 705F6E65 		.ascii	"p_next\000"
 2169      787400
 2170              	.LASF36:
 2171 03a7 705F666C 		.ascii	"p_flags\000"
 2171      61677300 
ARM GAS  /tmp/ccBqkDGy.s 			page 42


 2172              	.LASF27:
 2173 03af 54687265 		.ascii	"Thread\000"
 2173      616400
 2174              	.LASF43:
 2175 03b6 705F6570 		.ascii	"p_epending\000"
 2175      656E6469 
 2175      6E6700
 2176              	.LASF82:
 2177 03c1 69666372 		.ascii	"ifcr\000"
 2177      00
 2178              	.LASF73:
 2179 03c6 52455345 		.ascii	"RESERVED5\000"
 2179      52564544 
 2179      3500
 2180              	.LASF17:
 2181 03d0 75696E74 		.ascii	"uint32_t\000"
 2181      33325F74 
 2181      00
 2182              	.LASF21:
 2183 03d9 74726566 		.ascii	"trefs_t\000"
 2183      735F7400 
 2184              	.LASF11:
 2185 03e1 6C6F6E67 		.ascii	"long unsigned int\000"
 2185      20756E73 
 2185      69676E65 
 2185      6420696E 
 2185      7400
 2186              	.LASF80:
 2187 03f3 5350495F 		.ascii	"SPI_TypeDef\000"
 2187      54797065 
 2187      44656600 
 2188              	.LASF61:
 2189 03ff 63686172 		.ascii	"char\000"
 2189      00
 2190              	.LASF102:
 2191 0404 5350495F 		.ascii	"SPI_COMPLETE\000"
 2191      434F4D50 
 2191      4C455445 
 2191      00
 2192              	.LASF106:
 2193 0411 636F6E66 		.ascii	"config\000"
 2193      696700
 2194              	.LASF6:
 2195 0418 5F5F7569 		.ascii	"__uint16_t\000"
 2195      6E743136 
 2195      5F7400
 2196              	.LASF125:
 2197 0423 474E5520 		.ascii	"GNU C 4.8.4 20140526 (release) [ARM/embedded-4_8-br"
 2197      4320342E 
 2197      382E3420 
 2197      32303134 
 2197      30353236 
 2198 0456 616E6368 		.ascii	"anch revision 211358] -mcpu=cortex-m4 -mno-thumb-in"
 2198      20726576 
 2198      6973696F 
 2198      6E203231 
 2198      31333538 
ARM GAS  /tmp/ccBqkDGy.s 			page 43


 2199 0489 74657277 		.ascii	"terwork -mthumb -ggdb -O2 -fomit-frame-pointer -fal"
 2199      6F726B20 
 2199      2D6D7468 
 2199      756D6220 
 2199      2D676764 
 2200 04bc 69676E2D 		.ascii	"ign-functions=16 -ffunction-sections -fdata-section"
 2200      66756E63 
 2200      74696F6E 
 2200      733D3136 
 2200      202D6666 
 2201 04ef 73202D66 		.ascii	"s -fno-common\000"
 2201      6E6F2D63 
 2201      6F6D6D6F 
 2201      6E00
 2202              	.LASF56:
 2203 04fd 6D5F6E65 		.ascii	"m_next\000"
 2203      787400
 2204              	.LASF26:
 2205 0504 73797374 		.ascii	"systime_t\000"
 2205      696D655F 
 2205      7400
 2206              	.LASF45:
 2207 050e 705F7265 		.ascii	"p_realprio\000"
 2207      616C7072 
 2207      696F00
 2208              	.LASF8:
 2209 0519 5F5F696E 		.ascii	"__int32_t\000"
 2209      7433325F 
 2209      7400
 2210              	.LASF62:
 2211 0523 4E445452 		.ascii	"NDTR\000"
 2211      00
 2212              	.LASF65:
 2213 0528 444D415F 		.ascii	"DMA_Stream_TypeDef\000"
 2213      53747265 
 2213      616D5F54 
 2213      79706544 
 2213      656600
 2214              	.LASF97:
 2215 053b 696F706F 		.ascii	"ioportid_t\000"
 2215      72746964 
 2215      5F7400
 2216              	.LASF51:
 2217 0546 636F6E74 		.ascii	"context\000"
 2217      65787400 
 2218              	.LASF122:
 2219 054e 73706953 		.ascii	"spiSelect\000"
 2219      656C6563 
 2219      7400
 2220              	.LASF50:
 2221 0558 696E7463 		.ascii	"intctx\000"
 2221      747800
 2222              	.LASF64:
 2223 055f 4D314152 		.ascii	"M1AR\000"
 2223      00
 2224              	.LASF98:
 2225 0564 5350495F 		.ascii	"SPI_UNINIT\000"
ARM GAS  /tmp/ccBqkDGy.s 			page 44


 2225      554E494E 
 2225      495400
 2226              	.LASF127:
 2227 056f 6C697333 		.ascii	"lis302dlReadRegister\000"
 2227      3032646C 
 2227      52656164 
 2227      52656769 
 2227      73746572 
 2228              	.LASF37:
 2229 0584 705F7265 		.ascii	"p_refs\000"
 2229      667300
 2230              	.LASF72:
 2231 058b 52584352 		.ascii	"RXCRCR\000"
 2231      435200
 2232              	.LASF14:
 2233 0592 75696E74 		.ascii	"uint8_t\000"
 2233      385F7400 
 2234              	.LASF118:
 2235 059a 73706970 		.ascii	"spip\000"
 2235      00
 2236              	.LASF59:
 2237 059f 77746F62 		.ascii	"wtobjp\000"
 2237      6A7000
 2238              	.LASF34:
 2239 05a6 705F6E61 		.ascii	"p_name\000"
 2239      6D6500
 2240              	.LASF130:
 2241 05ad 73706953 		.ascii	"spiSend\000"
 2241      656E6400 
 2242              	.LASF117:
 2243 05b5 53504943 		.ascii	"SPIConfig\000"
 2243      6F6E6669 
 2243      6700
 2244              	.LASF42:
 2245 05bf 705F6D73 		.ascii	"p_msg\000"
 2245      6700
 2246              	.LASF55:
 2247 05c5 6D5F6F77 		.ascii	"m_owner\000"
 2247      6E657200 
 2248              	.LASF31:
 2249 05cd 705F6374 		.ascii	"p_ctx\000"
 2249      7800
 2250              	.LASF40:
 2251 05d3 705F7761 		.ascii	"p_waiting\000"
 2251      6974696E 
 2251      6700
 2252              		.ident	"GCC: (GNU Tools for ARM Embedded Processors) 4.8.4 20140526 (release) [ARM/embedded-4_8-br
ARM GAS  /tmp/ccBqkDGy.s 			page 45


DEFINED SYMBOLS
                            *ABS*:00000000 lis302dl.c
     /tmp/ccBqkDGy.s:19     .text.lis302dlReadRegister:00000000 $t
     /tmp/ccBqkDGy.s:25     .text.lis302dlReadRegister:00000000 lis302dlReadRegister
     /tmp/ccBqkDGy.s:78     .text.lis302dlReadRegister:00000030 $d
     /tmp/ccBqkDGy.s:84     .text.lis302dlWriteRegister:00000000 $t
     /tmp/ccBqkDGy.s:90     .text.lis302dlWriteRegister:00000000 lis302dlWriteRegister
     /tmp/ccBqkDGy.s:149    .text.lis302dlWriteRegister:00000040 $d
     /tmp/ccBqkDGy.s:155    .bss.rxbuf:00000000 $d
     /tmp/ccBqkDGy.s:159    .bss.rxbuf:00000000 rxbuf
     /tmp/ccBqkDGy.s:162    .bss.txbuf:00000000 $d
     /tmp/ccBqkDGy.s:166    .bss.txbuf:00000000 txbuf
                     .debug_frame:00000010 $d
     /tmp/ccBqkDGy.s:83     .text.lis302dlReadRegister:00000038 $t
     /tmp/ccBqkDGy.s:154    .text.lis302dlWriteRegister:00000048 $t

UNDEFINED SYMBOLS
spiSelect
spiExchange
spiUnselect
spiSend
