ARM GAS  /tmp/ccXZn8JG.s 			page 1


   1              		.syntax unified
   2              		.cpu cortex-m4
   3              		.fpu softvfp
   4              		.eabi_attribute 20, 1
   5              		.eabi_attribute 21, 1
   6              		.eabi_attribute 23, 3
   7              		.eabi_attribute 24, 1
   8              		.eabi_attribute 25, 1
   9              		.eabi_attribute 26, 1
  10              		.eabi_attribute 30, 2
  11              		.eabi_attribute 34, 1
  12              		.eabi_attribute 18, 4
  13              		.thumb
  14              		.file	"nvic.c"
  15              		.text
  16              	.Ltext0:
  17              		.cfi_sections	.debug_frame
  18              		.section	.text.nvicEnableVector,"ax",%progbits
  19              		.align	2
  20              		.p2align 4,,15
  21              		.global	nvicEnableVector
  22              		.thumb
  23              		.thumb_func
  24              		.type	nvicEnableVector, %function
  25              	nvicEnableVector:
  26              	.LFB7:
  27              		.file 1 "/home/marco/SoftwareProjects/st-usb/f9xx/firmware/ext/ChibiOS-RT/os/ports/common/ARMCMx/n
  28              		.loc 1 46 0
  29              		.cfi_startproc
  30              		@ args = 0, pretend = 0, frame = 0
  31              		@ frame_needed = 0, uses_anonymous_args = 0
  32              		@ link register save eliminated.
  33              	.LVL0:
  34 0000 20F00302 		bic	r2, r0, #3
  35 0004 02F16042 		add	r2, r2, #-536870912
  36 0008 02F56142 		add	r2, r2, #57600
  37 000c F0B4     		push	{r4, r5, r6, r7}
  38              		.cfi_def_cfa_offset 16
  39              		.cfi_offset 4, -16
  40              		.cfi_offset 5, -12
  41              		.cfi_offset 6, -8
  42              		.cfi_offset 7, -4
  43              		.loc 1 50 0
  44 000e 4309     		lsrs	r3, r0, #5
  45              		.loc 1 47 0
  46 0010 00F00304 		and	r4, r0, #3
  47              		.loc 1 49 0
  48 0014 D2F80053 		ldr	r5, [r2, #768]
  49              		.loc 1 47 0
  50 0018 E400     		lsls	r4, r4, #3
  51              	.LVL1:
  52              		.loc 1 49 0
  53 001a FF26     		movs	r6, #255
  54 001c 9B00     		lsls	r3, r3, #2
  55 001e A640     		lsls	r6, r6, r4
  56 0020 03F16043 		add	r3, r3, #-536870912
  57 0024 25EA0605 		bic	r5, r5, r6
ARM GAS  /tmp/ccXZn8JG.s 			page 2


  58 0028 03F56143 		add	r3, r3, #57600
  59              		.loc 1 50 0
  60 002c 0127     		movs	r7, #1
  61              		.loc 1 49 0
  62 002e A140     		lsls	r1, r1, r4
  63              	.LVL2:
  64              		.loc 1 50 0
  65 0030 00F01F00 		and	r0, r0, #31
  66              	.LVL3:
  67 0034 07FA00F0 		lsl	r0, r7, r0
  68              		.loc 1 49 0
  69 0038 45EA0104 		orr	r4, r5, r1
  70              	.LVL4:
  71 003c C2F80043 		str	r4, [r2, #768]
  72              		.loc 1 50 0
  73 0040 C3F88001 		str	r0, [r3, #384]
  74              		.loc 1 52 0
  75 0044 F0BC     		pop	{r4, r5, r6, r7}
  76              		.loc 1 51 0
  77 0046 1860     		str	r0, [r3]
  78              		.loc 1 52 0
  79 0048 7047     		bx	lr
  80              		.cfi_endproc
  81              	.LFE7:
  82              		.size	nvicEnableVector, .-nvicEnableVector
  83 004a 00BFAFF3 		.section	.text.nvicDisableVector,"ax",%progbits
  83      0080
  84              		.align	2
  85              		.p2align 4,,15
  86              		.global	nvicDisableVector
  87              		.thumb
  88              		.thumb_func
  89              		.type	nvicDisableVector, %function
  90              	nvicDisableVector:
  91              	.LFB8:
  92              		.loc 1 60 0
  93              		.cfi_startproc
  94              		@ args = 0, pretend = 0, frame = 0
  95              		@ frame_needed = 0, uses_anonymous_args = 0
  96              		@ link register save eliminated.
  97              	.LVL5:
  98              		.loc 1 63 0
  99 0000 4109     		lsrs	r1, r0, #5
 100              		.loc 1 60 0
 101 0002 30B4     		push	{r4, r5}
 102              		.cfi_def_cfa_offset 8
 103              		.cfi_offset 4, -8
 104              		.cfi_offset 5, -4
 105              		.loc 1 63 0
 106 0004 2031     		adds	r1, r1, #32
 107 0006 00F01F04 		and	r4, r0, #31
 108 000a 0125     		movs	r5, #1
 109 000c 0C4A     		ldr	r2, .L3
 110 000e 20F00303 		bic	r3, r0, #3
 111 0012 05FA04F4 		lsl	r4, r5, r4
 112 0016 03F16043 		add	r3, r3, #-536870912
 113 001a 42F82140 		str	r4, [r2, r1, lsl #2]
ARM GAS  /tmp/ccXZn8JG.s 			page 3


 114 001e 03F56143 		add	r3, r3, #57600
 115              		.loc 1 61 0
 116 0022 00F00300 		and	r0, r0, #3
 117              	.LVL6:
 118              		.loc 1 64 0
 119 0026 D3F80023 		ldr	r2, [r3, #768]
 120              		.loc 1 61 0
 121 002a C000     		lsls	r0, r0, #3
 122              	.LVL7:
 123              		.loc 1 64 0
 124 002c FF21     		movs	r1, #255
 125 002e 01FA00F0 		lsl	r0, r1, r0
 126              	.LVL8:
 127 0032 22EA0000 		bic	r0, r2, r0
 128 0036 C3F80003 		str	r0, [r3, #768]
 129              		.loc 1 65 0
 130 003a 30BC     		pop	{r4, r5}
 131 003c 7047     		bx	lr
 132              	.L4:
 133 003e 00BF     		.align	2
 134              	.L3:
 135 0040 00E100E0 		.word	-536813312
 136              		.cfi_endproc
 137              	.LFE8:
 138              		.size	nvicDisableVector, .-nvicDisableVector
 139 0044 AFF30080 		.section	.text.nvicSetSystemHandlerPriority,"ax",%progbits
 139      AFF30080 
 139      AFF30080 
 140              		.align	2
 141              		.p2align 4,,15
 142              		.global	nvicSetSystemHandlerPriority
 143              		.thumb
 144              		.thumb_func
 145              		.type	nvicSetSystemHandlerPriority, %function
 146              	nvicSetSystemHandlerPriority:
 147              	.LFB9:
 148              		.loc 1 74 0
 149              		.cfi_startproc
 150              		@ args = 0, pretend = 0, frame = 0
 151              		@ frame_needed = 0, uses_anonymous_args = 0
 152              		@ link register save eliminated.
 153              	.LVL9:
 154 0000 20F00303 		bic	r3, r0, #3
 155 0004 03F16043 		add	r3, r3, #-536870912
 156 0008 03F56D43 		add	r3, r3, #60672
 157              		.loc 1 75 0
 158 000c 00F00300 		and	r0, r0, #3
 159              	.LVL10:
 160              		.loc 1 74 0
 161 0010 10B4     		push	{r4}
 162              		.cfi_def_cfa_offset 4
 163              		.cfi_offset 4, -4
 164              		.loc 1 75 0
 165 0012 C000     		lsls	r0, r0, #3
 166              	.LVL11:
 167              		.loc 1 77 0
 168 0014 9A69     		ldr	r2, [r3, #24]
ARM GAS  /tmp/ccXZn8JG.s 			page 4


 169              		.loc 1 78 0
 170 0016 FF24     		movs	r4, #255
 171 0018 8440     		lsls	r4, r4, r0
 172              		.loc 1 77 0
 173 001a 22EA0402 		bic	r2, r2, r4
 174              		.loc 1 78 0
 175 001e 8140     		lsls	r1, r1, r0
 176              	.LVL12:
 177 0020 0A43     		orrs	r2, r2, r1
 178              		.loc 1 77 0
 179 0022 9A61     		str	r2, [r3, #24]
 180              		.loc 1 79 0
 181 0024 5DF8044B 		ldr	r4, [sp], #4
 182 0028 7047     		bx	lr
 183              		.cfi_endproc
 184              	.LFE9:
 185              		.size	nvicSetSystemHandlerPriority, .-nvicSetSystemHandlerPriority
 186 002a 00BFAFF3 		.text
 186      0080
 187              	.Letext0:
 188              		.file 2 "/home/marco/SoftwareProjects/st-usb/tools/gcc-arm-none-eabi-4_8-2014q2/arm-none-eabi/incl
 189              		.file 3 "/home/marco/SoftwareProjects/st-usb/tools/gcc-arm-none-eabi-4_8-2014q2/arm-none-eabi/incl
 190              		.file 4 "/home/marco/SoftwareProjects/st-usb/f9xx/firmware/ext/ChibiOS-RT/os/ports/common/ARMCMx/n
 191              		.section	.debug_info,"",%progbits
 192              	.Ldebug_info0:
 193 0000 FE030000 		.4byte	0x3fe
 194 0004 0400     		.2byte	0x4
 195 0006 00000000 		.4byte	.Ldebug_abbrev0
 196 000a 04       		.byte	0x4
 197 000b 01       		.uleb128 0x1
 198 000c 10010000 		.4byte	.LASF47
 199 0010 01       		.byte	0x1
 200 0011 EA010000 		.4byte	.LASF48
 201 0015 00000000 		.4byte	.Ldebug_ranges0+0
 202 0019 00000000 		.4byte	0
 203 001d 00000000 		.4byte	.Ldebug_line0
 204 0021 02       		.uleb128 0x2
 205 0022 04       		.byte	0x4
 206 0023 05       		.byte	0x5
 207 0024 696E7400 		.ascii	"int\000"
 208 0028 03       		.uleb128 0x3
 209 0029 04       		.byte	0x4
 210 002a 07       		.byte	0x7
 211 002b CF000000 		.4byte	.LASF0
 212 002f 03       		.uleb128 0x3
 213 0030 01       		.byte	0x1
 214 0031 06       		.byte	0x6
 215 0032 A0020000 		.4byte	.LASF1
 216 0036 03       		.uleb128 0x3
 217 0037 01       		.byte	0x1
 218 0038 08       		.byte	0x8
 219 0039 4C000000 		.4byte	.LASF2
 220 003d 03       		.uleb128 0x3
 221 003e 02       		.byte	0x2
 222 003f 05       		.byte	0x5
 223 0040 35000000 		.4byte	.LASF3
 224 0044 03       		.uleb128 0x3
ARM GAS  /tmp/ccXZn8JG.s 			page 5


 225 0045 02       		.byte	0x2
 226 0046 07       		.byte	0x7
 227 0047 8A000000 		.4byte	.LASF4
 228 004b 03       		.uleb128 0x3
 229 004c 04       		.byte	0x4
 230 004d 05       		.byte	0x5
 231 004e 92020000 		.4byte	.LASF5
 232 0052 04       		.uleb128 0x4
 233 0053 C4000000 		.4byte	.LASF9
 234 0057 02       		.byte	0x2
 235 0058 38       		.byte	0x38
 236 0059 5D000000 		.4byte	0x5d
 237 005d 03       		.uleb128 0x3
 238 005e 04       		.byte	0x4
 239 005f 07       		.byte	0x7
 240 0060 A7000000 		.4byte	.LASF6
 241 0064 03       		.uleb128 0x3
 242 0065 08       		.byte	0x8
 243 0066 05       		.byte	0x5
 244 0067 5A020000 		.4byte	.LASF7
 245 006b 03       		.uleb128 0x3
 246 006c 08       		.byte	0x8
 247 006d 07       		.byte	0x7
 248 006e E6000000 		.4byte	.LASF8
 249 0072 04       		.uleb128 0x4
 250 0073 89020000 		.4byte	.LASF10
 251 0077 03       		.byte	0x3
 252 0078 42       		.byte	0x42
 253 0079 52000000 		.4byte	0x52
 254 007d 03       		.uleb128 0x3
 255 007e 01       		.byte	0x1
 256 007f 02       		.byte	0x2
 257 0080 0F000000 		.4byte	.LASF11
 258 0084 04       		.uleb128 0x4
 259 0085 44000000 		.4byte	.LASF12
 260 0089 04       		.byte	0x4
 261 008a 3A       		.byte	0x3a
 262 008b 8F000000 		.4byte	0x8f
 263 008f 05       		.uleb128 0x5
 264 0090 72000000 		.4byte	0x72
 265 0094 06       		.uleb128 0x6
 266 0095 040E     		.2byte	0xe04
 267 0097 04       		.byte	0x4
 268 0098 6A       		.byte	0x6a
 269 0099 43010000 		.4byte	0x143
 270 009d 07       		.uleb128 0x7
 271 009e 73020000 		.4byte	.LASF13
 272 00a2 04       		.byte	0x4
 273 00a3 6B       		.byte	0x6b
 274 00a4 5A010000 		.4byte	0x15a
 275 00a8 00       		.byte	0
 276 00a9 07       		.uleb128 0x7
 277 00aa 5A000000 		.4byte	.LASF14
 278 00ae 04       		.byte	0x4
 279 00af 6C       		.byte	0x6c
 280 00b0 6F010000 		.4byte	0x16f
 281 00b4 20       		.byte	0x20
ARM GAS  /tmp/ccXZn8JG.s 			page 6


 282 00b5 07       		.uleb128 0x7
 283 00b6 3F000000 		.4byte	.LASF15
 284 00ba 04       		.byte	0x4
 285 00bb 6D       		.byte	0x6d
 286 00bc 74010000 		.4byte	0x174
 287 00c0 80       		.byte	0x80
 288 00c1 07       		.uleb128 0x7
 289 00c2 62000000 		.4byte	.LASF16
 290 00c6 04       		.byte	0x4
 291 00c7 6E       		.byte	0x6e
 292 00c8 79010000 		.4byte	0x179
 293 00cc A0       		.byte	0xa0
 294 00cd 08       		.uleb128 0x8
 295 00ce DC000000 		.4byte	.LASF17
 296 00d2 04       		.byte	0x4
 297 00d3 6F       		.byte	0x6f
 298 00d4 7E010000 		.4byte	0x17e
 299 00d8 0001     		.2byte	0x100
 300 00da 08       		.uleb128 0x8
 301 00db 6A000000 		.4byte	.LASF18
 302 00df 04       		.byte	0x4
 303 00e0 70       		.byte	0x70
 304 00e1 83010000 		.4byte	0x183
 305 00e5 2001     		.2byte	0x120
 306 00e7 08       		.uleb128 0x8
 307 00e8 05000000 		.4byte	.LASF19
 308 00ec 04       		.byte	0x4
 309 00ed 71       		.byte	0x71
 310 00ee 88010000 		.4byte	0x188
 311 00f2 8001     		.2byte	0x180
 312 00f4 08       		.uleb128 0x8
 313 00f5 72000000 		.4byte	.LASF20
 314 00f9 04       		.byte	0x4
 315 00fa 72       		.byte	0x72
 316 00fb 8D010000 		.4byte	0x18d
 317 00ff A001     		.2byte	0x1a0
 318 0101 08       		.uleb128 0x8
 319 0102 C9020000 		.4byte	.LASF21
 320 0106 04       		.byte	0x4
 321 0107 73       		.byte	0x73
 322 0108 92010000 		.4byte	0x192
 323 010c 0002     		.2byte	0x200
 324 010e 08       		.uleb128 0x8
 325 010f 7A000000 		.4byte	.LASF22
 326 0113 04       		.byte	0x4
 327 0114 74       		.byte	0x74
 328 0115 A7010000 		.4byte	0x1a7
 329 0119 2002     		.2byte	0x220
 330 011b 09       		.uleb128 0x9
 331 011c 49505200 		.ascii	"IPR\000"
 332 0120 04       		.byte	0x4
 333 0121 75       		.byte	0x75
 334 0122 BC010000 		.4byte	0x1bc
 335 0126 0003     		.2byte	0x300
 336 0128 08       		.uleb128 0x8
 337 0129 82000000 		.4byte	.LASF23
 338 012d 04       		.byte	0x4
ARM GAS  /tmp/ccXZn8JG.s 			page 7


 339 012e 76       		.byte	0x76
 340 012f D2010000 		.4byte	0x1d2
 341 0133 F003     		.2byte	0x3f0
 342 0135 08       		.uleb128 0x8
 343 0136 BF000000 		.4byte	.LASF24
 344 013a 04       		.byte	0x4
 345 013b 77       		.byte	0x77
 346 013c 84000000 		.4byte	0x84
 347 0140 000E     		.2byte	0xe00
 348 0142 00       		.byte	0
 349 0143 0A       		.uleb128 0xa
 350 0144 84000000 		.4byte	0x84
 351 0148 53010000 		.4byte	0x153
 352 014c 0B       		.uleb128 0xb
 353 014d 53010000 		.4byte	0x153
 354 0151 07       		.byte	0x7
 355 0152 00       		.byte	0
 356 0153 03       		.uleb128 0x3
 357 0154 04       		.byte	0x4
 358 0155 07       		.byte	0x7
 359 0156 51020000 		.4byte	.LASF25
 360 015a 05       		.uleb128 0x5
 361 015b 43010000 		.4byte	0x143
 362 015f 0A       		.uleb128 0xa
 363 0160 84000000 		.4byte	0x84
 364 0164 6F010000 		.4byte	0x16f
 365 0168 0B       		.uleb128 0xb
 366 0169 53010000 		.4byte	0x153
 367 016d 17       		.byte	0x17
 368 016e 00       		.byte	0
 369 016f 05       		.uleb128 0x5
 370 0170 5F010000 		.4byte	0x15f
 371 0174 05       		.uleb128 0x5
 372 0175 43010000 		.4byte	0x143
 373 0179 05       		.uleb128 0x5
 374 017a 5F010000 		.4byte	0x15f
 375 017e 05       		.uleb128 0x5
 376 017f 43010000 		.4byte	0x143
 377 0183 05       		.uleb128 0x5
 378 0184 5F010000 		.4byte	0x15f
 379 0188 05       		.uleb128 0x5
 380 0189 43010000 		.4byte	0x143
 381 018d 05       		.uleb128 0x5
 382 018e 5F010000 		.4byte	0x15f
 383 0192 05       		.uleb128 0x5
 384 0193 43010000 		.4byte	0x143
 385 0197 0A       		.uleb128 0xa
 386 0198 84000000 		.4byte	0x84
 387 019c A7010000 		.4byte	0x1a7
 388 01a0 0B       		.uleb128 0xb
 389 01a1 53010000 		.4byte	0x153
 390 01a5 37       		.byte	0x37
 391 01a6 00       		.byte	0
 392 01a7 05       		.uleb128 0x5
 393 01a8 97010000 		.4byte	0x197
 394 01ac 0A       		.uleb128 0xa
 395 01ad 84000000 		.4byte	0x84
ARM GAS  /tmp/ccXZn8JG.s 			page 8


 396 01b1 BC010000 		.4byte	0x1bc
 397 01b5 0B       		.uleb128 0xb
 398 01b6 53010000 		.4byte	0x153
 399 01ba 3B       		.byte	0x3b
 400 01bb 00       		.byte	0
 401 01bc 05       		.uleb128 0x5
 402 01bd AC010000 		.4byte	0x1ac
 403 01c1 0A       		.uleb128 0xa
 404 01c2 84000000 		.4byte	0x84
 405 01c6 D2010000 		.4byte	0x1d2
 406 01ca 0C       		.uleb128 0xc
 407 01cb 53010000 		.4byte	0x153
 408 01cf 8302     		.2byte	0x283
 409 01d1 00       		.byte	0
 410 01d2 05       		.uleb128 0x5
 411 01d3 C1010000 		.4byte	0x1c1
 412 01d7 04       		.uleb128 0x4
 413 01d8 27000000 		.4byte	.LASF26
 414 01dc 04       		.byte	0x4
 415 01dd 78       		.byte	0x78
 416 01de 94000000 		.4byte	0x94
 417 01e2 0D       		.uleb128 0xd
 418 01e3 8C       		.byte	0x8c
 419 01e4 04       		.byte	0x4
 420 01e5 89       		.byte	0x89
 421 01e6 E7020000 		.4byte	0x2e7
 422 01ea 07       		.uleb128 0x7
 423 01eb 68020000 		.4byte	.LASF27
 424 01ef 04       		.byte	0x4
 425 01f0 8A       		.byte	0x8a
 426 01f1 84000000 		.4byte	0x84
 427 01f5 00       		.byte	0
 428 01f6 07       		.uleb128 0x7
 429 01f7 FD000000 		.4byte	.LASF28
 430 01fb 04       		.byte	0x4
 431 01fc 8B       		.byte	0x8b
 432 01fd 84000000 		.4byte	0x84
 433 0201 04       		.byte	0x4
 434 0202 07       		.uleb128 0x7
 435 0203 30000000 		.4byte	.LASF29
 436 0207 04       		.byte	0x4
 437 0208 8C       		.byte	0x8c
 438 0209 84000000 		.4byte	0x84
 439 020d 08       		.byte	0x8
 440 020e 07       		.uleb128 0x7
 441 020f 0A010000 		.4byte	.LASF30
 442 0213 04       		.byte	0x4
 443 0214 8D       		.byte	0x8d
 444 0215 84000000 		.4byte	0x84
 445 0219 0C       		.byte	0xc
 446 021a 0E       		.uleb128 0xe
 447 021b 53435200 		.ascii	"SCR\000"
 448 021f 04       		.byte	0x4
 449 0220 8E       		.byte	0x8e
 450 0221 84000000 		.4byte	0x84
 451 0225 10       		.byte	0x10
 452 0226 0E       		.uleb128 0xe
ARM GAS  /tmp/ccXZn8JG.s 			page 9


 453 0227 43435200 		.ascii	"CCR\000"
 454 022b 04       		.byte	0x4
 455 022c 8F       		.byte	0x8f
 456 022d 84000000 		.4byte	0x84
 457 0231 14       		.byte	0x14
 458 0232 07       		.uleb128 0x7
 459 0233 9B020000 		.4byte	.LASF31
 460 0237 04       		.byte	0x4
 461 0238 90       		.byte	0x90
 462 0239 F7020000 		.4byte	0x2f7
 463 023d 18       		.byte	0x18
 464 023e 07       		.uleb128 0x7
 465 023f 83020000 		.4byte	.LASF32
 466 0243 04       		.byte	0x4
 467 0244 91       		.byte	0x91
 468 0245 84000000 		.4byte	0x84
 469 0249 24       		.byte	0x24
 470 024a 07       		.uleb128 0x7
 471 024b 9D000000 		.4byte	.LASF33
 472 024f 04       		.byte	0x4
 473 0250 92       		.byte	0x92
 474 0251 84000000 		.4byte	0x84
 475 0255 28       		.byte	0x28
 476 0256 07       		.uleb128 0x7
 477 0257 A2000000 		.4byte	.LASF34
 478 025b 04       		.byte	0x4
 479 025c 93       		.byte	0x93
 480 025d 84000000 		.4byte	0x84
 481 0261 2C       		.byte	0x2c
 482 0262 07       		.uleb128 0x7
 483 0263 E1000000 		.4byte	.LASF35
 484 0267 04       		.byte	0x4
 485 0268 94       		.byte	0x94
 486 0269 84000000 		.4byte	0x84
 487 026d 30       		.byte	0x30
 488 026e 07       		.uleb128 0x7
 489 026f 7D020000 		.4byte	.LASF36
 490 0273 04       		.byte	0x4
 491 0274 95       		.byte	0x95
 492 0275 84000000 		.4byte	0x84
 493 0279 34       		.byte	0x34
 494 027a 07       		.uleb128 0x7
 495 027b CE020000 		.4byte	.LASF37
 496 027f 04       		.byte	0x4
 497 0280 96       		.byte	0x96
 498 0281 84000000 		.4byte	0x84
 499 0285 38       		.byte	0x38
 500 0286 07       		.uleb128 0x7
 501 0287 78020000 		.4byte	.LASF38
 502 028b 04       		.byte	0x4
 503 028c 97       		.byte	0x97
 504 028d 84000000 		.4byte	0x84
 505 0291 3C       		.byte	0x3c
 506 0292 0E       		.uleb128 0xe
 507 0293 50465200 		.ascii	"PFR\000"
 508 0297 04       		.byte	0x4
 509 0298 98       		.byte	0x98
ARM GAS  /tmp/ccXZn8JG.s 			page 10


 510 0299 0C030000 		.4byte	0x30c
 511 029d 40       		.byte	0x40
 512 029e 0E       		.uleb128 0xe
 513 029f 44465200 		.ascii	"DFR\000"
 514 02a3 04       		.byte	0x4
 515 02a4 99       		.byte	0x99
 516 02a5 84000000 		.4byte	0x84
 517 02a9 48       		.byte	0x48
 518 02aa 0E       		.uleb128 0xe
 519 02ab 41445200 		.ascii	"ADR\000"
 520 02af 04       		.byte	0x4
 521 02b0 9A       		.byte	0x9a
 522 02b1 84000000 		.4byte	0x84
 523 02b5 4C       		.byte	0x4c
 524 02b6 07       		.uleb128 0x7
 525 02b7 0A000000 		.4byte	.LASF39
 526 02bb 04       		.byte	0x4
 527 02bc 9B       		.byte	0x9b
 528 02bd 21030000 		.4byte	0x321
 529 02c1 50       		.byte	0x50
 530 02c2 0E       		.uleb128 0xe
 531 02c3 53415200 		.ascii	"SAR\000"
 532 02c7 04       		.byte	0x4
 533 02c8 9C       		.byte	0x9c
 534 02c9 36030000 		.4byte	0x336
 535 02cd 60       		.byte	0x60
 536 02ce 07       		.uleb128 0x7
 537 02cf 5A000000 		.4byte	.LASF14
 538 02d3 04       		.byte	0x4
 539 02d4 9D       		.byte	0x9d
 540 02d5 3B030000 		.4byte	0x33b
 541 02d9 74       		.byte	0x74
 542 02da 07       		.uleb128 0x7
 543 02db B9000000 		.4byte	.LASF40
 544 02df 04       		.byte	0x4
 545 02e0 9E       		.byte	0x9e
 546 02e1 84000000 		.4byte	0x84
 547 02e5 88       		.byte	0x88
 548 02e6 00       		.byte	0
 549 02e7 0A       		.uleb128 0xa
 550 02e8 84000000 		.4byte	0x84
 551 02ec F7020000 		.4byte	0x2f7
 552 02f0 0B       		.uleb128 0xb
 553 02f1 53010000 		.4byte	0x153
 554 02f5 02       		.byte	0x2
 555 02f6 00       		.byte	0
 556 02f7 05       		.uleb128 0x5
 557 02f8 E7020000 		.4byte	0x2e7
 558 02fc 0A       		.uleb128 0xa
 559 02fd 84000000 		.4byte	0x84
 560 0301 0C030000 		.4byte	0x30c
 561 0305 0B       		.uleb128 0xb
 562 0306 53010000 		.4byte	0x153
 563 030a 01       		.byte	0x1
 564 030b 00       		.byte	0
 565 030c 05       		.uleb128 0x5
 566 030d FC020000 		.4byte	0x2fc
ARM GAS  /tmp/ccXZn8JG.s 			page 11


 567 0311 0A       		.uleb128 0xa
 568 0312 84000000 		.4byte	0x84
 569 0316 21030000 		.4byte	0x321
 570 031a 0B       		.uleb128 0xb
 571 031b 53010000 		.4byte	0x153
 572 031f 03       		.byte	0x3
 573 0320 00       		.byte	0
 574 0321 05       		.uleb128 0x5
 575 0322 11030000 		.4byte	0x311
 576 0326 0A       		.uleb128 0xa
 577 0327 84000000 		.4byte	0x84
 578 032b 36030000 		.4byte	0x336
 579 032f 0B       		.uleb128 0xb
 580 0330 53010000 		.4byte	0x153
 581 0334 04       		.byte	0x4
 582 0335 00       		.byte	0
 583 0336 05       		.uleb128 0x5
 584 0337 26030000 		.4byte	0x326
 585 033b 05       		.uleb128 0x5
 586 033c 26030000 		.4byte	0x326
 587 0340 04       		.uleb128 0x4
 588 0341 02010000 		.4byte	.LASF41
 589 0345 04       		.byte	0x4
 590 0346 9F       		.byte	0x9f
 591 0347 E2010000 		.4byte	0x1e2
 592 034b 03       		.uleb128 0x3
 593 034c 01       		.byte	0x1
 594 034d 08       		.byte	0x8
 595 034e 6E020000 		.4byte	.LASF42
 596 0352 0F       		.uleb128 0xf
 597 0353 D3020000 		.4byte	.LASF44
 598 0357 01       		.byte	0x1
 599 0358 2E       		.byte	0x2e
 600 0359 00000000 		.4byte	.LFB7
 601 035d 4A000000 		.4byte	.LFE7-.LFB7
 602 0361 01       		.uleb128 0x1
 603 0362 9C       		.byte	0x9c
 604 0363 92030000 		.4byte	0x392
 605 0367 10       		.uleb128 0x10
 606 0368 6E00     		.ascii	"n\000"
 607 036a 01       		.byte	0x1
 608 036b 2E       		.byte	0x2e
 609 036c 72000000 		.4byte	0x72
 610 0370 00000000 		.4byte	.LLST0
 611 0374 11       		.uleb128 0x11
 612 0375 00000000 		.4byte	.LASF43
 613 0379 01       		.byte	0x1
 614 037a 2E       		.byte	0x2e
 615 037b 72000000 		.4byte	0x72
 616 037f 21000000 		.4byte	.LLST1
 617 0383 12       		.uleb128 0x12
 618 0384 736800   		.ascii	"sh\000"
 619 0387 01       		.byte	0x1
 620 0388 2F       		.byte	0x2f
 621 0389 28000000 		.4byte	0x28
 622 038d 42000000 		.4byte	.LLST2
 623 0391 00       		.byte	0
ARM GAS  /tmp/ccXZn8JG.s 			page 12


 624 0392 0F       		.uleb128 0xf
 625 0393 15000000 		.4byte	.LASF45
 626 0397 01       		.byte	0x1
 627 0398 3C       		.byte	0x3c
 628 0399 00000000 		.4byte	.LFB8
 629 039d 44000000 		.4byte	.LFE8-.LFB8
 630 03a1 01       		.uleb128 0x1
 631 03a2 9C       		.byte	0x9c
 632 03a3 C3030000 		.4byte	0x3c3
 633 03a7 10       		.uleb128 0x10
 634 03a8 6E00     		.ascii	"n\000"
 635 03aa 01       		.byte	0x1
 636 03ab 3C       		.byte	0x3c
 637 03ac 72000000 		.4byte	0x72
 638 03b0 78000000 		.4byte	.LLST3
 639 03b4 12       		.uleb128 0x12
 640 03b5 736800   		.ascii	"sh\000"
 641 03b8 01       		.byte	0x1
 642 03b9 3D       		.byte	0x3d
 643 03ba 28000000 		.4byte	0x28
 644 03be 99000000 		.4byte	.LLST4
 645 03c2 00       		.byte	0
 646 03c3 13       		.uleb128 0x13
 647 03c4 AC020000 		.4byte	.LASF49
 648 03c8 01       		.byte	0x1
 649 03c9 4A       		.byte	0x4a
 650 03ca 00000000 		.4byte	.LFB9
 651 03ce 2A000000 		.4byte	.LFE9-.LFB9
 652 03d2 01       		.uleb128 0x1
 653 03d3 9C       		.byte	0x9c
 654 03d4 11       		.uleb128 0x11
 655 03d5 49020000 		.4byte	.LASF46
 656 03d9 01       		.byte	0x1
 657 03da 4A       		.byte	0x4a
 658 03db 72000000 		.4byte	0x72
 659 03df E1000000 		.4byte	.LLST5
 660 03e3 11       		.uleb128 0x11
 661 03e4 00000000 		.4byte	.LASF43
 662 03e8 01       		.byte	0x1
 663 03e9 4A       		.byte	0x4a
 664 03ea 72000000 		.4byte	0x72
 665 03ee 02010000 		.4byte	.LLST6
 666 03f2 12       		.uleb128 0x12
 667 03f3 736800   		.ascii	"sh\000"
 668 03f6 01       		.byte	0x1
 669 03f7 4B       		.byte	0x4b
 670 03f8 28000000 		.4byte	0x28
 671 03fc 23010000 		.4byte	.LLST7
 672 0400 00       		.byte	0
 673 0401 00       		.byte	0
 674              		.section	.debug_abbrev,"",%progbits
 675              	.Ldebug_abbrev0:
 676 0000 01       		.uleb128 0x1
 677 0001 11       		.uleb128 0x11
 678 0002 01       		.byte	0x1
 679 0003 25       		.uleb128 0x25
 680 0004 0E       		.uleb128 0xe
ARM GAS  /tmp/ccXZn8JG.s 			page 13


 681 0005 13       		.uleb128 0x13
 682 0006 0B       		.uleb128 0xb
 683 0007 03       		.uleb128 0x3
 684 0008 0E       		.uleb128 0xe
 685 0009 55       		.uleb128 0x55
 686 000a 17       		.uleb128 0x17
 687 000b 11       		.uleb128 0x11
 688 000c 01       		.uleb128 0x1
 689 000d 10       		.uleb128 0x10
 690 000e 17       		.uleb128 0x17
 691 000f 00       		.byte	0
 692 0010 00       		.byte	0
 693 0011 02       		.uleb128 0x2
 694 0012 24       		.uleb128 0x24
 695 0013 00       		.byte	0
 696 0014 0B       		.uleb128 0xb
 697 0015 0B       		.uleb128 0xb
 698 0016 3E       		.uleb128 0x3e
 699 0017 0B       		.uleb128 0xb
 700 0018 03       		.uleb128 0x3
 701 0019 08       		.uleb128 0x8
 702 001a 00       		.byte	0
 703 001b 00       		.byte	0
 704 001c 03       		.uleb128 0x3
 705 001d 24       		.uleb128 0x24
 706 001e 00       		.byte	0
 707 001f 0B       		.uleb128 0xb
 708 0020 0B       		.uleb128 0xb
 709 0021 3E       		.uleb128 0x3e
 710 0022 0B       		.uleb128 0xb
 711 0023 03       		.uleb128 0x3
 712 0024 0E       		.uleb128 0xe
 713 0025 00       		.byte	0
 714 0026 00       		.byte	0
 715 0027 04       		.uleb128 0x4
 716 0028 16       		.uleb128 0x16
 717 0029 00       		.byte	0
 718 002a 03       		.uleb128 0x3
 719 002b 0E       		.uleb128 0xe
 720 002c 3A       		.uleb128 0x3a
 721 002d 0B       		.uleb128 0xb
 722 002e 3B       		.uleb128 0x3b
 723 002f 0B       		.uleb128 0xb
 724 0030 49       		.uleb128 0x49
 725 0031 13       		.uleb128 0x13
 726 0032 00       		.byte	0
 727 0033 00       		.byte	0
 728 0034 05       		.uleb128 0x5
 729 0035 35       		.uleb128 0x35
 730 0036 00       		.byte	0
 731 0037 49       		.uleb128 0x49
 732 0038 13       		.uleb128 0x13
 733 0039 00       		.byte	0
 734 003a 00       		.byte	0
 735 003b 06       		.uleb128 0x6
 736 003c 13       		.uleb128 0x13
 737 003d 01       		.byte	0x1
ARM GAS  /tmp/ccXZn8JG.s 			page 14


 738 003e 0B       		.uleb128 0xb
 739 003f 05       		.uleb128 0x5
 740 0040 3A       		.uleb128 0x3a
 741 0041 0B       		.uleb128 0xb
 742 0042 3B       		.uleb128 0x3b
 743 0043 0B       		.uleb128 0xb
 744 0044 01       		.uleb128 0x1
 745 0045 13       		.uleb128 0x13
 746 0046 00       		.byte	0
 747 0047 00       		.byte	0
 748 0048 07       		.uleb128 0x7
 749 0049 0D       		.uleb128 0xd
 750 004a 00       		.byte	0
 751 004b 03       		.uleb128 0x3
 752 004c 0E       		.uleb128 0xe
 753 004d 3A       		.uleb128 0x3a
 754 004e 0B       		.uleb128 0xb
 755 004f 3B       		.uleb128 0x3b
 756 0050 0B       		.uleb128 0xb
 757 0051 49       		.uleb128 0x49
 758 0052 13       		.uleb128 0x13
 759 0053 38       		.uleb128 0x38
 760 0054 0B       		.uleb128 0xb
 761 0055 00       		.byte	0
 762 0056 00       		.byte	0
 763 0057 08       		.uleb128 0x8
 764 0058 0D       		.uleb128 0xd
 765 0059 00       		.byte	0
 766 005a 03       		.uleb128 0x3
 767 005b 0E       		.uleb128 0xe
 768 005c 3A       		.uleb128 0x3a
 769 005d 0B       		.uleb128 0xb
 770 005e 3B       		.uleb128 0x3b
 771 005f 0B       		.uleb128 0xb
 772 0060 49       		.uleb128 0x49
 773 0061 13       		.uleb128 0x13
 774 0062 38       		.uleb128 0x38
 775 0063 05       		.uleb128 0x5
 776 0064 00       		.byte	0
 777 0065 00       		.byte	0
 778 0066 09       		.uleb128 0x9
 779 0067 0D       		.uleb128 0xd
 780 0068 00       		.byte	0
 781 0069 03       		.uleb128 0x3
 782 006a 08       		.uleb128 0x8
 783 006b 3A       		.uleb128 0x3a
 784 006c 0B       		.uleb128 0xb
 785 006d 3B       		.uleb128 0x3b
 786 006e 0B       		.uleb128 0xb
 787 006f 49       		.uleb128 0x49
 788 0070 13       		.uleb128 0x13
 789 0071 38       		.uleb128 0x38
 790 0072 05       		.uleb128 0x5
 791 0073 00       		.byte	0
 792 0074 00       		.byte	0
 793 0075 0A       		.uleb128 0xa
 794 0076 01       		.uleb128 0x1
ARM GAS  /tmp/ccXZn8JG.s 			page 15


 795 0077 01       		.byte	0x1
 796 0078 49       		.uleb128 0x49
 797 0079 13       		.uleb128 0x13
 798 007a 01       		.uleb128 0x1
 799 007b 13       		.uleb128 0x13
 800 007c 00       		.byte	0
 801 007d 00       		.byte	0
 802 007e 0B       		.uleb128 0xb
 803 007f 21       		.uleb128 0x21
 804 0080 00       		.byte	0
 805 0081 49       		.uleb128 0x49
 806 0082 13       		.uleb128 0x13
 807 0083 2F       		.uleb128 0x2f
 808 0084 0B       		.uleb128 0xb
 809 0085 00       		.byte	0
 810 0086 00       		.byte	0
 811 0087 0C       		.uleb128 0xc
 812 0088 21       		.uleb128 0x21
 813 0089 00       		.byte	0
 814 008a 49       		.uleb128 0x49
 815 008b 13       		.uleb128 0x13
 816 008c 2F       		.uleb128 0x2f
 817 008d 05       		.uleb128 0x5
 818 008e 00       		.byte	0
 819 008f 00       		.byte	0
 820 0090 0D       		.uleb128 0xd
 821 0091 13       		.uleb128 0x13
 822 0092 01       		.byte	0x1
 823 0093 0B       		.uleb128 0xb
 824 0094 0B       		.uleb128 0xb
 825 0095 3A       		.uleb128 0x3a
 826 0096 0B       		.uleb128 0xb
 827 0097 3B       		.uleb128 0x3b
 828 0098 0B       		.uleb128 0xb
 829 0099 01       		.uleb128 0x1
 830 009a 13       		.uleb128 0x13
 831 009b 00       		.byte	0
 832 009c 00       		.byte	0
 833 009d 0E       		.uleb128 0xe
 834 009e 0D       		.uleb128 0xd
 835 009f 00       		.byte	0
 836 00a0 03       		.uleb128 0x3
 837 00a1 08       		.uleb128 0x8
 838 00a2 3A       		.uleb128 0x3a
 839 00a3 0B       		.uleb128 0xb
 840 00a4 3B       		.uleb128 0x3b
 841 00a5 0B       		.uleb128 0xb
 842 00a6 49       		.uleb128 0x49
 843 00a7 13       		.uleb128 0x13
 844 00a8 38       		.uleb128 0x38
 845 00a9 0B       		.uleb128 0xb
 846 00aa 00       		.byte	0
 847 00ab 00       		.byte	0
 848 00ac 0F       		.uleb128 0xf
 849 00ad 2E       		.uleb128 0x2e
 850 00ae 01       		.byte	0x1
 851 00af 3F       		.uleb128 0x3f
ARM GAS  /tmp/ccXZn8JG.s 			page 16


 852 00b0 19       		.uleb128 0x19
 853 00b1 03       		.uleb128 0x3
 854 00b2 0E       		.uleb128 0xe
 855 00b3 3A       		.uleb128 0x3a
 856 00b4 0B       		.uleb128 0xb
 857 00b5 3B       		.uleb128 0x3b
 858 00b6 0B       		.uleb128 0xb
 859 00b7 27       		.uleb128 0x27
 860 00b8 19       		.uleb128 0x19
 861 00b9 11       		.uleb128 0x11
 862 00ba 01       		.uleb128 0x1
 863 00bb 12       		.uleb128 0x12
 864 00bc 06       		.uleb128 0x6
 865 00bd 40       		.uleb128 0x40
 866 00be 18       		.uleb128 0x18
 867 00bf 9742     		.uleb128 0x2117
 868 00c1 19       		.uleb128 0x19
 869 00c2 01       		.uleb128 0x1
 870 00c3 13       		.uleb128 0x13
 871 00c4 00       		.byte	0
 872 00c5 00       		.byte	0
 873 00c6 10       		.uleb128 0x10
 874 00c7 05       		.uleb128 0x5
 875 00c8 00       		.byte	0
 876 00c9 03       		.uleb128 0x3
 877 00ca 08       		.uleb128 0x8
 878 00cb 3A       		.uleb128 0x3a
 879 00cc 0B       		.uleb128 0xb
 880 00cd 3B       		.uleb128 0x3b
 881 00ce 0B       		.uleb128 0xb
 882 00cf 49       		.uleb128 0x49
 883 00d0 13       		.uleb128 0x13
 884 00d1 02       		.uleb128 0x2
 885 00d2 17       		.uleb128 0x17
 886 00d3 00       		.byte	0
 887 00d4 00       		.byte	0
 888 00d5 11       		.uleb128 0x11
 889 00d6 05       		.uleb128 0x5
 890 00d7 00       		.byte	0
 891 00d8 03       		.uleb128 0x3
 892 00d9 0E       		.uleb128 0xe
 893 00da 3A       		.uleb128 0x3a
 894 00db 0B       		.uleb128 0xb
 895 00dc 3B       		.uleb128 0x3b
 896 00dd 0B       		.uleb128 0xb
 897 00de 49       		.uleb128 0x49
 898 00df 13       		.uleb128 0x13
 899 00e0 02       		.uleb128 0x2
 900 00e1 17       		.uleb128 0x17
 901 00e2 00       		.byte	0
 902 00e3 00       		.byte	0
 903 00e4 12       		.uleb128 0x12
 904 00e5 34       		.uleb128 0x34
 905 00e6 00       		.byte	0
 906 00e7 03       		.uleb128 0x3
 907 00e8 08       		.uleb128 0x8
 908 00e9 3A       		.uleb128 0x3a
ARM GAS  /tmp/ccXZn8JG.s 			page 17


 909 00ea 0B       		.uleb128 0xb
 910 00eb 3B       		.uleb128 0x3b
 911 00ec 0B       		.uleb128 0xb
 912 00ed 49       		.uleb128 0x49
 913 00ee 13       		.uleb128 0x13
 914 00ef 02       		.uleb128 0x2
 915 00f0 17       		.uleb128 0x17
 916 00f1 00       		.byte	0
 917 00f2 00       		.byte	0
 918 00f3 13       		.uleb128 0x13
 919 00f4 2E       		.uleb128 0x2e
 920 00f5 01       		.byte	0x1
 921 00f6 3F       		.uleb128 0x3f
 922 00f7 19       		.uleb128 0x19
 923 00f8 03       		.uleb128 0x3
 924 00f9 0E       		.uleb128 0xe
 925 00fa 3A       		.uleb128 0x3a
 926 00fb 0B       		.uleb128 0xb
 927 00fc 3B       		.uleb128 0x3b
 928 00fd 0B       		.uleb128 0xb
 929 00fe 27       		.uleb128 0x27
 930 00ff 19       		.uleb128 0x19
 931 0100 11       		.uleb128 0x11
 932 0101 01       		.uleb128 0x1
 933 0102 12       		.uleb128 0x12
 934 0103 06       		.uleb128 0x6
 935 0104 40       		.uleb128 0x40
 936 0105 18       		.uleb128 0x18
 937 0106 9742     		.uleb128 0x2117
 938 0108 19       		.uleb128 0x19
 939 0109 00       		.byte	0
 940 010a 00       		.byte	0
 941 010b 00       		.byte	0
 942              		.section	.debug_loc,"",%progbits
 943              	.Ldebug_loc0:
 944              	.LLST0:
 945 0000 00000000 		.4byte	.LVL0
 946 0004 34000000 		.4byte	.LVL3
 947 0008 0100     		.2byte	0x1
 948 000a 50       		.byte	0x50
 949 000b 34000000 		.4byte	.LVL3
 950 000f 4A000000 		.4byte	.LFE7
 951 0013 0400     		.2byte	0x4
 952 0015 F3       		.byte	0xf3
 953 0016 01       		.uleb128 0x1
 954 0017 50       		.byte	0x50
 955 0018 9F       		.byte	0x9f
 956 0019 00000000 		.4byte	0
 957 001d 00000000 		.4byte	0
 958              	.LLST1:
 959 0021 00000000 		.4byte	.LVL0
 960 0025 30000000 		.4byte	.LVL2
 961 0029 0100     		.2byte	0x1
 962 002b 51       		.byte	0x51
 963 002c 30000000 		.4byte	.LVL2
 964 0030 4A000000 		.4byte	.LFE7
 965 0034 0400     		.2byte	0x4
ARM GAS  /tmp/ccXZn8JG.s 			page 18


 966 0036 F3       		.byte	0xf3
 967 0037 01       		.uleb128 0x1
 968 0038 51       		.byte	0x51
 969 0039 9F       		.byte	0x9f
 970 003a 00000000 		.4byte	0
 971 003e 00000000 		.4byte	0
 972              	.LLST2:
 973 0042 00000000 		.4byte	.LVL0
 974 0046 1A000000 		.4byte	.LVL1
 975 004a 0700     		.2byte	0x7
 976 004c 70       		.byte	0x70
 977 004d 00       		.sleb128 0
 978 004e 33       		.byte	0x33
 979 004f 1A       		.byte	0x1a
 980 0050 33       		.byte	0x33
 981 0051 24       		.byte	0x24
 982 0052 9F       		.byte	0x9f
 983 0053 1A000000 		.4byte	.LVL1
 984 0057 3C000000 		.4byte	.LVL4
 985 005b 0100     		.2byte	0x1
 986 005d 54       		.byte	0x54
 987 005e 3C000000 		.4byte	.LVL4
 988 0062 4A000000 		.4byte	.LFE7
 989 0066 0800     		.2byte	0x8
 990 0068 F3       		.byte	0xf3
 991 0069 01       		.uleb128 0x1
 992 006a 50       		.byte	0x50
 993 006b 33       		.byte	0x33
 994 006c 1A       		.byte	0x1a
 995 006d 33       		.byte	0x33
 996 006e 24       		.byte	0x24
 997 006f 9F       		.byte	0x9f
 998 0070 00000000 		.4byte	0
 999 0074 00000000 		.4byte	0
 1000              	.LLST3:
 1001 0078 00000000 		.4byte	.LVL5
 1002 007c 26000000 		.4byte	.LVL6
 1003 0080 0100     		.2byte	0x1
 1004 0082 50       		.byte	0x50
 1005 0083 26000000 		.4byte	.LVL6
 1006 0087 44000000 		.4byte	.LFE8
 1007 008b 0400     		.2byte	0x4
 1008 008d F3       		.byte	0xf3
 1009 008e 01       		.uleb128 0x1
 1010 008f 50       		.byte	0x50
 1011 0090 9F       		.byte	0x9f
 1012 0091 00000000 		.4byte	0
 1013 0095 00000000 		.4byte	0
 1014              	.LLST4:
 1015 0099 00000000 		.4byte	.LVL5
 1016 009d 26000000 		.4byte	.LVL6
 1017 00a1 0700     		.2byte	0x7
 1018 00a3 70       		.byte	0x70
 1019 00a4 00       		.sleb128 0
 1020 00a5 33       		.byte	0x33
 1021 00a6 1A       		.byte	0x1a
 1022 00a7 33       		.byte	0x33
ARM GAS  /tmp/ccXZn8JG.s 			page 19


 1023 00a8 24       		.byte	0x24
 1024 00a9 9F       		.byte	0x9f
 1025 00aa 26000000 		.4byte	.LVL6
 1026 00ae 2C000000 		.4byte	.LVL7
 1027 00b2 0800     		.2byte	0x8
 1028 00b4 F3       		.byte	0xf3
 1029 00b5 01       		.uleb128 0x1
 1030 00b6 50       		.byte	0x50
 1031 00b7 33       		.byte	0x33
 1032 00b8 1A       		.byte	0x1a
 1033 00b9 33       		.byte	0x33
 1034 00ba 24       		.byte	0x24
 1035 00bb 9F       		.byte	0x9f
 1036 00bc 2C000000 		.4byte	.LVL7
 1037 00c0 32000000 		.4byte	.LVL8
 1038 00c4 0100     		.2byte	0x1
 1039 00c6 50       		.byte	0x50
 1040 00c7 32000000 		.4byte	.LVL8
 1041 00cb 44000000 		.4byte	.LFE8
 1042 00cf 0800     		.2byte	0x8
 1043 00d1 F3       		.byte	0xf3
 1044 00d2 01       		.uleb128 0x1
 1045 00d3 50       		.byte	0x50
 1046 00d4 33       		.byte	0x33
 1047 00d5 1A       		.byte	0x1a
 1048 00d6 33       		.byte	0x33
 1049 00d7 24       		.byte	0x24
 1050 00d8 9F       		.byte	0x9f
 1051 00d9 00000000 		.4byte	0
 1052 00dd 00000000 		.4byte	0
 1053              	.LLST5:
 1054 00e1 00000000 		.4byte	.LVL9
 1055 00e5 10000000 		.4byte	.LVL10
 1056 00e9 0100     		.2byte	0x1
 1057 00eb 50       		.byte	0x50
 1058 00ec 10000000 		.4byte	.LVL10
 1059 00f0 2A000000 		.4byte	.LFE9
 1060 00f4 0400     		.2byte	0x4
 1061 00f6 F3       		.byte	0xf3
 1062 00f7 01       		.uleb128 0x1
 1063 00f8 50       		.byte	0x50
 1064 00f9 9F       		.byte	0x9f
 1065 00fa 00000000 		.4byte	0
 1066 00fe 00000000 		.4byte	0
 1067              	.LLST6:
 1068 0102 00000000 		.4byte	.LVL9
 1069 0106 20000000 		.4byte	.LVL12
 1070 010a 0100     		.2byte	0x1
 1071 010c 51       		.byte	0x51
 1072 010d 20000000 		.4byte	.LVL12
 1073 0111 2A000000 		.4byte	.LFE9
 1074 0115 0400     		.2byte	0x4
 1075 0117 F3       		.byte	0xf3
 1076 0118 01       		.uleb128 0x1
 1077 0119 51       		.byte	0x51
 1078 011a 9F       		.byte	0x9f
 1079 011b 00000000 		.4byte	0
ARM GAS  /tmp/ccXZn8JG.s 			page 20


 1080 011f 00000000 		.4byte	0
 1081              	.LLST7:
 1082 0123 00000000 		.4byte	.LVL9
 1083 0127 10000000 		.4byte	.LVL10
 1084 012b 0700     		.2byte	0x7
 1085 012d 70       		.byte	0x70
 1086 012e 00       		.sleb128 0
 1087 012f 33       		.byte	0x33
 1088 0130 1A       		.byte	0x1a
 1089 0131 33       		.byte	0x33
 1090 0132 24       		.byte	0x24
 1091 0133 9F       		.byte	0x9f
 1092 0134 10000000 		.4byte	.LVL10
 1093 0138 14000000 		.4byte	.LVL11
 1094 013c 0800     		.2byte	0x8
 1095 013e F3       		.byte	0xf3
 1096 013f 01       		.uleb128 0x1
 1097 0140 50       		.byte	0x50
 1098 0141 33       		.byte	0x33
 1099 0142 1A       		.byte	0x1a
 1100 0143 33       		.byte	0x33
 1101 0144 24       		.byte	0x24
 1102 0145 9F       		.byte	0x9f
 1103 0146 14000000 		.4byte	.LVL11
 1104 014a 2A000000 		.4byte	.LFE9
 1105 014e 0100     		.2byte	0x1
 1106 0150 50       		.byte	0x50
 1107 0151 00000000 		.4byte	0
 1108 0155 00000000 		.4byte	0
 1109              		.section	.debug_aranges,"",%progbits
 1110 0000 2C000000 		.4byte	0x2c
 1111 0004 0200     		.2byte	0x2
 1112 0006 00000000 		.4byte	.Ldebug_info0
 1113 000a 04       		.byte	0x4
 1114 000b 00       		.byte	0
 1115 000c 0000     		.2byte	0
 1116 000e 0000     		.2byte	0
 1117 0010 00000000 		.4byte	.LFB7
 1118 0014 4A000000 		.4byte	.LFE7-.LFB7
 1119 0018 00000000 		.4byte	.LFB8
 1120 001c 44000000 		.4byte	.LFE8-.LFB8
 1121 0020 00000000 		.4byte	.LFB9
 1122 0024 2A000000 		.4byte	.LFE9-.LFB9
 1123 0028 00000000 		.4byte	0
 1124 002c 00000000 		.4byte	0
 1125              		.section	.debug_ranges,"",%progbits
 1126              	.Ldebug_ranges0:
 1127 0000 00000000 		.4byte	.LFB7
 1128 0004 4A000000 		.4byte	.LFE7
 1129 0008 00000000 		.4byte	.LFB8
 1130 000c 44000000 		.4byte	.LFE8
 1131 0010 00000000 		.4byte	.LFB9
 1132 0014 2A000000 		.4byte	.LFE9
 1133 0018 00000000 		.4byte	0
 1134 001c 00000000 		.4byte	0
 1135              		.section	.debug_line,"",%progbits
 1136              	.Ldebug_line0:
ARM GAS  /tmp/ccXZn8JG.s 			page 21


 1137 0000 B3010000 		.section	.debug_str,"MS",%progbits,1
 1137      02006101 
 1137      00000201 
 1137      FB0E0D00 
 1137      01010101 
 1138              	.LASF43:
 1139 0000 7072696F 		.ascii	"prio\000"
 1139      00
 1140              	.LASF19:
 1141 0005 49435052 		.ascii	"ICPR\000"
 1141      00
 1142              	.LASF39:
 1143 000a 4D4D4652 		.ascii	"MMFR\000"
 1143      00
 1144              	.LASF11:
 1145 000f 5F426F6F 		.ascii	"_Bool\000"
 1145      6C00
 1146              	.LASF45:
 1147 0015 6E766963 		.ascii	"nvicDisableVector\000"
 1147      44697361 
 1147      626C6556 
 1147      6563746F 
 1147      7200
 1148              	.LASF26:
 1149 0027 434D785F 		.ascii	"CMx_NVIC\000"
 1149      4E564943 
 1149      00
 1150              	.LASF29:
 1151 0030 56544F52 		.ascii	"VTOR\000"
 1151      00
 1152              	.LASF3:
 1153 0035 73686F72 		.ascii	"short int\000"
 1153      7420696E 
 1153      7400
 1154              	.LASF15:
 1155 003f 49434552 		.ascii	"ICER\000"
 1155      00
 1156              	.LASF12:
 1157 0044 494F5245 		.ascii	"IOREG32\000"
 1157      47333200 
 1158              	.LASF2:
 1159 004c 756E7369 		.ascii	"unsigned char\000"
 1159      676E6564 
 1159      20636861 
 1159      7200
 1160              	.LASF14:
 1161 005a 756E7573 		.ascii	"unused1\000"
 1161      65643100 
 1162              	.LASF16:
 1163 0062 756E7573 		.ascii	"unused2\000"
 1163      65643200 
 1164              	.LASF18:
 1165 006a 756E7573 		.ascii	"unused3\000"
 1165      65643300 
 1166              	.LASF20:
 1167 0072 756E7573 		.ascii	"unused4\000"
 1167      65643400 
ARM GAS  /tmp/ccXZn8JG.s 			page 22


 1168              	.LASF22:
 1169 007a 756E7573 		.ascii	"unused5\000"
 1169      65643500 
 1170              	.LASF23:
 1171 0082 756E7573 		.ascii	"unused6\000"
 1171      65643600 
 1172              	.LASF4:
 1173 008a 73686F72 		.ascii	"short unsigned int\000"
 1173      7420756E 
 1173      7369676E 
 1173      65642069 
 1173      6E7400
 1174              	.LASF33:
 1175 009d 43465352 		.ascii	"CFSR\000"
 1175      00
 1176              	.LASF34:
 1177 00a2 48465352 		.ascii	"HFSR\000"
 1177      00
 1178              	.LASF6:
 1179 00a7 6C6F6E67 		.ascii	"long unsigned int\000"
 1179      20756E73 
 1179      69676E65 
 1179      6420696E 
 1179      7400
 1180              	.LASF40:
 1181 00b9 43504143 		.ascii	"CPACR\000"
 1181      5200
 1182              	.LASF24:
 1183 00bf 53544952 		.ascii	"STIR\000"
 1183      00
 1184              	.LASF9:
 1185 00c4 5F5F7569 		.ascii	"__uint32_t\000"
 1185      6E743332 
 1185      5F7400
 1186              	.LASF0:
 1187 00cf 756E7369 		.ascii	"unsigned int\000"
 1187      676E6564 
 1187      20696E74 
 1187      00
 1188              	.LASF17:
 1189 00dc 49535052 		.ascii	"ISPR\000"
 1189      00
 1190              	.LASF35:
 1191 00e1 44465352 		.ascii	"DFSR\000"
 1191      00
 1192              	.LASF8:
 1193 00e6 6C6F6E67 		.ascii	"long long unsigned int\000"
 1193      206C6F6E 
 1193      6720756E 
 1193      7369676E 
 1193      65642069 
 1194              	.LASF28:
 1195 00fd 49435352 		.ascii	"ICSR\000"
 1195      00
 1196              	.LASF41:
 1197 0102 434D785F 		.ascii	"CMx_SCB\000"
 1197      53434200 
ARM GAS  /tmp/ccXZn8JG.s 			page 23


 1198              	.LASF30:
 1199 010a 41495243 		.ascii	"AIRCR\000"
 1199      5200
 1200              	.LASF47:
 1201 0110 474E5520 		.ascii	"GNU C 4.8.4 20140526 (release) [ARM/embedded-4_8-br"
 1201      4320342E 
 1201      382E3420 
 1201      32303134 
 1201      30353236 
 1202 0143 616E6368 		.ascii	"anch revision 211358] -mcpu=cortex-m4 -mno-thumb-in"
 1202      20726576 
 1202      6973696F 
 1202      6E203231 
 1202      31333538 
 1203 0176 74657277 		.ascii	"terwork -mthumb -ggdb -O2 -fomit-frame-pointer -fal"
 1203      6F726B20 
 1203      2D6D7468 
 1203      756D6220 
 1203      2D676764 
 1204 01a9 69676E2D 		.ascii	"ign-functions=16 -ffunction-sections -fdata-section"
 1204      66756E63 
 1204      74696F6E 
 1204      733D3136 
 1204      202D6666 
 1205 01dc 73202D66 		.ascii	"s -fno-common\000"
 1205      6E6F2D63 
 1205      6F6D6D6F 
 1205      6E00
 1206              	.LASF48:
 1207 01ea 2F686F6D 		.ascii	"/home/marco/SoftwareProjects/st-usb/f9xx/firmware/e"
 1207      652F6D61 
 1207      72636F2F 
 1207      536F6674 
 1207      77617265 
 1208 021d 78742F43 		.ascii	"xt/ChibiOS-RT/os/ports/common/ARMCMx/nvic.c\000"
 1208      68696269 
 1208      4F532D52 
 1208      542F6F73 
 1208      2F706F72 
 1209              	.LASF46:
 1210 0249 68616E64 		.ascii	"handler\000"
 1210      6C657200 
 1211              	.LASF25:
 1212 0251 73697A65 		.ascii	"sizetype\000"
 1212      74797065 
 1212      00
 1213              	.LASF7:
 1214 025a 6C6F6E67 		.ascii	"long long int\000"
 1214      206C6F6E 
 1214      6720696E 
 1214      7400
 1215              	.LASF27:
 1216 0268 43505549 		.ascii	"CPUID\000"
 1216      4400
 1217              	.LASF42:
 1218 026e 63686172 		.ascii	"char\000"
 1218      00
ARM GAS  /tmp/ccXZn8JG.s 			page 24


 1219              	.LASF13:
 1220 0273 49534552 		.ascii	"ISER\000"
 1220      00
 1221              	.LASF38:
 1222 0278 41465352 		.ascii	"AFSR\000"
 1222      00
 1223              	.LASF36:
 1224 027d 4D4D4641 		.ascii	"MMFAR\000"
 1224      5200
 1225              	.LASF32:
 1226 0283 53484353 		.ascii	"SHCSR\000"
 1226      5200
 1227              	.LASF10:
 1228 0289 75696E74 		.ascii	"uint32_t\000"
 1228      33325F74 
 1228      00
 1229              	.LASF5:
 1230 0292 6C6F6E67 		.ascii	"long int\000"
 1230      20696E74 
 1230      00
 1231              	.LASF31:
 1232 029b 53485052 		.ascii	"SHPR\000"
 1232      00
 1233              	.LASF1:
 1234 02a0 7369676E 		.ascii	"signed char\000"
 1234      65642063 
 1234      68617200 
 1235              	.LASF49:
 1236 02ac 6E766963 		.ascii	"nvicSetSystemHandlerPriority\000"
 1236      53657453 
 1236      79737465 
 1236      6D48616E 
 1236      646C6572 
 1237              	.LASF21:
 1238 02c9 49414252 		.ascii	"IABR\000"
 1238      00
 1239              	.LASF37:
 1240 02ce 42464152 		.ascii	"BFAR\000"
 1240      00
 1241              	.LASF44:
 1242 02d3 6E766963 		.ascii	"nvicEnableVector\000"
 1242      456E6162 
 1242      6C655665 
 1242      63746F72 
 1242      00
 1243              		.ident	"GCC: (GNU Tools for ARM Embedded Processors) 4.8.4 20140526 (release) [ARM/embedded-4_8-br
ARM GAS  /tmp/ccXZn8JG.s 			page 25


DEFINED SYMBOLS
                            *ABS*:00000000 nvic.c
     /tmp/ccXZn8JG.s:19     .text.nvicEnableVector:00000000 $t
     /tmp/ccXZn8JG.s:25     .text.nvicEnableVector:00000000 nvicEnableVector
     /tmp/ccXZn8JG.s:84     .text.nvicDisableVector:00000000 $t
     /tmp/ccXZn8JG.s:90     .text.nvicDisableVector:00000000 nvicDisableVector
     /tmp/ccXZn8JG.s:135    .text.nvicDisableVector:00000040 $d
     /tmp/ccXZn8JG.s:140    .text.nvicSetSystemHandlerPriority:00000000 $t
     /tmp/ccXZn8JG.s:146    .text.nvicSetSystemHandlerPriority:00000000 nvicSetSystemHandlerPriority
                     .debug_frame:00000010 $d
     /tmp/ccXZn8JG.s:139    .text.nvicDisableVector:00000044 $t

NO UNDEFINED SYMBOLS
