ARM GAS  /tmp/ccfUwLYU.s 			page 1


   1              		.syntax unified
   2              		.cpu cortex-m4
   3              		.fpu softvfp
   4              		.eabi_attribute 20, 1
   5              		.eabi_attribute 21, 1
   6              		.eabi_attribute 23, 3
   7              		.eabi_attribute 24, 1
   8              		.eabi_attribute 25, 1
   9              		.eabi_attribute 26, 1
  10              		.eabi_attribute 30, 2
  11              		.eabi_attribute 34, 1
  12              		.eabi_attribute 18, 4
  13              		.thumb
  14              		.file	"pal.c"
  15              		.text
  16              	.Ltext0:
  17              		.cfi_sections	.debug_frame
  18              		.section	.text.palReadBus,"ax",%progbits
  19              		.align	2
  20              		.p2align 4,,15
  21              		.global	palReadBus
  22              		.thumb
  23              		.thumb_func
  24              		.type	palReadBus, %function
  25              	palReadBus:
  26              	.LFB118:
  27              		.file 1 "/home/marco/SoftwareProjects/st-usb/f9xx/firmware/ext/ChibiOS-RT/os/hal/src/pal.c"
  28              		.loc 1 77 0
  29              		.cfi_startproc
  30              		@ args = 0, pretend = 0, frame = 0
  31              		@ frame_needed = 0, uses_anonymous_args = 0
  32              		@ link register save eliminated.
  33              	.LVL0:
  34              		.loc 1 82 0
  35 0000 0368     		ldr	r3, [r0]
  36 0002 8268     		ldr	r2, [r0, #8]
  37 0004 1969     		ldr	r1, [r3, #16]
  38 0006 4368     		ldr	r3, [r0, #4]
  39 0008 21FA02F0 		lsr	r0, r1, r2
  40              	.LVL1:
  41              		.loc 1 83 0
  42 000c 1840     		ands	r0, r0, r3
  43 000e 7047     		bx	lr
  44              		.cfi_endproc
  45              	.LFE118:
  46              		.size	palReadBus, .-palReadBus
  47              		.section	.text.palWriteBus,"ax",%progbits
  48              		.align	2
  49              		.p2align 4,,15
  50              		.global	palWriteBus
  51              		.thumb
  52              		.thumb_func
  53              		.type	palWriteBus, %function
  54              	palWriteBus:
  55              	.LFB119:
  56              		.loc 1 103 0
  57              		.cfi_startproc
ARM GAS  /tmp/ccfUwLYU.s 			page 2


  58              		@ args = 0, pretend = 0, frame = 0
  59              		@ frame_needed = 0, uses_anonymous_args = 0
  60              		@ link register save eliminated.
  61              	.LVL2:
  62              		.loc 1 108 0
  63 0000 0DC8     		ldmia	r0, {r0, r2, r3}
  64              	.LVL3:
  65              		.loc 1 103 0
  66 0002 30B4     		push	{r4, r5}
  67              		.cfi_def_cfa_offset 8
  68              		.cfi_offset 4, -8
  69              		.cfi_offset 5, -4
  70              		.loc 1 108 0
  71 0004 22EA0105 		bic	r5, r2, r1
  72 0008 03F11004 		add	r4, r3, #16
  73 000c 0A40     		ands	r2, r2, r1
  74 000e 02FA03F3 		lsl	r3, r2, r3
  75 0012 05FA04F2 		lsl	r2, r5, r4
  76 0016 1343     		orrs	r3, r3, r2
  77 0018 8361     		str	r3, [r0, #24]
  78              		.loc 1 109 0
  79 001a 30BC     		pop	{r4, r5}
  80 001c 7047     		bx	lr
  81              		.cfi_endproc
  82              	.LFE119:
  83              		.size	palWriteBus, .-palWriteBus
  84 001e 00BF     		.section	.text.palSetBusMode,"ax",%progbits
  85              		.align	2
  86              		.p2align 4,,15
  87              		.global	palSetBusMode
  88              		.thumb
  89              		.thumb_func
  90              		.type	palSetBusMode, %function
  91              	palSetBusMode:
  92              	.LFB120:
  93              		.loc 1 127 0
  94              		.cfi_startproc
  95              		@ args = 0, pretend = 0, frame = 0
  96              		@ frame_needed = 0, uses_anonymous_args = 0
  97              		@ link register save eliminated.
  98              	.LVL4:
  99 0000 10B4     		push	{r4}
 100              		.cfi_def_cfa_offset 4
 101              		.cfi_offset 4, -4
 102              		.loc 1 127 0
 103 0002 0A46     		mov	r2, r1
 104              		.loc 1 132 0
 105 0004 4468     		ldr	r4, [r0, #4]
 106 0006 8168     		ldr	r1, [r0, #8]
 107              	.LVL5:
 108 0008 0068     		ldr	r0, [r0]
 109              	.LVL6:
 110 000a 04FA01F1 		lsl	r1, r4, r1
 111              		.loc 1 133 0
 112 000e 5DF8044B 		ldr	r4, [sp], #4
 113              		.loc 1 132 0
 114 0012 FFF7FEBF 		b	_pal_lld_setgroupmode
ARM GAS  /tmp/ccfUwLYU.s 			page 3


 115              	.LVL7:
 116              		.cfi_endproc
 117              	.LFE120:
 118              		.size	palSetBusMode, .-palSetBusMode
 119 0016 00BFAFF3 		.text
 119      0080AFF3 
 119      0080
 120              	.Letext0:
 121              		.file 2 "/home/marco/SoftwareProjects/st-usb/tools/gcc-arm-none-eabi-4_8-2014q2/arm-none-eabi/incl
 122              		.file 3 "/home/marco/SoftwareProjects/st-usb/tools/gcc-arm-none-eabi-4_8-2014q2/arm-none-eabi/incl
 123              		.file 4 "/home/marco/SoftwareProjects/st-usb/f9xx/firmware/ext/ChibiOS-RT/os/hal/platforms/STM32/G
 124              		.file 5 "/home/marco/SoftwareProjects/st-usb/f9xx/firmware/ext/ChibiOS-RT/os/hal/include/pal.h"
 125              		.file 6 "/home/marco/SoftwareProjects/st-usb/f9xx/firmware/ext/ChibiOS-RT/os/ports/common/ARMCMx/C
 126              		.section	.debug_info,"",%progbits
 127              	.Ldebug_info0:
 128 0000 C6020000 		.4byte	0x2c6
 129 0004 0400     		.2byte	0x4
 130 0006 00000000 		.4byte	.Ldebug_abbrev0
 131 000a 04       		.byte	0x4
 132 000b 01       		.uleb128 0x1
 133 000c 22010000 		.4byte	.LASF40
 134 0010 01       		.byte	0x1
 135 0011 32020000 		.4byte	.LASF41
 136 0015 00000000 		.4byte	.Ldebug_ranges0+0
 137 0019 00000000 		.4byte	0
 138 001d 00000000 		.4byte	.Ldebug_line0
 139 0021 02       		.uleb128 0x2
 140 0022 04       		.byte	0x4
 141 0023 05       		.byte	0x5
 142 0024 696E7400 		.ascii	"int\000"
 143 0028 03       		.uleb128 0x3
 144 0029 04       		.byte	0x4
 145 002a 07       		.byte	0x7
 146 002b FE000000 		.4byte	.LASF0
 147 002f 03       		.uleb128 0x3
 148 0030 01       		.byte	0x1
 149 0031 06       		.byte	0x6
 150 0032 AA020000 		.4byte	.LASF1
 151 0036 03       		.uleb128 0x3
 152 0037 01       		.byte	0x1
 153 0038 08       		.byte	0x8
 154 0039 80000000 		.4byte	.LASF2
 155 003d 03       		.uleb128 0x3
 156 003e 02       		.byte	0x2
 157 003f 05       		.byte	0x5
 158 0040 44000000 		.4byte	.LASF3
 159 0044 04       		.uleb128 0x4
 160 0045 CA000000 		.4byte	.LASF5
 161 0049 02       		.byte	0x2
 162 004a 26       		.byte	0x26
 163 004b 4F000000 		.4byte	0x4f
 164 004f 03       		.uleb128 0x3
 165 0050 02       		.byte	0x2
 166 0051 07       		.byte	0x7
 167 0052 A5000000 		.4byte	.LASF4
 168 0056 04       		.uleb128 0x4
 169 0057 1C000000 		.4byte	.LASF6
ARM GAS  /tmp/ccfUwLYU.s 			page 4


 170 005b 02       		.byte	0x2
 171 005c 37       		.byte	0x37
 172 005d 61000000 		.4byte	0x61
 173 0061 03       		.uleb128 0x3
 174 0062 04       		.byte	0x4
 175 0063 05       		.byte	0x5
 176 0064 A1020000 		.4byte	.LASF7
 177 0068 04       		.uleb128 0x4
 178 0069 D5000000 		.4byte	.LASF8
 179 006d 02       		.byte	0x2
 180 006e 38       		.byte	0x38
 181 006f 73000000 		.4byte	0x73
 182 0073 03       		.uleb128 0x3
 183 0074 04       		.byte	0x4
 184 0075 07       		.byte	0x7
 185 0076 93000000 		.4byte	.LASF9
 186 007a 03       		.uleb128 0x3
 187 007b 08       		.byte	0x8
 188 007c 05       		.byte	0x5
 189 007d 13020000 		.4byte	.LASF10
 190 0081 03       		.uleb128 0x3
 191 0082 08       		.byte	0x8
 192 0083 07       		.byte	0x7
 193 0084 BC020000 		.4byte	.LASF11
 194 0088 04       		.uleb128 0x4
 195 0089 8F020000 		.4byte	.LASF12
 196 008d 03       		.byte	0x3
 197 008e 36       		.byte	0x36
 198 008f 44000000 		.4byte	0x44
 199 0093 04       		.uleb128 0x4
 200 0094 FC010000 		.4byte	.LASF13
 201 0098 03       		.byte	0x3
 202 0099 41       		.byte	0x41
 203 009a 56000000 		.4byte	0x56
 204 009e 04       		.uleb128 0x4
 205 009f 98020000 		.4byte	.LASF14
 206 00a3 03       		.byte	0x3
 207 00a4 42       		.byte	0x42
 208 00a5 68000000 		.4byte	0x68
 209 00a9 04       		.uleb128 0x4
 210 00aa 26000000 		.4byte	.LASF15
 211 00ae 03       		.byte	0x3
 212 00af 60       		.byte	0x60
 213 00b0 28000000 		.4byte	0x28
 214 00b4 03       		.uleb128 0x3
 215 00b5 01       		.byte	0x1
 216 00b6 02       		.byte	0x2
 217 00b7 B6020000 		.4byte	.LASF16
 218 00bb 05       		.uleb128 0x5
 219 00bc 9E000000 		.4byte	0x9e
 220 00c0 03       		.uleb128 0x3
 221 00c1 04       		.byte	0x4
 222 00c2 07       		.byte	0x7
 223 00c3 04020000 		.4byte	.LASF17
 224 00c7 03       		.uleb128 0x3
 225 00c8 01       		.byte	0x1
 226 00c9 08       		.byte	0x8
ARM GAS  /tmp/ccfUwLYU.s 			page 5


 227 00ca 18010000 		.4byte	.LASF18
 228 00ce 05       		.uleb128 0x5
 229 00cf 93000000 		.4byte	0x93
 230 00d3 06       		.uleb128 0x6
 231 00d4 04       		.byte	0x4
 232 00d5 04       		.byte	0x4
 233 00d6 96       		.byte	0x96
 234 00d7 F4000000 		.4byte	0xf4
 235 00db 07       		.uleb128 0x7
 236 00dc 73657400 		.ascii	"set\000"
 237 00e0 04       		.byte	0x4
 238 00e1 97       		.byte	0x97
 239 00e2 88000000 		.4byte	0x88
 240 00e6 00       		.byte	0
 241 00e7 08       		.uleb128 0x8
 242 00e8 05000000 		.4byte	.LASF19
 243 00ec 04       		.byte	0x4
 244 00ed 98       		.byte	0x98
 245 00ee 88000000 		.4byte	0x88
 246 00f2 02       		.byte	0x2
 247 00f3 00       		.byte	0
 248 00f4 09       		.uleb128 0x9
 249 00f5 04       		.byte	0x4
 250 00f6 04       		.byte	0x4
 251 00f7 94       		.byte	0x94
 252 00f8 0F010000 		.4byte	0x10f
 253 00fc 0A       		.uleb128 0xa
 254 00fd 5700     		.ascii	"W\000"
 255 00ff 04       		.byte	0x4
 256 0100 95       		.byte	0x95
 257 0101 9E000000 		.4byte	0x9e
 258 0105 0A       		.uleb128 0xa
 259 0106 4800     		.ascii	"H\000"
 260 0108 04       		.byte	0x4
 261 0109 99       		.byte	0x99
 262 010a D3000000 		.4byte	0xd3
 263 010e 00       		.byte	0
 264 010f 06       		.uleb128 0x6
 265 0110 28       		.byte	0x28
 266 0111 04       		.byte	0x4
 267 0112 8C       		.byte	0x8c
 268 0113 90010000 		.4byte	0x190
 269 0117 08       		.uleb128 0x8
 270 0118 0B000000 		.4byte	.LASF20
 271 011c 04       		.byte	0x4
 272 011d 8E       		.byte	0x8e
 273 011e BB000000 		.4byte	0xbb
 274 0122 00       		.byte	0
 275 0123 08       		.uleb128 0x8
 276 0124 70000000 		.4byte	.LASF21
 277 0128 04       		.byte	0x4
 278 0129 8F       		.byte	0x8f
 279 012a BB000000 		.4byte	0xbb
 280 012e 04       		.byte	0x4
 281 012f 08       		.uleb128 0x8
 282 0130 E0000000 		.4byte	.LASF22
 283 0134 04       		.byte	0x4
ARM GAS  /tmp/ccfUwLYU.s 			page 6


 284 0135 90       		.byte	0x90
 285 0136 BB000000 		.4byte	0xbb
 286 013a 08       		.byte	0x8
 287 013b 08       		.uleb128 0x8
 288 013c 0D020000 		.4byte	.LASF23
 289 0140 04       		.byte	0x4
 290 0141 91       		.byte	0x91
 291 0142 BB000000 		.4byte	0xbb
 292 0146 0C       		.byte	0xc
 293 0147 07       		.uleb128 0x7
 294 0148 49445200 		.ascii	"IDR\000"
 295 014c 04       		.byte	0x4
 296 014d 92       		.byte	0x92
 297 014e BB000000 		.4byte	0xbb
 298 0152 10       		.byte	0x10
 299 0153 07       		.uleb128 0x7
 300 0154 4F445200 		.ascii	"ODR\000"
 301 0158 04       		.byte	0x4
 302 0159 93       		.byte	0x93
 303 015a BB000000 		.4byte	0xbb
 304 015e 14       		.byte	0x14
 305 015f 08       		.uleb128 0x8
 306 0160 33000000 		.4byte	.LASF24
 307 0164 04       		.byte	0x4
 308 0165 9A       		.byte	0x9a
 309 0166 90010000 		.4byte	0x190
 310 016a 18       		.byte	0x18
 311 016b 08       		.uleb128 0x8
 312 016c 00000000 		.4byte	.LASF25
 313 0170 04       		.byte	0x4
 314 0171 9B       		.byte	0x9b
 315 0172 BB000000 		.4byte	0xbb
 316 0176 1C       		.byte	0x1c
 317 0177 08       		.uleb128 0x8
 318 0178 B8000000 		.4byte	.LASF26
 319 017c 04       		.byte	0x4
 320 017d 9C       		.byte	0x9c
 321 017e BB000000 		.4byte	0xbb
 322 0182 20       		.byte	0x20
 323 0183 08       		.uleb128 0x8
 324 0184 8E000000 		.4byte	.LASF27
 325 0188 04       		.byte	0x4
 326 0189 9D       		.byte	0x9d
 327 018a BB000000 		.4byte	0xbb
 328 018e 24       		.byte	0x24
 329 018f 00       		.byte	0
 330 0190 05       		.uleb128 0x5
 331 0191 F4000000 		.4byte	0xf4
 332 0195 04       		.uleb128 0x4
 333 0196 0B010000 		.4byte	.LASF28
 334 019a 04       		.byte	0x4
 335 019b 9E       		.byte	0x9e
 336 019c 0F010000 		.4byte	0x10f
 337 01a0 04       		.uleb128 0x4
 338 01a1 63000000 		.4byte	.LASF29
 339 01a5 04       		.byte	0x4
 340 01a6 F0       		.byte	0xf0
ARM GAS  /tmp/ccfUwLYU.s 			page 7


 341 01a7 9E000000 		.4byte	0x9e
 342 01ab 04       		.uleb128 0x4
 343 01ac 77000000 		.4byte	.LASF30
 344 01b0 04       		.byte	0x4
 345 01b1 F5       		.byte	0xf5
 346 01b2 9E000000 		.4byte	0x9e
 347 01b6 04       		.uleb128 0x4
 348 01b7 84020000 		.4byte	.LASF31
 349 01bb 04       		.byte	0x4
 350 01bc FD       		.byte	0xfd
 351 01bd C1010000 		.4byte	0x1c1
 352 01c1 0B       		.uleb128 0xb
 353 01c2 04       		.byte	0x4
 354 01c3 95010000 		.4byte	0x195
 355 01c7 06       		.uleb128 0x6
 356 01c8 0C       		.byte	0xc
 357 01c9 05       		.byte	0x5
 358 01ca 85       		.byte	0x85
 359 01cb F4010000 		.4byte	0x1f4
 360 01cf 08       		.uleb128 0x8
 361 01d0 5C000000 		.4byte	.LASF32
 362 01d4 05       		.byte	0x5
 363 01d5 89       		.byte	0x89
 364 01d6 B6010000 		.4byte	0x1b6
 365 01da 00       		.byte	0
 366 01db 08       		.uleb128 0x8
 367 01dc 21020000 		.4byte	.LASF33
 368 01e0 05       		.byte	0x5
 369 01e1 8F       		.byte	0x8f
 370 01e2 A0010000 		.4byte	0x1a0
 371 01e6 04       		.byte	0x4
 372 01e7 08       		.uleb128 0x8
 373 01e8 2B020000 		.4byte	.LASF34
 374 01ec 05       		.byte	0x5
 375 01ed 93       		.byte	0x93
 376 01ee A9000000 		.4byte	0xa9
 377 01f2 08       		.byte	0x8
 378 01f3 00       		.byte	0
 379 01f4 04       		.uleb128 0x4
 380 01f5 D3020000 		.4byte	.LASF35
 381 01f9 05       		.byte	0x5
 382 01fa 94       		.byte	0x94
 383 01fb C7010000 		.4byte	0x1c7
 384 01ff 0C       		.uleb128 0xc
 385 0200 11000000 		.4byte	.LASF42
 386 0204 01       		.byte	0x1
 387 0205 4D       		.byte	0x4d
 388 0206 A0010000 		.4byte	0x1a0
 389 020a 00000000 		.4byte	.LFB118
 390 020e 10000000 		.4byte	.LFE118-.LFB118
 391 0212 01       		.uleb128 0x1
 392 0213 9C       		.byte	0x9c
 393 0214 28020000 		.4byte	0x228
 394 0218 0D       		.uleb128 0xd
 395 0219 62757300 		.ascii	"bus\000"
 396 021d 01       		.byte	0x1
 397 021e 4D       		.byte	0x4d
ARM GAS  /tmp/ccfUwLYU.s 			page 8


 398 021f 28020000 		.4byte	0x228
 399 0223 00000000 		.4byte	.LLST0
 400 0227 00       		.byte	0
 401 0228 0B       		.uleb128 0xb
 402 0229 04       		.byte	0x4
 403 022a F4010000 		.4byte	0x1f4
 404 022e 0E       		.uleb128 0xe
 405 022f 38000000 		.4byte	.LASF37
 406 0233 01       		.byte	0x1
 407 0234 67       		.byte	0x67
 408 0235 00000000 		.4byte	.LFB119
 409 0239 1E000000 		.4byte	.LFE119-.LFB119
 410 023d 01       		.uleb128 0x1
 411 023e 9C       		.byte	0x9c
 412 023f 60020000 		.4byte	0x260
 413 0243 0D       		.uleb128 0xd
 414 0244 62757300 		.ascii	"bus\000"
 415 0248 01       		.byte	0x1
 416 0249 67       		.byte	0x67
 417 024a 28020000 		.4byte	0x228
 418 024e 21000000 		.4byte	.LLST1
 419 0252 0F       		.uleb128 0xf
 420 0253 26020000 		.4byte	.LASF36
 421 0257 01       		.byte	0x1
 422 0258 67       		.byte	0x67
 423 0259 A0010000 		.4byte	0x1a0
 424 025d 01       		.uleb128 0x1
 425 025e 51       		.byte	0x51
 426 025f 00       		.byte	0
 427 0260 0E       		.uleb128 0xe
 428 0261 4E000000 		.4byte	.LASF38
 429 0265 01       		.byte	0x1
 430 0266 7F       		.byte	0x7f
 431 0267 00000000 		.4byte	.LFB120
 432 026b 16000000 		.4byte	.LFE120-.LFB120
 433 026f 01       		.uleb128 0x1
 434 0270 9C       		.byte	0x9c
 435 0271 A5020000 		.4byte	0x2a5
 436 0275 0D       		.uleb128 0xd
 437 0276 62757300 		.ascii	"bus\000"
 438 027a 01       		.byte	0x1
 439 027b 7F       		.byte	0x7f
 440 027c 28020000 		.4byte	0x228
 441 0280 42000000 		.4byte	.LLST2
 442 0284 10       		.uleb128 0x10
 443 0285 1D010000 		.4byte	.LASF39
 444 0289 01       		.byte	0x1
 445 028a 7F       		.byte	0x7f
 446 028b AB010000 		.4byte	0x1ab
 447 028f 63000000 		.4byte	.LLST3
 448 0293 11       		.uleb128 0x11
 449 0294 16000000 		.4byte	.LVL7
 450 0298 B1020000 		.4byte	0x2b1
 451 029c 12       		.uleb128 0x12
 452 029d 01       		.uleb128 0x1
 453 029e 52       		.byte	0x52
 454 029f 03       		.uleb128 0x3
ARM GAS  /tmp/ccfUwLYU.s 			page 9


 455 02a0 F3       		.byte	0xf3
 456 02a1 01       		.uleb128 0x1
 457 02a2 51       		.byte	0x51
 458 02a3 00       		.byte	0
 459 02a4 00       		.byte	0
 460 02a5 13       		.uleb128 0x13
 461 02a6 BD000000 		.4byte	.LASF43
 462 02aa 06       		.byte	0x6
 463 02ab 9806     		.2byte	0x698
 464 02ad CE000000 		.4byte	0xce
 465 02b1 14       		.uleb128 0x14
 466 02b2 E8000000 		.4byte	.LASF44
 467 02b6 04       		.byte	0x4
 468 02b7 C201     		.2byte	0x1c2
 469 02b9 15       		.uleb128 0x15
 470 02ba B6010000 		.4byte	0x1b6
 471 02be 15       		.uleb128 0x15
 472 02bf A0010000 		.4byte	0x1a0
 473 02c3 15       		.uleb128 0x15
 474 02c4 AB010000 		.4byte	0x1ab
 475 02c8 00       		.byte	0
 476 02c9 00       		.byte	0
 477              		.section	.debug_abbrev,"",%progbits
 478              	.Ldebug_abbrev0:
 479 0000 01       		.uleb128 0x1
 480 0001 11       		.uleb128 0x11
 481 0002 01       		.byte	0x1
 482 0003 25       		.uleb128 0x25
 483 0004 0E       		.uleb128 0xe
 484 0005 13       		.uleb128 0x13
 485 0006 0B       		.uleb128 0xb
 486 0007 03       		.uleb128 0x3
 487 0008 0E       		.uleb128 0xe
 488 0009 55       		.uleb128 0x55
 489 000a 17       		.uleb128 0x17
 490 000b 11       		.uleb128 0x11
 491 000c 01       		.uleb128 0x1
 492 000d 10       		.uleb128 0x10
 493 000e 17       		.uleb128 0x17
 494 000f 00       		.byte	0
 495 0010 00       		.byte	0
 496 0011 02       		.uleb128 0x2
 497 0012 24       		.uleb128 0x24
 498 0013 00       		.byte	0
 499 0014 0B       		.uleb128 0xb
 500 0015 0B       		.uleb128 0xb
 501 0016 3E       		.uleb128 0x3e
 502 0017 0B       		.uleb128 0xb
 503 0018 03       		.uleb128 0x3
 504 0019 08       		.uleb128 0x8
 505 001a 00       		.byte	0
 506 001b 00       		.byte	0
 507 001c 03       		.uleb128 0x3
 508 001d 24       		.uleb128 0x24
 509 001e 00       		.byte	0
 510 001f 0B       		.uleb128 0xb
 511 0020 0B       		.uleb128 0xb
ARM GAS  /tmp/ccfUwLYU.s 			page 10


 512 0021 3E       		.uleb128 0x3e
 513 0022 0B       		.uleb128 0xb
 514 0023 03       		.uleb128 0x3
 515 0024 0E       		.uleb128 0xe
 516 0025 00       		.byte	0
 517 0026 00       		.byte	0
 518 0027 04       		.uleb128 0x4
 519 0028 16       		.uleb128 0x16
 520 0029 00       		.byte	0
 521 002a 03       		.uleb128 0x3
 522 002b 0E       		.uleb128 0xe
 523 002c 3A       		.uleb128 0x3a
 524 002d 0B       		.uleb128 0xb
 525 002e 3B       		.uleb128 0x3b
 526 002f 0B       		.uleb128 0xb
 527 0030 49       		.uleb128 0x49
 528 0031 13       		.uleb128 0x13
 529 0032 00       		.byte	0
 530 0033 00       		.byte	0
 531 0034 05       		.uleb128 0x5
 532 0035 35       		.uleb128 0x35
 533 0036 00       		.byte	0
 534 0037 49       		.uleb128 0x49
 535 0038 13       		.uleb128 0x13
 536 0039 00       		.byte	0
 537 003a 00       		.byte	0
 538 003b 06       		.uleb128 0x6
 539 003c 13       		.uleb128 0x13
 540 003d 01       		.byte	0x1
 541 003e 0B       		.uleb128 0xb
 542 003f 0B       		.uleb128 0xb
 543 0040 3A       		.uleb128 0x3a
 544 0041 0B       		.uleb128 0xb
 545 0042 3B       		.uleb128 0x3b
 546 0043 0B       		.uleb128 0xb
 547 0044 01       		.uleb128 0x1
 548 0045 13       		.uleb128 0x13
 549 0046 00       		.byte	0
 550 0047 00       		.byte	0
 551 0048 07       		.uleb128 0x7
 552 0049 0D       		.uleb128 0xd
 553 004a 00       		.byte	0
 554 004b 03       		.uleb128 0x3
 555 004c 08       		.uleb128 0x8
 556 004d 3A       		.uleb128 0x3a
 557 004e 0B       		.uleb128 0xb
 558 004f 3B       		.uleb128 0x3b
 559 0050 0B       		.uleb128 0xb
 560 0051 49       		.uleb128 0x49
 561 0052 13       		.uleb128 0x13
 562 0053 38       		.uleb128 0x38
 563 0054 0B       		.uleb128 0xb
 564 0055 00       		.byte	0
 565 0056 00       		.byte	0
 566 0057 08       		.uleb128 0x8
 567 0058 0D       		.uleb128 0xd
 568 0059 00       		.byte	0
ARM GAS  /tmp/ccfUwLYU.s 			page 11


 569 005a 03       		.uleb128 0x3
 570 005b 0E       		.uleb128 0xe
 571 005c 3A       		.uleb128 0x3a
 572 005d 0B       		.uleb128 0xb
 573 005e 3B       		.uleb128 0x3b
 574 005f 0B       		.uleb128 0xb
 575 0060 49       		.uleb128 0x49
 576 0061 13       		.uleb128 0x13
 577 0062 38       		.uleb128 0x38
 578 0063 0B       		.uleb128 0xb
 579 0064 00       		.byte	0
 580 0065 00       		.byte	0
 581 0066 09       		.uleb128 0x9
 582 0067 17       		.uleb128 0x17
 583 0068 01       		.byte	0x1
 584 0069 0B       		.uleb128 0xb
 585 006a 0B       		.uleb128 0xb
 586 006b 3A       		.uleb128 0x3a
 587 006c 0B       		.uleb128 0xb
 588 006d 3B       		.uleb128 0x3b
 589 006e 0B       		.uleb128 0xb
 590 006f 01       		.uleb128 0x1
 591 0070 13       		.uleb128 0x13
 592 0071 00       		.byte	0
 593 0072 00       		.byte	0
 594 0073 0A       		.uleb128 0xa
 595 0074 0D       		.uleb128 0xd
 596 0075 00       		.byte	0
 597 0076 03       		.uleb128 0x3
 598 0077 08       		.uleb128 0x8
 599 0078 3A       		.uleb128 0x3a
 600 0079 0B       		.uleb128 0xb
 601 007a 3B       		.uleb128 0x3b
 602 007b 0B       		.uleb128 0xb
 603 007c 49       		.uleb128 0x49
 604 007d 13       		.uleb128 0x13
 605 007e 00       		.byte	0
 606 007f 00       		.byte	0
 607 0080 0B       		.uleb128 0xb
 608 0081 0F       		.uleb128 0xf
 609 0082 00       		.byte	0
 610 0083 0B       		.uleb128 0xb
 611 0084 0B       		.uleb128 0xb
 612 0085 49       		.uleb128 0x49
 613 0086 13       		.uleb128 0x13
 614 0087 00       		.byte	0
 615 0088 00       		.byte	0
 616 0089 0C       		.uleb128 0xc
 617 008a 2E       		.uleb128 0x2e
 618 008b 01       		.byte	0x1
 619 008c 3F       		.uleb128 0x3f
 620 008d 19       		.uleb128 0x19
 621 008e 03       		.uleb128 0x3
 622 008f 0E       		.uleb128 0xe
 623 0090 3A       		.uleb128 0x3a
 624 0091 0B       		.uleb128 0xb
 625 0092 3B       		.uleb128 0x3b
ARM GAS  /tmp/ccfUwLYU.s 			page 12


 626 0093 0B       		.uleb128 0xb
 627 0094 27       		.uleb128 0x27
 628 0095 19       		.uleb128 0x19
 629 0096 49       		.uleb128 0x49
 630 0097 13       		.uleb128 0x13
 631 0098 11       		.uleb128 0x11
 632 0099 01       		.uleb128 0x1
 633 009a 12       		.uleb128 0x12
 634 009b 06       		.uleb128 0x6
 635 009c 40       		.uleb128 0x40
 636 009d 18       		.uleb128 0x18
 637 009e 9742     		.uleb128 0x2117
 638 00a0 19       		.uleb128 0x19
 639 00a1 01       		.uleb128 0x1
 640 00a2 13       		.uleb128 0x13
 641 00a3 00       		.byte	0
 642 00a4 00       		.byte	0
 643 00a5 0D       		.uleb128 0xd
 644 00a6 05       		.uleb128 0x5
 645 00a7 00       		.byte	0
 646 00a8 03       		.uleb128 0x3
 647 00a9 08       		.uleb128 0x8
 648 00aa 3A       		.uleb128 0x3a
 649 00ab 0B       		.uleb128 0xb
 650 00ac 3B       		.uleb128 0x3b
 651 00ad 0B       		.uleb128 0xb
 652 00ae 49       		.uleb128 0x49
 653 00af 13       		.uleb128 0x13
 654 00b0 02       		.uleb128 0x2
 655 00b1 17       		.uleb128 0x17
 656 00b2 00       		.byte	0
 657 00b3 00       		.byte	0
 658 00b4 0E       		.uleb128 0xe
 659 00b5 2E       		.uleb128 0x2e
 660 00b6 01       		.byte	0x1
 661 00b7 3F       		.uleb128 0x3f
 662 00b8 19       		.uleb128 0x19
 663 00b9 03       		.uleb128 0x3
 664 00ba 0E       		.uleb128 0xe
 665 00bb 3A       		.uleb128 0x3a
 666 00bc 0B       		.uleb128 0xb
 667 00bd 3B       		.uleb128 0x3b
 668 00be 0B       		.uleb128 0xb
 669 00bf 27       		.uleb128 0x27
 670 00c0 19       		.uleb128 0x19
 671 00c1 11       		.uleb128 0x11
 672 00c2 01       		.uleb128 0x1
 673 00c3 12       		.uleb128 0x12
 674 00c4 06       		.uleb128 0x6
 675 00c5 40       		.uleb128 0x40
 676 00c6 18       		.uleb128 0x18
 677 00c7 9742     		.uleb128 0x2117
 678 00c9 19       		.uleb128 0x19
 679 00ca 01       		.uleb128 0x1
 680 00cb 13       		.uleb128 0x13
 681 00cc 00       		.byte	0
 682 00cd 00       		.byte	0
ARM GAS  /tmp/ccfUwLYU.s 			page 13


 683 00ce 0F       		.uleb128 0xf
 684 00cf 05       		.uleb128 0x5
 685 00d0 00       		.byte	0
 686 00d1 03       		.uleb128 0x3
 687 00d2 0E       		.uleb128 0xe
 688 00d3 3A       		.uleb128 0x3a
 689 00d4 0B       		.uleb128 0xb
 690 00d5 3B       		.uleb128 0x3b
 691 00d6 0B       		.uleb128 0xb
 692 00d7 49       		.uleb128 0x49
 693 00d8 13       		.uleb128 0x13
 694 00d9 02       		.uleb128 0x2
 695 00da 18       		.uleb128 0x18
 696 00db 00       		.byte	0
 697 00dc 00       		.byte	0
 698 00dd 10       		.uleb128 0x10
 699 00de 05       		.uleb128 0x5
 700 00df 00       		.byte	0
 701 00e0 03       		.uleb128 0x3
 702 00e1 0E       		.uleb128 0xe
 703 00e2 3A       		.uleb128 0x3a
 704 00e3 0B       		.uleb128 0xb
 705 00e4 3B       		.uleb128 0x3b
 706 00e5 0B       		.uleb128 0xb
 707 00e6 49       		.uleb128 0x49
 708 00e7 13       		.uleb128 0x13
 709 00e8 02       		.uleb128 0x2
 710 00e9 17       		.uleb128 0x17
 711 00ea 00       		.byte	0
 712 00eb 00       		.byte	0
 713 00ec 11       		.uleb128 0x11
 714 00ed 898201   		.uleb128 0x4109
 715 00f0 01       		.byte	0x1
 716 00f1 11       		.uleb128 0x11
 717 00f2 01       		.uleb128 0x1
 718 00f3 9542     		.uleb128 0x2115
 719 00f5 19       		.uleb128 0x19
 720 00f6 31       		.uleb128 0x31
 721 00f7 13       		.uleb128 0x13
 722 00f8 00       		.byte	0
 723 00f9 00       		.byte	0
 724 00fa 12       		.uleb128 0x12
 725 00fb 8A8201   		.uleb128 0x410a
 726 00fe 00       		.byte	0
 727 00ff 02       		.uleb128 0x2
 728 0100 18       		.uleb128 0x18
 729 0101 9142     		.uleb128 0x2111
 730 0103 18       		.uleb128 0x18
 731 0104 00       		.byte	0
 732 0105 00       		.byte	0
 733 0106 13       		.uleb128 0x13
 734 0107 34       		.uleb128 0x34
 735 0108 00       		.byte	0
 736 0109 03       		.uleb128 0x3
 737 010a 0E       		.uleb128 0xe
 738 010b 3A       		.uleb128 0x3a
 739 010c 0B       		.uleb128 0xb
ARM GAS  /tmp/ccfUwLYU.s 			page 14


 740 010d 3B       		.uleb128 0x3b
 741 010e 05       		.uleb128 0x5
 742 010f 49       		.uleb128 0x49
 743 0110 13       		.uleb128 0x13
 744 0111 3F       		.uleb128 0x3f
 745 0112 19       		.uleb128 0x19
 746 0113 3C       		.uleb128 0x3c
 747 0114 19       		.uleb128 0x19
 748 0115 00       		.byte	0
 749 0116 00       		.byte	0
 750 0117 14       		.uleb128 0x14
 751 0118 2E       		.uleb128 0x2e
 752 0119 01       		.byte	0x1
 753 011a 3F       		.uleb128 0x3f
 754 011b 19       		.uleb128 0x19
 755 011c 03       		.uleb128 0x3
 756 011d 0E       		.uleb128 0xe
 757 011e 3A       		.uleb128 0x3a
 758 011f 0B       		.uleb128 0xb
 759 0120 3B       		.uleb128 0x3b
 760 0121 05       		.uleb128 0x5
 761 0122 27       		.uleb128 0x27
 762 0123 19       		.uleb128 0x19
 763 0124 3C       		.uleb128 0x3c
 764 0125 19       		.uleb128 0x19
 765 0126 00       		.byte	0
 766 0127 00       		.byte	0
 767 0128 15       		.uleb128 0x15
 768 0129 05       		.uleb128 0x5
 769 012a 00       		.byte	0
 770 012b 49       		.uleb128 0x49
 771 012c 13       		.uleb128 0x13
 772 012d 00       		.byte	0
 773 012e 00       		.byte	0
 774 012f 00       		.byte	0
 775              		.section	.debug_loc,"",%progbits
 776              	.Ldebug_loc0:
 777              	.LLST0:
 778 0000 00000000 		.4byte	.LVL0
 779 0004 0C000000 		.4byte	.LVL1
 780 0008 0100     		.2byte	0x1
 781 000a 50       		.byte	0x50
 782 000b 0C000000 		.4byte	.LVL1
 783 000f 10000000 		.4byte	.LFE118
 784 0013 0400     		.2byte	0x4
 785 0015 F3       		.byte	0xf3
 786 0016 01       		.uleb128 0x1
 787 0017 50       		.byte	0x50
 788 0018 9F       		.byte	0x9f
 789 0019 00000000 		.4byte	0
 790 001d 00000000 		.4byte	0
 791              	.LLST1:
 792 0021 00000000 		.4byte	.LVL2
 793 0025 02000000 		.4byte	.LVL3
 794 0029 0100     		.2byte	0x1
 795 002b 50       		.byte	0x50
 796 002c 02000000 		.4byte	.LVL3
ARM GAS  /tmp/ccfUwLYU.s 			page 15


 797 0030 1E000000 		.4byte	.LFE119
 798 0034 0400     		.2byte	0x4
 799 0036 F3       		.byte	0xf3
 800 0037 01       		.uleb128 0x1
 801 0038 50       		.byte	0x50
 802 0039 9F       		.byte	0x9f
 803 003a 00000000 		.4byte	0
 804 003e 00000000 		.4byte	0
 805              	.LLST2:
 806 0042 00000000 		.4byte	.LVL4
 807 0046 0A000000 		.4byte	.LVL6
 808 004a 0100     		.2byte	0x1
 809 004c 50       		.byte	0x50
 810 004d 0A000000 		.4byte	.LVL6
 811 0051 16000000 		.4byte	.LFE120
 812 0055 0400     		.2byte	0x4
 813 0057 F3       		.byte	0xf3
 814 0058 01       		.uleb128 0x1
 815 0059 50       		.byte	0x50
 816 005a 9F       		.byte	0x9f
 817 005b 00000000 		.4byte	0
 818 005f 00000000 		.4byte	0
 819              	.LLST3:
 820 0063 00000000 		.4byte	.LVL4
 821 0067 08000000 		.4byte	.LVL5
 822 006b 0100     		.2byte	0x1
 823 006d 51       		.byte	0x51
 824 006e 08000000 		.4byte	.LVL5
 825 0072 15000000 		.4byte	.LVL7-1
 826 0076 0100     		.2byte	0x1
 827 0078 52       		.byte	0x52
 828 0079 15000000 		.4byte	.LVL7-1
 829 007d 16000000 		.4byte	.LFE120
 830 0081 0400     		.2byte	0x4
 831 0083 F3       		.byte	0xf3
 832 0084 01       		.uleb128 0x1
 833 0085 51       		.byte	0x51
 834 0086 9F       		.byte	0x9f
 835 0087 00000000 		.4byte	0
 836 008b 00000000 		.4byte	0
 837              		.section	.debug_aranges,"",%progbits
 838 0000 2C000000 		.4byte	0x2c
 839 0004 0200     		.2byte	0x2
 840 0006 00000000 		.4byte	.Ldebug_info0
 841 000a 04       		.byte	0x4
 842 000b 00       		.byte	0
 843 000c 0000     		.2byte	0
 844 000e 0000     		.2byte	0
 845 0010 00000000 		.4byte	.LFB118
 846 0014 10000000 		.4byte	.LFE118-.LFB118
 847 0018 00000000 		.4byte	.LFB119
 848 001c 1E000000 		.4byte	.LFE119-.LFB119
 849 0020 00000000 		.4byte	.LFB120
 850 0024 16000000 		.4byte	.LFE120-.LFB120
 851 0028 00000000 		.4byte	0
 852 002c 00000000 		.4byte	0
 853              		.section	.debug_ranges,"",%progbits
ARM GAS  /tmp/ccfUwLYU.s 			page 16


 854              	.Ldebug_ranges0:
 855 0000 00000000 		.4byte	.LFB118
 856 0004 10000000 		.4byte	.LFE118
 857 0008 00000000 		.4byte	.LFB119
 858 000c 1E000000 		.4byte	.LFE119
 859 0010 00000000 		.4byte	.LFB120
 860 0014 16000000 		.4byte	.LFE120
 861 0018 00000000 		.4byte	0
 862 001c 00000000 		.4byte	0
 863              		.section	.debug_line,"",%progbits
 864              	.Ldebug_line0:
 865 0000 C3020000 		.section	.debug_str,"MS",%progbits,1
 865      02008302 
 865      00000201 
 865      FB0E0D00 
 865      01010101 
 866              	.LASF25:
 867 0000 4C434B52 		.ascii	"LCKR\000"
 867      00
 868              	.LASF19:
 869 0005 636C6561 		.ascii	"clear\000"
 869      7200
 870              	.LASF20:
 871 000b 4D4F4445 		.ascii	"MODER\000"
 871      5200
 872              	.LASF42:
 873 0011 70616C52 		.ascii	"palReadBus\000"
 873      65616442 
 873      757300
 874              	.LASF6:
 875 001c 5F5F696E 		.ascii	"__int32_t\000"
 875      7433325F 
 875      7400
 876              	.LASF15:
 877 0026 75696E74 		.ascii	"uint_fast8_t\000"
 877      5F666173 
 877      74385F74 
 877      00
 878              	.LASF24:
 879 0033 42535252 		.ascii	"BSRR\000"
 879      00
 880              	.LASF37:
 881 0038 70616C57 		.ascii	"palWriteBus\000"
 881      72697465 
 881      42757300 
 882              	.LASF3:
 883 0044 73686F72 		.ascii	"short int\000"
 883      7420696E 
 883      7400
 884              	.LASF38:
 885 004e 70616C53 		.ascii	"palSetBusMode\000"
 885      65744275 
 885      734D6F64 
 885      6500
 886              	.LASF32:
 887 005c 706F7274 		.ascii	"portid\000"
 887      696400
ARM GAS  /tmp/ccfUwLYU.s 			page 17


 888              	.LASF29:
 889 0063 696F706F 		.ascii	"ioportmask_t\000"
 889      72746D61 
 889      736B5F74 
 889      00
 890              	.LASF21:
 891 0070 4F545950 		.ascii	"OTYPER\000"
 891      455200
 892              	.LASF30:
 893 0077 696F6D6F 		.ascii	"iomode_t\000"
 893      64655F74 
 893      00
 894              	.LASF2:
 895 0080 756E7369 		.ascii	"unsigned char\000"
 895      676E6564 
 895      20636861 
 895      7200
 896              	.LASF27:
 897 008e 41465248 		.ascii	"AFRH\000"
 897      00
 898              	.LASF9:
 899 0093 6C6F6E67 		.ascii	"long unsigned int\000"
 899      20756E73 
 899      69676E65 
 899      6420696E 
 899      7400
 900              	.LASF4:
 901 00a5 73686F72 		.ascii	"short unsigned int\000"
 901      7420756E 
 901      7369676E 
 901      65642069 
 901      6E7400
 902              	.LASF26:
 903 00b8 4146524C 		.ascii	"AFRL\000"
 903      00
 904              	.LASF43:
 905 00bd 49544D5F 		.ascii	"ITM_RxBuffer\000"
 905      52784275 
 905      66666572 
 905      00
 906              	.LASF5:
 907 00ca 5F5F7569 		.ascii	"__uint16_t\000"
 907      6E743136 
 907      5F7400
 908              	.LASF8:
 909 00d5 5F5F7569 		.ascii	"__uint32_t\000"
 909      6E743332 
 909      5F7400
 910              	.LASF22:
 911 00e0 4F535045 		.ascii	"OSPEEDR\000"
 911      45445200 
 912              	.LASF44:
 913 00e8 5F70616C 		.ascii	"_pal_lld_setgroupmode\000"
 913      5F6C6C64 
 913      5F736574 
 913      67726F75 
 913      706D6F64 
ARM GAS  /tmp/ccfUwLYU.s 			page 18


 914              	.LASF0:
 915 00fe 756E7369 		.ascii	"unsigned int\000"
 915      676E6564 
 915      20696E74 
 915      00
 916              	.LASF28:
 917 010b 4750494F 		.ascii	"GPIO_TypeDef\000"
 917      5F547970 
 917      65446566 
 917      00
 918              	.LASF18:
 919 0118 63686172 		.ascii	"char\000"
 919      00
 920              	.LASF39:
 921 011d 6D6F6465 		.ascii	"mode\000"
 921      00
 922              	.LASF40:
 923 0122 474E5520 		.ascii	"GNU C 4.8.4 20140526 (release) [ARM/embedded-4_8-br"
 923      4320342E 
 923      382E3420 
 923      32303134 
 923      30353236 
 924 0155 616E6368 		.ascii	"anch revision 211358] -mcpu=cortex-m4 -mno-thumb-in"
 924      20726576 
 924      6973696F 
 924      6E203231 
 924      31333538 
 925 0188 74657277 		.ascii	"terwork -mthumb -ggdb -O2 -fomit-frame-pointer -fal"
 925      6F726B20 
 925      2D6D7468 
 925      756D6220 
 925      2D676764 
 926 01bb 69676E2D 		.ascii	"ign-functions=16 -ffunction-sections -fdata-section"
 926      66756E63 
 926      74696F6E 
 926      733D3136 
 926      202D6666 
 927 01ee 73202D66 		.ascii	"s -fno-common\000"
 927      6E6F2D63 
 927      6F6D6D6F 
 927      6E00
 928              	.LASF13:
 929 01fc 696E7433 		.ascii	"int32_t\000"
 929      325F7400 
 930              	.LASF17:
 931 0204 73697A65 		.ascii	"sizetype\000"
 931      74797065 
 931      00
 932              	.LASF23:
 933 020d 50555044 		.ascii	"PUPDR\000"
 933      5200
 934              	.LASF10:
 935 0213 6C6F6E67 		.ascii	"long long int\000"
 935      206C6F6E 
 935      6720696E 
 935      7400
 936              	.LASF33:
ARM GAS  /tmp/ccfUwLYU.s 			page 19


 937 0221 6D61736B 		.ascii	"mask\000"
 937      00
 938              	.LASF36:
 939 0226 62697473 		.ascii	"bits\000"
 939      00
 940              	.LASF34:
 941 022b 6F666673 		.ascii	"offset\000"
 941      657400
 942              	.LASF41:
 943 0232 2F686F6D 		.ascii	"/home/marco/SoftwareProjects/st-usb/f9xx/firmware/e"
 943      652F6D61 
 943      72636F2F 
 943      536F6674 
 943      77617265 
 944 0265 78742F43 		.ascii	"xt/ChibiOS-RT/os/hal/src/pal.c\000"
 944      68696269 
 944      4F532D52 
 944      542F6F73 
 944      2F68616C 
 945              	.LASF31:
 946 0284 696F706F 		.ascii	"ioportid_t\000"
 946      72746964 
 946      5F7400
 947              	.LASF12:
 948 028f 75696E74 		.ascii	"uint16_t\000"
 948      31365F74 
 948      00
 949              	.LASF14:
 950 0298 75696E74 		.ascii	"uint32_t\000"
 950      33325F74 
 950      00
 951              	.LASF7:
 952 02a1 6C6F6E67 		.ascii	"long int\000"
 952      20696E74 
 952      00
 953              	.LASF1:
 954 02aa 7369676E 		.ascii	"signed char\000"
 954      65642063 
 954      68617200 
 955              	.LASF16:
 956 02b6 5F426F6F 		.ascii	"_Bool\000"
 956      6C00
 957              	.LASF11:
 958 02bc 6C6F6E67 		.ascii	"long long unsigned int\000"
 958      206C6F6E 
 958      6720756E 
 958      7369676E 
 958      65642069 
 959              	.LASF35:
 960 02d3 494F4275 		.ascii	"IOBus\000"
 960      7300
 961              		.ident	"GCC: (GNU Tools for ARM Embedded Processors) 4.8.4 20140526 (release) [ARM/embedded-4_8-br
ARM GAS  /tmp/ccfUwLYU.s 			page 20


DEFINED SYMBOLS
                            *ABS*:00000000 pal.c
     /tmp/ccfUwLYU.s:19     .text.palReadBus:00000000 $t
     /tmp/ccfUwLYU.s:25     .text.palReadBus:00000000 palReadBus
     /tmp/ccfUwLYU.s:48     .text.palWriteBus:00000000 $t
     /tmp/ccfUwLYU.s:54     .text.palWriteBus:00000000 palWriteBus
     /tmp/ccfUwLYU.s:85     .text.palSetBusMode:00000000 $t
     /tmp/ccfUwLYU.s:91     .text.palSetBusMode:00000000 palSetBusMode
                     .debug_frame:00000010 $d

UNDEFINED SYMBOLS
_pal_lld_setgroupmode
