ARM GAS  /tmp/ccwamDVW.s 			page 1


   1              		.syntax unified
   2              		.cpu cortex-m4
   3              		.fpu softvfp
   4              		.eabi_attribute 20, 1
   5              		.eabi_attribute 21, 1
   6              		.eabi_attribute 23, 3
   7              		.eabi_attribute 24, 1
   8              		.eabi_attribute 25, 1
   9              		.eabi_attribute 26, 1
  10              		.eabi_attribute 30, 2
  11              		.eabi_attribute 34, 1
  12              		.eabi_attribute 18, 4
  13              		.thumb
  14              		.file	"pal_lld.c"
  15              		.text
  16              	.Ltext0:
  17              		.cfi_sections	.debug_frame
  18              		.section	.text._pal_lld_init,"ax",%progbits
  19              		.align	2
  20              		.p2align 4,,15
  21              		.global	_pal_lld_init
  22              		.thumb
  23              		.thumb_func
  24              		.type	_pal_lld_init, %function
  25              	_pal_lld_init:
  26              	.LFB119:
  27              		.file 1 "/home/marco/SoftwareProjects/st-usb/f9xx/firmware/ext/ChibiOS-RT/os/hal/platforms/STM32/G
  28              		.loc 1 113 0
  29              		.cfi_startproc
  30              		@ args = 0, pretend = 0, frame = 0
  31              		@ frame_needed = 0, uses_anonymous_args = 0
  32              		@ link register save eliminated.
  33              	.LVL0:
  34 0000 2DE9F00F 		push	{r4, r5, r6, r7, r8, r9, r10, fp}
  35              		.cfi_def_cfa_offset 32
  36              		.cfi_offset 4, -32
  37              		.cfi_offset 5, -28
  38              		.cfi_offset 6, -24
  39              		.cfi_offset 7, -20
  40              		.cfi_offset 8, -16
  41              		.cfi_offset 9, -12
  42              		.cfi_offset 10, -8
  43              		.cfi_offset 11, -4
  44              		.loc 1 126 0
  45 0004 DFF8AC91 		ldr	r9, .L2+28
  46              	.LBB20:
  47              	.LBB21:
  48              		.loc 1 88 0
  49 0008 DFF8AC81 		ldr	r8, .L2+32
  50              	.LBE21:
  51              	.LBE20:
  52              		.loc 1 126 0
  53 000c D9F830B0 		ldr	fp, [r9, #48]
  54              	.LBB23:
  55              	.LBB24:
  56              		.loc 1 88 0
  57 0010 DFF8A8C1 		ldr	ip, .L2+36
ARM GAS  /tmp/ccwamDVW.s 			page 2


  58              	.LBE24:
  59              	.LBE23:
  60              	.LBB26:
  61              	.LBB27:
  62 0014 604F     		ldr	r7, .L2
  63              	.LBE27:
  64              	.LBE26:
  65              	.LBB29:
  66              	.LBB30:
  67 0016 614E     		ldr	r6, .L2+4
  68              	.LBE30:
  69              	.LBE29:
  70              	.LBB32:
  71              	.LBB33:
  72 0018 614D     		ldr	r5, .L2+8
  73              	.LBE33:
  74              	.LBE32:
  75              	.LBB35:
  76              	.LBB36:
  77 001a 624C     		ldr	r4, .L2+12
  78              	.LBE36:
  79              	.LBE35:
  80              	.LBB38:
  81              	.LBB39:
  82 001c 6249     		ldr	r1, .L2+16
  83              	.LBE39:
  84              	.LBE38:
  85              	.LBB41:
  86              	.LBB42:
  87 001e 634A     		ldr	r2, .L2+20
  88              	.LBE42:
  89              	.LBE41:
  90              		.loc 1 126 0
  91 0020 40F2FF1A 		movw	r10, #511
  92 0024 4BEA0A0B 		orr	fp, fp, r10
  93 0028 C9F830B0 		str	fp, [r9, #48]
  94              		.loc 1 127 0
  95 002c D9F850B0 		ldr	fp, [r9, #80]
  96 0030 4BEA0A0A 		orr	r10, fp, r10
  97 0034 C9F850A0 		str	r10, [r9, #80]
  98              	.LVL1:
  99              	.LBB44:
 100              	.LBB22:
 101              		.loc 1 88 0
 102 0038 4368     		ldr	r3, [r0, #4]
 103 003a C8F80430 		str	r3, [r8, #4]
 104              		.loc 1 89 0
 105 003e 8368     		ldr	r3, [r0, #8]
 106 0040 C8F80830 		str	r3, [r8, #8]
 107              		.loc 1 90 0
 108 0044 C368     		ldr	r3, [r0, #12]
 109 0046 C8F80C30 		str	r3, [r8, #12]
 110              		.loc 1 91 0
 111 004a 0369     		ldr	r3, [r0, #16]
 112 004c C8F81430 		str	r3, [r8, #20]
 113              		.loc 1 92 0
 114 0050 4369     		ldr	r3, [r0, #20]
ARM GAS  /tmp/ccwamDVW.s 			page 3


 115 0052 C8F82030 		str	r3, [r8, #32]
 116              		.loc 1 93 0
 117 0056 8369     		ldr	r3, [r0, #24]
 118 0058 C8F82430 		str	r3, [r8, #36]
 119              		.loc 1 94 0
 120 005c 0368     		ldr	r3, [r0]
 121 005e C8F80030 		str	r3, [r8]
 122              	.LVL2:
 123              	.LBE22:
 124              	.LBE44:
 125              	.LBB45:
 126              	.LBB25:
 127              		.loc 1 88 0
 128 0062 036A     		ldr	r3, [r0, #32]
 129 0064 CCF80430 		str	r3, [ip, #4]
 130              		.loc 1 89 0
 131 0068 436A     		ldr	r3, [r0, #36]
 132 006a CCF80830 		str	r3, [ip, #8]
 133              		.loc 1 90 0
 134 006e 836A     		ldr	r3, [r0, #40]
 135 0070 CCF80C30 		str	r3, [ip, #12]
 136              		.loc 1 91 0
 137 0074 C36A     		ldr	r3, [r0, #44]
 138 0076 CCF81430 		str	r3, [ip, #20]
 139              		.loc 1 92 0
 140 007a 036B     		ldr	r3, [r0, #48]
 141 007c CCF82030 		str	r3, [ip, #32]
 142              		.loc 1 93 0
 143 0080 436B     		ldr	r3, [r0, #52]
 144 0082 CCF82430 		str	r3, [ip, #36]
 145              		.loc 1 94 0
 146 0086 C369     		ldr	r3, [r0, #28]
 147 0088 CCF80030 		str	r3, [ip]
 148              	.LVL3:
 149              	.LBE25:
 150              	.LBE45:
 151              	.LBB46:
 152              	.LBB28:
 153              		.loc 1 88 0
 154 008c C36B     		ldr	r3, [r0, #60]
 155 008e 7B60     		str	r3, [r7, #4]
 156              		.loc 1 89 0
 157 0090 036C     		ldr	r3, [r0, #64]
 158 0092 BB60     		str	r3, [r7, #8]
 159              		.loc 1 90 0
 160 0094 436C     		ldr	r3, [r0, #68]
 161 0096 FB60     		str	r3, [r7, #12]
 162              		.loc 1 91 0
 163 0098 836C     		ldr	r3, [r0, #72]
 164 009a 7B61     		str	r3, [r7, #20]
 165              		.loc 1 92 0
 166 009c C36C     		ldr	r3, [r0, #76]
 167 009e 3B62     		str	r3, [r7, #32]
 168              		.loc 1 93 0
 169 00a0 036D     		ldr	r3, [r0, #80]
 170 00a2 7B62     		str	r3, [r7, #36]
 171              		.loc 1 94 0
ARM GAS  /tmp/ccwamDVW.s 			page 4


 172 00a4 836B     		ldr	r3, [r0, #56]
 173 00a6 3B60     		str	r3, [r7]
 174              	.LVL4:
 175              	.LBE28:
 176              	.LBE46:
 177              	.LBB47:
 178              	.LBB31:
 179              		.loc 1 88 0
 180 00a8 876D     		ldr	r7, [r0, #88]
 181 00aa 7760     		str	r7, [r6, #4]
 182              		.loc 1 89 0
 183 00ac C76D     		ldr	r7, [r0, #92]
 184 00ae B760     		str	r7, [r6, #8]
 185              		.loc 1 90 0
 186 00b0 076E     		ldr	r7, [r0, #96]
 187 00b2 F760     		str	r7, [r6, #12]
 188              		.loc 1 91 0
 189 00b4 476E     		ldr	r7, [r0, #100]
 190 00b6 7761     		str	r7, [r6, #20]
 191              		.loc 1 92 0
 192 00b8 876E     		ldr	r7, [r0, #104]
 193 00ba 3762     		str	r7, [r6, #32]
 194              		.loc 1 93 0
 195 00bc C76E     		ldr	r7, [r0, #108]
 196 00be 7762     		str	r7, [r6, #36]
 197              		.loc 1 94 0
 198 00c0 476D     		ldr	r7, [r0, #84]
 199 00c2 3760     		str	r7, [r6]
 200              	.LVL5:
 201              	.LBE31:
 202              	.LBE47:
 203              	.LBB48:
 204              	.LBB34:
 205              		.loc 1 88 0
 206 00c4 466F     		ldr	r6, [r0, #116]
 207 00c6 6E60     		str	r6, [r5, #4]
 208              		.loc 1 89 0
 209 00c8 866F     		ldr	r6, [r0, #120]
 210 00ca AE60     		str	r6, [r5, #8]
 211              		.loc 1 90 0
 212 00cc C66F     		ldr	r6, [r0, #124]
 213 00ce EE60     		str	r6, [r5, #12]
 214              		.loc 1 91 0
 215 00d0 D0F88060 		ldr	r6, [r0, #128]
 216 00d4 6E61     		str	r6, [r5, #20]
 217              		.loc 1 92 0
 218 00d6 D0F88460 		ldr	r6, [r0, #132]
 219 00da 2E62     		str	r6, [r5, #32]
 220              		.loc 1 93 0
 221 00dc D0F88860 		ldr	r6, [r0, #136]
 222 00e0 6E62     		str	r6, [r5, #36]
 223              		.loc 1 94 0
 224 00e2 066F     		ldr	r6, [r0, #112]
 225 00e4 2E60     		str	r6, [r5]
 226              	.LVL6:
 227              	.LBE34:
 228              	.LBE48:
ARM GAS  /tmp/ccwamDVW.s 			page 5


 229              	.LBB49:
 230              	.LBB37:
 231              		.loc 1 88 0
 232 00e6 D0F89050 		ldr	r5, [r0, #144]
 233 00ea 6560     		str	r5, [r4, #4]
 234              		.loc 1 89 0
 235 00ec D0F89450 		ldr	r5, [r0, #148]
 236 00f0 A560     		str	r5, [r4, #8]
 237              		.loc 1 90 0
 238 00f2 D0F89850 		ldr	r5, [r0, #152]
 239 00f6 E560     		str	r5, [r4, #12]
 240              		.loc 1 91 0
 241 00f8 D0F89C50 		ldr	r5, [r0, #156]
 242 00fc 6561     		str	r5, [r4, #20]
 243              		.loc 1 92 0
 244 00fe D0F8A050 		ldr	r5, [r0, #160]
 245 0102 2562     		str	r5, [r4, #32]
 246              		.loc 1 93 0
 247 0104 D0F8A450 		ldr	r5, [r0, #164]
 248 0108 6562     		str	r5, [r4, #36]
 249              		.loc 1 94 0
 250 010a D0F88C50 		ldr	r5, [r0, #140]
 251 010e 2560     		str	r5, [r4]
 252              	.LVL7:
 253              	.LBE37:
 254              	.LBE49:
 255              	.LBB50:
 256              	.LBB40:
 257              		.loc 1 88 0
 258 0110 D0F8AC40 		ldr	r4, [r0, #172]
 259 0114 4C60     		str	r4, [r1, #4]
 260              		.loc 1 89 0
 261 0116 D0F8B040 		ldr	r4, [r0, #176]
 262 011a 8C60     		str	r4, [r1, #8]
 263              		.loc 1 90 0
 264 011c D0F8B440 		ldr	r4, [r0, #180]
 265 0120 CC60     		str	r4, [r1, #12]
 266              		.loc 1 91 0
 267 0122 D0F8B840 		ldr	r4, [r0, #184]
 268 0126 4C61     		str	r4, [r1, #20]
 269              		.loc 1 92 0
 270 0128 D0F8BC40 		ldr	r4, [r0, #188]
 271 012c 0C62     		str	r4, [r1, #32]
 272              		.loc 1 93 0
 273 012e D0F8C040 		ldr	r4, [r0, #192]
 274 0132 4C62     		str	r4, [r1, #36]
 275              		.loc 1 94 0
 276 0134 D0F8A840 		ldr	r4, [r0, #168]
 277 0138 0C60     		str	r4, [r1]
 278              	.LVL8:
 279              	.LBE40:
 280              	.LBE50:
 281              	.LBB51:
 282              	.LBB43:
 283              		.loc 1 88 0
 284 013a D0F8C810 		ldr	r1, [r0, #200]
 285 013e 5160     		str	r1, [r2, #4]
ARM GAS  /tmp/ccwamDVW.s 			page 6


 286              		.loc 1 89 0
 287 0140 D0F8CC10 		ldr	r1, [r0, #204]
 288 0144 9160     		str	r1, [r2, #8]
 289              		.loc 1 90 0
 290 0146 D0F8D010 		ldr	r1, [r0, #208]
 291 014a D160     		str	r1, [r2, #12]
 292              		.loc 1 91 0
 293 014c D0F8D410 		ldr	r1, [r0, #212]
 294 0150 5161     		str	r1, [r2, #20]
 295              		.loc 1 92 0
 296 0152 D0F8D810 		ldr	r1, [r0, #216]
 297 0156 1162     		str	r1, [r2, #32]
 298              		.loc 1 93 0
 299 0158 D0F8DC10 		ldr	r1, [r0, #220]
 300 015c 5162     		str	r1, [r2, #36]
 301              		.loc 1 94 0
 302 015e D0F8C410 		ldr	r1, [r0, #196]
 303 0162 1160     		str	r1, [r2]
 304              	.LVL9:
 305              	.LBE43:
 306              	.LBE51:
 307              	.LBB52:
 308              	.LBB53:
 309              		.loc 1 88 0
 310 0164 124B     		ldr	r3, .L2+24
 311 0166 D0F8E420 		ldr	r2, [r0, #228]
 312 016a 5A60     		str	r2, [r3, #4]
 313              		.loc 1 89 0
 314 016c D0F8E820 		ldr	r2, [r0, #232]
 315 0170 9A60     		str	r2, [r3, #8]
 316              		.loc 1 90 0
 317 0172 D0F8EC20 		ldr	r2, [r0, #236]
 318 0176 DA60     		str	r2, [r3, #12]
 319              		.loc 1 91 0
 320 0178 D0F8F020 		ldr	r2, [r0, #240]
 321 017c 5A61     		str	r2, [r3, #20]
 322              		.loc 1 92 0
 323 017e D0F8F420 		ldr	r2, [r0, #244]
 324 0182 1A62     		str	r2, [r3, #32]
 325              		.loc 1 93 0
 326 0184 D0F8F820 		ldr	r2, [r0, #248]
 327 0188 5A62     		str	r2, [r3, #36]
 328              		.loc 1 94 0
 329 018a D0F8E020 		ldr	r2, [r0, #224]
 330 018e 1A60     		str	r2, [r3]
 331              	.LBE53:
 332              	.LBE52:
 333              		.loc 1 160 0
 334 0190 BDE8F00F 		pop	{r4, r5, r6, r7, r8, r9, r10, fp}
 335 0194 7047     		bx	lr
 336              	.L3:
 337 0196 00BF     		.align	2
 338              	.L2:
 339 0198 00080240 		.word	1073874944
 340 019c 000C0240 		.word	1073875968
 341 01a0 00100240 		.word	1073876992
 342 01a4 00140240 		.word	1073878016
ARM GAS  /tmp/ccwamDVW.s 			page 7


 343 01a8 00180240 		.word	1073879040
 344 01ac 001C0240 		.word	1073880064
 345 01b0 00200240 		.word	1073881088
 346 01b4 00380240 		.word	1073887232
 347 01b8 00000240 		.word	1073872896
 348 01bc 00040240 		.word	1073873920
 349              		.cfi_endproc
 350              	.LFE119:
 351              		.size	_pal_lld_init, .-_pal_lld_init
 352              		.section	.text._pal_lld_setgroupmode,"ax",%progbits
 353              		.align	2
 354              		.p2align 4,,15
 355              		.global	_pal_lld_setgroupmode
 356              		.thumb
 357              		.thumb_func
 358              		.type	_pal_lld_setgroupmode, %function
 359              	_pal_lld_setgroupmode:
 360              	.LFB120:
 361              		.loc 1 178 0
 362              		.cfi_startproc
 363              		@ args = 0, pretend = 0, frame = 0
 364              		@ frame_needed = 0, uses_anonymous_args = 0
 365              		@ link register save eliminated.
 366              	.LVL10:
 367 0000 2DE9F00F 		push	{r4, r5, r6, r7, r8, r9, r10, fp}
 368              		.cfi_def_cfa_offset 32
 369              		.cfi_offset 4, -32
 370              		.cfi_offset 5, -28
 371              		.cfi_offset 6, -24
 372              		.cfi_offset 7, -20
 373              		.cfi_offset 8, -16
 374              		.cfi_offset 9, -12
 375              		.cfi_offset 10, -8
 376              		.cfi_offset 11, -4
 377              		.loc 1 185 0
 378 0004 0023     		movs	r3, #0
 379              		.loc 1 180 0
 380 0006 02F00307 		and	r7, r2, #3
 381              	.LVL11:
 382              		.loc 1 181 0
 383 000a C2F38006 		ubfx	r6, r2, #2, #1
 384              	.LVL12:
 385              		.loc 1 182 0
 386 000e C2F3C105 		ubfx	r5, r2, #3, #2
 387              	.LVL13:
 388              		.loc 1 183 0
 389 0012 C2F34114 		ubfx	r4, r2, #5, #2
 390              	.LVL14:
 391              	.LBB54:
 392              		.loc 1 191 0
 393 0016 4FF00F09 		mov	r9, #15
 394              	.LBE54:
 395              		.loc 1 184 0
 396 001a C2F3C312 		ubfx	r2, r2, #7, #4
 397              	.LVL15:
 398              	.LBB55:
 399              		.loc 1 196 0
ARM GAS  /tmp/ccwamDVW.s 			page 8


 400 001e 4FF0010A 		mov	r10, #1
 401 0022 38E0     		b	.L9
 402              	.LVL16:
 403              	.L14:
 404              		.loc 1 193 0
 405 0024 D0F820B0 		ldr	fp, [r0, #32]
 406 0028 2BEA0C0C 		bic	ip, fp, ip
 407              	.LVL17:
 408 002c 4CEA0808 		orr	r8, ip, r8
 409              	.LVL18:
 410 0030 C0F82080 		str	r8, [r0, #32]
 411              	.L7:
 412              	.LVL19:
 413              		.loc 1 197 0
 414 0034 D0F804C0 		ldr	ip, [r0, #4]
 415              		.loc 1 196 0
 416 0038 0AFA03F8 		lsl	r8, r10, r3
 417              		.loc 1 197 0
 418 003c 2CEA080C 		bic	ip, ip, r8
 419 0040 4CEA060C 		orr	ip, ip, r6
 420 0044 C0F804C0 		str	ip, [r0, #4]
 421              	.LVL20:
 422              		.loc 1 198 0
 423 0048 4FF0030B 		mov	fp, #3
 424 004c 4FEA430C 		lsl	ip, r3, #1
 425              		.loc 1 199 0
 426 0050 D0F80880 		ldr	r8, [r0, #8]
 427              		.loc 1 198 0
 428 0054 0BFA0CFC 		lsl	ip, fp, ip
 429              	.LVL21:
 430              		.loc 1 199 0
 431 0058 6FEA0C0C 		mvn	ip, ip
 432              	.LVL22:
 433 005c 0CEA0808 		and	r8, ip, r8
 434 0060 48EA0508 		orr	r8, r8, r5
 435 0064 C0F80880 		str	r8, [r0, #8]
 436              		.loc 1 200 0
 437 0068 D0F80C80 		ldr	r8, [r0, #12]
 438 006c 0CEA0808 		and	r8, ip, r8
 439 0070 48EA0408 		orr	r8, r8, r4
 440 0074 C0F80C80 		str	r8, [r0, #12]
 441              		.loc 1 201 0
 442 0078 D0F80080 		ldr	r8, [r0]
 443 007c 0CEA080C 		and	ip, ip, r8
 444              	.LVL23:
 445 0080 4CEA070C 		orr	ip, ip, r7
 446 0084 C0F800C0 		str	ip, [r0]
 447              	.LVL24:
 448              	.L5:
 449              	.LBE55:
 450              		.loc 1 204 0
 451 0088 4908     		lsrs	r1, r1, #1
 452              	.LVL25:
 453 008a 1AD0     		beq	.L4
 454              		.loc 1 206 0
 455 008c 7600     		lsls	r6, r6, #1
 456              	.LVL26:
ARM GAS  /tmp/ccwamDVW.s 			page 9


 457              		.loc 1 207 0
 458 008e AD00     		lsls	r5, r5, #2
 459              	.LVL27:
 460              		.loc 1 208 0
 461 0090 A400     		lsls	r4, r4, #2
 462              	.LVL28:
 463              		.loc 1 209 0
 464 0092 BF00     		lsls	r7, r7, #2
 465              	.LVL29:
 466              		.loc 1 210 0
 467 0094 0133     		adds	r3, r3, #1
 468              	.LVL30:
 469              	.L9:
 470              	.LBB56:
 471              		.loc 1 190 0
 472 0096 03F0070C 		and	ip, r3, #7
 473 009a 4FEA8C0C 		lsl	ip, ip, #2
 474              	.LBE56:
 475              		.loc 1 187 0
 476 009e 11F0010F 		tst	r1, #1
 477              	.LBB57:
 478              		.loc 1 190 0
 479 00a2 02FA0CF8 		lsl	r8, r2, ip
 480              	.LVL31:
 481              		.loc 1 191 0
 482 00a6 09FA0CFC 		lsl	ip, r9, ip
 483              	.LVL32:
 484              	.LBE57:
 485              		.loc 1 187 0
 486 00aa EDD0     		beq	.L5
 487              	.LBB58:
 488              		.loc 1 192 0
 489 00ac 072B     		cmp	r3, #7
 490 00ae B9D9     		bls	.L14
 491              		.loc 1 195 0
 492 00b0 D0F824B0 		ldr	fp, [r0, #36]
 493 00b4 2BEA0C0C 		bic	ip, fp, ip
 494              	.LVL33:
 495 00b8 4CEA0808 		orr	r8, ip, r8
 496              	.LVL34:
 497 00bc C0F82480 		str	r8, [r0, #36]
 498 00c0 B8E7     		b	.L7
 499              	.L4:
 500              	.LBE58:
 501              		.loc 1 212 0
 502 00c2 BDE8F00F 		pop	{r4, r5, r6, r7, r8, r9, r10, fp}
 503              	.LVL35:
 504 00c6 7047     		bx	lr
 505              		.cfi_endproc
 506              	.LFE120:
 507              		.size	_pal_lld_setgroupmode, .-_pal_lld_setgroupmode
 508 00c8 AFF30080 		.text
 508      AFF30080 
 509              	.Letext0:
 510              		.file 2 "/home/marco/SoftwareProjects/st-usb/tools/gcc-arm-none-eabi-4_8-2014q2/arm-none-eabi/incl
 511              		.file 3 "/home/marco/SoftwareProjects/st-usb/tools/gcc-arm-none-eabi-4_8-2014q2/arm-none-eabi/incl
 512              		.file 4 "/home/marco/SoftwareProjects/st-usb/f9xx/firmware/ext/ChibiOS-RT/os/hal/platforms/STM32F4
ARM GAS  /tmp/ccwamDVW.s 			page 10


 513              		.file 5 "/home/marco/SoftwareProjects/st-usb/f9xx/firmware/ext/ChibiOS-RT/os/hal/platforms/STM32/G
 514              		.file 6 "/home/marco/SoftwareProjects/st-usb/f9xx/firmware/ext/ChibiOS-RT/os/ports/common/ARMCMx/C
 515              		.section	.debug_info,"",%progbits
 516              	.Ldebug_info0:
 517 0000 FC060000 		.4byte	0x6fc
 518 0004 0400     		.2byte	0x4
 519 0006 00000000 		.4byte	.Ldebug_abbrev0
 520 000a 04       		.byte	0x4
 521 000b 01       		.uleb128 0x1
 522 000c 65000000 		.4byte	.LASF87
 523 0010 01       		.byte	0x1
 524 0011 B9010000 		.4byte	.LASF88
 525 0015 F0000000 		.4byte	.Ldebug_ranges0+0xf0
 526 0019 00000000 		.4byte	0
 527 001d 00000000 		.4byte	.Ldebug_line0
 528 0021 02       		.uleb128 0x2
 529 0022 04       		.byte	0x4
 530 0023 05       		.byte	0x5
 531 0024 696E7400 		.ascii	"int\000"
 532 0028 03       		.uleb128 0x3
 533 0029 04       		.byte	0x4
 534 002a 07       		.byte	0x7
 535 002b 3B040000 		.4byte	.LASF0
 536 002f 03       		.uleb128 0x3
 537 0030 01       		.byte	0x1
 538 0031 06       		.byte	0x6
 539 0032 D2020000 		.4byte	.LASF1
 540 0036 03       		.uleb128 0x3
 541 0037 01       		.byte	0x1
 542 0038 08       		.byte	0x8
 543 0039 BC020000 		.4byte	.LASF2
 544 003d 03       		.uleb128 0x3
 545 003e 02       		.byte	0x2
 546 003f 05       		.byte	0x5
 547 0040 5B000000 		.4byte	.LASF3
 548 0044 04       		.uleb128 0x4
 549 0045 7E010000 		.4byte	.LASF5
 550 0049 02       		.byte	0x2
 551 004a 26       		.byte	0x26
 552 004b 4F000000 		.4byte	0x4f
 553 004f 03       		.uleb128 0x3
 554 0050 02       		.byte	0x2
 555 0051 07       		.byte	0x7
 556 0052 3B030000 		.4byte	.LASF4
 557 0056 04       		.uleb128 0x4
 558 0057 65030000 		.4byte	.LASF6
 559 005b 02       		.byte	0x2
 560 005c 37       		.byte	0x37
 561 005d 61000000 		.4byte	0x61
 562 0061 03       		.uleb128 0x3
 563 0062 04       		.byte	0x4
 564 0063 05       		.byte	0x5
 565 0064 72020000 		.4byte	.LASF7
 566 0068 04       		.uleb128 0x4
 567 0069 65010000 		.4byte	.LASF8
 568 006d 02       		.byte	0x2
 569 006e 38       		.byte	0x38
ARM GAS  /tmp/ccwamDVW.s 			page 11


 570 006f 73000000 		.4byte	0x73
 571 0073 03       		.uleb128 0x3
 572 0074 04       		.byte	0x4
 573 0075 07       		.byte	0x7
 574 0076 17030000 		.4byte	.LASF9
 575 007a 03       		.uleb128 0x3
 576 007b 08       		.byte	0x8
 577 007c 05       		.byte	0x5
 578 007d 56020000 		.4byte	.LASF10
 579 0081 03       		.uleb128 0x3
 580 0082 08       		.byte	0x8
 581 0083 07       		.byte	0x7
 582 0084 DE020000 		.4byte	.LASF11
 583 0088 04       		.uleb128 0x4
 584 0089 0E030000 		.4byte	.LASF12
 585 008d 03       		.byte	0x3
 586 008e 36       		.byte	0x36
 587 008f 44000000 		.4byte	0x44
 588 0093 04       		.uleb128 0x4
 589 0094 5D030000 		.4byte	.LASF13
 590 0098 03       		.byte	0x3
 591 0099 41       		.byte	0x41
 592 009a 56000000 		.4byte	0x56
 593 009e 04       		.uleb128 0x4
 594 009f F5020000 		.4byte	.LASF14
 595 00a3 03       		.byte	0x3
 596 00a4 42       		.byte	0x42
 597 00a5 68000000 		.4byte	0x68
 598 00a9 03       		.uleb128 0x3
 599 00aa 01       		.byte	0x1
 600 00ab 02       		.byte	0x2
 601 00ac 79030000 		.4byte	.LASF15
 602 00b0 05       		.uleb128 0x5
 603 00b1 9E000000 		.4byte	0x9e
 604 00b5 03       		.uleb128 0x3
 605 00b6 04       		.byte	0x4
 606 00b7 07       		.byte	0x7
 607 00b8 3F010000 		.4byte	.LASF16
 608 00bc 03       		.uleb128 0x3
 609 00bd 01       		.byte	0x1
 610 00be 08       		.byte	0x8
 611 00bf 58030000 		.4byte	.LASF17
 612 00c3 06       		.uleb128 0x6
 613 00c4 9E000000 		.4byte	0x9e
 614 00c8 D3000000 		.4byte	0xd3
 615 00cc 07       		.uleb128 0x7
 616 00cd B5000000 		.4byte	0xb5
 617 00d1 01       		.byte	0x1
 618 00d2 00       		.byte	0
 619 00d3 05       		.uleb128 0x5
 620 00d4 93000000 		.4byte	0x93
 621 00d8 08       		.uleb128 0x8
 622 00d9 90       		.byte	0x90
 623 00da 04       		.byte	0x4
 624 00db 5804     		.2byte	0x458
 625 00dd 81020000 		.4byte	0x281
 626 00e1 09       		.uleb128 0x9
ARM GAS  /tmp/ccwamDVW.s 			page 12


 627 00e2 435200   		.ascii	"CR\000"
 628 00e5 04       		.byte	0x4
 629 00e6 5A04     		.2byte	0x45a
 630 00e8 B0000000 		.4byte	0xb0
 631 00ec 00       		.byte	0
 632 00ed 0A       		.uleb128 0xa
 633 00ee 2E030000 		.4byte	.LASF18
 634 00f2 04       		.byte	0x4
 635 00f3 5B04     		.2byte	0x45b
 636 00f5 B0000000 		.4byte	0xb0
 637 00f9 04       		.byte	0x4
 638 00fa 0A       		.uleb128 0xa
 639 00fb 48040000 		.4byte	.LASF19
 640 00ff 04       		.byte	0x4
 641 0100 5C04     		.2byte	0x45c
 642 0102 B0000000 		.4byte	0xb0
 643 0106 08       		.byte	0x8
 644 0107 09       		.uleb128 0x9
 645 0108 43495200 		.ascii	"CIR\000"
 646 010c 04       		.byte	0x4
 647 010d 5D04     		.2byte	0x45d
 648 010f B0000000 		.4byte	0xb0
 649 0113 0C       		.byte	0xc
 650 0114 0A       		.uleb128 0xa
 651 0115 96010000 		.4byte	.LASF20
 652 0119 04       		.byte	0x4
 653 011a 5E04     		.2byte	0x45e
 654 011c B0000000 		.4byte	0xb0
 655 0120 10       		.byte	0x10
 656 0121 0A       		.uleb128 0xa
 657 0122 05030000 		.4byte	.LASF21
 658 0126 04       		.byte	0x4
 659 0127 5F04     		.2byte	0x45f
 660 0129 B0000000 		.4byte	0xb0
 661 012d 14       		.byte	0x14
 662 012e 0A       		.uleb128 0xa
 663 012f 17040000 		.4byte	.LASF22
 664 0133 04       		.byte	0x4
 665 0134 6004     		.2byte	0x460
 666 0136 B0000000 		.4byte	0xb0
 667 013a 18       		.byte	0x18
 668 013b 0A       		.uleb128 0xa
 669 013c 9A030000 		.4byte	.LASF23
 670 0140 04       		.byte	0x4
 671 0141 6104     		.2byte	0x461
 672 0143 9E000000 		.4byte	0x9e
 673 0147 1C       		.byte	0x1c
 674 0148 0A       		.uleb128 0xa
 675 0149 27000000 		.4byte	.LASF24
 676 014d 04       		.byte	0x4
 677 014e 6204     		.2byte	0x462
 678 0150 B0000000 		.4byte	0xb0
 679 0154 20       		.byte	0x20
 680 0155 0A       		.uleb128 0xa
 681 0156 94020000 		.4byte	.LASF25
 682 015a 04       		.byte	0x4
 683 015b 6304     		.2byte	0x463
ARM GAS  /tmp/ccwamDVW.s 			page 13


 684 015d B0000000 		.4byte	0xb0
 685 0161 24       		.byte	0x24
 686 0162 0A       		.uleb128 0xa
 687 0163 A4030000 		.4byte	.LASF26
 688 0167 04       		.byte	0x4
 689 0168 6404     		.2byte	0x464
 690 016a C3000000 		.4byte	0xc3
 691 016e 28       		.byte	0x28
 692 016f 0A       		.uleb128 0xa
 693 0170 E7030000 		.4byte	.LASF27
 694 0174 04       		.byte	0x4
 695 0175 6504     		.2byte	0x465
 696 0177 B0000000 		.4byte	0xb0
 697 017b 30       		.byte	0x30
 698 017c 0A       		.uleb128 0xa
 699 017d 30000000 		.4byte	.LASF28
 700 0181 04       		.byte	0x4
 701 0182 6604     		.2byte	0x466
 702 0184 B0000000 		.4byte	0xb0
 703 0188 34       		.byte	0x34
 704 0189 0A       		.uleb128 0xa
 705 018a 46020000 		.4byte	.LASF29
 706 018e 04       		.byte	0x4
 707 018f 6704     		.2byte	0x467
 708 0191 B0000000 		.4byte	0xb0
 709 0195 38       		.byte	0x38
 710 0196 0A       		.uleb128 0xa
 711 0197 AE030000 		.4byte	.LASF30
 712 019b 04       		.byte	0x4
 713 019c 6804     		.2byte	0x468
 714 019e 9E000000 		.4byte	0x9e
 715 01a2 3C       		.byte	0x3c
 716 01a3 0A       		.uleb128 0xa
 717 01a4 22020000 		.4byte	.LASF31
 718 01a8 04       		.byte	0x4
 719 01a9 6904     		.2byte	0x469
 720 01ab B0000000 		.4byte	0xb0
 721 01af 40       		.byte	0x40
 722 01b0 0A       		.uleb128 0xa
 723 01b1 CA020000 		.4byte	.LASF32
 724 01b5 04       		.byte	0x4
 725 01b6 6A04     		.2byte	0x46a
 726 01b8 B0000000 		.4byte	0xb0
 727 01bc 44       		.byte	0x44
 728 01bd 0A       		.uleb128 0xa
 729 01be B8030000 		.4byte	.LASF33
 730 01c2 04       		.byte	0x4
 731 01c3 6B04     		.2byte	0x46b
 732 01c5 C3000000 		.4byte	0xc3
 733 01c9 48       		.byte	0x48
 734 01ca 0A       		.uleb128 0xa
 735 01cb 00000000 		.4byte	.LASF34
 736 01cf 04       		.byte	0x4
 737 01d0 6C04     		.2byte	0x46c
 738 01d2 B0000000 		.4byte	0xb0
 739 01d6 50       		.byte	0x50
 740 01d7 0A       		.uleb128 0xa
ARM GAS  /tmp/ccwamDVW.s 			page 14


 741 01d8 84030000 		.4byte	.LASF35
 742 01dc 04       		.byte	0x4
 743 01dd 6D04     		.2byte	0x46d
 744 01df B0000000 		.4byte	0xb0
 745 01e3 54       		.byte	0x54
 746 01e4 0A       		.uleb128 0xa
 747 01e5 AF010000 		.4byte	.LASF36
 748 01e9 04       		.byte	0x4
 749 01ea 6E04     		.2byte	0x46e
 750 01ec B0000000 		.4byte	0xb0
 751 01f0 58       		.byte	0x58
 752 01f1 0A       		.uleb128 0xa
 753 01f2 C2030000 		.4byte	.LASF37
 754 01f6 04       		.byte	0x4
 755 01f7 6F04     		.2byte	0x46f
 756 01f9 9E000000 		.4byte	0x9e
 757 01fd 5C       		.byte	0x5c
 758 01fe 0A       		.uleb128 0xa
 759 01ff 4E030000 		.4byte	.LASF38
 760 0203 04       		.byte	0x4
 761 0204 7004     		.2byte	0x470
 762 0206 B0000000 		.4byte	0xb0
 763 020a 60       		.byte	0x60
 764 020b 0A       		.uleb128 0xa
 765 020c 5D040000 		.4byte	.LASF39
 766 0210 04       		.byte	0x4
 767 0211 7104     		.2byte	0x471
 768 0213 B0000000 		.4byte	0xb0
 769 0217 64       		.byte	0x64
 770 0218 0A       		.uleb128 0xa
 771 0219 CC030000 		.4byte	.LASF40
 772 021d 04       		.byte	0x4
 773 021e 7204     		.2byte	0x472
 774 0220 C3000000 		.4byte	0xc3
 775 0224 68       		.byte	0x68
 776 0225 0A       		.uleb128 0xa
 777 0226 48010000 		.4byte	.LASF41
 778 022a 04       		.byte	0x4
 779 022b 7304     		.2byte	0x473
 780 022d B0000000 		.4byte	0xb0
 781 0231 70       		.byte	0x70
 782 0232 09       		.uleb128 0x9
 783 0233 43535200 		.ascii	"CSR\000"
 784 0237 04       		.byte	0x4
 785 0238 7404     		.2byte	0x474
 786 023a B0000000 		.4byte	0xb0
 787 023e 74       		.byte	0x74
 788 023f 0A       		.uleb128 0xa
 789 0240 D6030000 		.4byte	.LASF42
 790 0244 04       		.byte	0x4
 791 0245 7504     		.2byte	0x475
 792 0247 C3000000 		.4byte	0xc3
 793 024b 78       		.byte	0x78
 794 024c 0A       		.uleb128 0xa
 795 024d 89010000 		.4byte	.LASF43
 796 0251 04       		.byte	0x4
 797 0252 7604     		.2byte	0x476
ARM GAS  /tmp/ccwamDVW.s 			page 15


 798 0254 B0000000 		.4byte	0xb0
 799 0258 80       		.byte	0x80
 800 0259 0A       		.uleb128 0xa
 801 025a 54010000 		.4byte	.LASF44
 802 025e 04       		.byte	0x4
 803 025f 7704     		.2byte	0x477
 804 0261 B0000000 		.4byte	0xb0
 805 0265 84       		.byte	0x84
 806 0266 0A       		.uleb128 0xa
 807 0267 4D040000 		.4byte	.LASF45
 808 026b 04       		.byte	0x4
 809 026c 7804     		.2byte	0x478
 810 026e B0000000 		.4byte	0xb0
 811 0272 88       		.byte	0x88
 812 0273 0A       		.uleb128 0xa
 813 0274 3E020000 		.4byte	.LASF46
 814 0278 04       		.byte	0x4
 815 0279 7904     		.2byte	0x479
 816 027b B0000000 		.4byte	0xb0
 817 027f 8C       		.byte	0x8c
 818 0280 00       		.byte	0
 819 0281 0B       		.uleb128 0xb
 820 0282 82020000 		.4byte	.LASF47
 821 0286 04       		.byte	0x4
 822 0287 7B04     		.2byte	0x47b
 823 0289 D8000000 		.4byte	0xd8
 824 028d 0C       		.uleb128 0xc
 825 028e 04       		.byte	0x4
 826 028f 05       		.byte	0x5
 827 0290 96       		.byte	0x96
 828 0291 AE020000 		.4byte	0x2ae
 829 0295 0D       		.uleb128 0xd
 830 0296 73657400 		.ascii	"set\000"
 831 029a 05       		.byte	0x5
 832 029b 97       		.byte	0x97
 833 029c 88000000 		.4byte	0x88
 834 02a0 00       		.byte	0
 835 02a1 0E       		.uleb128 0xe
 836 02a2 9D020000 		.4byte	.LASF48
 837 02a6 05       		.byte	0x5
 838 02a7 98       		.byte	0x98
 839 02a8 88000000 		.4byte	0x88
 840 02ac 02       		.byte	0x2
 841 02ad 00       		.byte	0
 842 02ae 0F       		.uleb128 0xf
 843 02af 04       		.byte	0x4
 844 02b0 05       		.byte	0x5
 845 02b1 94       		.byte	0x94
 846 02b2 C9020000 		.4byte	0x2c9
 847 02b6 10       		.uleb128 0x10
 848 02b7 5700     		.ascii	"W\000"
 849 02b9 05       		.byte	0x5
 850 02ba 95       		.byte	0x95
 851 02bb 9E000000 		.4byte	0x9e
 852 02bf 10       		.uleb128 0x10
 853 02c0 4800     		.ascii	"H\000"
 854 02c2 05       		.byte	0x5
ARM GAS  /tmp/ccwamDVW.s 			page 16


 855 02c3 99       		.byte	0x99
 856 02c4 8D020000 		.4byte	0x28d
 857 02c8 00       		.byte	0
 858 02c9 0C       		.uleb128 0xc
 859 02ca 28       		.byte	0x28
 860 02cb 05       		.byte	0x5
 861 02cc 8C       		.byte	0x8c
 862 02cd 4A030000 		.4byte	0x34a
 863 02d1 0E       		.uleb128 0xe
 864 02d2 8E020000 		.4byte	.LASF49
 865 02d6 05       		.byte	0x5
 866 02d7 8E       		.byte	0x8e
 867 02d8 B0000000 		.4byte	0xb0
 868 02dc 00       		.byte	0
 869 02dd 0E       		.uleb128 0xe
 870 02de 37020000 		.4byte	.LASF50
 871 02e2 05       		.byte	0x5
 872 02e3 8F       		.byte	0x8f
 873 02e4 B0000000 		.4byte	0xb0
 874 02e8 04       		.byte	0x4
 875 02e9 0E       		.uleb128 0xe
 876 02ea 4E020000 		.4byte	.LASF51
 877 02ee 05       		.byte	0x5
 878 02ef 90       		.byte	0x90
 879 02f0 B0000000 		.4byte	0xb0
 880 02f4 08       		.byte	0x8
 881 02f5 0E       		.uleb128 0xe
 882 02f6 64020000 		.4byte	.LASF52
 883 02fa 05       		.byte	0x5
 884 02fb 91       		.byte	0x91
 885 02fc B0000000 		.4byte	0xb0
 886 0300 0C       		.byte	0xc
 887 0301 0D       		.uleb128 0xd
 888 0302 49445200 		.ascii	"IDR\000"
 889 0306 05       		.byte	0x5
 890 0307 92       		.byte	0x92
 891 0308 B0000000 		.4byte	0xb0
 892 030c 10       		.byte	0x10
 893 030d 0D       		.uleb128 0xd
 894 030e 4F445200 		.ascii	"ODR\000"
 895 0312 05       		.byte	0x5
 896 0313 93       		.byte	0x93
 897 0314 B0000000 		.4byte	0xb0
 898 0318 14       		.byte	0x14
 899 0319 0E       		.uleb128 0xe
 900 031a 67040000 		.4byte	.LASF53
 901 031e 05       		.byte	0x5
 902 031f 9A       		.byte	0x9a
 903 0320 4A030000 		.4byte	0x34a
 904 0324 18       		.byte	0x18
 905 0325 0E       		.uleb128 0xe
 906 0326 58040000 		.4byte	.LASF54
 907 032a 05       		.byte	0x5
 908 032b 9B       		.byte	0x9b
 909 032c B0000000 		.4byte	0xb0
 910 0330 1C       		.byte	0x1c
 911 0331 0E       		.uleb128 0xe
ARM GAS  /tmp/ccwamDVW.s 			page 17


 912 0332 36030000 		.4byte	.LASF55
 913 0336 05       		.byte	0x5
 914 0337 9C       		.byte	0x9c
 915 0338 B0000000 		.4byte	0xb0
 916 033c 20       		.byte	0x20
 917 033d 0E       		.uleb128 0xe
 918 033e 29030000 		.4byte	.LASF56
 919 0342 05       		.byte	0x5
 920 0343 9D       		.byte	0x9d
 921 0344 B0000000 		.4byte	0xb0
 922 0348 24       		.byte	0x24
 923 0349 00       		.byte	0
 924 034a 05       		.uleb128 0x5
 925 034b AE020000 		.4byte	0x2ae
 926 034f 04       		.uleb128 0x4
 927 0350 0A040000 		.4byte	.LASF57
 928 0354 05       		.byte	0x5
 929 0355 9E       		.byte	0x9e
 930 0356 C9020000 		.4byte	0x2c9
 931 035a 0C       		.uleb128 0xc
 932 035b 1C       		.byte	0x1c
 933 035c 05       		.byte	0x5
 934 035d A3       		.byte	0xa3
 935 035e B7030000 		.4byte	0x3b7
 936 0362 0E       		.uleb128 0xe
 937 0363 04040000 		.4byte	.LASF58
 938 0367 05       		.byte	0x5
 939 0368 A5       		.byte	0xa5
 940 0369 9E000000 		.4byte	0x9e
 941 036d 00       		.byte	0
 942 036e 0E       		.uleb128 0xe
 943 036f FE020000 		.4byte	.LASF59
 944 0373 05       		.byte	0x5
 945 0374 A7       		.byte	0xa7
 946 0375 9E000000 		.4byte	0x9e
 947 0379 04       		.byte	0x4
 948 037a 0E       		.uleb128 0xe
 949 037b 6A020000 		.4byte	.LASF60
 950 037f 05       		.byte	0x5
 951 0380 A9       		.byte	0xa9
 952 0381 9E000000 		.4byte	0x9e
 953 0385 08       		.byte	0x8
 954 0386 0E       		.uleb128 0xe
 955 0387 F4030000 		.4byte	.LASF61
 956 038b 05       		.byte	0x5
 957 038c AB       		.byte	0xab
 958 038d 9E000000 		.4byte	0x9e
 959 0391 0C       		.byte	0xc
 960 0392 0D       		.uleb128 0xd
 961 0393 6F647200 		.ascii	"odr\000"
 962 0397 05       		.byte	0x5
 963 0398 AD       		.byte	0xad
 964 0399 9E000000 		.4byte	0x9e
 965 039d 10       		.byte	0x10
 966 039e 0E       		.uleb128 0xe
 967 039f FF030000 		.4byte	.LASF62
 968 03a3 05       		.byte	0x5
ARM GAS  /tmp/ccwamDVW.s 			page 18


 969 03a4 AF       		.byte	0xaf
 970 03a5 9E000000 		.4byte	0x9e
 971 03a9 14       		.byte	0x14
 972 03aa 0E       		.uleb128 0xe
 973 03ab FA030000 		.4byte	.LASF63
 974 03af 05       		.byte	0x5
 975 03b0 B1       		.byte	0xb1
 976 03b1 9E000000 		.4byte	0x9e
 977 03b5 18       		.byte	0x18
 978 03b6 00       		.byte	0
 979 03b7 04       		.uleb128 0x4
 980 03b8 38000000 		.4byte	.LASF64
 981 03bc 05       		.byte	0x5
 982 03bd B2       		.byte	0xb2
 983 03be 5A030000 		.4byte	0x35a
 984 03c2 0C       		.uleb128 0xc
 985 03c3 FC       		.byte	0xfc
 986 03c4 05       		.byte	0x5
 987 03c5 BB       		.byte	0xbb
 988 03c6 37040000 		.4byte	0x437
 989 03ca 0E       		.uleb128 0xe
 990 03cb AA020000 		.4byte	.LASF65
 991 03cf 05       		.byte	0x5
 992 03d0 BE       		.byte	0xbe
 993 03d1 B7030000 		.4byte	0x3b7
 994 03d5 00       		.byte	0
 995 03d6 0E       		.uleb128 0xe
 996 03d7 8F010000 		.4byte	.LASF66
 997 03db 05       		.byte	0x5
 998 03dc C2       		.byte	0xc2
 999 03dd B7030000 		.4byte	0x3b7
 1000 03e1 1C       		.byte	0x1c
 1001 03e2 0E       		.uleb128 0xe
 1002 03e3 0A000000 		.4byte	.LASF67
 1003 03e7 05       		.byte	0x5
 1004 03e8 C6       		.byte	0xc6
 1005 03e9 B7030000 		.4byte	0x3b7
 1006 03ed 38       		.byte	0x38
 1007 03ee 0E       		.uleb128 0xe
 1008 03ef 7B020000 		.4byte	.LASF68
 1009 03f3 05       		.byte	0x5
 1010 03f4 CA       		.byte	0xca
 1011 03f5 B7030000 		.4byte	0x3b7
 1012 03f9 54       		.byte	0x54
 1013 03fa 0E       		.uleb128 0xe
 1014 03fb 93030000 		.4byte	.LASF69
 1015 03ff 05       		.byte	0x5
 1016 0400 CE       		.byte	0xce
 1017 0401 B7030000 		.4byte	0x3b7
 1018 0405 70       		.byte	0x70
 1019 0406 0E       		.uleb128 0xe
 1020 0407 4B000000 		.4byte	.LASF70
 1021 040b 05       		.byte	0x5
 1022 040c D2       		.byte	0xd2
 1023 040d B7030000 		.4byte	0x3b7
 1024 0411 8C       		.byte	0x8c
 1025 0412 0E       		.uleb128 0xe
ARM GAS  /tmp/ccwamDVW.s 			page 19


 1026 0413 A3020000 		.4byte	.LASF71
 1027 0417 05       		.byte	0x5
 1028 0418 D6       		.byte	0xd6
 1029 0419 B7030000 		.4byte	0x3b7
 1030 041d A8       		.byte	0xa8
 1031 041e 0E       		.uleb128 0xe
 1032 041f E0030000 		.4byte	.LASF72
 1033 0423 05       		.byte	0x5
 1034 0424 DA       		.byte	0xda
 1035 0425 B7030000 		.4byte	0x3b7
 1036 0429 C4       		.byte	0xc4
 1037 042a 0E       		.uleb128 0xe
 1038 042b 4D010000 		.4byte	.LASF73
 1039 042f 05       		.byte	0x5
 1040 0430 DE       		.byte	0xde
 1041 0431 B7030000 		.4byte	0x3b7
 1042 0435 E0       		.byte	0xe0
 1043 0436 00       		.byte	0
 1044 0437 04       		.uleb128 0x4
 1045 0438 6F030000 		.4byte	.LASF74
 1046 043c 05       		.byte	0x5
 1047 043d E0       		.byte	0xe0
 1048 043e C2030000 		.4byte	0x3c2
 1049 0442 04       		.uleb128 0x4
 1050 0443 2A020000 		.4byte	.LASF75
 1051 0447 05       		.byte	0x5
 1052 0448 F0       		.byte	0xf0
 1053 0449 9E000000 		.4byte	0x9e
 1054 044d 04       		.uleb128 0x4
 1055 044e A6010000 		.4byte	.LASF76
 1056 0452 05       		.byte	0x5
 1057 0453 F5       		.byte	0xf5
 1058 0454 9E000000 		.4byte	0x9e
 1059 0458 04       		.uleb128 0x4
 1060 0459 B1020000 		.4byte	.LASF77
 1061 045d 05       		.byte	0x5
 1062 045e FD       		.byte	0xfd
 1063 045f 63040000 		.4byte	0x463
 1064 0463 11       		.uleb128 0x11
 1065 0464 04       		.byte	0x4
 1066 0465 4F030000 		.4byte	0x34f
 1067 0469 12       		.uleb128 0x12
 1068 046a 52000000 		.4byte	.LASF89
 1069 046e 01       		.byte	0x1
 1070 046f 56       		.byte	0x56
 1071 0470 01       		.byte	0x1
 1072 0471 8C040000 		.4byte	0x48c
 1073 0475 13       		.uleb128 0x13
 1074 0476 5F010000 		.4byte	.LASF78
 1075 047a 01       		.byte	0x1
 1076 047b 56       		.byte	0x56
 1077 047c 63040000 		.4byte	0x463
 1078 0480 13       		.uleb128 0x13
 1079 0481 9F010000 		.4byte	.LASF79
 1080 0485 01       		.byte	0x1
 1081 0486 56       		.byte	0x56
 1082 0487 8C040000 		.4byte	0x48c
ARM GAS  /tmp/ccwamDVW.s 			page 20


 1083 048b 00       		.byte	0
 1084 048c 11       		.uleb128 0x11
 1085 048d 04       		.byte	0x4
 1086 048e 92040000 		.4byte	0x492
 1087 0492 14       		.uleb128 0x14
 1088 0493 B7030000 		.4byte	0x3b7
 1089 0497 15       		.uleb128 0x15
 1090 0498 70010000 		.4byte	.LASF80
 1091 049c 01       		.byte	0x1
 1092 049d 71       		.byte	0x71
 1093 049e 00000000 		.4byte	.LFB119
 1094 04a2 C0010000 		.4byte	.LFE119-.LFB119
 1095 04a6 01       		.uleb128 0x1
 1096 04a7 9C       		.byte	0x9c
 1097 04a8 10060000 		.4byte	0x610
 1098 04ac 16       		.uleb128 0x16
 1099 04ad 9F010000 		.4byte	.LASF79
 1100 04b1 01       		.byte	0x1
 1101 04b2 71       		.byte	0x71
 1102 04b3 10060000 		.4byte	0x610
 1103 04b7 01       		.uleb128 0x1
 1104 04b8 50       		.byte	0x50
 1105 04b9 17       		.uleb128 0x17
 1106 04ba 69040000 		.4byte	0x469
 1107 04be 08000000 		.4byte	.LBB20
 1108 04c2 00000000 		.4byte	.Ldebug_ranges0+0
 1109 04c6 01       		.byte	0x1
 1110 04c7 86       		.byte	0x86
 1111 04c8 DD040000 		.4byte	0x4dd
 1112 04cc 18       		.uleb128 0x18
 1113 04cd 80040000 		.4byte	0x480
 1114 04d1 01       		.uleb128 0x1
 1115 04d2 50       		.byte	0x50
 1116 04d3 19       		.uleb128 0x19
 1117 04d4 75040000 		.4byte	0x475
 1118 04d8 00000240 		.4byte	0x40020000
 1119 04dc 00       		.byte	0
 1120 04dd 17       		.uleb128 0x17
 1121 04de 69040000 		.4byte	0x469
 1122 04e2 10000000 		.4byte	.LBB23
 1123 04e6 18000000 		.4byte	.Ldebug_ranges0+0x18
 1124 04ea 01       		.byte	0x1
 1125 04eb 89       		.byte	0x89
 1126 04ec 03050000 		.4byte	0x503
 1127 04f0 18       		.uleb128 0x18
 1128 04f1 80040000 		.4byte	0x480
 1129 04f5 03       		.uleb128 0x3
 1130 04f6 70       		.byte	0x70
 1131 04f7 1C       		.sleb128 28
 1132 04f8 9F       		.byte	0x9f
 1133 04f9 19       		.uleb128 0x19
 1134 04fa 75040000 		.4byte	0x475
 1135 04fe 00040240 		.4byte	0x40020400
 1136 0502 00       		.byte	0
 1137 0503 17       		.uleb128 0x17
 1138 0504 69040000 		.4byte	0x469
 1139 0508 14000000 		.4byte	.LBB26
ARM GAS  /tmp/ccwamDVW.s 			page 21


 1140 050c 30000000 		.4byte	.Ldebug_ranges0+0x30
 1141 0510 01       		.byte	0x1
 1142 0511 8C       		.byte	0x8c
 1143 0512 29050000 		.4byte	0x529
 1144 0516 18       		.uleb128 0x18
 1145 0517 80040000 		.4byte	0x480
 1146 051b 03       		.uleb128 0x3
 1147 051c 70       		.byte	0x70
 1148 051d 38       		.sleb128 56
 1149 051e 9F       		.byte	0x9f
 1150 051f 19       		.uleb128 0x19
 1151 0520 75040000 		.4byte	0x475
 1152 0524 00080240 		.4byte	0x40020800
 1153 0528 00       		.byte	0
 1154 0529 17       		.uleb128 0x17
 1155 052a 69040000 		.4byte	0x469
 1156 052e 16000000 		.4byte	.LBB29
 1157 0532 48000000 		.4byte	.Ldebug_ranges0+0x48
 1158 0536 01       		.byte	0x1
 1159 0537 8F       		.byte	0x8f
 1160 0538 50050000 		.4byte	0x550
 1161 053c 18       		.uleb128 0x18
 1162 053d 80040000 		.4byte	0x480
 1163 0541 04       		.uleb128 0x4
 1164 0542 70       		.byte	0x70
 1165 0543 D400     		.sleb128 84
 1166 0545 9F       		.byte	0x9f
 1167 0546 19       		.uleb128 0x19
 1168 0547 75040000 		.4byte	0x475
 1169 054b 000C0240 		.4byte	0x40020c00
 1170 054f 00       		.byte	0
 1171 0550 17       		.uleb128 0x17
 1172 0551 69040000 		.4byte	0x469
 1173 0555 18000000 		.4byte	.LBB32
 1174 0559 60000000 		.4byte	.Ldebug_ranges0+0x60
 1175 055d 01       		.byte	0x1
 1176 055e 92       		.byte	0x92
 1177 055f 77050000 		.4byte	0x577
 1178 0563 18       		.uleb128 0x18
 1179 0564 80040000 		.4byte	0x480
 1180 0568 04       		.uleb128 0x4
 1181 0569 70       		.byte	0x70
 1182 056a F000     		.sleb128 112
 1183 056c 9F       		.byte	0x9f
 1184 056d 19       		.uleb128 0x19
 1185 056e 75040000 		.4byte	0x475
 1186 0572 00100240 		.4byte	0x40021000
 1187 0576 00       		.byte	0
 1188 0577 17       		.uleb128 0x17
 1189 0578 69040000 		.4byte	0x469
 1190 057c 1A000000 		.4byte	.LBB35
 1191 0580 78000000 		.4byte	.Ldebug_ranges0+0x78
 1192 0584 01       		.byte	0x1
 1193 0585 95       		.byte	0x95
 1194 0586 9E050000 		.4byte	0x59e
 1195 058a 18       		.uleb128 0x18
 1196 058b 80040000 		.4byte	0x480
ARM GAS  /tmp/ccwamDVW.s 			page 22


 1197 058f 04       		.uleb128 0x4
 1198 0590 70       		.byte	0x70
 1199 0591 8C01     		.sleb128 140
 1200 0593 9F       		.byte	0x9f
 1201 0594 19       		.uleb128 0x19
 1202 0595 75040000 		.4byte	0x475
 1203 0599 00140240 		.4byte	0x40021400
 1204 059d 00       		.byte	0
 1205 059e 17       		.uleb128 0x17
 1206 059f 69040000 		.4byte	0x469
 1207 05a3 1C000000 		.4byte	.LBB38
 1208 05a7 90000000 		.4byte	.Ldebug_ranges0+0x90
 1209 05ab 01       		.byte	0x1
 1210 05ac 98       		.byte	0x98
 1211 05ad C5050000 		.4byte	0x5c5
 1212 05b1 18       		.uleb128 0x18
 1213 05b2 80040000 		.4byte	0x480
 1214 05b6 04       		.uleb128 0x4
 1215 05b7 70       		.byte	0x70
 1216 05b8 A801     		.sleb128 168
 1217 05ba 9F       		.byte	0x9f
 1218 05bb 19       		.uleb128 0x19
 1219 05bc 75040000 		.4byte	0x475
 1220 05c0 00180240 		.4byte	0x40021800
 1221 05c4 00       		.byte	0
 1222 05c5 17       		.uleb128 0x17
 1223 05c6 69040000 		.4byte	0x469
 1224 05ca 1E000000 		.4byte	.LBB41
 1225 05ce A8000000 		.4byte	.Ldebug_ranges0+0xa8
 1226 05d2 01       		.byte	0x1
 1227 05d3 9B       		.byte	0x9b
 1228 05d4 EC050000 		.4byte	0x5ec
 1229 05d8 18       		.uleb128 0x18
 1230 05d9 80040000 		.4byte	0x480
 1231 05dd 04       		.uleb128 0x4
 1232 05de 70       		.byte	0x70
 1233 05df C401     		.sleb128 196
 1234 05e1 9F       		.byte	0x9f
 1235 05e2 19       		.uleb128 0x19
 1236 05e3 75040000 		.4byte	0x475
 1237 05e7 001C0240 		.4byte	0x40021c00
 1238 05eb 00       		.byte	0
 1239 05ec 1A       		.uleb128 0x1a
 1240 05ed 69040000 		.4byte	0x469
 1241 05f1 64010000 		.4byte	.LBB52
 1242 05f5 2C000000 		.4byte	.LBE52-.LBB52
 1243 05f9 01       		.byte	0x1
 1244 05fa 9E       		.byte	0x9e
 1245 05fb 18       		.uleb128 0x18
 1246 05fc 80040000 		.4byte	0x480
 1247 0600 04       		.uleb128 0x4
 1248 0601 70       		.byte	0x70
 1249 0602 E001     		.sleb128 224
 1250 0604 9F       		.byte	0x9f
 1251 0605 19       		.uleb128 0x19
 1252 0606 75040000 		.4byte	0x475
 1253 060a 00200240 		.4byte	0x40022000
ARM GAS  /tmp/ccwamDVW.s 			page 23


 1254 060e 00       		.byte	0
 1255 060f 00       		.byte	0
 1256 0610 11       		.uleb128 0x11
 1257 0611 04       		.byte	0x4
 1258 0612 16060000 		.4byte	0x616
 1259 0616 14       		.uleb128 0x14
 1260 0617 37040000 		.4byte	0x437
 1261 061b 15       		.uleb128 0x15
 1262 061c 11000000 		.4byte	.LASF81
 1263 0620 01       		.byte	0x1
 1264 0621 B0       		.byte	0xb0
 1265 0622 00000000 		.4byte	.LFB120
 1266 0626 C8000000 		.4byte	.LFE120-.LFB120
 1267 062a 01       		.uleb128 0x1
 1268 062b 9C       		.byte	0x9c
 1269 062c F3060000 		.4byte	0x6f3
 1270 0630 16       		.uleb128 0x16
 1271 0631 8E030000 		.4byte	.LASF82
 1272 0635 01       		.byte	0x1
 1273 0636 B0       		.byte	0xb0
 1274 0637 58040000 		.4byte	0x458
 1275 063b 01       		.uleb128 0x1
 1276 063c 50       		.byte	0x50
 1277 063d 1B       		.uleb128 0x1b
 1278 063e EF030000 		.4byte	.LASF83
 1279 0642 01       		.byte	0x1
 1280 0643 B1       		.byte	0xb1
 1281 0644 42040000 		.4byte	0x442
 1282 0648 00000000 		.4byte	.LLST0
 1283 064c 1B       		.uleb128 0x1b
 1284 064d 7F030000 		.4byte	.LASF84
 1285 0651 01       		.byte	0x1
 1286 0652 B2       		.byte	0xb2
 1287 0653 4D040000 		.4byte	0x44d
 1288 0657 2D000000 		.4byte	.LLST1
 1289 065b 1C       		.uleb128 0x1c
 1290 065c 04040000 		.4byte	.LASF58
 1291 0660 01       		.byte	0x1
 1292 0661 B4       		.byte	0xb4
 1293 0662 9E000000 		.4byte	0x9e
 1294 0666 4E000000 		.4byte	.LLST2
 1295 066a 1C       		.uleb128 0x1c
 1296 066b FE020000 		.4byte	.LASF59
 1297 066f 01       		.byte	0x1
 1298 0670 B5       		.byte	0xb5
 1299 0671 9E000000 		.4byte	0x9e
 1300 0675 61000000 		.4byte	.LLST3
 1301 0679 1C       		.uleb128 0x1c
 1302 067a 6A020000 		.4byte	.LASF60
 1303 067e 01       		.byte	0x1
 1304 067f B6       		.byte	0xb6
 1305 0680 9E000000 		.4byte	0x9e
 1306 0684 74000000 		.4byte	.LLST4
 1307 0688 1C       		.uleb128 0x1c
 1308 0689 F4030000 		.4byte	.LASF61
 1309 068d 01       		.byte	0x1
 1310 068e B7       		.byte	0xb7
ARM GAS  /tmp/ccwamDVW.s 			page 24


 1311 068f 9E000000 		.4byte	0x9e
 1312 0693 87000000 		.4byte	.LLST5
 1313 0697 1D       		.uleb128 0x1d
 1314 0698 20040000 		.4byte	.LASF85
 1315 069c 01       		.byte	0x1
 1316 069d B8       		.byte	0xb8
 1317 069e 9E000000 		.4byte	0x9e
 1318 06a2 01       		.uleb128 0x1
 1319 06a3 52       		.byte	0x52
 1320 06a4 1E       		.uleb128 0x1e
 1321 06a5 62697400 		.ascii	"bit\000"
 1322 06a9 01       		.byte	0x1
 1323 06aa B9       		.byte	0xb9
 1324 06ab 9E000000 		.4byte	0x9e
 1325 06af 9A000000 		.4byte	.LLST6
 1326 06b3 1F       		.uleb128 0x1f
 1327 06b4 C0000000 		.4byte	.Ldebug_ranges0+0xc0
 1328 06b8 1C       		.uleb128 0x1c
 1329 06b9 32040000 		.4byte	.LASF86
 1330 06bd 01       		.byte	0x1
 1331 06be BC       		.byte	0xbc
 1332 06bf 9E000000 		.4byte	0x9e
 1333 06c3 B9000000 		.4byte	.LLST7
 1334 06c7 1E       		.uleb128 0x1e
 1335 06c8 6D3100   		.ascii	"m1\000"
 1336 06cb 01       		.byte	0x1
 1337 06cc BC       		.byte	0xbc
 1338 06cd 9E000000 		.4byte	0x9e
 1339 06d1 FF000000 		.4byte	.LLST8
 1340 06d5 1E       		.uleb128 0x1e
 1341 06d6 6D3200   		.ascii	"m2\000"
 1342 06d9 01       		.byte	0x1
 1343 06da BC       		.byte	0xbc
 1344 06db 9E000000 		.4byte	0x9e
 1345 06df 16010000 		.4byte	.LLST9
 1346 06e3 1E       		.uleb128 0x1e
 1347 06e4 6D3400   		.ascii	"m4\000"
 1348 06e7 01       		.byte	0x1
 1349 06e8 BC       		.byte	0xbc
 1350 06e9 9E000000 		.4byte	0x9e
 1351 06ed 59010000 		.4byte	.LLST10
 1352 06f1 00       		.byte	0
 1353 06f2 00       		.byte	0
 1354 06f3 20       		.uleb128 0x20
 1355 06f4 25040000 		.4byte	.LASF90
 1356 06f8 06       		.byte	0x6
 1357 06f9 9806     		.2byte	0x698
 1358 06fb D3000000 		.4byte	0xd3
 1359 06ff 00       		.byte	0
 1360              		.section	.debug_abbrev,"",%progbits
 1361              	.Ldebug_abbrev0:
 1362 0000 01       		.uleb128 0x1
 1363 0001 11       		.uleb128 0x11
 1364 0002 01       		.byte	0x1
 1365 0003 25       		.uleb128 0x25
 1366 0004 0E       		.uleb128 0xe
 1367 0005 13       		.uleb128 0x13
ARM GAS  /tmp/ccwamDVW.s 			page 25


 1368 0006 0B       		.uleb128 0xb
 1369 0007 03       		.uleb128 0x3
 1370 0008 0E       		.uleb128 0xe
 1371 0009 55       		.uleb128 0x55
 1372 000a 17       		.uleb128 0x17
 1373 000b 11       		.uleb128 0x11
 1374 000c 01       		.uleb128 0x1
 1375 000d 10       		.uleb128 0x10
 1376 000e 17       		.uleb128 0x17
 1377 000f 00       		.byte	0
 1378 0010 00       		.byte	0
 1379 0011 02       		.uleb128 0x2
 1380 0012 24       		.uleb128 0x24
 1381 0013 00       		.byte	0
 1382 0014 0B       		.uleb128 0xb
 1383 0015 0B       		.uleb128 0xb
 1384 0016 3E       		.uleb128 0x3e
 1385 0017 0B       		.uleb128 0xb
 1386 0018 03       		.uleb128 0x3
 1387 0019 08       		.uleb128 0x8
 1388 001a 00       		.byte	0
 1389 001b 00       		.byte	0
 1390 001c 03       		.uleb128 0x3
 1391 001d 24       		.uleb128 0x24
 1392 001e 00       		.byte	0
 1393 001f 0B       		.uleb128 0xb
 1394 0020 0B       		.uleb128 0xb
 1395 0021 3E       		.uleb128 0x3e
 1396 0022 0B       		.uleb128 0xb
 1397 0023 03       		.uleb128 0x3
 1398 0024 0E       		.uleb128 0xe
 1399 0025 00       		.byte	0
 1400 0026 00       		.byte	0
 1401 0027 04       		.uleb128 0x4
 1402 0028 16       		.uleb128 0x16
 1403 0029 00       		.byte	0
 1404 002a 03       		.uleb128 0x3
 1405 002b 0E       		.uleb128 0xe
 1406 002c 3A       		.uleb128 0x3a
 1407 002d 0B       		.uleb128 0xb
 1408 002e 3B       		.uleb128 0x3b
 1409 002f 0B       		.uleb128 0xb
 1410 0030 49       		.uleb128 0x49
 1411 0031 13       		.uleb128 0x13
 1412 0032 00       		.byte	0
 1413 0033 00       		.byte	0
 1414 0034 05       		.uleb128 0x5
 1415 0035 35       		.uleb128 0x35
 1416 0036 00       		.byte	0
 1417 0037 49       		.uleb128 0x49
 1418 0038 13       		.uleb128 0x13
 1419 0039 00       		.byte	0
 1420 003a 00       		.byte	0
 1421 003b 06       		.uleb128 0x6
 1422 003c 01       		.uleb128 0x1
 1423 003d 01       		.byte	0x1
 1424 003e 49       		.uleb128 0x49
ARM GAS  /tmp/ccwamDVW.s 			page 26


 1425 003f 13       		.uleb128 0x13
 1426 0040 01       		.uleb128 0x1
 1427 0041 13       		.uleb128 0x13
 1428 0042 00       		.byte	0
 1429 0043 00       		.byte	0
 1430 0044 07       		.uleb128 0x7
 1431 0045 21       		.uleb128 0x21
 1432 0046 00       		.byte	0
 1433 0047 49       		.uleb128 0x49
 1434 0048 13       		.uleb128 0x13
 1435 0049 2F       		.uleb128 0x2f
 1436 004a 0B       		.uleb128 0xb
 1437 004b 00       		.byte	0
 1438 004c 00       		.byte	0
 1439 004d 08       		.uleb128 0x8
 1440 004e 13       		.uleb128 0x13
 1441 004f 01       		.byte	0x1
 1442 0050 0B       		.uleb128 0xb
 1443 0051 0B       		.uleb128 0xb
 1444 0052 3A       		.uleb128 0x3a
 1445 0053 0B       		.uleb128 0xb
 1446 0054 3B       		.uleb128 0x3b
 1447 0055 05       		.uleb128 0x5
 1448 0056 01       		.uleb128 0x1
 1449 0057 13       		.uleb128 0x13
 1450 0058 00       		.byte	0
 1451 0059 00       		.byte	0
 1452 005a 09       		.uleb128 0x9
 1453 005b 0D       		.uleb128 0xd
 1454 005c 00       		.byte	0
 1455 005d 03       		.uleb128 0x3
 1456 005e 08       		.uleb128 0x8
 1457 005f 3A       		.uleb128 0x3a
 1458 0060 0B       		.uleb128 0xb
 1459 0061 3B       		.uleb128 0x3b
 1460 0062 05       		.uleb128 0x5
 1461 0063 49       		.uleb128 0x49
 1462 0064 13       		.uleb128 0x13
 1463 0065 38       		.uleb128 0x38
 1464 0066 0B       		.uleb128 0xb
 1465 0067 00       		.byte	0
 1466 0068 00       		.byte	0
 1467 0069 0A       		.uleb128 0xa
 1468 006a 0D       		.uleb128 0xd
 1469 006b 00       		.byte	0
 1470 006c 03       		.uleb128 0x3
 1471 006d 0E       		.uleb128 0xe
 1472 006e 3A       		.uleb128 0x3a
 1473 006f 0B       		.uleb128 0xb
 1474 0070 3B       		.uleb128 0x3b
 1475 0071 05       		.uleb128 0x5
 1476 0072 49       		.uleb128 0x49
 1477 0073 13       		.uleb128 0x13
 1478 0074 38       		.uleb128 0x38
 1479 0075 0B       		.uleb128 0xb
 1480 0076 00       		.byte	0
 1481 0077 00       		.byte	0
ARM GAS  /tmp/ccwamDVW.s 			page 27


 1482 0078 0B       		.uleb128 0xb
 1483 0079 16       		.uleb128 0x16
 1484 007a 00       		.byte	0
 1485 007b 03       		.uleb128 0x3
 1486 007c 0E       		.uleb128 0xe
 1487 007d 3A       		.uleb128 0x3a
 1488 007e 0B       		.uleb128 0xb
 1489 007f 3B       		.uleb128 0x3b
 1490 0080 05       		.uleb128 0x5
 1491 0081 49       		.uleb128 0x49
 1492 0082 13       		.uleb128 0x13
 1493 0083 00       		.byte	0
 1494 0084 00       		.byte	0
 1495 0085 0C       		.uleb128 0xc
 1496 0086 13       		.uleb128 0x13
 1497 0087 01       		.byte	0x1
 1498 0088 0B       		.uleb128 0xb
 1499 0089 0B       		.uleb128 0xb
 1500 008a 3A       		.uleb128 0x3a
 1501 008b 0B       		.uleb128 0xb
 1502 008c 3B       		.uleb128 0x3b
 1503 008d 0B       		.uleb128 0xb
 1504 008e 01       		.uleb128 0x1
 1505 008f 13       		.uleb128 0x13
 1506 0090 00       		.byte	0
 1507 0091 00       		.byte	0
 1508 0092 0D       		.uleb128 0xd
 1509 0093 0D       		.uleb128 0xd
 1510 0094 00       		.byte	0
 1511 0095 03       		.uleb128 0x3
 1512 0096 08       		.uleb128 0x8
 1513 0097 3A       		.uleb128 0x3a
 1514 0098 0B       		.uleb128 0xb
 1515 0099 3B       		.uleb128 0x3b
 1516 009a 0B       		.uleb128 0xb
 1517 009b 49       		.uleb128 0x49
 1518 009c 13       		.uleb128 0x13
 1519 009d 38       		.uleb128 0x38
 1520 009e 0B       		.uleb128 0xb
 1521 009f 00       		.byte	0
 1522 00a0 00       		.byte	0
 1523 00a1 0E       		.uleb128 0xe
 1524 00a2 0D       		.uleb128 0xd
 1525 00a3 00       		.byte	0
 1526 00a4 03       		.uleb128 0x3
 1527 00a5 0E       		.uleb128 0xe
 1528 00a6 3A       		.uleb128 0x3a
 1529 00a7 0B       		.uleb128 0xb
 1530 00a8 3B       		.uleb128 0x3b
 1531 00a9 0B       		.uleb128 0xb
 1532 00aa 49       		.uleb128 0x49
 1533 00ab 13       		.uleb128 0x13
 1534 00ac 38       		.uleb128 0x38
 1535 00ad 0B       		.uleb128 0xb
 1536 00ae 00       		.byte	0
 1537 00af 00       		.byte	0
 1538 00b0 0F       		.uleb128 0xf
ARM GAS  /tmp/ccwamDVW.s 			page 28


 1539 00b1 17       		.uleb128 0x17
 1540 00b2 01       		.byte	0x1
 1541 00b3 0B       		.uleb128 0xb
 1542 00b4 0B       		.uleb128 0xb
 1543 00b5 3A       		.uleb128 0x3a
 1544 00b6 0B       		.uleb128 0xb
 1545 00b7 3B       		.uleb128 0x3b
 1546 00b8 0B       		.uleb128 0xb
 1547 00b9 01       		.uleb128 0x1
 1548 00ba 13       		.uleb128 0x13
 1549 00bb 00       		.byte	0
 1550 00bc 00       		.byte	0
 1551 00bd 10       		.uleb128 0x10
 1552 00be 0D       		.uleb128 0xd
 1553 00bf 00       		.byte	0
 1554 00c0 03       		.uleb128 0x3
 1555 00c1 08       		.uleb128 0x8
 1556 00c2 3A       		.uleb128 0x3a
 1557 00c3 0B       		.uleb128 0xb
 1558 00c4 3B       		.uleb128 0x3b
 1559 00c5 0B       		.uleb128 0xb
 1560 00c6 49       		.uleb128 0x49
 1561 00c7 13       		.uleb128 0x13
 1562 00c8 00       		.byte	0
 1563 00c9 00       		.byte	0
 1564 00ca 11       		.uleb128 0x11
 1565 00cb 0F       		.uleb128 0xf
 1566 00cc 00       		.byte	0
 1567 00cd 0B       		.uleb128 0xb
 1568 00ce 0B       		.uleb128 0xb
 1569 00cf 49       		.uleb128 0x49
 1570 00d0 13       		.uleb128 0x13
 1571 00d1 00       		.byte	0
 1572 00d2 00       		.byte	0
 1573 00d3 12       		.uleb128 0x12
 1574 00d4 2E       		.uleb128 0x2e
 1575 00d5 01       		.byte	0x1
 1576 00d6 03       		.uleb128 0x3
 1577 00d7 0E       		.uleb128 0xe
 1578 00d8 3A       		.uleb128 0x3a
 1579 00d9 0B       		.uleb128 0xb
 1580 00da 3B       		.uleb128 0x3b
 1581 00db 0B       		.uleb128 0xb
 1582 00dc 27       		.uleb128 0x27
 1583 00dd 19       		.uleb128 0x19
 1584 00de 20       		.uleb128 0x20
 1585 00df 0B       		.uleb128 0xb
 1586 00e0 01       		.uleb128 0x1
 1587 00e1 13       		.uleb128 0x13
 1588 00e2 00       		.byte	0
 1589 00e3 00       		.byte	0
 1590 00e4 13       		.uleb128 0x13
 1591 00e5 05       		.uleb128 0x5
 1592 00e6 00       		.byte	0
 1593 00e7 03       		.uleb128 0x3
 1594 00e8 0E       		.uleb128 0xe
 1595 00e9 3A       		.uleb128 0x3a
ARM GAS  /tmp/ccwamDVW.s 			page 29


 1596 00ea 0B       		.uleb128 0xb
 1597 00eb 3B       		.uleb128 0x3b
 1598 00ec 0B       		.uleb128 0xb
 1599 00ed 49       		.uleb128 0x49
 1600 00ee 13       		.uleb128 0x13
 1601 00ef 00       		.byte	0
 1602 00f0 00       		.byte	0
 1603 00f1 14       		.uleb128 0x14
 1604 00f2 26       		.uleb128 0x26
 1605 00f3 00       		.byte	0
 1606 00f4 49       		.uleb128 0x49
 1607 00f5 13       		.uleb128 0x13
 1608 00f6 00       		.byte	0
 1609 00f7 00       		.byte	0
 1610 00f8 15       		.uleb128 0x15
 1611 00f9 2E       		.uleb128 0x2e
 1612 00fa 01       		.byte	0x1
 1613 00fb 3F       		.uleb128 0x3f
 1614 00fc 19       		.uleb128 0x19
 1615 00fd 03       		.uleb128 0x3
 1616 00fe 0E       		.uleb128 0xe
 1617 00ff 3A       		.uleb128 0x3a
 1618 0100 0B       		.uleb128 0xb
 1619 0101 3B       		.uleb128 0x3b
 1620 0102 0B       		.uleb128 0xb
 1621 0103 27       		.uleb128 0x27
 1622 0104 19       		.uleb128 0x19
 1623 0105 11       		.uleb128 0x11
 1624 0106 01       		.uleb128 0x1
 1625 0107 12       		.uleb128 0x12
 1626 0108 06       		.uleb128 0x6
 1627 0109 40       		.uleb128 0x40
 1628 010a 18       		.uleb128 0x18
 1629 010b 9742     		.uleb128 0x2117
 1630 010d 19       		.uleb128 0x19
 1631 010e 01       		.uleb128 0x1
 1632 010f 13       		.uleb128 0x13
 1633 0110 00       		.byte	0
 1634 0111 00       		.byte	0
 1635 0112 16       		.uleb128 0x16
 1636 0113 05       		.uleb128 0x5
 1637 0114 00       		.byte	0
 1638 0115 03       		.uleb128 0x3
 1639 0116 0E       		.uleb128 0xe
 1640 0117 3A       		.uleb128 0x3a
 1641 0118 0B       		.uleb128 0xb
 1642 0119 3B       		.uleb128 0x3b
 1643 011a 0B       		.uleb128 0xb
 1644 011b 49       		.uleb128 0x49
 1645 011c 13       		.uleb128 0x13
 1646 011d 02       		.uleb128 0x2
 1647 011e 18       		.uleb128 0x18
 1648 011f 00       		.byte	0
 1649 0120 00       		.byte	0
 1650 0121 17       		.uleb128 0x17
 1651 0122 1D       		.uleb128 0x1d
 1652 0123 01       		.byte	0x1
ARM GAS  /tmp/ccwamDVW.s 			page 30


 1653 0124 31       		.uleb128 0x31
 1654 0125 13       		.uleb128 0x13
 1655 0126 52       		.uleb128 0x52
 1656 0127 01       		.uleb128 0x1
 1657 0128 55       		.uleb128 0x55
 1658 0129 17       		.uleb128 0x17
 1659 012a 58       		.uleb128 0x58
 1660 012b 0B       		.uleb128 0xb
 1661 012c 59       		.uleb128 0x59
 1662 012d 0B       		.uleb128 0xb
 1663 012e 01       		.uleb128 0x1
 1664 012f 13       		.uleb128 0x13
 1665 0130 00       		.byte	0
 1666 0131 00       		.byte	0
 1667 0132 18       		.uleb128 0x18
 1668 0133 05       		.uleb128 0x5
 1669 0134 00       		.byte	0
 1670 0135 31       		.uleb128 0x31
 1671 0136 13       		.uleb128 0x13
 1672 0137 02       		.uleb128 0x2
 1673 0138 18       		.uleb128 0x18
 1674 0139 00       		.byte	0
 1675 013a 00       		.byte	0
 1676 013b 19       		.uleb128 0x19
 1677 013c 05       		.uleb128 0x5
 1678 013d 00       		.byte	0
 1679 013e 31       		.uleb128 0x31
 1680 013f 13       		.uleb128 0x13
 1681 0140 1C       		.uleb128 0x1c
 1682 0141 06       		.uleb128 0x6
 1683 0142 00       		.byte	0
 1684 0143 00       		.byte	0
 1685 0144 1A       		.uleb128 0x1a
 1686 0145 1D       		.uleb128 0x1d
 1687 0146 01       		.byte	0x1
 1688 0147 31       		.uleb128 0x31
 1689 0148 13       		.uleb128 0x13
 1690 0149 11       		.uleb128 0x11
 1691 014a 01       		.uleb128 0x1
 1692 014b 12       		.uleb128 0x12
 1693 014c 06       		.uleb128 0x6
 1694 014d 58       		.uleb128 0x58
 1695 014e 0B       		.uleb128 0xb
 1696 014f 59       		.uleb128 0x59
 1697 0150 0B       		.uleb128 0xb
 1698 0151 00       		.byte	0
 1699 0152 00       		.byte	0
 1700 0153 1B       		.uleb128 0x1b
 1701 0154 05       		.uleb128 0x5
 1702 0155 00       		.byte	0
 1703 0156 03       		.uleb128 0x3
 1704 0157 0E       		.uleb128 0xe
 1705 0158 3A       		.uleb128 0x3a
 1706 0159 0B       		.uleb128 0xb
 1707 015a 3B       		.uleb128 0x3b
 1708 015b 0B       		.uleb128 0xb
 1709 015c 49       		.uleb128 0x49
ARM GAS  /tmp/ccwamDVW.s 			page 31


 1710 015d 13       		.uleb128 0x13
 1711 015e 02       		.uleb128 0x2
 1712 015f 17       		.uleb128 0x17
 1713 0160 00       		.byte	0
 1714 0161 00       		.byte	0
 1715 0162 1C       		.uleb128 0x1c
 1716 0163 34       		.uleb128 0x34
 1717 0164 00       		.byte	0
 1718 0165 03       		.uleb128 0x3
 1719 0166 0E       		.uleb128 0xe
 1720 0167 3A       		.uleb128 0x3a
 1721 0168 0B       		.uleb128 0xb
 1722 0169 3B       		.uleb128 0x3b
 1723 016a 0B       		.uleb128 0xb
 1724 016b 49       		.uleb128 0x49
 1725 016c 13       		.uleb128 0x13
 1726 016d 02       		.uleb128 0x2
 1727 016e 17       		.uleb128 0x17
 1728 016f 00       		.byte	0
 1729 0170 00       		.byte	0
 1730 0171 1D       		.uleb128 0x1d
 1731 0172 34       		.uleb128 0x34
 1732 0173 00       		.byte	0
 1733 0174 03       		.uleb128 0x3
 1734 0175 0E       		.uleb128 0xe
 1735 0176 3A       		.uleb128 0x3a
 1736 0177 0B       		.uleb128 0xb
 1737 0178 3B       		.uleb128 0x3b
 1738 0179 0B       		.uleb128 0xb
 1739 017a 49       		.uleb128 0x49
 1740 017b 13       		.uleb128 0x13
 1741 017c 02       		.uleb128 0x2
 1742 017d 18       		.uleb128 0x18
 1743 017e 00       		.byte	0
 1744 017f 00       		.byte	0
 1745 0180 1E       		.uleb128 0x1e
 1746 0181 34       		.uleb128 0x34
 1747 0182 00       		.byte	0
 1748 0183 03       		.uleb128 0x3
 1749 0184 08       		.uleb128 0x8
 1750 0185 3A       		.uleb128 0x3a
 1751 0186 0B       		.uleb128 0xb
 1752 0187 3B       		.uleb128 0x3b
 1753 0188 0B       		.uleb128 0xb
 1754 0189 49       		.uleb128 0x49
 1755 018a 13       		.uleb128 0x13
 1756 018b 02       		.uleb128 0x2
 1757 018c 17       		.uleb128 0x17
 1758 018d 00       		.byte	0
 1759 018e 00       		.byte	0
 1760 018f 1F       		.uleb128 0x1f
 1761 0190 0B       		.uleb128 0xb
 1762 0191 01       		.byte	0x1
 1763 0192 55       		.uleb128 0x55
 1764 0193 17       		.uleb128 0x17
 1765 0194 00       		.byte	0
 1766 0195 00       		.byte	0
ARM GAS  /tmp/ccwamDVW.s 			page 32


 1767 0196 20       		.uleb128 0x20
 1768 0197 34       		.uleb128 0x34
 1769 0198 00       		.byte	0
 1770 0199 03       		.uleb128 0x3
 1771 019a 0E       		.uleb128 0xe
 1772 019b 3A       		.uleb128 0x3a
 1773 019c 0B       		.uleb128 0xb
 1774 019d 3B       		.uleb128 0x3b
 1775 019e 05       		.uleb128 0x5
 1776 019f 49       		.uleb128 0x49
 1777 01a0 13       		.uleb128 0x13
 1778 01a1 3F       		.uleb128 0x3f
 1779 01a2 19       		.uleb128 0x19
 1780 01a3 3C       		.uleb128 0x3c
 1781 01a4 19       		.uleb128 0x19
 1782 01a5 00       		.byte	0
 1783 01a6 00       		.byte	0
 1784 01a7 00       		.byte	0
 1785              		.section	.debug_loc,"",%progbits
 1786              	.Ldebug_loc0:
 1787              	.LLST0:
 1788 0000 00000000 		.4byte	.LVL10
 1789 0004 88000000 		.4byte	.LVL24
 1790 0008 0100     		.2byte	0x1
 1791 000a 51       		.byte	0x51
 1792 000b 88000000 		.4byte	.LVL24
 1793 000f 8A000000 		.4byte	.LVL25
 1794 0013 0500     		.2byte	0x5
 1795 0015 71       		.byte	0x71
 1796 0016 00       		.sleb128 0
 1797 0017 31       		.byte	0x31
 1798 0018 25       		.byte	0x25
 1799 0019 9F       		.byte	0x9f
 1800 001a 8A000000 		.4byte	.LVL25
 1801 001e C8000000 		.4byte	.LFE120
 1802 0022 0100     		.2byte	0x1
 1803 0024 51       		.byte	0x51
 1804 0025 00000000 		.4byte	0
 1805 0029 00000000 		.4byte	0
 1806              	.LLST1:
 1807 002d 00000000 		.4byte	.LVL10
 1808 0031 1E000000 		.4byte	.LVL15
 1809 0035 0100     		.2byte	0x1
 1810 0037 52       		.byte	0x52
 1811 0038 1E000000 		.4byte	.LVL15
 1812 003c C8000000 		.4byte	.LFE120
 1813 0040 0400     		.2byte	0x4
 1814 0042 F3       		.byte	0xf3
 1815 0043 01       		.uleb128 0x1
 1816 0044 52       		.byte	0x52
 1817 0045 9F       		.byte	0x9f
 1818 0046 00000000 		.4byte	0
 1819 004a 00000000 		.4byte	0
 1820              	.LLST2:
 1821 004e 0A000000 		.4byte	.LVL11
 1822 0052 C6000000 		.4byte	.LVL35
 1823 0056 0100     		.2byte	0x1
ARM GAS  /tmp/ccwamDVW.s 			page 33


 1824 0058 57       		.byte	0x57
 1825 0059 00000000 		.4byte	0
 1826 005d 00000000 		.4byte	0
 1827              	.LLST3:
 1828 0061 0E000000 		.4byte	.LVL12
 1829 0065 C6000000 		.4byte	.LVL35
 1830 0069 0100     		.2byte	0x1
 1831 006b 56       		.byte	0x56
 1832 006c 00000000 		.4byte	0
 1833 0070 00000000 		.4byte	0
 1834              	.LLST4:
 1835 0074 12000000 		.4byte	.LVL13
 1836 0078 C6000000 		.4byte	.LVL35
 1837 007c 0100     		.2byte	0x1
 1838 007e 55       		.byte	0x55
 1839 007f 00000000 		.4byte	0
 1840 0083 00000000 		.4byte	0
 1841              	.LLST5:
 1842 0087 16000000 		.4byte	.LVL14
 1843 008b C6000000 		.4byte	.LVL35
 1844 008f 0100     		.2byte	0x1
 1845 0091 54       		.byte	0x54
 1846 0092 00000000 		.4byte	0
 1847 0096 00000000 		.4byte	0
 1848              	.LLST6:
 1849 009a 1E000000 		.4byte	.LVL15
 1850 009e 24000000 		.4byte	.LVL16
 1851 00a2 0200     		.2byte	0x2
 1852 00a4 30       		.byte	0x30
 1853 00a5 9F       		.byte	0x9f
 1854 00a6 24000000 		.4byte	.LVL16
 1855 00aa C8000000 		.4byte	.LFE120
 1856 00ae 0100     		.2byte	0x1
 1857 00b0 53       		.byte	0x53
 1858 00b1 00000000 		.4byte	0
 1859 00b5 00000000 		.4byte	0
 1860              	.LLST7:
 1861 00b9 24000000 		.4byte	.LVL16
 1862 00bd 30000000 		.4byte	.LVL18
 1863 00c1 0100     		.2byte	0x1
 1864 00c3 58       		.byte	0x58
 1865 00c4 30000000 		.4byte	.LVL18
 1866 00c8 96000000 		.4byte	.LVL30
 1867 00cc 0A00     		.2byte	0xa
 1868 00ce 72       		.byte	0x72
 1869 00cf 00       		.sleb128 0
 1870 00d0 73       		.byte	0x73
 1871 00d1 00       		.sleb128 0
 1872 00d2 37       		.byte	0x37
 1873 00d3 1A       		.byte	0x1a
 1874 00d4 32       		.byte	0x32
 1875 00d5 24       		.byte	0x24
 1876 00d6 24       		.byte	0x24
 1877 00d7 9F       		.byte	0x9f
 1878 00d8 A6000000 		.4byte	.LVL31
 1879 00dc BC000000 		.4byte	.LVL34
 1880 00e0 0100     		.2byte	0x1
ARM GAS  /tmp/ccwamDVW.s 			page 34


 1881 00e2 58       		.byte	0x58
 1882 00e3 BC000000 		.4byte	.LVL34
 1883 00e7 C8000000 		.4byte	.LFE120
 1884 00eb 0A00     		.2byte	0xa
 1885 00ed 72       		.byte	0x72
 1886 00ee 00       		.sleb128 0
 1887 00ef 73       		.byte	0x73
 1888 00f0 00       		.sleb128 0
 1889 00f1 37       		.byte	0x37
 1890 00f2 1A       		.byte	0x1a
 1891 00f3 32       		.byte	0x32
 1892 00f4 24       		.byte	0x24
 1893 00f5 24       		.byte	0x24
 1894 00f6 9F       		.byte	0x9f
 1895 00f7 00000000 		.4byte	0
 1896 00fb 00000000 		.4byte	0
 1897              	.LLST8:
 1898 00ff 34000000 		.4byte	.LVL19
 1899 0103 88000000 		.4byte	.LVL24
 1900 0107 0500     		.2byte	0x5
 1901 0109 31       		.byte	0x31
 1902 010a 73       		.byte	0x73
 1903 010b 00       		.sleb128 0
 1904 010c 24       		.byte	0x24
 1905 010d 9F       		.byte	0x9f
 1906 010e 00000000 		.4byte	0
 1907 0112 00000000 		.4byte	0
 1908              	.LLST9:
 1909 0116 48000000 		.4byte	.LVL20
 1910 011a 58000000 		.4byte	.LVL21
 1911 011e 0700     		.2byte	0x7
 1912 0120 33       		.byte	0x33
 1913 0121 73       		.byte	0x73
 1914 0122 00       		.sleb128 0
 1915 0123 31       		.byte	0x31
 1916 0124 24       		.byte	0x24
 1917 0125 24       		.byte	0x24
 1918 0126 9F       		.byte	0x9f
 1919 0127 58000000 		.4byte	.LVL21
 1920 012b 5C000000 		.4byte	.LVL22
 1921 012f 0100     		.2byte	0x1
 1922 0131 5C       		.byte	0x5c
 1923 0132 5C000000 		.4byte	.LVL22
 1924 0136 80000000 		.4byte	.LVL23
 1925 013a 0400     		.2byte	0x4
 1926 013c 7C       		.byte	0x7c
 1927 013d 00       		.sleb128 0
 1928 013e 20       		.byte	0x20
 1929 013f 9F       		.byte	0x9f
 1930 0140 80000000 		.4byte	.LVL23
 1931 0144 88000000 		.4byte	.LVL24
 1932 0148 0700     		.2byte	0x7
 1933 014a 33       		.byte	0x33
 1934 014b 73       		.byte	0x73
 1935 014c 00       		.sleb128 0
 1936 014d 31       		.byte	0x31
 1937 014e 24       		.byte	0x24
ARM GAS  /tmp/ccwamDVW.s 			page 35


 1938 014f 24       		.byte	0x24
 1939 0150 9F       		.byte	0x9f
 1940 0151 00000000 		.4byte	0
 1941 0155 00000000 		.4byte	0
 1942              	.LLST10:
 1943 0159 24000000 		.4byte	.LVL16
 1944 015d 2C000000 		.4byte	.LVL17
 1945 0161 0100     		.2byte	0x1
 1946 0163 5C       		.byte	0x5c
 1947 0164 2C000000 		.4byte	.LVL17
 1948 0168 96000000 		.4byte	.LVL30
 1949 016c 0A00     		.2byte	0xa
 1950 016e 79       		.byte	0x79
 1951 016f 00       		.sleb128 0
 1952 0170 73       		.byte	0x73
 1953 0171 00       		.sleb128 0
 1954 0172 37       		.byte	0x37
 1955 0173 1A       		.byte	0x1a
 1956 0174 32       		.byte	0x32
 1957 0175 24       		.byte	0x24
 1958 0176 24       		.byte	0x24
 1959 0177 9F       		.byte	0x9f
 1960 0178 AA000000 		.4byte	.LVL32
 1961 017c B8000000 		.4byte	.LVL33
 1962 0180 0100     		.2byte	0x1
 1963 0182 5C       		.byte	0x5c
 1964 0183 B8000000 		.4byte	.LVL33
 1965 0187 C6000000 		.4byte	.LVL35
 1966 018b 0A00     		.2byte	0xa
 1967 018d 79       		.byte	0x79
 1968 018e 00       		.sleb128 0
 1969 018f 73       		.byte	0x73
 1970 0190 00       		.sleb128 0
 1971 0191 37       		.byte	0x37
 1972 0192 1A       		.byte	0x1a
 1973 0193 32       		.byte	0x32
 1974 0194 24       		.byte	0x24
 1975 0195 24       		.byte	0x24
 1976 0196 9F       		.byte	0x9f
 1977 0197 C6000000 		.4byte	.LVL35
 1978 019b C8000000 		.4byte	.LFE120
 1979 019f 0900     		.2byte	0x9
 1980 01a1 3F       		.byte	0x3f
 1981 01a2 73       		.byte	0x73
 1982 01a3 00       		.sleb128 0
 1983 01a4 37       		.byte	0x37
 1984 01a5 1A       		.byte	0x1a
 1985 01a6 32       		.byte	0x32
 1986 01a7 24       		.byte	0x24
 1987 01a8 24       		.byte	0x24
 1988 01a9 9F       		.byte	0x9f
 1989 01aa 00000000 		.4byte	0
 1990 01ae 00000000 		.4byte	0
 1991              		.section	.debug_aranges,"",%progbits
 1992 0000 24000000 		.4byte	0x24
 1993 0004 0200     		.2byte	0x2
 1994 0006 00000000 		.4byte	.Ldebug_info0
ARM GAS  /tmp/ccwamDVW.s 			page 36


 1995 000a 04       		.byte	0x4
 1996 000b 00       		.byte	0
 1997 000c 0000     		.2byte	0
 1998 000e 0000     		.2byte	0
 1999 0010 00000000 		.4byte	.LFB119
 2000 0014 C0010000 		.4byte	.LFE119-.LFB119
 2001 0018 00000000 		.4byte	.LFB120
 2002 001c C8000000 		.4byte	.LFE120-.LFB120
 2003 0020 00000000 		.4byte	0
 2004 0024 00000000 		.4byte	0
 2005              		.section	.debug_ranges,"",%progbits
 2006              	.Ldebug_ranges0:
 2007 0000 08000000 		.4byte	.LBB20
 2008 0004 0C000000 		.4byte	.LBE20
 2009 0008 38000000 		.4byte	.LBB44
 2010 000c 62000000 		.4byte	.LBE44
 2011 0010 00000000 		.4byte	0
 2012 0014 00000000 		.4byte	0
 2013 0018 10000000 		.4byte	.LBB23
 2014 001c 14000000 		.4byte	.LBE23
 2015 0020 62000000 		.4byte	.LBB45
 2016 0024 8C000000 		.4byte	.LBE45
 2017 0028 00000000 		.4byte	0
 2018 002c 00000000 		.4byte	0
 2019 0030 14000000 		.4byte	.LBB26
 2020 0034 16000000 		.4byte	.LBE26
 2021 0038 8C000000 		.4byte	.LBB46
 2022 003c A8000000 		.4byte	.LBE46
 2023 0040 00000000 		.4byte	0
 2024 0044 00000000 		.4byte	0
 2025 0048 16000000 		.4byte	.LBB29
 2026 004c 18000000 		.4byte	.LBE29
 2027 0050 A8000000 		.4byte	.LBB47
 2028 0054 C4000000 		.4byte	.LBE47
 2029 0058 00000000 		.4byte	0
 2030 005c 00000000 		.4byte	0
 2031 0060 18000000 		.4byte	.LBB32
 2032 0064 1A000000 		.4byte	.LBE32
 2033 0068 C4000000 		.4byte	.LBB48
 2034 006c E6000000 		.4byte	.LBE48
 2035 0070 00000000 		.4byte	0
 2036 0074 00000000 		.4byte	0
 2037 0078 1A000000 		.4byte	.LBB35
 2038 007c 1C000000 		.4byte	.LBE35
 2039 0080 E6000000 		.4byte	.LBB49
 2040 0084 10010000 		.4byte	.LBE49
 2041 0088 00000000 		.4byte	0
 2042 008c 00000000 		.4byte	0
 2043 0090 1C000000 		.4byte	.LBB38
 2044 0094 1E000000 		.4byte	.LBE38
 2045 0098 10010000 		.4byte	.LBB50
 2046 009c 3A010000 		.4byte	.LBE50
 2047 00a0 00000000 		.4byte	0
 2048 00a4 00000000 		.4byte	0
 2049 00a8 1E000000 		.4byte	.LBB41
 2050 00ac 20000000 		.4byte	.LBE41
 2051 00b0 3A010000 		.4byte	.LBB51
ARM GAS  /tmp/ccwamDVW.s 			page 37


 2052 00b4 64010000 		.4byte	.LBE51
 2053 00b8 00000000 		.4byte	0
 2054 00bc 00000000 		.4byte	0
 2055 00c0 16000000 		.4byte	.LBB54
 2056 00c4 1A000000 		.4byte	.LBE54
 2057 00c8 1E000000 		.4byte	.LBB55
 2058 00cc 88000000 		.4byte	.LBE55
 2059 00d0 96000000 		.4byte	.LBB56
 2060 00d4 9E000000 		.4byte	.LBE56
 2061 00d8 A2000000 		.4byte	.LBB57
 2062 00dc AA000000 		.4byte	.LBE57
 2063 00e0 AC000000 		.4byte	.LBB58
 2064 00e4 C2000000 		.4byte	.LBE58
 2065 00e8 00000000 		.4byte	0
 2066 00ec 00000000 		.4byte	0
 2067 00f0 00000000 		.4byte	.LFB119
 2068 00f4 C0010000 		.4byte	.LFE119
 2069 00f8 00000000 		.4byte	.LFB120
 2070 00fc C8000000 		.4byte	.LFE120
 2071 0100 00000000 		.4byte	0
 2072 0104 00000000 		.4byte	0
 2073              		.section	.debug_line,"",%progbits
 2074              	.Ldebug_line0:
 2075 0000 00030000 		.section	.debug_str,"MS",%progbits,1
 2075      02004D02 
 2075      00000201 
 2075      FB0E0D00 
 2075      01010101 
 2076              	.LASF34:
 2077 0000 41484231 		.ascii	"AHB1LPENR\000"
 2077      4C50454E 
 2077      5200
 2078              	.LASF67:
 2079 000a 50434461 		.ascii	"PCData\000"
 2079      746100
 2080              	.LASF81:
 2081 0011 5F70616C 		.ascii	"_pal_lld_setgroupmode\000"
 2081      5F6C6C64 
 2081      5F736574 
 2081      67726F75 
 2081      706D6F64 
 2082              	.LASF24:
 2083 0027 41504231 		.ascii	"APB1RSTR\000"
 2083      52535452 
 2083      00
 2084              	.LASF28:
 2085 0030 41484232 		.ascii	"AHB2ENR\000"
 2085      454E5200 
 2086              	.LASF64:
 2087 0038 73746D33 		.ascii	"stm32_gpio_setup_t\000"
 2087      325F6770 
 2087      696F5F73 
 2087      65747570 
 2087      5F7400
 2088              	.LASF70:
 2089 004b 50464461 		.ascii	"PFData\000"
 2089      746100
ARM GAS  /tmp/ccwamDVW.s 			page 38


 2090              	.LASF89:
 2091 0052 696E6974 		.ascii	"initgpio\000"
 2091      6770696F 
 2091      00
 2092              	.LASF3:
 2093 005b 73686F72 		.ascii	"short int\000"
 2093      7420696E 
 2093      7400
 2094              	.LASF87:
 2095 0065 474E5520 		.ascii	"GNU C 4.8.4 20140526 (release) [ARM/embedded-4_8-br"
 2095      4320342E 
 2095      382E3420 
 2095      32303134 
 2095      30353236 
 2096 0098 616E6368 		.ascii	"anch revision 211358] -mcpu=cortex-m4 -mno-thumb-in"
 2096      20726576 
 2096      6973696F 
 2096      6E203231 
 2096      31333538 
 2097 00cb 74657277 		.ascii	"terwork -mthumb -ggdb -O2 -fomit-frame-pointer -fal"
 2097      6F726B20 
 2097      2D6D7468 
 2097      756D6220 
 2097      2D676764 
 2098 00fe 69676E2D 		.ascii	"ign-functions=16 -ffunction-sections -fdata-section"
 2098      66756E63 
 2098      74696F6E 
 2098      733D3136 
 2098      202D6666 
 2099 0131 73202D66 		.ascii	"s -fno-common\000"
 2099      6E6F2D63 
 2099      6F6D6D6F 
 2099      6E00
 2100              	.LASF16:
 2101 013f 73697A65 		.ascii	"sizetype\000"
 2101      74797065 
 2101      00
 2102              	.LASF41:
 2103 0148 42444352 		.ascii	"BDCR\000"
 2103      00
 2104              	.LASF73:
 2105 014d 50494461 		.ascii	"PIData\000"
 2105      746100
 2106              	.LASF44:
 2107 0154 504C4C49 		.ascii	"PLLI2SCFGR\000"
 2107      32534346 
 2107      475200
 2108              	.LASF78:
 2109 015f 6770696F 		.ascii	"gpiop\000"
 2109      7000
 2110              	.LASF8:
 2111 0165 5F5F7569 		.ascii	"__uint32_t\000"
 2111      6E743332 
 2111      5F7400
 2112              	.LASF80:
 2113 0170 5F70616C 		.ascii	"_pal_lld_init\000"
 2113      5F6C6C64 
ARM GAS  /tmp/ccwamDVW.s 			page 39


 2113      5F696E69 
 2113      7400
 2114              	.LASF5:
 2115 017e 5F5F7569 		.ascii	"__uint16_t\000"
 2115      6E743136 
 2115      5F7400
 2116              	.LASF43:
 2117 0189 53534347 		.ascii	"SSCGR\000"
 2117      5200
 2118              	.LASF66:
 2119 018f 50424461 		.ascii	"PBData\000"
 2119      746100
 2120              	.LASF20:
 2121 0196 41484231 		.ascii	"AHB1RSTR\000"
 2121      52535452 
 2121      00
 2122              	.LASF79:
 2123 019f 636F6E66 		.ascii	"config\000"
 2123      696700
 2124              	.LASF76:
 2125 01a6 696F6D6F 		.ascii	"iomode_t\000"
 2125      64655F74 
 2125      00
 2126              	.LASF36:
 2127 01af 41484233 		.ascii	"AHB3LPENR\000"
 2127      4C50454E 
 2127      5200
 2128              	.LASF88:
 2129 01b9 2F686F6D 		.ascii	"/home/marco/SoftwareProjects/st-usb/f9xx/firmware/e"
 2129      652F6D61 
 2129      72636F2F 
 2129      536F6674 
 2129      77617265 
 2130 01ec 78742F43 		.ascii	"xt/ChibiOS-RT/os/hal/platforms/STM32/GPIOv2/pal_lld"
 2130      68696269 
 2130      4F532D52 
 2130      542F6F73 
 2130      2F68616C 
 2131 021f 2E6300   		.ascii	".c\000"
 2132              	.LASF31:
 2133 0222 41504231 		.ascii	"APB1ENR\000"
 2133      454E5200 
 2134              	.LASF75:
 2135 022a 696F706F 		.ascii	"ioportmask_t\000"
 2135      72746D61 
 2135      736B5F74 
 2135      00
 2136              	.LASF50:
 2137 0237 4F545950 		.ascii	"OTYPER\000"
 2137      455200
 2138              	.LASF46:
 2139 023e 44434B43 		.ascii	"DCKCFGR\000"
 2139      46475200 
 2140              	.LASF29:
 2141 0246 41484233 		.ascii	"AHB3ENR\000"
 2141      454E5200 
 2142              	.LASF51:
ARM GAS  /tmp/ccwamDVW.s 			page 40


 2143 024e 4F535045 		.ascii	"OSPEEDR\000"
 2143      45445200 
 2144              	.LASF10:
 2145 0256 6C6F6E67 		.ascii	"long long int\000"
 2145      206C6F6E 
 2145      6720696E 
 2145      7400
 2146              	.LASF52:
 2147 0264 50555044 		.ascii	"PUPDR\000"
 2147      5200
 2148              	.LASF60:
 2149 026a 6F737065 		.ascii	"ospeedr\000"
 2149      65647200 
 2150              	.LASF7:
 2151 0272 6C6F6E67 		.ascii	"long int\000"
 2151      20696E74 
 2151      00
 2152              	.LASF68:
 2153 027b 50444461 		.ascii	"PDData\000"
 2153      746100
 2154              	.LASF47:
 2155 0282 5243435F 		.ascii	"RCC_TypeDef\000"
 2155      54797065 
 2155      44656600 
 2156              	.LASF49:
 2157 028e 4D4F4445 		.ascii	"MODER\000"
 2157      5200
 2158              	.LASF25:
 2159 0294 41504232 		.ascii	"APB2RSTR\000"
 2159      52535452 
 2159      00
 2160              	.LASF48:
 2161 029d 636C6561 		.ascii	"clear\000"
 2161      7200
 2162              	.LASF71:
 2163 02a3 50474461 		.ascii	"PGData\000"
 2163      746100
 2164              	.LASF65:
 2165 02aa 50414461 		.ascii	"PAData\000"
 2165      746100
 2166              	.LASF77:
 2167 02b1 696F706F 		.ascii	"ioportid_t\000"
 2167      72746964 
 2167      5F7400
 2168              	.LASF2:
 2169 02bc 756E7369 		.ascii	"unsigned char\000"
 2169      676E6564 
 2169      20636861 
 2169      7200
 2170              	.LASF32:
 2171 02ca 41504232 		.ascii	"APB2ENR\000"
 2171      454E5200 
 2172              	.LASF1:
 2173 02d2 7369676E 		.ascii	"signed char\000"
 2173      65642063 
 2173      68617200 
 2174              	.LASF11:
ARM GAS  /tmp/ccwamDVW.s 			page 41


 2175 02de 6C6F6E67 		.ascii	"long long unsigned int\000"
 2175      206C6F6E 
 2175      6720756E 
 2175      7369676E 
 2175      65642069 
 2176              	.LASF14:
 2177 02f5 75696E74 		.ascii	"uint32_t\000"
 2177      33325F74 
 2177      00
 2178              	.LASF59:
 2179 02fe 6F747970 		.ascii	"otyper\000"
 2179      657200
 2180              	.LASF21:
 2181 0305 41484232 		.ascii	"AHB2RSTR\000"
 2181      52535452 
 2181      00
 2182              	.LASF12:
 2183 030e 75696E74 		.ascii	"uint16_t\000"
 2183      31365F74 
 2183      00
 2184              	.LASF9:
 2185 0317 6C6F6E67 		.ascii	"long unsigned int\000"
 2185      20756E73 
 2185      69676E65 
 2185      6420696E 
 2185      7400
 2186              	.LASF56:
 2187 0329 41465248 		.ascii	"AFRH\000"
 2187      00
 2188              	.LASF18:
 2189 032e 504C4C43 		.ascii	"PLLCFGR\000"
 2189      46475200 
 2190              	.LASF55:
 2191 0336 4146524C 		.ascii	"AFRL\000"
 2191      00
 2192              	.LASF4:
 2193 033b 73686F72 		.ascii	"short unsigned int\000"
 2193      7420756E 
 2193      7369676E 
 2193      65642069 
 2193      6E7400
 2194              	.LASF38:
 2195 034e 41504231 		.ascii	"APB1LPENR\000"
 2195      4C50454E 
 2195      5200
 2196              	.LASF17:
 2197 0358 63686172 		.ascii	"char\000"
 2197      00
 2198              	.LASF13:
 2199 035d 696E7433 		.ascii	"int32_t\000"
 2199      325F7400 
 2200              	.LASF6:
 2201 0365 5F5F696E 		.ascii	"__int32_t\000"
 2201      7433325F 
 2201      7400
 2202              	.LASF74:
 2203 036f 50414C43 		.ascii	"PALConfig\000"
ARM GAS  /tmp/ccwamDVW.s 			page 42


 2203      6F6E6669 
 2203      6700
 2204              	.LASF15:
 2205 0379 5F426F6F 		.ascii	"_Bool\000"
 2205      6C00
 2206              	.LASF84:
 2207 037f 6D6F6465 		.ascii	"mode\000"
 2207      00
 2208              	.LASF35:
 2209 0384 41484232 		.ascii	"AHB2LPENR\000"
 2209      4C50454E 
 2209      5200
 2210              	.LASF82:
 2211 038e 706F7274 		.ascii	"port\000"
 2211      00
 2212              	.LASF69:
 2213 0393 50454461 		.ascii	"PEData\000"
 2213      746100
 2214              	.LASF23:
 2215 039a 52455345 		.ascii	"RESERVED0\000"
 2215      52564544 
 2215      3000
 2216              	.LASF26:
 2217 03a4 52455345 		.ascii	"RESERVED1\000"
 2217      52564544 
 2217      3100
 2218              	.LASF30:
 2219 03ae 52455345 		.ascii	"RESERVED2\000"
 2219      52564544 
 2219      3200
 2220              	.LASF33:
 2221 03b8 52455345 		.ascii	"RESERVED3\000"
 2221      52564544 
 2221      3300
 2222              	.LASF37:
 2223 03c2 52455345 		.ascii	"RESERVED4\000"
 2223      52564544 
 2223      3400
 2224              	.LASF40:
 2225 03cc 52455345 		.ascii	"RESERVED5\000"
 2225      52564544 
 2225      3500
 2226              	.LASF42:
 2227 03d6 52455345 		.ascii	"RESERVED6\000"
 2227      52564544 
 2227      3600
 2228              	.LASF72:
 2229 03e0 50484461 		.ascii	"PHData\000"
 2229      746100
 2230              	.LASF27:
 2231 03e7 41484231 		.ascii	"AHB1ENR\000"
 2231      454E5200 
 2232              	.LASF83:
 2233 03ef 6D61736B 		.ascii	"mask\000"
 2233      00
 2234              	.LASF61:
 2235 03f4 70757064 		.ascii	"pupdr\000"
ARM GAS  /tmp/ccwamDVW.s 			page 43


 2235      7200
 2236              	.LASF63:
 2237 03fa 61667268 		.ascii	"afrh\000"
 2237      00
 2238              	.LASF62:
 2239 03ff 6166726C 		.ascii	"afrl\000"
 2239      00
 2240              	.LASF58:
 2241 0404 6D6F6465 		.ascii	"moder\000"
 2241      7200
 2242              	.LASF57:
 2243 040a 4750494F 		.ascii	"GPIO_TypeDef\000"
 2243      5F547970 
 2243      65446566 
 2243      00
 2244              	.LASF22:
 2245 0417 41484233 		.ascii	"AHB3RSTR\000"
 2245      52535452 
 2245      00
 2246              	.LASF85:
 2247 0420 616C7472 		.ascii	"altr\000"
 2247      00
 2248              	.LASF90:
 2249 0425 49544D5F 		.ascii	"ITM_RxBuffer\000"
 2249      52784275 
 2249      66666572 
 2249      00
 2250              	.LASF86:
 2251 0432 616C7472 		.ascii	"altrmask\000"
 2251      6D61736B 
 2251      00
 2252              	.LASF0:
 2253 043b 756E7369 		.ascii	"unsigned int\000"
 2253      676E6564 
 2253      20696E74 
 2253      00
 2254              	.LASF19:
 2255 0448 43464752 		.ascii	"CFGR\000"
 2255      00
 2256              	.LASF45:
 2257 044d 504C4C53 		.ascii	"PLLSAICFGR\000"
 2257      41494346 
 2257      475200
 2258              	.LASF54:
 2259 0458 4C434B52 		.ascii	"LCKR\000"
 2259      00
 2260              	.LASF39:
 2261 045d 41504232 		.ascii	"APB2LPENR\000"
 2261      4C50454E 
 2261      5200
 2262              	.LASF53:
 2263 0467 42535252 		.ascii	"BSRR\000"
 2263      00
 2264              		.ident	"GCC: (GNU Tools for ARM Embedded Processors) 4.8.4 20140526 (release) [ARM/embedded-4_8-br
ARM GAS  /tmp/ccwamDVW.s 			page 44


DEFINED SYMBOLS
                            *ABS*:00000000 pal_lld.c
     /tmp/ccwamDVW.s:19     .text._pal_lld_init:00000000 $t
     /tmp/ccwamDVW.s:25     .text._pal_lld_init:00000000 _pal_lld_init
     /tmp/ccwamDVW.s:339    .text._pal_lld_init:00000198 $d
     /tmp/ccwamDVW.s:353    .text._pal_lld_setgroupmode:00000000 $t
     /tmp/ccwamDVW.s:359    .text._pal_lld_setgroupmode:00000000 _pal_lld_setgroupmode
                     .debug_frame:00000010 $d

NO UNDEFINED SYMBOLS
