ARM GAS  /tmp/ccihGC5T.s 			page 1


   1              		.syntax unified
   2              		.cpu cortex-m4
   3              		.fpu softvfp
   4              		.eabi_attribute 20, 1
   5              		.eabi_attribute 21, 1
   6              		.eabi_attribute 23, 3
   7              		.eabi_attribute 24, 1
   8              		.eabi_attribute 25, 1
   9              		.eabi_attribute 26, 1
  10              		.eabi_attribute 30, 2
  11              		.eabi_attribute 34, 1
  12              		.eabi_attribute 18, 4
  13              		.thumb
  14              		.file	"sdc_lld.c"
  15              		.text
  16              	.Ltext0:
  17              		.cfi_sections	.debug_frame
  18              	.Letext0:
  19              		.file 1 "/home/marco/SoftwareProjects/st-usb/tools/gcc-arm-none-eabi-4_8-2014q2/arm-none-eabi/incl
  20              		.file 2 "/home/marco/SoftwareProjects/st-usb/tools/gcc-arm-none-eabi-4_8-2014q2/arm-none-eabi/incl
  21              		.file 3 "/home/marco/SoftwareProjects/st-usb/f9xx/firmware/ext/ChibiOS-RT/os/ports/common/ARMCMx/C
  22              		.section	.debug_info,"",%progbits
  23              	.Ldebug_info0:
  24 0000 98000000 		.4byte	0x98
  25 0004 0400     		.2byte	0x4
  26 0006 00000000 		.4byte	.Ldebug_abbrev0
  27 000a 04       		.byte	0x4
  28 000b 01       		.uleb128 0x1
  29 000c 70000000 		.4byte	.LASF14
  30 0010 01       		.byte	0x1
  31 0011 0E000000 		.4byte	.LASF15
  32 0015 00000000 		.4byte	.Ldebug_line0
  33 0019 02       		.uleb128 0x2
  34 001a 04       		.byte	0x4
  35 001b 05       		.byte	0x5
  36 001c 696E7400 		.ascii	"int\000"
  37 0020 03       		.uleb128 0x3
  38 0021 04       		.byte	0x4
  39 0022 07       		.byte	0x7
  40 0023 C1010000 		.4byte	.LASF0
  41 0027 03       		.uleb128 0x3
  42 0028 01       		.byte	0x1
  43 0029 06       		.byte	0x6
  44 002a B5010000 		.4byte	.LASF1
  45 002e 03       		.uleb128 0x3
  46 002f 01       		.byte	0x1
  47 0030 08       		.byte	0x8
  48 0031 86010000 		.4byte	.LASF2
  49 0035 03       		.uleb128 0x3
  50 0036 02       		.byte	0x2
  51 0037 05       		.byte	0x5
  52 0038 D8010000 		.4byte	.LASF3
  53 003c 03       		.uleb128 0x3
  54 003d 02       		.byte	0x2
  55 003e 07       		.byte	0x7
  56 003f 73010000 		.4byte	.LASF4
  57 0043 04       		.uleb128 0x4
ARM GAS  /tmp/ccihGC5T.s 			page 2


  58 0044 CE010000 		.4byte	.LASF11
  59 0048 01       		.byte	0x1
  60 0049 37       		.byte	0x37
  61 004a 4E000000 		.4byte	0x4e
  62 004e 03       		.uleb128 0x3
  63 004f 04       		.byte	0x4
  64 0050 05       		.byte	0x5
  65 0051 99010000 		.4byte	.LASF5
  66 0055 03       		.uleb128 0x3
  67 0056 04       		.byte	0x4
  68 0057 07       		.byte	0x7
  69 0058 4A010000 		.4byte	.LASF6
  70 005c 03       		.uleb128 0x3
  71 005d 08       		.byte	0x8
  72 005e 05       		.byte	0x5
  73 005f 00000000 		.4byte	.LASF7
  74 0063 03       		.uleb128 0x3
  75 0064 08       		.byte	0x8
  76 0065 07       		.byte	0x7
  77 0066 5C010000 		.4byte	.LASF8
  78 006a 03       		.uleb128 0x3
  79 006b 04       		.byte	0x4
  80 006c 07       		.byte	0x7
  81 006d EA010000 		.4byte	.LASF9
  82 0071 03       		.uleb128 0x3
  83 0072 01       		.byte	0x1
  84 0073 08       		.byte	0x8
  85 0074 94010000 		.4byte	.LASF10
  86 0078 04       		.uleb128 0x4
  87 0079 E2010000 		.4byte	.LASF12
  88 007d 02       		.byte	0x2
  89 007e 41       		.byte	0x41
  90 007f 43000000 		.4byte	0x43
  91 0083 03       		.uleb128 0x3
  92 0084 01       		.byte	0x1
  93 0085 02       		.byte	0x2
  94 0086 A2010000 		.4byte	.LASF13
  95 008a 05       		.uleb128 0x5
  96 008b 78000000 		.4byte	0x78
  97 008f 06       		.uleb128 0x6
  98 0090 A8010000 		.4byte	.LASF16
  99 0094 03       		.byte	0x3
 100 0095 9806     		.2byte	0x698
 101 0097 8A000000 		.4byte	0x8a
 102 009b 00       		.byte	0
 103              		.section	.debug_abbrev,"",%progbits
 104              	.Ldebug_abbrev0:
 105 0000 01       		.uleb128 0x1
 106 0001 11       		.uleb128 0x11
 107 0002 01       		.byte	0x1
 108 0003 25       		.uleb128 0x25
 109 0004 0E       		.uleb128 0xe
 110 0005 13       		.uleb128 0x13
 111 0006 0B       		.uleb128 0xb
 112 0007 03       		.uleb128 0x3
 113 0008 0E       		.uleb128 0xe
 114 0009 10       		.uleb128 0x10
ARM GAS  /tmp/ccihGC5T.s 			page 3


 115 000a 17       		.uleb128 0x17
 116 000b 00       		.byte	0
 117 000c 00       		.byte	0
 118 000d 02       		.uleb128 0x2
 119 000e 24       		.uleb128 0x24
 120 000f 00       		.byte	0
 121 0010 0B       		.uleb128 0xb
 122 0011 0B       		.uleb128 0xb
 123 0012 3E       		.uleb128 0x3e
 124 0013 0B       		.uleb128 0xb
 125 0014 03       		.uleb128 0x3
 126 0015 08       		.uleb128 0x8
 127 0016 00       		.byte	0
 128 0017 00       		.byte	0
 129 0018 03       		.uleb128 0x3
 130 0019 24       		.uleb128 0x24
 131 001a 00       		.byte	0
 132 001b 0B       		.uleb128 0xb
 133 001c 0B       		.uleb128 0xb
 134 001d 3E       		.uleb128 0x3e
 135 001e 0B       		.uleb128 0xb
 136 001f 03       		.uleb128 0x3
 137 0020 0E       		.uleb128 0xe
 138 0021 00       		.byte	0
 139 0022 00       		.byte	0
 140 0023 04       		.uleb128 0x4
 141 0024 16       		.uleb128 0x16
 142 0025 00       		.byte	0
 143 0026 03       		.uleb128 0x3
 144 0027 0E       		.uleb128 0xe
 145 0028 3A       		.uleb128 0x3a
 146 0029 0B       		.uleb128 0xb
 147 002a 3B       		.uleb128 0x3b
 148 002b 0B       		.uleb128 0xb
 149 002c 49       		.uleb128 0x49
 150 002d 13       		.uleb128 0x13
 151 002e 00       		.byte	0
 152 002f 00       		.byte	0
 153 0030 05       		.uleb128 0x5
 154 0031 35       		.uleb128 0x35
 155 0032 00       		.byte	0
 156 0033 49       		.uleb128 0x49
 157 0034 13       		.uleb128 0x13
 158 0035 00       		.byte	0
 159 0036 00       		.byte	0
 160 0037 06       		.uleb128 0x6
 161 0038 34       		.uleb128 0x34
 162 0039 00       		.byte	0
 163 003a 03       		.uleb128 0x3
 164 003b 0E       		.uleb128 0xe
 165 003c 3A       		.uleb128 0x3a
 166 003d 0B       		.uleb128 0xb
 167 003e 3B       		.uleb128 0x3b
 168 003f 05       		.uleb128 0x5
 169 0040 49       		.uleb128 0x49
 170 0041 13       		.uleb128 0x13
 171 0042 3F       		.uleb128 0x3f
ARM GAS  /tmp/ccihGC5T.s 			page 4


 172 0043 19       		.uleb128 0x19
 173 0044 3C       		.uleb128 0x3c
 174 0045 19       		.uleb128 0x19
 175 0046 00       		.byte	0
 176 0047 00       		.byte	0
 177 0048 00       		.byte	0
 178              		.section	.debug_aranges,"",%progbits
 179 0000 14000000 		.4byte	0x14
 180 0004 0200     		.2byte	0x2
 181 0006 00000000 		.4byte	.Ldebug_info0
 182 000a 04       		.byte	0x4
 183 000b 00       		.byte	0
 184 000c 0000     		.2byte	0
 185 000e 0000     		.2byte	0
 186 0010 00000000 		.4byte	0
 187 0014 00000000 		.4byte	0
 188              		.section	.debug_line,"",%progbits
 189              	.Ldebug_line0:
 190 0000 6F010000 		.section	.debug_str,"MS",%progbits,1
 190      02006901 
 190      00000201 
 190      FB0E0D00 
 190      01010101 
 191              	.LASF7:
 192 0000 6C6F6E67 		.ascii	"long long int\000"
 192      206C6F6E 
 192      6720696E 
 192      7400
 193              	.LASF15:
 194 000e 2F686F6D 		.ascii	"/home/marco/SoftwareProjects/st-usb/f9xx/firmware/e"
 194      652F6D61 
 194      72636F2F 
 194      536F6674 
 194      77617265 
 195 0041 78742F43 		.ascii	"xt/ChibiOS-RT/os/hal/platforms/STM32/sdc_lld.c\000"
 195      68696269 
 195      4F532D52 
 195      542F6F73 
 195      2F68616C 
 196              	.LASF14:
 197 0070 474E5520 		.ascii	"GNU C 4.8.4 20140526 (release) [ARM/embedded-4_8-br"
 197      4320342E 
 197      382E3420 
 197      32303134 
 197      30353236 
 198 00a3 616E6368 		.ascii	"anch revision 211358] -mcpu=cortex-m4 -mno-thumb-in"
 198      20726576 
 198      6973696F 
 198      6E203231 
 198      31333538 
 199 00d6 74657277 		.ascii	"terwork -mthumb -ggdb -O2 -fomit-frame-pointer -fal"
 199      6F726B20 
 199      2D6D7468 
 199      756D6220 
 199      2D676764 
 200 0109 69676E2D 		.ascii	"ign-functions=16 -ffunction-sections -fdata-section"
 200      66756E63 
ARM GAS  /tmp/ccihGC5T.s 			page 5


 200      74696F6E 
 200      733D3136 
 200      202D6666 
 201 013c 73202D66 		.ascii	"s -fno-common\000"
 201      6E6F2D63 
 201      6F6D6D6F 
 201      6E00
 202              	.LASF6:
 203 014a 6C6F6E67 		.ascii	"long unsigned int\000"
 203      20756E73 
 203      69676E65 
 203      6420696E 
 203      7400
 204              	.LASF8:
 205 015c 6C6F6E67 		.ascii	"long long unsigned int\000"
 205      206C6F6E 
 205      6720756E 
 205      7369676E 
 205      65642069 
 206              	.LASF4:
 207 0173 73686F72 		.ascii	"short unsigned int\000"
 207      7420756E 
 207      7369676E 
 207      65642069 
 207      6E7400
 208              	.LASF2:
 209 0186 756E7369 		.ascii	"unsigned char\000"
 209      676E6564 
 209      20636861 
 209      7200
 210              	.LASF10:
 211 0194 63686172 		.ascii	"char\000"
 211      00
 212              	.LASF5:
 213 0199 6C6F6E67 		.ascii	"long int\000"
 213      20696E74 
 213      00
 214              	.LASF13:
 215 01a2 5F426F6F 		.ascii	"_Bool\000"
 215      6C00
 216              	.LASF16:
 217 01a8 49544D5F 		.ascii	"ITM_RxBuffer\000"
 217      52784275 
 217      66666572 
 217      00
 218              	.LASF1:
 219 01b5 7369676E 		.ascii	"signed char\000"
 219      65642063 
 219      68617200 
 220              	.LASF0:
 221 01c1 756E7369 		.ascii	"unsigned int\000"
 221      676E6564 
 221      20696E74 
 221      00
 222              	.LASF11:
 223 01ce 5F5F696E 		.ascii	"__int32_t\000"
 223      7433325F 
ARM GAS  /tmp/ccihGC5T.s 			page 6


 223      7400
 224              	.LASF3:
 225 01d8 73686F72 		.ascii	"short int\000"
 225      7420696E 
 225      7400
 226              	.LASF12:
 227 01e2 696E7433 		.ascii	"int32_t\000"
 227      325F7400 
 228              	.LASF9:
 229 01ea 73697A65 		.ascii	"sizetype\000"
 229      74797065 
 229      00
 230              		.ident	"GCC: (GNU Tools for ARM Embedded Processors) 4.8.4 20140526 (release) [ARM/embedded-4_8-br
ARM GAS  /tmp/ccihGC5T.s 			page 7


DEFINED SYMBOLS
                            *ABS*:00000000 sdc_lld.c

NO UNDEFINED SYMBOLS
